[2026-03-24T12:06:10.085+0000] {processor.py:186} INFO - Started process (PID=45663) to work on /home/rohit/ireland-rent-tracker/venv/lib/python3.12/site-packages/airflow/example_dags/example_dataset_alias_with_no_taskflow.py
[2026-03-24T12:06:10.085+0000] {processor.py:914} INFO - Processing file /home/rohit/ireland-rent-tracker/venv/lib/python3.12/site-packages/airflow/example_dags/example_dataset_alias_with_no_taskflow.py for tasks to queue
[2026-03-24T12:06:10.088+0000] {logging_mixin.py:190} INFO - [2026-03-24T12:06:10.088+0000] {dagbag.py:588} INFO - Filling up the DagBag from /home/rohit/ireland-rent-tracker/venv/lib/python3.12/site-packages/airflow/example_dags/example_dataset_alias_with_no_taskflow.py
[2026-03-24T12:06:10.108+0000] {processor.py:925} INFO - DAG(s) 'dataset_alias_example_alias_producer_with_no_taskflow', 'dataset_s3_bucket_consumer_with_no_taskflow', 'dataset_alias_example_alias_consumer_with_no_taskflow', 'dataset_s3_bucket_producer_with_no_taskflow' retrieved from /home/rohit/ireland-rent-tracker/venv/lib/python3.12/site-packages/airflow/example_dags/example_dataset_alias_with_no_taskflow.py
[2026-03-24T12:06:10.222+0000] {logging_mixin.py:190} INFO - [2026-03-24T12:06:10.221+0000] {override.py:1930} INFO - Created Permission View: can delete on DAG:dataset_alias_example_alias_producer_with_no_taskflow
[2026-03-24T12:06:10.237+0000] {logging_mixin.py:190} INFO - [2026-03-24T12:06:10.237+0000] {override.py:1930} INFO - Created Permission View: can edit on DAG:dataset_alias_example_alias_producer_with_no_taskflow
[2026-03-24T12:06:10.249+0000] {logging_mixin.py:190} INFO - [2026-03-24T12:06:10.248+0000] {override.py:1930} INFO - Created Permission View: can read on DAG:dataset_alias_example_alias_producer_with_no_taskflow
[2026-03-24T12:06:10.266+0000] {logging_mixin.py:190} INFO - [2026-03-24T12:06:10.265+0000] {override.py:1930} INFO - Created Permission View: can delete on DAG Run:dataset_alias_example_alias_producer_with_no_taskflow
[2026-03-24T12:06:10.276+0000] {logging_mixin.py:190} INFO - [2026-03-24T12:06:10.275+0000] {override.py:1930} INFO - Created Permission View: can create on DAG Run:dataset_alias_example_alias_producer_with_no_taskflow
[2026-03-24T12:06:10.287+0000] {logging_mixin.py:190} INFO - [2026-03-24T12:06:10.287+0000] {override.py:1930} INFO - Created Permission View: can read on DAG Run:dataset_alias_example_alias_producer_with_no_taskflow
[2026-03-24T12:06:10.298+0000] {logging_mixin.py:190} INFO - [2026-03-24T12:06:10.297+0000] {override.py:1930} INFO - Created Permission View: menu access on DAG Run:dataset_alias_example_alias_producer_with_no_taskflow
[2026-03-24T12:06:10.323+0000] {logging_mixin.py:190} INFO - [2026-03-24T12:06:10.323+0000] {override.py:1930} INFO - Created Permission View: can delete on DAG:dataset_s3_bucket_consumer_with_no_taskflow
[2026-03-24T12:06:10.334+0000] {logging_mixin.py:190} INFO - [2026-03-24T12:06:10.333+0000] {override.py:1930} INFO - Created Permission View: can edit on DAG:dataset_s3_bucket_consumer_with_no_taskflow
[2026-03-24T12:06:10.344+0000] {logging_mixin.py:190} INFO - [2026-03-24T12:06:10.344+0000] {override.py:1930} INFO - Created Permission View: can read on DAG:dataset_s3_bucket_consumer_with_no_taskflow
[2026-03-24T12:06:10.364+0000] {logging_mixin.py:190} INFO - [2026-03-24T12:06:10.363+0000] {override.py:1930} INFO - Created Permission View: can delete on DAG Run:dataset_s3_bucket_consumer_with_no_taskflow
[2026-03-24T12:06:10.376+0000] {logging_mixin.py:190} INFO - [2026-03-24T12:06:10.375+0000] {override.py:1930} INFO - Created Permission View: can create on DAG Run:dataset_s3_bucket_consumer_with_no_taskflow
[2026-03-24T12:06:10.386+0000] {logging_mixin.py:190} INFO - [2026-03-24T12:06:10.386+0000] {override.py:1930} INFO - Created Permission View: can read on DAG Run:dataset_s3_bucket_consumer_with_no_taskflow
[2026-03-24T12:06:10.397+0000] {logging_mixin.py:190} INFO - [2026-03-24T12:06:10.397+0000] {override.py:1930} INFO - Created Permission View: menu access on DAG Run:dataset_s3_bucket_consumer_with_no_taskflow
[2026-03-24T12:06:10.421+0000] {logging_mixin.py:190} INFO - [2026-03-24T12:06:10.420+0000] {override.py:1930} INFO - Created Permission View: can delete on DAG:dataset_alias_example_alias_consumer_with_no_taskflow
[2026-03-24T12:06:10.435+0000] {logging_mixin.py:190} INFO - [2026-03-24T12:06:10.434+0000] {override.py:1930} INFO - Created Permission View: can edit on DAG:dataset_alias_example_alias_consumer_with_no_taskflow
[2026-03-24T12:06:10.446+0000] {logging_mixin.py:190} INFO - [2026-03-24T12:06:10.445+0000] {override.py:1930} INFO - Created Permission View: can read on DAG:dataset_alias_example_alias_consumer_with_no_taskflow
[2026-03-24T12:06:10.462+0000] {logging_mixin.py:190} INFO - [2026-03-24T12:06:10.462+0000] {override.py:1930} INFO - Created Permission View: can delete on DAG Run:dataset_alias_example_alias_consumer_with_no_taskflow
[2026-03-24T12:06:10.472+0000] {logging_mixin.py:190} INFO - [2026-03-24T12:06:10.471+0000] {override.py:1930} INFO - Created Permission View: can create on DAG Run:dataset_alias_example_alias_consumer_with_no_taskflow
[2026-03-24T12:06:10.482+0000] {logging_mixin.py:190} INFO - [2026-03-24T12:06:10.481+0000] {override.py:1930} INFO - Created Permission View: can read on DAG Run:dataset_alias_example_alias_consumer_with_no_taskflow
[2026-03-24T12:06:10.492+0000] {logging_mixin.py:190} INFO - [2026-03-24T12:06:10.491+0000] {override.py:1930} INFO - Created Permission View: menu access on DAG Run:dataset_alias_example_alias_consumer_with_no_taskflow
[2026-03-24T12:06:10.514+0000] {logging_mixin.py:190} INFO - [2026-03-24T12:06:10.513+0000] {override.py:1930} INFO - Created Permission View: can delete on DAG:dataset_s3_bucket_producer_with_no_taskflow
[2026-03-24T12:06:10.524+0000] {logging_mixin.py:190} INFO - [2026-03-24T12:06:10.524+0000] {override.py:1930} INFO - Created Permission View: can edit on DAG:dataset_s3_bucket_producer_with_no_taskflow
[2026-03-24T12:06:10.534+0000] {logging_mixin.py:190} INFO - [2026-03-24T12:06:10.534+0000] {override.py:1930} INFO - Created Permission View: can read on DAG:dataset_s3_bucket_producer_with_no_taskflow
[2026-03-24T12:06:10.551+0000] {logging_mixin.py:190} INFO - [2026-03-24T12:06:10.551+0000] {override.py:1930} INFO - Created Permission View: can delete on DAG Run:dataset_s3_bucket_producer_with_no_taskflow
[2026-03-24T12:06:10.561+0000] {logging_mixin.py:190} INFO - [2026-03-24T12:06:10.561+0000] {override.py:1930} INFO - Created Permission View: can create on DAG Run:dataset_s3_bucket_producer_with_no_taskflow
[2026-03-24T12:06:10.572+0000] {logging_mixin.py:190} INFO - [2026-03-24T12:06:10.571+0000] {override.py:1930} INFO - Created Permission View: can read on DAG Run:dataset_s3_bucket_producer_with_no_taskflow
[2026-03-24T12:06:10.586+0000] {logging_mixin.py:190} INFO - [2026-03-24T12:06:10.585+0000] {override.py:1930} INFO - Created Permission View: menu access on DAG Run:dataset_s3_bucket_producer_with_no_taskflow
[2026-03-24T12:06:10.586+0000] {logging_mixin.py:190} INFO - [2026-03-24T12:06:10.586+0000] {dag.py:3239} INFO - Sync 4 DAGs
[2026-03-24T12:06:10.597+0000] {logging_mixin.py:190} INFO - [2026-03-24T12:06:10.597+0000] {dag.py:3262} INFO - Creating ORM DAG for dataset_alias_example_alias_producer_with_no_taskflow
[2026-03-24T12:06:10.598+0000] {logging_mixin.py:190} INFO - [2026-03-24T12:06:10.597+0000] {dag.py:3262} INFO - Creating ORM DAG for dataset_alias_example_alias_consumer_with_no_taskflow
[2026-03-24T12:06:10.598+0000] {logging_mixin.py:190} INFO - [2026-03-24T12:06:10.598+0000] {dag.py:3262} INFO - Creating ORM DAG for dataset_s3_bucket_producer_with_no_taskflow
[2026-03-24T12:06:10.598+0000] {logging_mixin.py:190} INFO - [2026-03-24T12:06:10.598+0000] {dag.py:3262} INFO - Creating ORM DAG for dataset_s3_bucket_consumer_with_no_taskflow
[2026-03-24T12:06:10.606+0000] {logging_mixin.py:190} INFO - [2026-03-24T12:06:10.606+0000] {dag.py:4180} INFO - Setting next_dagrun for dataset_alias_example_alias_consumer_with_no_taskflow to None, run_after=None
[2026-03-24T12:06:10.607+0000] {logging_mixin.py:190} INFO - [2026-03-24T12:06:10.607+0000] {dag.py:4180} INFO - Setting next_dagrun for dataset_alias_example_alias_producer_with_no_taskflow to None, run_after=None
[2026-03-24T12:06:10.607+0000] {logging_mixin.py:190} INFO - [2026-03-24T12:06:10.607+0000] {dag.py:4180} INFO - Setting next_dagrun for dataset_s3_bucket_consumer_with_no_taskflow to None, run_after=None
[2026-03-24T12:06:10.607+0000] {logging_mixin.py:190} INFO - [2026-03-24T12:06:10.607+0000] {dag.py:4180} INFO - Setting next_dagrun for dataset_s3_bucket_producer_with_no_taskflow to None, run_after=None
[2026-03-24T12:06:10.645+0000] {processor.py:208} INFO - Processing /home/rohit/ireland-rent-tracker/venv/lib/python3.12/site-packages/airflow/example_dags/example_dataset_alias_with_no_taskflow.py took 0.566 seconds
[2026-03-24T12:07:11.951+0000] {processor.py:186} INFO - Started process (PID=45748) to work on /home/rohit/ireland-rent-tracker/venv/lib/python3.12/site-packages/airflow/example_dags/example_dataset_alias_with_no_taskflow.py
[2026-03-24T12:07:11.955+0000] {processor.py:914} INFO - Processing file /home/rohit/ireland-rent-tracker/venv/lib/python3.12/site-packages/airflow/example_dags/example_dataset_alias_with_no_taskflow.py for tasks to queue
[2026-03-24T12:07:11.958+0000] {logging_mixin.py:190} INFO - [2026-03-24T12:07:11.957+0000] {dagbag.py:588} INFO - Filling up the DagBag from /home/rohit/ireland-rent-tracker/venv/lib/python3.12/site-packages/airflow/example_dags/example_dataset_alias_with_no_taskflow.py
[2026-03-24T12:07:11.987+0000] {processor.py:925} INFO - DAG(s) 'dataset_s3_bucket_producer_with_no_taskflow', 'dataset_alias_example_alias_producer_with_no_taskflow', 'dataset_s3_bucket_consumer_with_no_taskflow', 'dataset_alias_example_alias_consumer_with_no_taskflow' retrieved from /home/rohit/ireland-rent-tracker/venv/lib/python3.12/site-packages/airflow/example_dags/example_dataset_alias_with_no_taskflow.py
[2026-03-24T12:07:12.013+0000] {logging_mixin.py:190} INFO - [2026-03-24T12:07:12.013+0000] {dag.py:3239} INFO - Sync 4 DAGs
[2026-03-24T12:07:12.038+0000] {logging_mixin.py:190} INFO - [2026-03-24T12:07:12.038+0000] {dag.py:4180} INFO - Setting next_dagrun for dataset_alias_example_alias_consumer_with_no_taskflow to None, run_after=None
[2026-03-24T12:07:12.042+0000] {logging_mixin.py:190} INFO - [2026-03-24T12:07:12.042+0000] {dag.py:4180} INFO - Setting next_dagrun for dataset_alias_example_alias_producer_with_no_taskflow to None, run_after=None
[2026-03-24T12:07:12.044+0000] {logging_mixin.py:190} INFO - [2026-03-24T12:07:12.044+0000] {dag.py:4180} INFO - Setting next_dagrun for dataset_s3_bucket_consumer_with_no_taskflow to None, run_after=None
[2026-03-24T12:07:12.046+0000] {logging_mixin.py:190} INFO - [2026-03-24T12:07:12.046+0000] {dag.py:4180} INFO - Setting next_dagrun for dataset_s3_bucket_producer_with_no_taskflow to None, run_after=None
[2026-03-24T12:07:12.092+0000] {processor.py:208} INFO - Processing /home/rohit/ireland-rent-tracker/venv/lib/python3.12/site-packages/airflow/example_dags/example_dataset_alias_with_no_taskflow.py took 0.147 seconds
[2026-03-24T12:08:10.315+0000] {processor.py:186} INFO - Started process (PID=45997) to work on /home/rohit/ireland-rent-tracker/venv/lib/python3.12/site-packages/airflow/example_dags/example_dataset_alias_with_no_taskflow.py
[2026-03-24T12:08:10.317+0000] {processor.py:914} INFO - Processing file /home/rohit/ireland-rent-tracker/venv/lib/python3.12/site-packages/airflow/example_dags/example_dataset_alias_with_no_taskflow.py for tasks to queue
[2026-03-24T12:08:10.320+0000] {logging_mixin.py:190} INFO - [2026-03-24T12:08:10.320+0000] {dagbag.py:588} INFO - Filling up the DagBag from /home/rohit/ireland-rent-tracker/venv/lib/python3.12/site-packages/airflow/example_dags/example_dataset_alias_with_no_taskflow.py
[2026-03-24T12:08:10.340+0000] {processor.py:925} INFO - DAG(s) 'dataset_alias_example_alias_producer_with_no_taskflow', 'dataset_alias_example_alias_consumer_with_no_taskflow', 'dataset_s3_bucket_producer_with_no_taskflow', 'dataset_s3_bucket_consumer_with_no_taskflow' retrieved from /home/rohit/ireland-rent-tracker/venv/lib/python3.12/site-packages/airflow/example_dags/example_dataset_alias_with_no_taskflow.py
[2026-03-24T12:08:10.453+0000] {logging_mixin.py:190} INFO - [2026-03-24T12:08:10.452+0000] {override.py:1930} INFO - Created Permission View: can delete on DAG:dataset_alias_example_alias_producer_with_no_taskflow
[2026-03-24T12:08:10.478+0000] {logging_mixin.py:190} INFO - [2026-03-24T12:08:10.478+0000] {override.py:1930} INFO - Created Permission View: can edit on DAG:dataset_alias_example_alias_producer_with_no_taskflow
[2026-03-24T12:08:10.504+0000] {logging_mixin.py:190} INFO - [2026-03-24T12:08:10.504+0000] {override.py:1930} INFO - Created Permission View: can read on DAG:dataset_alias_example_alias_producer_with_no_taskflow
[2026-03-24T12:08:10.525+0000] {logging_mixin.py:190} INFO - [2026-03-24T12:08:10.524+0000] {override.py:1930} INFO - Created Permission View: can delete on DAG Run:dataset_alias_example_alias_producer_with_no_taskflow
[2026-03-24T12:08:10.535+0000] {logging_mixin.py:190} INFO - [2026-03-24T12:08:10.535+0000] {override.py:1930} INFO - Created Permission View: can create on DAG Run:dataset_alias_example_alias_producer_with_no_taskflow
[2026-03-24T12:08:10.551+0000] {logging_mixin.py:190} INFO - [2026-03-24T12:08:10.550+0000] {override.py:1930} INFO - Created Permission View: can read on DAG Run:dataset_alias_example_alias_producer_with_no_taskflow
[2026-03-24T12:08:10.562+0000] {logging_mixin.py:190} INFO - [2026-03-24T12:08:10.561+0000] {override.py:1930} INFO - Created Permission View: menu access on DAG Run:dataset_alias_example_alias_producer_with_no_taskflow
[2026-03-24T12:08:10.586+0000] {logging_mixin.py:190} INFO - [2026-03-24T12:08:10.585+0000] {override.py:1930} INFO - Created Permission View: can delete on DAG:dataset_alias_example_alias_consumer_with_no_taskflow
[2026-03-24T12:08:10.596+0000] {logging_mixin.py:190} INFO - [2026-03-24T12:08:10.596+0000] {override.py:1930} INFO - Created Permission View: can edit on DAG:dataset_alias_example_alias_consumer_with_no_taskflow
[2026-03-24T12:08:10.607+0000] {logging_mixin.py:190} INFO - [2026-03-24T12:08:10.607+0000] {override.py:1930} INFO - Created Permission View: can read on DAG:dataset_alias_example_alias_consumer_with_no_taskflow
[2026-03-24T12:08:10.627+0000] {logging_mixin.py:190} INFO - [2026-03-24T12:08:10.627+0000] {override.py:1930} INFO - Created Permission View: can delete on DAG Run:dataset_alias_example_alias_consumer_with_no_taskflow
[2026-03-24T12:08:10.638+0000] {logging_mixin.py:190} INFO - [2026-03-24T12:08:10.638+0000] {override.py:1930} INFO - Created Permission View: can create on DAG Run:dataset_alias_example_alias_consumer_with_no_taskflow
[2026-03-24T12:08:10.648+0000] {logging_mixin.py:190} INFO - [2026-03-24T12:08:10.648+0000] {override.py:1930} INFO - Created Permission View: can read on DAG Run:dataset_alias_example_alias_consumer_with_no_taskflow
[2026-03-24T12:08:10.659+0000] {logging_mixin.py:190} INFO - [2026-03-24T12:08:10.659+0000] {override.py:1930} INFO - Created Permission View: menu access on DAG Run:dataset_alias_example_alias_consumer_with_no_taskflow
[2026-03-24T12:08:10.680+0000] {logging_mixin.py:190} INFO - [2026-03-24T12:08:10.680+0000] {override.py:1930} INFO - Created Permission View: can delete on DAG:dataset_s3_bucket_producer_with_no_taskflow
[2026-03-24T12:08:10.691+0000] {logging_mixin.py:190} INFO - [2026-03-24T12:08:10.690+0000] {override.py:1930} INFO - Created Permission View: can edit on DAG:dataset_s3_bucket_producer_with_no_taskflow
[2026-03-24T12:08:10.701+0000] {logging_mixin.py:190} INFO - [2026-03-24T12:08:10.701+0000] {override.py:1930} INFO - Created Permission View: can read on DAG:dataset_s3_bucket_producer_with_no_taskflow
[2026-03-24T12:08:10.721+0000] {logging_mixin.py:190} INFO - [2026-03-24T12:08:10.720+0000] {override.py:1930} INFO - Created Permission View: can delete on DAG Run:dataset_s3_bucket_producer_with_no_taskflow
[2026-03-24T12:08:10.732+0000] {logging_mixin.py:190} INFO - [2026-03-24T12:08:10.732+0000] {override.py:1930} INFO - Created Permission View: can create on DAG Run:dataset_s3_bucket_producer_with_no_taskflow
[2026-03-24T12:08:10.743+0000] {logging_mixin.py:190} INFO - [2026-03-24T12:08:10.743+0000] {override.py:1930} INFO - Created Permission View: can read on DAG Run:dataset_s3_bucket_producer_with_no_taskflow
[2026-03-24T12:08:10.753+0000] {logging_mixin.py:190} INFO - [2026-03-24T12:08:10.752+0000] {override.py:1930} INFO - Created Permission View: menu access on DAG Run:dataset_s3_bucket_producer_with_no_taskflow
[2026-03-24T12:08:10.772+0000] {logging_mixin.py:190} INFO - [2026-03-24T12:08:10.772+0000] {override.py:1930} INFO - Created Permission View: can delete on DAG:dataset_s3_bucket_consumer_with_no_taskflow
[2026-03-24T12:08:10.782+0000] {logging_mixin.py:190} INFO - [2026-03-24T12:08:10.782+0000] {override.py:1930} INFO - Created Permission View: can edit on DAG:dataset_s3_bucket_consumer_with_no_taskflow
[2026-03-24T12:08:10.792+0000] {logging_mixin.py:190} INFO - [2026-03-24T12:08:10.791+0000] {override.py:1930} INFO - Created Permission View: can read on DAG:dataset_s3_bucket_consumer_with_no_taskflow
[2026-03-24T12:08:10.810+0000] {logging_mixin.py:190} INFO - [2026-03-24T12:08:10.809+0000] {override.py:1930} INFO - Created Permission View: can delete on DAG Run:dataset_s3_bucket_consumer_with_no_taskflow
[2026-03-24T12:08:10.819+0000] {logging_mixin.py:190} INFO - [2026-03-24T12:08:10.819+0000] {override.py:1930} INFO - Created Permission View: can create on DAG Run:dataset_s3_bucket_consumer_with_no_taskflow
[2026-03-24T12:08:10.828+0000] {logging_mixin.py:190} INFO - [2026-03-24T12:08:10.828+0000] {override.py:1930} INFO - Created Permission View: can read on DAG Run:dataset_s3_bucket_consumer_with_no_taskflow
[2026-03-24T12:08:10.837+0000] {logging_mixin.py:190} INFO - [2026-03-24T12:08:10.837+0000] {override.py:1930} INFO - Created Permission View: menu access on DAG Run:dataset_s3_bucket_consumer_with_no_taskflow
[2026-03-24T12:08:10.838+0000] {logging_mixin.py:190} INFO - [2026-03-24T12:08:10.838+0000] {dag.py:3239} INFO - Sync 4 DAGs
[2026-03-24T12:08:10.847+0000] {logging_mixin.py:190} INFO - [2026-03-24T12:08:10.847+0000] {dag.py:3262} INFO - Creating ORM DAG for dataset_alias_example_alias_producer_with_no_taskflow
[2026-03-24T12:08:10.848+0000] {logging_mixin.py:190} INFO - [2026-03-24T12:08:10.848+0000] {dag.py:3262} INFO - Creating ORM DAG for dataset_alias_example_alias_consumer_with_no_taskflow
[2026-03-24T12:08:10.848+0000] {logging_mixin.py:190} INFO - [2026-03-24T12:08:10.848+0000] {dag.py:3262} INFO - Creating ORM DAG for dataset_s3_bucket_consumer_with_no_taskflow
[2026-03-24T12:08:10.849+0000] {logging_mixin.py:190} INFO - [2026-03-24T12:08:10.849+0000] {dag.py:3262} INFO - Creating ORM DAG for dataset_s3_bucket_producer_with_no_taskflow
[2026-03-24T12:08:10.856+0000] {logging_mixin.py:190} INFO - [2026-03-24T12:08:10.855+0000] {dag.py:4180} INFO - Setting next_dagrun for dataset_alias_example_alias_consumer_with_no_taskflow to None, run_after=None
[2026-03-24T12:08:10.856+0000] {logging_mixin.py:190} INFO - [2026-03-24T12:08:10.856+0000] {dag.py:4180} INFO - Setting next_dagrun for dataset_alias_example_alias_producer_with_no_taskflow to None, run_after=None
[2026-03-24T12:08:10.857+0000] {logging_mixin.py:190} INFO - [2026-03-24T12:08:10.857+0000] {dag.py:4180} INFO - Setting next_dagrun for dataset_s3_bucket_consumer_with_no_taskflow to None, run_after=None
[2026-03-24T12:08:10.857+0000] {logging_mixin.py:190} INFO - [2026-03-24T12:08:10.857+0000] {dag.py:4180} INFO - Setting next_dagrun for dataset_s3_bucket_producer_with_no_taskflow to None, run_after=None
[2026-03-24T12:08:10.884+0000] {processor.py:208} INFO - Processing /home/rohit/ireland-rent-tracker/venv/lib/python3.12/site-packages/airflow/example_dags/example_dataset_alias_with_no_taskflow.py took 0.574 seconds
[2026-03-24T12:09:29.409+0000] {processor.py:186} INFO - Started process (PID=46441) to work on /home/rohit/ireland-rent-tracker/venv/lib/python3.12/site-packages/airflow/example_dags/example_dataset_alias_with_no_taskflow.py
[2026-03-24T12:09:29.412+0000] {processor.py:914} INFO - Processing file /home/rohit/ireland-rent-tracker/venv/lib/python3.12/site-packages/airflow/example_dags/example_dataset_alias_with_no_taskflow.py for tasks to queue
[2026-03-24T12:09:29.417+0000] {logging_mixin.py:190} INFO - [2026-03-24T12:09:29.416+0000] {dagbag.py:588} INFO - Filling up the DagBag from /home/rohit/ireland-rent-tracker/venv/lib/python3.12/site-packages/airflow/example_dags/example_dataset_alias_with_no_taskflow.py
[2026-03-24T12:09:29.454+0000] {processor.py:925} INFO - DAG(s) 'dataset_s3_bucket_consumer_with_no_taskflow', 'dataset_alias_example_alias_producer_with_no_taskflow', 'dataset_alias_example_alias_consumer_with_no_taskflow', 'dataset_s3_bucket_producer_with_no_taskflow' retrieved from /home/rohit/ireland-rent-tracker/venv/lib/python3.12/site-packages/airflow/example_dags/example_dataset_alias_with_no_taskflow.py
[2026-03-24T12:09:29.484+0000] {logging_mixin.py:190} INFO - [2026-03-24T12:09:29.484+0000] {dag.py:3239} INFO - Sync 4 DAGs
[2026-03-24T12:09:29.508+0000] {logging_mixin.py:190} INFO - [2026-03-24T12:09:29.507+0000] {dag.py:4180} INFO - Setting next_dagrun for dataset_alias_example_alias_consumer_with_no_taskflow to None, run_after=None
[2026-03-24T12:09:29.510+0000] {logging_mixin.py:190} INFO - [2026-03-24T12:09:29.509+0000] {dag.py:4180} INFO - Setting next_dagrun for dataset_alias_example_alias_producer_with_no_taskflow to None, run_after=None
[2026-03-24T12:09:29.511+0000] {logging_mixin.py:190} INFO - [2026-03-24T12:09:29.510+0000] {dag.py:4180} INFO - Setting next_dagrun for dataset_s3_bucket_consumer_with_no_taskflow to None, run_after=None
[2026-03-24T12:09:29.512+0000] {logging_mixin.py:190} INFO - [2026-03-24T12:09:29.511+0000] {dag.py:4180} INFO - Setting next_dagrun for dataset_s3_bucket_producer_with_no_taskflow to None, run_after=None
[2026-03-24T12:09:29.545+0000] {processor.py:208} INFO - Processing /home/rohit/ireland-rent-tracker/venv/lib/python3.12/site-packages/airflow/example_dags/example_dataset_alias_with_no_taskflow.py took 0.148 seconds
[2026-03-24T12:10:30.692+0000] {processor.py:186} INFO - Started process (PID=46739) to work on /home/rohit/ireland-rent-tracker/venv/lib/python3.12/site-packages/airflow/example_dags/example_dataset_alias_with_no_taskflow.py
[2026-03-24T12:10:30.696+0000] {processor.py:914} INFO - Processing file /home/rohit/ireland-rent-tracker/venv/lib/python3.12/site-packages/airflow/example_dags/example_dataset_alias_with_no_taskflow.py for tasks to queue
[2026-03-24T12:10:30.699+0000] {logging_mixin.py:190} INFO - [2026-03-24T12:10:30.698+0000] {dagbag.py:588} INFO - Filling up the DagBag from /home/rohit/ireland-rent-tracker/venv/lib/python3.12/site-packages/airflow/example_dags/example_dataset_alias_with_no_taskflow.py
[2026-03-24T12:10:30.725+0000] {processor.py:925} INFO - DAG(s) 'dataset_s3_bucket_producer_with_no_taskflow', 'dataset_alias_example_alias_producer_with_no_taskflow', 'dataset_alias_example_alias_consumer_with_no_taskflow', 'dataset_s3_bucket_consumer_with_no_taskflow' retrieved from /home/rohit/ireland-rent-tracker/venv/lib/python3.12/site-packages/airflow/example_dags/example_dataset_alias_with_no_taskflow.py
[2026-03-24T12:10:30.749+0000] {logging_mixin.py:190} INFO - [2026-03-24T12:10:30.749+0000] {dag.py:3239} INFO - Sync 4 DAGs
[2026-03-24T12:10:30.771+0000] {logging_mixin.py:190} INFO - [2026-03-24T12:10:30.771+0000] {dag.py:4180} INFO - Setting next_dagrun for dataset_alias_example_alias_consumer_with_no_taskflow to None, run_after=None
[2026-03-24T12:10:30.773+0000] {logging_mixin.py:190} INFO - [2026-03-24T12:10:30.773+0000] {dag.py:4180} INFO - Setting next_dagrun for dataset_alias_example_alias_producer_with_no_taskflow to None, run_after=None
[2026-03-24T12:10:30.774+0000] {logging_mixin.py:190} INFO - [2026-03-24T12:10:30.774+0000] {dag.py:4180} INFO - Setting next_dagrun for dataset_s3_bucket_consumer_with_no_taskflow to None, run_after=None
[2026-03-24T12:10:30.775+0000] {logging_mixin.py:190} INFO - [2026-03-24T12:10:30.775+0000] {dag.py:4180} INFO - Setting next_dagrun for dataset_s3_bucket_producer_with_no_taskflow to None, run_after=None
[2026-03-24T12:10:30.803+0000] {processor.py:208} INFO - Processing /home/rohit/ireland-rent-tracker/venv/lib/python3.12/site-packages/airflow/example_dags/example_dataset_alias_with_no_taskflow.py took 0.117 seconds
