[2026-03-24T12:05:57.884+0000] {processor.py:186} INFO - Started process (PID=45644) to work on /home/rohit/ireland-rent-tracker/venv/lib/python3.12/site-packages/airflow/example_dags/example_params_ui_tutorial.py
[2026-03-24T12:05:57.885+0000] {processor.py:914} INFO - Processing file /home/rohit/ireland-rent-tracker/venv/lib/python3.12/site-packages/airflow/example_dags/example_params_ui_tutorial.py for tasks to queue
[2026-03-24T12:05:57.887+0000] {logging_mixin.py:190} INFO - [2026-03-24T12:05:57.887+0000] {dagbag.py:588} INFO - Filling up the DagBag from /home/rohit/ireland-rent-tracker/venv/lib/python3.12/site-packages/airflow/example_dags/example_params_ui_tutorial.py
[2026-03-24T12:05:57.901+0000] {processor.py:925} INFO - DAG(s) 'example_params_ui_tutorial' retrieved from /home/rohit/ireland-rent-tracker/venv/lib/python3.12/site-packages/airflow/example_dags/example_params_ui_tutorial.py
[2026-03-24T12:05:58.074+0000] {logging_mixin.py:190} INFO - [2026-03-24T12:05:58.073+0000] {override.py:1930} INFO - Created Permission View: can delete on DAG:example_params_ui_tutorial
[2026-03-24T12:05:58.096+0000] {logging_mixin.py:190} INFO - [2026-03-24T12:05:58.096+0000] {override.py:1930} INFO - Created Permission View: can edit on DAG:example_params_ui_tutorial
[2026-03-24T12:05:58.111+0000] {logging_mixin.py:190} INFO - [2026-03-24T12:05:58.110+0000] {override.py:1930} INFO - Created Permission View: can read on DAG:example_params_ui_tutorial
[2026-03-24T12:05:58.135+0000] {logging_mixin.py:190} INFO - [2026-03-24T12:05:58.135+0000] {override.py:1930} INFO - Created Permission View: can delete on DAG Run:example_params_ui_tutorial
[2026-03-24T12:05:58.150+0000] {logging_mixin.py:190} INFO - [2026-03-24T12:05:58.149+0000] {override.py:1930} INFO - Created Permission View: can create on DAG Run:example_params_ui_tutorial
[2026-03-24T12:05:58.165+0000] {logging_mixin.py:190} INFO - [2026-03-24T12:05:58.164+0000] {override.py:1930} INFO - Created Permission View: can read on DAG Run:example_params_ui_tutorial
[2026-03-24T12:05:58.178+0000] {logging_mixin.py:190} INFO - [2026-03-24T12:05:58.177+0000] {override.py:1930} INFO - Created Permission View: menu access on DAG Run:example_params_ui_tutorial
[2026-03-24T12:05:58.179+0000] {logging_mixin.py:190} INFO - [2026-03-24T12:05:58.178+0000] {dag.py:3239} INFO - Sync 1 DAGs
[2026-03-24T12:05:58.204+0000] {logging_mixin.py:190} INFO - [2026-03-24T12:05:58.204+0000] {dag.py:3262} INFO - Creating ORM DAG for example_params_ui_tutorial
[2026-03-24T12:05:58.205+0000] {logging_mixin.py:190} INFO - [2026-03-24T12:05:58.205+0000] {dag.py:4180} INFO - Setting next_dagrun for example_params_ui_tutorial to None, run_after=None
[2026-03-24T12:05:58.248+0000] {processor.py:208} INFO - Processing /home/rohit/ireland-rent-tracker/venv/lib/python3.12/site-packages/airflow/example_dags/example_params_ui_tutorial.py took 0.371 seconds
[2026-03-24T12:07:01.642+0000] {processor.py:186} INFO - Started process (PID=45733) to work on /home/rohit/ireland-rent-tracker/venv/lib/python3.12/site-packages/airflow/example_dags/example_params_ui_tutorial.py
[2026-03-24T12:07:01.645+0000] {processor.py:914} INFO - Processing file /home/rohit/ireland-rent-tracker/venv/lib/python3.12/site-packages/airflow/example_dags/example_params_ui_tutorial.py for tasks to queue
[2026-03-24T12:07:01.647+0000] {logging_mixin.py:190} INFO - [2026-03-24T12:07:01.647+0000] {dagbag.py:588} INFO - Filling up the DagBag from /home/rohit/ireland-rent-tracker/venv/lib/python3.12/site-packages/airflow/example_dags/example_params_ui_tutorial.py
[2026-03-24T12:07:01.656+0000] {processor.py:925} INFO - DAG(s) 'example_params_ui_tutorial' retrieved from /home/rohit/ireland-rent-tracker/venv/lib/python3.12/site-packages/airflow/example_dags/example_params_ui_tutorial.py
[2026-03-24T12:07:01.687+0000] {logging_mixin.py:190} INFO - [2026-03-24T12:07:01.687+0000] {dag.py:3239} INFO - Sync 1 DAGs
[2026-03-24T12:07:01.700+0000] {logging_mixin.py:190} INFO - [2026-03-24T12:07:01.699+0000] {dag.py:4180} INFO - Setting next_dagrun for example_params_ui_tutorial to None, run_after=None
[2026-03-24T12:07:01.726+0000] {processor.py:208} INFO - Processing /home/rohit/ireland-rent-tracker/venv/lib/python3.12/site-packages/airflow/example_dags/example_params_ui_tutorial.py took 0.089 seconds
[2026-03-24T12:07:56.319+0000] {processor.py:186} INFO - Started process (PID=45936) to work on /home/rohit/ireland-rent-tracker/venv/lib/python3.12/site-packages/airflow/example_dags/example_params_ui_tutorial.py
[2026-03-24T12:07:56.321+0000] {processor.py:914} INFO - Processing file /home/rohit/ireland-rent-tracker/venv/lib/python3.12/site-packages/airflow/example_dags/example_params_ui_tutorial.py for tasks to queue
[2026-03-24T12:07:56.323+0000] {logging_mixin.py:190} INFO - [2026-03-24T12:07:56.323+0000] {dagbag.py:588} INFO - Filling up the DagBag from /home/rohit/ireland-rent-tracker/venv/lib/python3.12/site-packages/airflow/example_dags/example_params_ui_tutorial.py
[2026-03-24T12:07:56.334+0000] {processor.py:925} INFO - DAG(s) 'example_params_ui_tutorial' retrieved from /home/rohit/ireland-rent-tracker/venv/lib/python3.12/site-packages/airflow/example_dags/example_params_ui_tutorial.py
[2026-03-24T12:07:56.372+0000] {logging_mixin.py:190} INFO - [2026-03-24T12:07:56.372+0000] {dag.py:3239} INFO - Sync 1 DAGs
[2026-03-24T12:07:56.384+0000] {logging_mixin.py:190} INFO - [2026-03-24T12:07:56.384+0000] {dag.py:4180} INFO - Setting next_dagrun for example_params_ui_tutorial to None, run_after=None
[2026-03-24T12:07:56.414+0000] {processor.py:208} INFO - Processing /home/rohit/ireland-rent-tracker/venv/lib/python3.12/site-packages/airflow/example_dags/example_params_ui_tutorial.py took 0.101 seconds
[2026-03-24T12:09:16.273+0000] {processor.py:186} INFO - Started process (PID=46420) to work on /home/rohit/ireland-rent-tracker/venv/lib/python3.12/site-packages/airflow/example_dags/example_params_ui_tutorial.py
[2026-03-24T12:09:16.278+0000] {processor.py:914} INFO - Processing file /home/rohit/ireland-rent-tracker/venv/lib/python3.12/site-packages/airflow/example_dags/example_params_ui_tutorial.py for tasks to queue
[2026-03-24T12:09:16.280+0000] {logging_mixin.py:190} INFO - [2026-03-24T12:09:16.279+0000] {dagbag.py:588} INFO - Filling up the DagBag from /home/rohit/ireland-rent-tracker/venv/lib/python3.12/site-packages/airflow/example_dags/example_params_ui_tutorial.py
[2026-03-24T12:09:16.292+0000] {processor.py:925} INFO - DAG(s) 'example_params_ui_tutorial' retrieved from /home/rohit/ireland-rent-tracker/venv/lib/python3.12/site-packages/airflow/example_dags/example_params_ui_tutorial.py
[2026-03-24T12:09:16.439+0000] {logging_mixin.py:190} INFO - [2026-03-24T12:09:16.438+0000] {override.py:1930} INFO - Created Permission View: can delete on DAG:example_params_ui_tutorial
[2026-03-24T12:09:16.471+0000] {logging_mixin.py:190} INFO - [2026-03-24T12:09:16.471+0000] {override.py:1930} INFO - Created Permission View: can edit on DAG:example_params_ui_tutorial
[2026-03-24T12:09:16.487+0000] {logging_mixin.py:190} INFO - [2026-03-24T12:09:16.487+0000] {override.py:1930} INFO - Created Permission View: can read on DAG:example_params_ui_tutorial
[2026-03-24T12:09:16.507+0000] {logging_mixin.py:190} INFO - [2026-03-24T12:09:16.507+0000] {override.py:1930} INFO - Created Permission View: can delete on DAG Run:example_params_ui_tutorial
[2026-03-24T12:09:16.519+0000] {logging_mixin.py:190} INFO - [2026-03-24T12:09:16.518+0000] {override.py:1930} INFO - Created Permission View: can create on DAG Run:example_params_ui_tutorial
[2026-03-24T12:09:16.530+0000] {logging_mixin.py:190} INFO - [2026-03-24T12:09:16.530+0000] {override.py:1930} INFO - Created Permission View: can read on DAG Run:example_params_ui_tutorial
[2026-03-24T12:09:16.541+0000] {logging_mixin.py:190} INFO - [2026-03-24T12:09:16.541+0000] {override.py:1930} INFO - Created Permission View: menu access on DAG Run:example_params_ui_tutorial
[2026-03-24T12:09:16.541+0000] {logging_mixin.py:190} INFO - [2026-03-24T12:09:16.541+0000] {dag.py:3239} INFO - Sync 1 DAGs
[2026-03-24T12:09:16.554+0000] {logging_mixin.py:190} INFO - [2026-03-24T12:09:16.554+0000] {dag.py:3262} INFO - Creating ORM DAG for example_params_ui_tutorial
[2026-03-24T12:09:16.554+0000] {logging_mixin.py:190} INFO - [2026-03-24T12:09:16.554+0000] {dag.py:4180} INFO - Setting next_dagrun for example_params_ui_tutorial to None, run_after=None
[2026-03-24T12:09:16.578+0000] {processor.py:208} INFO - Processing /home/rohit/ireland-rent-tracker/venv/lib/python3.12/site-packages/airflow/example_dags/example_params_ui_tutorial.py took 0.311 seconds
[2026-03-24T12:10:18.159+0000] {processor.py:186} INFO - Started process (PID=46711) to work on /home/rohit/ireland-rent-tracker/venv/lib/python3.12/site-packages/airflow/example_dags/example_params_ui_tutorial.py
[2026-03-24T12:10:18.161+0000] {processor.py:914} INFO - Processing file /home/rohit/ireland-rent-tracker/venv/lib/python3.12/site-packages/airflow/example_dags/example_params_ui_tutorial.py for tasks to queue
[2026-03-24T12:10:18.164+0000] {logging_mixin.py:190} INFO - [2026-03-24T12:10:18.163+0000] {dagbag.py:588} INFO - Filling up the DagBag from /home/rohit/ireland-rent-tracker/venv/lib/python3.12/site-packages/airflow/example_dags/example_params_ui_tutorial.py
[2026-03-24T12:10:18.176+0000] {processor.py:925} INFO - DAG(s) 'example_params_ui_tutorial' retrieved from /home/rohit/ireland-rent-tracker/venv/lib/python3.12/site-packages/airflow/example_dags/example_params_ui_tutorial.py
[2026-03-24T12:10:18.213+0000] {logging_mixin.py:190} INFO - [2026-03-24T12:10:18.213+0000] {dag.py:3239} INFO - Sync 1 DAGs
[2026-03-24T12:10:18.227+0000] {logging_mixin.py:190} INFO - [2026-03-24T12:10:18.226+0000] {dag.py:4180} INFO - Setting next_dagrun for example_params_ui_tutorial to None, run_after=None
[2026-03-24T12:10:18.255+0000] {processor.py:208} INFO - Processing /home/rohit/ireland-rent-tracker/venv/lib/python3.12/site-packages/airflow/example_dags/example_params_ui_tutorial.py took 0.101 seconds
[2026-03-24T12:11:13.193+0000] {processor.py:186} INFO - Started process (PID=46811) to work on /home/rohit/ireland-rent-tracker/venv/lib/python3.12/site-packages/airflow/example_dags/example_params_ui_tutorial.py
[2026-03-24T12:11:13.196+0000] {processor.py:914} INFO - Processing file /home/rohit/ireland-rent-tracker/venv/lib/python3.12/site-packages/airflow/example_dags/example_params_ui_tutorial.py for tasks to queue
[2026-03-24T12:11:13.200+0000] {logging_mixin.py:190} INFO - [2026-03-24T12:11:13.200+0000] {dagbag.py:588} INFO - Filling up the DagBag from /home/rohit/ireland-rent-tracker/venv/lib/python3.12/site-packages/airflow/example_dags/example_params_ui_tutorial.py
[2026-03-24T12:11:13.239+0000] {processor.py:925} INFO - DAG(s) 'example_params_ui_tutorial' retrieved from /home/rohit/ireland-rent-tracker/venv/lib/python3.12/site-packages/airflow/example_dags/example_params_ui_tutorial.py
[2026-03-24T12:11:13.431+0000] {logging_mixin.py:190} INFO - [2026-03-24T12:11:13.431+0000] {dag.py:3239} INFO - Sync 1 DAGs
[2026-03-24T12:11:13.461+0000] {logging_mixin.py:190} INFO - [2026-03-24T12:11:13.461+0000] {dag.py:4180} INFO - Setting next_dagrun for example_params_ui_tutorial to None, run_after=None
[2026-03-24T12:11:13.554+0000] {processor.py:208} INFO - Processing /home/rohit/ireland-rent-tracker/venv/lib/python3.12/site-packages/airflow/example_dags/example_params_ui_tutorial.py took 0.386 seconds
