[2026-03-24T12:05:50.917+0000] {processor.py:186} INFO - Started process (PID=45577) to work on /home/rohit/ireland-rent-tracker/venv/lib/python3.12/site-packages/airflow/example_dags/example_latest_only.py
[2026-03-24T12:05:50.919+0000] {processor.py:914} INFO - Processing file /home/rohit/ireland-rent-tracker/venv/lib/python3.12/site-packages/airflow/example_dags/example_latest_only.py for tasks to queue
[2026-03-24T12:05:50.924+0000] {logging_mixin.py:190} INFO - [2026-03-24T12:05:50.923+0000] {dagbag.py:588} INFO - Filling up the DagBag from /home/rohit/ireland-rent-tracker/venv/lib/python3.12/site-packages/airflow/example_dags/example_latest_only.py
[2026-03-24T12:05:50.941+0000] {processor.py:925} INFO - DAG(s) 'latest_only' retrieved from /home/rohit/ireland-rent-tracker/venv/lib/python3.12/site-packages/airflow/example_dags/example_latest_only.py
[2026-03-24T12:05:51.123+0000] {logging_mixin.py:190} INFO - [2026-03-24T12:05:51.122+0000] {override.py:1930} INFO - Created Permission View: can delete on DAG:latest_only
[2026-03-24T12:05:51.155+0000] {logging_mixin.py:190} INFO - [2026-03-24T12:05:51.154+0000] {override.py:1930} INFO - Created Permission View: can edit on DAG:latest_only
[2026-03-24T12:05:51.179+0000] {logging_mixin.py:190} INFO - [2026-03-24T12:05:51.178+0000] {override.py:1930} INFO - Created Permission View: can read on DAG:latest_only
[2026-03-24T12:05:51.213+0000] {logging_mixin.py:190} INFO - [2026-03-24T12:05:51.213+0000] {override.py:1930} INFO - Created Permission View: can delete on DAG Run:latest_only
[2026-03-24T12:05:51.236+0000] {logging_mixin.py:190} INFO - [2026-03-24T12:05:51.235+0000] {override.py:1930} INFO - Created Permission View: can create on DAG Run:latest_only
[2026-03-24T12:05:51.255+0000] {logging_mixin.py:190} INFO - [2026-03-24T12:05:51.255+0000] {override.py:1930} INFO - Created Permission View: can read on DAG Run:latest_only
[2026-03-24T12:05:51.275+0000] {logging_mixin.py:190} INFO - [2026-03-24T12:05:51.273+0000] {override.py:1930} INFO - Created Permission View: menu access on DAG Run:latest_only
[2026-03-24T12:05:51.276+0000] {logging_mixin.py:190} INFO - [2026-03-24T12:05:51.276+0000] {dag.py:3239} INFO - Sync 1 DAGs
[2026-03-24T12:05:51.305+0000] {logging_mixin.py:190} INFO - [2026-03-24T12:05:51.304+0000] {dag.py:3262} INFO - Creating ORM DAG for latest_only
[2026-03-24T12:05:51.325+0000] {logging_mixin.py:190} INFO - [2026-03-24T12:05:51.325+0000] {dag.py:4180} INFO - Setting next_dagrun for latest_only to 2026-03-24 08:00:00+00:00, run_after=2026-03-24 12:00:00+00:00
[2026-03-24T12:05:51.366+0000] {processor.py:208} INFO - Processing /home/rohit/ireland-rent-tracker/venv/lib/python3.12/site-packages/airflow/example_dags/example_latest_only.py took 0.462 seconds
[2026-03-24T12:06:57.883+0000] {processor.py:186} INFO - Started process (PID=45720) to work on /home/rohit/ireland-rent-tracker/venv/lib/python3.12/site-packages/airflow/example_dags/example_latest_only.py
[2026-03-24T12:06:57.888+0000] {processor.py:914} INFO - Processing file /home/rohit/ireland-rent-tracker/venv/lib/python3.12/site-packages/airflow/example_dags/example_latest_only.py for tasks to queue
[2026-03-24T12:06:57.893+0000] {logging_mixin.py:190} INFO - [2026-03-24T12:06:57.892+0000] {dagbag.py:588} INFO - Filling up the DagBag from /home/rohit/ireland-rent-tracker/venv/lib/python3.12/site-packages/airflow/example_dags/example_latest_only.py
[2026-03-24T12:06:57.903+0000] {processor.py:925} INFO - DAG(s) 'latest_only' retrieved from /home/rohit/ireland-rent-tracker/venv/lib/python3.12/site-packages/airflow/example_dags/example_latest_only.py
[2026-03-24T12:06:57.923+0000] {logging_mixin.py:190} INFO - [2026-03-24T12:06:57.923+0000] {dag.py:3239} INFO - Sync 1 DAGs
[2026-03-24T12:06:57.943+0000] {logging_mixin.py:190} INFO - [2026-03-24T12:06:57.943+0000] {dag.py:4180} INFO - Setting next_dagrun for latest_only to 2026-03-24 08:00:00+00:00, run_after=2026-03-24 12:00:00+00:00
[2026-03-24T12:06:57.969+0000] {processor.py:208} INFO - Processing /home/rohit/ireland-rent-tracker/venv/lib/python3.12/site-packages/airflow/example_dags/example_latest_only.py took 0.093 seconds
[2026-03-24T12:07:50.896+0000] {processor.py:186} INFO - Started process (PID=45920) to work on /home/rohit/ireland-rent-tracker/venv/lib/python3.12/site-packages/airflow/example_dags/example_latest_only.py
[2026-03-24T12:07:50.897+0000] {processor.py:914} INFO - Processing file /home/rohit/ireland-rent-tracker/venv/lib/python3.12/site-packages/airflow/example_dags/example_latest_only.py for tasks to queue
[2026-03-24T12:07:50.900+0000] {logging_mixin.py:190} INFO - [2026-03-24T12:07:50.899+0000] {dagbag.py:588} INFO - Filling up the DagBag from /home/rohit/ireland-rent-tracker/venv/lib/python3.12/site-packages/airflow/example_dags/example_latest_only.py
[2026-03-24T12:07:50.907+0000] {processor.py:925} INFO - DAG(s) 'latest_only' retrieved from /home/rohit/ireland-rent-tracker/venv/lib/python3.12/site-packages/airflow/example_dags/example_latest_only.py
[2026-03-24T12:07:50.922+0000] {logging_mixin.py:190} INFO - [2026-03-24T12:07:50.922+0000] {dag.py:3239} INFO - Sync 1 DAGs
[2026-03-24T12:07:50.946+0000] {logging_mixin.py:190} INFO - [2026-03-24T12:07:50.946+0000] {dag.py:4180} INFO - Setting next_dagrun for latest_only to 2026-03-24 08:00:00+00:00, run_after=2026-03-24 12:00:00+00:00
[2026-03-24T12:07:50.974+0000] {processor.py:208} INFO - Processing /home/rohit/ireland-rent-tracker/venv/lib/python3.12/site-packages/airflow/example_dags/example_latest_only.py took 0.084 seconds
[2026-03-24T12:09:08.507+0000] {processor.py:186} INFO - Started process (PID=46414) to work on /home/rohit/ireland-rent-tracker/venv/lib/python3.12/site-packages/airflow/example_dags/example_latest_only.py
[2026-03-24T12:09:08.509+0000] {processor.py:914} INFO - Processing file /home/rohit/ireland-rent-tracker/venv/lib/python3.12/site-packages/airflow/example_dags/example_latest_only.py for tasks to queue
[2026-03-24T12:09:08.514+0000] {logging_mixin.py:190} INFO - [2026-03-24T12:09:08.513+0000] {dagbag.py:588} INFO - Filling up the DagBag from /home/rohit/ireland-rent-tracker/venv/lib/python3.12/site-packages/airflow/example_dags/example_latest_only.py
[2026-03-24T12:09:08.535+0000] {processor.py:925} INFO - DAG(s) 'latest_only' retrieved from /home/rohit/ireland-rent-tracker/venv/lib/python3.12/site-packages/airflow/example_dags/example_latest_only.py
[2026-03-24T12:09:08.744+0000] {logging_mixin.py:190} INFO - [2026-03-24T12:09:08.743+0000] {override.py:1930} INFO - Created Permission View: can delete on DAG:latest_only
[2026-03-24T12:09:08.769+0000] {logging_mixin.py:190} INFO - [2026-03-24T12:09:08.768+0000] {override.py:1930} INFO - Created Permission View: can edit on DAG:latest_only
[2026-03-24T12:09:08.785+0000] {logging_mixin.py:190} INFO - [2026-03-24T12:09:08.784+0000] {override.py:1930} INFO - Created Permission View: can read on DAG:latest_only
[2026-03-24T12:09:08.812+0000] {logging_mixin.py:190} INFO - [2026-03-24T12:09:08.811+0000] {override.py:1930} INFO - Created Permission View: can delete on DAG Run:latest_only
[2026-03-24T12:09:08.832+0000] {logging_mixin.py:190} INFO - [2026-03-24T12:09:08.831+0000] {override.py:1930} INFO - Created Permission View: can create on DAG Run:latest_only
[2026-03-24T12:09:08.853+0000] {logging_mixin.py:190} INFO - [2026-03-24T12:09:08.852+0000] {override.py:1930} INFO - Created Permission View: can read on DAG Run:latest_only
[2026-03-24T12:09:08.873+0000] {logging_mixin.py:190} INFO - [2026-03-24T12:09:08.873+0000] {override.py:1930} INFO - Created Permission View: menu access on DAG Run:latest_only
[2026-03-24T12:09:08.874+0000] {logging_mixin.py:190} INFO - [2026-03-24T12:09:08.873+0000] {dag.py:3239} INFO - Sync 1 DAGs
[2026-03-24T12:09:08.894+0000] {logging_mixin.py:190} INFO - [2026-03-24T12:09:08.894+0000] {dag.py:3262} INFO - Creating ORM DAG for latest_only
[2026-03-24T12:09:08.909+0000] {logging_mixin.py:190} INFO - [2026-03-24T12:09:08.908+0000] {dag.py:4180} INFO - Setting next_dagrun for latest_only to 2026-03-24 08:00:00+00:00, run_after=2026-03-24 12:00:00+00:00
[2026-03-24T12:09:08.961+0000] {processor.py:208} INFO - Processing /home/rohit/ireland-rent-tracker/venv/lib/python3.12/site-packages/airflow/example_dags/example_latest_only.py took 0.467 seconds
[2026-03-24T12:10:11.635+0000] {processor.py:186} INFO - Started process (PID=46699) to work on /home/rohit/ireland-rent-tracker/venv/lib/python3.12/site-packages/airflow/example_dags/example_latest_only.py
[2026-03-24T12:10:11.637+0000] {processor.py:914} INFO - Processing file /home/rohit/ireland-rent-tracker/venv/lib/python3.12/site-packages/airflow/example_dags/example_latest_only.py for tasks to queue
[2026-03-24T12:10:11.642+0000] {logging_mixin.py:190} INFO - [2026-03-24T12:10:11.641+0000] {dagbag.py:588} INFO - Filling up the DagBag from /home/rohit/ireland-rent-tracker/venv/lib/python3.12/site-packages/airflow/example_dags/example_latest_only.py
[2026-03-24T12:10:11.654+0000] {processor.py:925} INFO - DAG(s) 'latest_only' retrieved from /home/rohit/ireland-rent-tracker/venv/lib/python3.12/site-packages/airflow/example_dags/example_latest_only.py
[2026-03-24T12:10:11.678+0000] {logging_mixin.py:190} INFO - [2026-03-24T12:10:11.678+0000] {dag.py:3239} INFO - Sync 1 DAGs
[2026-03-24T12:10:11.712+0000] {logging_mixin.py:190} INFO - [2026-03-24T12:10:11.712+0000] {dag.py:4180} INFO - Setting next_dagrun for latest_only to 2026-03-24 08:00:00+00:00, run_after=2026-03-24 12:00:00+00:00
[2026-03-24T12:10:11.740+0000] {processor.py:208} INFO - Processing /home/rohit/ireland-rent-tracker/venv/lib/python3.12/site-packages/airflow/example_dags/example_latest_only.py took 0.111 seconds
[2026-03-24T12:11:07.966+0000] {processor.py:186} INFO - Started process (PID=46797) to work on /home/rohit/ireland-rent-tracker/venv/lib/python3.12/site-packages/airflow/example_dags/example_latest_only.py
[2026-03-24T12:11:07.968+0000] {processor.py:914} INFO - Processing file /home/rohit/ireland-rent-tracker/venv/lib/python3.12/site-packages/airflow/example_dags/example_latest_only.py for tasks to queue
[2026-03-24T12:11:07.970+0000] {logging_mixin.py:190} INFO - [2026-03-24T12:11:07.969+0000] {dagbag.py:588} INFO - Filling up the DagBag from /home/rohit/ireland-rent-tracker/venv/lib/python3.12/site-packages/airflow/example_dags/example_latest_only.py
[2026-03-24T12:11:07.977+0000] {processor.py:925} INFO - DAG(s) 'latest_only' retrieved from /home/rohit/ireland-rent-tracker/venv/lib/python3.12/site-packages/airflow/example_dags/example_latest_only.py
[2026-03-24T12:11:07.995+0000] {logging_mixin.py:190} INFO - [2026-03-24T12:11:07.995+0000] {dag.py:3239} INFO - Sync 1 DAGs
[2026-03-24T12:11:08.057+0000] {logging_mixin.py:190} INFO - [2026-03-24T12:11:08.057+0000] {dag.py:4180} INFO - Setting next_dagrun for latest_only to 2026-03-24 08:00:00+00:00, run_after=2026-03-24 12:00:00+00:00
[2026-03-24T12:11:08.099+0000] {processor.py:208} INFO - Processing /home/rohit/ireland-rent-tracker/venv/lib/python3.12/site-packages/airflow/example_dags/example_latest_only.py took 0.138 seconds
