[2026-03-24T12:06:12.547+0000] {processor.py:186} INFO - Started process (PID=45665) to work on /home/rohit/ireland-rent-tracker/venv/lib/python3.12/site-packages/airflow/example_dags/example_branch_datetime_operator.py
[2026-03-24T12:06:12.548+0000] {processor.py:914} INFO - Processing file /home/rohit/ireland-rent-tracker/venv/lib/python3.12/site-packages/airflow/example_dags/example_branch_datetime_operator.py for tasks to queue
[2026-03-24T12:06:12.550+0000] {logging_mixin.py:190} INFO - [2026-03-24T12:06:12.550+0000] {dagbag.py:588} INFO - Filling up the DagBag from /home/rohit/ireland-rent-tracker/venv/lib/python3.12/site-packages/airflow/example_dags/example_branch_datetime_operator.py
[2026-03-24T12:06:12.562+0000] {processor.py:925} INFO - DAG(s) 'example_branch_datetime_operator_3', 'example_branch_datetime_operator_2', 'example_branch_datetime_operator' retrieved from /home/rohit/ireland-rent-tracker/venv/lib/python3.12/site-packages/airflow/example_dags/example_branch_datetime_operator.py
[2026-03-24T12:06:12.678+0000] {logging_mixin.py:190} INFO - [2026-03-24T12:06:12.677+0000] {override.py:1930} INFO - Created Permission View: can delete on DAG:example_branch_datetime_operator_3
[2026-03-24T12:06:12.693+0000] {logging_mixin.py:190} INFO - [2026-03-24T12:06:12.693+0000] {override.py:1930} INFO - Created Permission View: can edit on DAG:example_branch_datetime_operator_3
[2026-03-24T12:06:12.705+0000] {logging_mixin.py:190} INFO - [2026-03-24T12:06:12.704+0000] {override.py:1930} INFO - Created Permission View: can read on DAG:example_branch_datetime_operator_3
[2026-03-24T12:06:12.724+0000] {logging_mixin.py:190} INFO - [2026-03-24T12:06:12.723+0000] {override.py:1930} INFO - Created Permission View: can delete on DAG Run:example_branch_datetime_operator_3
[2026-03-24T12:06:12.737+0000] {logging_mixin.py:190} INFO - [2026-03-24T12:06:12.736+0000] {override.py:1930} INFO - Created Permission View: can create on DAG Run:example_branch_datetime_operator_3
[2026-03-24T12:06:12.750+0000] {logging_mixin.py:190} INFO - [2026-03-24T12:06:12.749+0000] {override.py:1930} INFO - Created Permission View: can read on DAG Run:example_branch_datetime_operator_3
[2026-03-24T12:06:12.760+0000] {logging_mixin.py:190} INFO - [2026-03-24T12:06:12.760+0000] {override.py:1930} INFO - Created Permission View: menu access on DAG Run:example_branch_datetime_operator_3
[2026-03-24T12:06:12.786+0000] {logging_mixin.py:190} INFO - [2026-03-24T12:06:12.786+0000] {override.py:1930} INFO - Created Permission View: can delete on DAG:example_branch_datetime_operator_2
[2026-03-24T12:06:12.801+0000] {logging_mixin.py:190} INFO - [2026-03-24T12:06:12.800+0000] {override.py:1930} INFO - Created Permission View: can edit on DAG:example_branch_datetime_operator_2
[2026-03-24T12:06:12.813+0000] {logging_mixin.py:190} INFO - [2026-03-24T12:06:12.813+0000] {override.py:1930} INFO - Created Permission View: can read on DAG:example_branch_datetime_operator_2
[2026-03-24T12:06:12.830+0000] {logging_mixin.py:190} INFO - [2026-03-24T12:06:12.830+0000] {override.py:1930} INFO - Created Permission View: can delete on DAG Run:example_branch_datetime_operator_2
[2026-03-24T12:06:12.842+0000] {logging_mixin.py:190} INFO - [2026-03-24T12:06:12.842+0000] {override.py:1930} INFO - Created Permission View: can create on DAG Run:example_branch_datetime_operator_2
[2026-03-24T12:06:12.853+0000] {logging_mixin.py:190} INFO - [2026-03-24T12:06:12.853+0000] {override.py:1930} INFO - Created Permission View: can read on DAG Run:example_branch_datetime_operator_2
[2026-03-24T12:06:12.863+0000] {logging_mixin.py:190} INFO - [2026-03-24T12:06:12.863+0000] {override.py:1930} INFO - Created Permission View: menu access on DAG Run:example_branch_datetime_operator_2
[2026-03-24T12:06:12.886+0000] {logging_mixin.py:190} INFO - [2026-03-24T12:06:12.886+0000] {override.py:1930} INFO - Created Permission View: can delete on DAG:example_branch_datetime_operator
[2026-03-24T12:06:12.896+0000] {logging_mixin.py:190} INFO - [2026-03-24T12:06:12.895+0000] {override.py:1930} INFO - Created Permission View: can edit on DAG:example_branch_datetime_operator
[2026-03-24T12:06:12.906+0000] {logging_mixin.py:190} INFO - [2026-03-24T12:06:12.905+0000] {override.py:1930} INFO - Created Permission View: can read on DAG:example_branch_datetime_operator
[2026-03-24T12:06:12.923+0000] {logging_mixin.py:190} INFO - [2026-03-24T12:06:12.922+0000] {override.py:1930} INFO - Created Permission View: can delete on DAG Run:example_branch_datetime_operator
[2026-03-24T12:06:12.934+0000] {logging_mixin.py:190} INFO - [2026-03-24T12:06:12.934+0000] {override.py:1930} INFO - Created Permission View: can create on DAG Run:example_branch_datetime_operator
[2026-03-24T12:06:12.944+0000] {logging_mixin.py:190} INFO - [2026-03-24T12:06:12.944+0000] {override.py:1930} INFO - Created Permission View: can read on DAG Run:example_branch_datetime_operator
[2026-03-24T12:06:12.956+0000] {logging_mixin.py:190} INFO - [2026-03-24T12:06:12.955+0000] {override.py:1930} INFO - Created Permission View: menu access on DAG Run:example_branch_datetime_operator
[2026-03-24T12:06:12.956+0000] {logging_mixin.py:190} INFO - [2026-03-24T12:06:12.956+0000] {dag.py:3239} INFO - Sync 3 DAGs
[2026-03-24T12:06:12.968+0000] {logging_mixin.py:190} INFO - [2026-03-24T12:06:12.968+0000] {dag.py:3262} INFO - Creating ORM DAG for example_branch_datetime_operator
[2026-03-24T12:06:12.969+0000] {logging_mixin.py:190} INFO - [2026-03-24T12:06:12.968+0000] {dag.py:3262} INFO - Creating ORM DAG for example_branch_datetime_operator_2
[2026-03-24T12:06:12.969+0000] {logging_mixin.py:190} INFO - [2026-03-24T12:06:12.969+0000] {dag.py:3262} INFO - Creating ORM DAG for example_branch_datetime_operator_3
[2026-03-24T12:06:12.978+0000] {logging_mixin.py:190} INFO - [2026-03-24T12:06:12.978+0000] {dag.py:4180} INFO - Setting next_dagrun for example_branch_datetime_operator to 2026-03-23 00:00:00+00:00, run_after=2026-03-24 00:00:00+00:00
[2026-03-24T12:06:12.980+0000] {logging_mixin.py:190} INFO - [2026-03-24T12:06:12.979+0000] {dag.py:4180} INFO - Setting next_dagrun for example_branch_datetime_operator_2 to 2026-03-23 00:00:00+00:00, run_after=2026-03-24 00:00:00+00:00
[2026-03-24T12:06:12.981+0000] {logging_mixin.py:190} INFO - [2026-03-24T12:06:12.981+0000] {dag.py:4180} INFO - Setting next_dagrun for example_branch_datetime_operator_3 to 2026-03-23 00:00:00+00:00, run_after=2026-03-24 00:00:00+00:00
[2026-03-24T12:06:13.014+0000] {processor.py:208} INFO - Processing /home/rohit/ireland-rent-tracker/venv/lib/python3.12/site-packages/airflow/example_dags/example_branch_datetime_operator.py took 0.471 seconds
[2026-03-24T12:07:14.390+0000] {processor.py:186} INFO - Started process (PID=45750) to work on /home/rohit/ireland-rent-tracker/venv/lib/python3.12/site-packages/airflow/example_dags/example_branch_datetime_operator.py
[2026-03-24T12:07:14.394+0000] {processor.py:914} INFO - Processing file /home/rohit/ireland-rent-tracker/venv/lib/python3.12/site-packages/airflow/example_dags/example_branch_datetime_operator.py for tasks to queue
[2026-03-24T12:07:14.397+0000] {logging_mixin.py:190} INFO - [2026-03-24T12:07:14.396+0000] {dagbag.py:588} INFO - Filling up the DagBag from /home/rohit/ireland-rent-tracker/venv/lib/python3.12/site-packages/airflow/example_dags/example_branch_datetime_operator.py
[2026-03-24T12:07:14.410+0000] {processor.py:925} INFO - DAG(s) 'example_branch_datetime_operator', 'example_branch_datetime_operator_3', 'example_branch_datetime_operator_2' retrieved from /home/rohit/ireland-rent-tracker/venv/lib/python3.12/site-packages/airflow/example_dags/example_branch_datetime_operator.py
[2026-03-24T12:07:14.431+0000] {logging_mixin.py:190} INFO - [2026-03-24T12:07:14.431+0000] {dag.py:3239} INFO - Sync 3 DAGs
[2026-03-24T12:07:14.453+0000] {logging_mixin.py:190} INFO - [2026-03-24T12:07:14.453+0000] {dag.py:4180} INFO - Setting next_dagrun for example_branch_datetime_operator to 2026-03-23 00:00:00+00:00, run_after=2026-03-24 00:00:00+00:00
[2026-03-24T12:07:14.458+0000] {logging_mixin.py:190} INFO - [2026-03-24T12:07:14.457+0000] {dag.py:4180} INFO - Setting next_dagrun for example_branch_datetime_operator_2 to 2026-03-23 00:00:00+00:00, run_after=2026-03-24 00:00:00+00:00
[2026-03-24T12:07:14.461+0000] {logging_mixin.py:190} INFO - [2026-03-24T12:07:14.461+0000] {dag.py:4180} INFO - Setting next_dagrun for example_branch_datetime_operator_3 to 2026-03-23 00:00:00+00:00, run_after=2026-03-24 00:00:00+00:00
[2026-03-24T12:07:14.485+0000] {processor.py:208} INFO - Processing /home/rohit/ireland-rent-tracker/venv/lib/python3.12/site-packages/airflow/example_dags/example_branch_datetime_operator.py took 0.100 seconds
[2026-03-24T12:08:45.526+0000] {processor.py:186} INFO - Started process (PID=46226) to work on /home/rohit/ireland-rent-tracker/venv/lib/python3.12/site-packages/airflow/example_dags/example_branch_datetime_operator.py
[2026-03-24T12:08:45.528+0000] {processor.py:914} INFO - Processing file /home/rohit/ireland-rent-tracker/venv/lib/python3.12/site-packages/airflow/example_dags/example_branch_datetime_operator.py for tasks to queue
[2026-03-24T12:08:45.530+0000] {logging_mixin.py:190} INFO - [2026-03-24T12:08:45.529+0000] {dagbag.py:588} INFO - Filling up the DagBag from /home/rohit/ireland-rent-tracker/venv/lib/python3.12/site-packages/airflow/example_dags/example_branch_datetime_operator.py
[2026-03-24T12:08:45.547+0000] {processor.py:925} INFO - DAG(s) 'example_branch_datetime_operator', 'example_branch_datetime_operator_3', 'example_branch_datetime_operator_2' retrieved from /home/rohit/ireland-rent-tracker/venv/lib/python3.12/site-packages/airflow/example_dags/example_branch_datetime_operator.py
[2026-03-24T12:08:45.697+0000] {logging_mixin.py:190} INFO - [2026-03-24T12:08:45.696+0000] {override.py:1930} INFO - Created Permission View: can delete on DAG:example_branch_datetime_operator
[2026-03-24T12:08:45.721+0000] {logging_mixin.py:190} INFO - [2026-03-24T12:08:45.721+0000] {override.py:1930} INFO - Created Permission View: can edit on DAG:example_branch_datetime_operator
[2026-03-24T12:08:45.739+0000] {logging_mixin.py:190} INFO - [2026-03-24T12:08:45.739+0000] {override.py:1930} INFO - Created Permission View: can read on DAG:example_branch_datetime_operator
[2026-03-24T12:08:45.761+0000] {logging_mixin.py:190} INFO - [2026-03-24T12:08:45.761+0000] {override.py:1930} INFO - Created Permission View: can delete on DAG Run:example_branch_datetime_operator
[2026-03-24T12:08:45.773+0000] {logging_mixin.py:190} INFO - [2026-03-24T12:08:45.773+0000] {override.py:1930} INFO - Created Permission View: can create on DAG Run:example_branch_datetime_operator
[2026-03-24T12:08:45.790+0000] {logging_mixin.py:190} INFO - [2026-03-24T12:08:45.789+0000] {override.py:1930} INFO - Created Permission View: can read on DAG Run:example_branch_datetime_operator
[2026-03-24T12:08:45.802+0000] {logging_mixin.py:190} INFO - [2026-03-24T12:08:45.801+0000] {override.py:1930} INFO - Created Permission View: menu access on DAG Run:example_branch_datetime_operator
[2026-03-24T12:08:45.827+0000] {logging_mixin.py:190} INFO - [2026-03-24T12:08:45.827+0000] {override.py:1930} INFO - Created Permission View: can delete on DAG:example_branch_datetime_operator_3
[2026-03-24T12:08:45.839+0000] {logging_mixin.py:190} INFO - [2026-03-24T12:08:45.839+0000] {override.py:1930} INFO - Created Permission View: can edit on DAG:example_branch_datetime_operator_3
[2026-03-24T12:08:45.856+0000] {logging_mixin.py:190} INFO - [2026-03-24T12:08:45.856+0000] {override.py:1930} INFO - Created Permission View: can read on DAG:example_branch_datetime_operator_3
[2026-03-24T12:08:45.879+0000] {logging_mixin.py:190} INFO - [2026-03-24T12:08:45.879+0000] {override.py:1930} INFO - Created Permission View: can delete on DAG Run:example_branch_datetime_operator_3
[2026-03-24T12:08:45.892+0000] {logging_mixin.py:190} INFO - [2026-03-24T12:08:45.891+0000] {override.py:1930} INFO - Created Permission View: can create on DAG Run:example_branch_datetime_operator_3
[2026-03-24T12:08:45.904+0000] {logging_mixin.py:190} INFO - [2026-03-24T12:08:45.904+0000] {override.py:1930} INFO - Created Permission View: can read on DAG Run:example_branch_datetime_operator_3
[2026-03-24T12:08:45.917+0000] {logging_mixin.py:190} INFO - [2026-03-24T12:08:45.917+0000] {override.py:1930} INFO - Created Permission View: menu access on DAG Run:example_branch_datetime_operator_3
[2026-03-24T12:08:45.944+0000] {logging_mixin.py:190} INFO - [2026-03-24T12:08:45.943+0000] {override.py:1930} INFO - Created Permission View: can delete on DAG:example_branch_datetime_operator_2
[2026-03-24T12:08:45.957+0000] {logging_mixin.py:190} INFO - [2026-03-24T12:08:45.956+0000] {override.py:1930} INFO - Created Permission View: can edit on DAG:example_branch_datetime_operator_2
[2026-03-24T12:08:45.968+0000] {logging_mixin.py:190} INFO - [2026-03-24T12:08:45.967+0000] {override.py:1930} INFO - Created Permission View: can read on DAG:example_branch_datetime_operator_2
[2026-03-24T12:08:45.986+0000] {logging_mixin.py:190} INFO - [2026-03-24T12:08:45.985+0000] {override.py:1930} INFO - Created Permission View: can delete on DAG Run:example_branch_datetime_operator_2
[2026-03-24T12:08:45.997+0000] {logging_mixin.py:190} INFO - [2026-03-24T12:08:45.996+0000] {override.py:1930} INFO - Created Permission View: can create on DAG Run:example_branch_datetime_operator_2
[2026-03-24T12:08:46.008+0000] {logging_mixin.py:190} INFO - [2026-03-24T12:08:46.008+0000] {override.py:1930} INFO - Created Permission View: can read on DAG Run:example_branch_datetime_operator_2
[2026-03-24T12:08:46.018+0000] {logging_mixin.py:190} INFO - [2026-03-24T12:08:46.018+0000] {override.py:1930} INFO - Created Permission View: menu access on DAG Run:example_branch_datetime_operator_2
[2026-03-24T12:08:46.018+0000] {logging_mixin.py:190} INFO - [2026-03-24T12:08:46.018+0000] {dag.py:3239} INFO - Sync 3 DAGs
[2026-03-24T12:08:46.032+0000] {logging_mixin.py:190} INFO - [2026-03-24T12:08:46.032+0000] {dag.py:3262} INFO - Creating ORM DAG for example_branch_datetime_operator
[2026-03-24T12:08:46.032+0000] {logging_mixin.py:190} INFO - [2026-03-24T12:08:46.032+0000] {dag.py:3262} INFO - Creating ORM DAG for example_branch_datetime_operator_2
[2026-03-24T12:08:46.033+0000] {logging_mixin.py:190} INFO - [2026-03-24T12:08:46.033+0000] {dag.py:3262} INFO - Creating ORM DAG for example_branch_datetime_operator_3
[2026-03-24T12:08:46.043+0000] {logging_mixin.py:190} INFO - [2026-03-24T12:08:46.043+0000] {dag.py:4180} INFO - Setting next_dagrun for example_branch_datetime_operator to 2026-03-23 00:00:00+00:00, run_after=2026-03-24 00:00:00+00:00
[2026-03-24T12:08:46.045+0000] {logging_mixin.py:190} INFO - [2026-03-24T12:08:46.045+0000] {dag.py:4180} INFO - Setting next_dagrun for example_branch_datetime_operator_2 to 2026-03-23 00:00:00+00:00, run_after=2026-03-24 00:00:00+00:00
[2026-03-24T12:08:46.047+0000] {logging_mixin.py:190} INFO - [2026-03-24T12:08:46.046+0000] {dag.py:4180} INFO - Setting next_dagrun for example_branch_datetime_operator_3 to 2026-03-23 00:00:00+00:00, run_after=2026-03-24 00:00:00+00:00
[2026-03-24T12:08:46.069+0000] {processor.py:208} INFO - Processing /home/rohit/ireland-rent-tracker/venv/lib/python3.12/site-packages/airflow/example_dags/example_branch_datetime_operator.py took 0.548 seconds
[2026-03-24T12:09:59.269+0000] {processor.py:186} INFO - Started process (PID=46648) to work on /home/rohit/ireland-rent-tracker/venv/lib/python3.12/site-packages/airflow/example_dags/example_branch_datetime_operator.py
[2026-03-24T12:09:59.272+0000] {processor.py:914} INFO - Processing file /home/rohit/ireland-rent-tracker/venv/lib/python3.12/site-packages/airflow/example_dags/example_branch_datetime_operator.py for tasks to queue
[2026-03-24T12:09:59.275+0000] {logging_mixin.py:190} INFO - [2026-03-24T12:09:59.274+0000] {dagbag.py:588} INFO - Filling up the DagBag from /home/rohit/ireland-rent-tracker/venv/lib/python3.12/site-packages/airflow/example_dags/example_branch_datetime_operator.py
[2026-03-24T12:09:59.289+0000] {processor.py:925} INFO - DAG(s) 'example_branch_datetime_operator', 'example_branch_datetime_operator_2', 'example_branch_datetime_operator_3' retrieved from /home/rohit/ireland-rent-tracker/venv/lib/python3.12/site-packages/airflow/example_dags/example_branch_datetime_operator.py
[2026-03-24T12:09:59.313+0000] {logging_mixin.py:190} INFO - [2026-03-24T12:09:59.312+0000] {dag.py:3239} INFO - Sync 3 DAGs
[2026-03-24T12:09:59.335+0000] {logging_mixin.py:190} INFO - [2026-03-24T12:09:59.334+0000] {dag.py:4180} INFO - Setting next_dagrun for example_branch_datetime_operator to 2026-03-23 00:00:00+00:00, run_after=2026-03-24 00:00:00+00:00
[2026-03-24T12:09:59.340+0000] {logging_mixin.py:190} INFO - [2026-03-24T12:09:59.340+0000] {dag.py:4180} INFO - Setting next_dagrun for example_branch_datetime_operator_2 to 2026-03-23 00:00:00+00:00, run_after=2026-03-24 00:00:00+00:00
[2026-03-24T12:09:59.342+0000] {logging_mixin.py:190} INFO - [2026-03-24T12:09:59.342+0000] {dag.py:4180} INFO - Setting next_dagrun for example_branch_datetime_operator_3 to 2026-03-23 00:00:00+00:00, run_after=2026-03-24 00:00:00+00:00
[2026-03-24T12:09:59.370+0000] {processor.py:208} INFO - Processing /home/rohit/ireland-rent-tracker/venv/lib/python3.12/site-packages/airflow/example_dags/example_branch_datetime_operator.py took 0.108 seconds
[2026-03-24T12:10:58.074+0000] {processor.py:186} INFO - Started process (PID=46778) to work on /home/rohit/ireland-rent-tracker/venv/lib/python3.12/site-packages/airflow/example_dags/example_branch_datetime_operator.py
[2026-03-24T12:10:58.076+0000] {processor.py:914} INFO - Processing file /home/rohit/ireland-rent-tracker/venv/lib/python3.12/site-packages/airflow/example_dags/example_branch_datetime_operator.py for tasks to queue
[2026-03-24T12:10:58.079+0000] {logging_mixin.py:190} INFO - [2026-03-24T12:10:58.078+0000] {dagbag.py:588} INFO - Filling up the DagBag from /home/rohit/ireland-rent-tracker/venv/lib/python3.12/site-packages/airflow/example_dags/example_branch_datetime_operator.py
[2026-03-24T12:10:58.094+0000] {processor.py:925} INFO - DAG(s) 'example_branch_datetime_operator_3', 'example_branch_datetime_operator', 'example_branch_datetime_operator_2' retrieved from /home/rohit/ireland-rent-tracker/venv/lib/python3.12/site-packages/airflow/example_dags/example_branch_datetime_operator.py
[2026-03-24T12:10:58.116+0000] {logging_mixin.py:190} INFO - [2026-03-24T12:10:58.115+0000] {dag.py:3239} INFO - Sync 3 DAGs
[2026-03-24T12:10:58.137+0000] {logging_mixin.py:190} INFO - [2026-03-24T12:10:58.137+0000] {dag.py:4180} INFO - Setting next_dagrun for example_branch_datetime_operator to 2026-03-23 00:00:00+00:00, run_after=2026-03-24 00:00:00+00:00
[2026-03-24T12:10:58.141+0000] {logging_mixin.py:190} INFO - [2026-03-24T12:10:58.141+0000] {dag.py:4180} INFO - Setting next_dagrun for example_branch_datetime_operator_2 to 2026-03-23 00:00:00+00:00, run_after=2026-03-24 00:00:00+00:00
[2026-03-24T12:10:58.143+0000] {logging_mixin.py:190} INFO - [2026-03-24T12:10:58.143+0000] {dag.py:4180} INFO - Setting next_dagrun for example_branch_datetime_operator_3 to 2026-03-23 00:00:00+00:00, run_after=2026-03-24 00:00:00+00:00
[2026-03-24T12:10:58.166+0000] {processor.py:208} INFO - Processing /home/rohit/ireland-rent-tracker/venv/lib/python3.12/site-packages/airflow/example_dags/example_branch_datetime_operator.py took 0.097 seconds
