[2026-03-24T12:05:46.958+0000] {processor.py:186} INFO - Started process (PID=45555) to work on /home/rohit/ireland-rent-tracker/venv/lib/python3.12/site-packages/airflow/example_dags/example_kubernetes_executor.py
[2026-03-24T12:05:46.959+0000] {processor.py:914} INFO - Processing file /home/rohit/ireland-rent-tracker/venv/lib/python3.12/site-packages/airflow/example_dags/example_kubernetes_executor.py for tasks to queue
[2026-03-24T12:05:46.961+0000] {logging_mixin.py:190} INFO - [2026-03-24T12:05:46.960+0000] {dagbag.py:588} INFO - Filling up the DagBag from /home/rohit/ireland-rent-tracker/venv/lib/python3.12/site-packages/airflow/example_dags/example_kubernetes_executor.py
[2026-03-24T12:05:46.966+0000] {logging_mixin.py:190} INFO - [2026-03-24T12:05:46.965+0000] {example_kubernetes_executor.py:39} WARNING - The example_kubernetes_executor example DAG requires the kubernetes provider. Please install it with: pip install apache-airflow[cncf.kubernetes]
[2026-03-24T12:05:46.966+0000] {processor.py:927} WARNING - No viable dags retrieved from /home/rohit/ireland-rent-tracker/venv/lib/python3.12/site-packages/airflow/example_dags/example_kubernetes_executor.py
[2026-03-24T12:05:46.982+0000] {processor.py:208} INFO - Processing /home/rohit/ireland-rent-tracker/venv/lib/python3.12/site-packages/airflow/example_dags/example_kubernetes_executor.py took 0.029 seconds
[2026-03-24T12:06:50.293+0000] {processor.py:186} INFO - Started process (PID=45713) to work on /home/rohit/ireland-rent-tracker/venv/lib/python3.12/site-packages/airflow/example_dags/example_kubernetes_executor.py
[2026-03-24T12:06:50.297+0000] {processor.py:914} INFO - Processing file /home/rohit/ireland-rent-tracker/venv/lib/python3.12/site-packages/airflow/example_dags/example_kubernetes_executor.py for tasks to queue
[2026-03-24T12:06:50.299+0000] {logging_mixin.py:190} INFO - [2026-03-24T12:06:50.299+0000] {dagbag.py:588} INFO - Filling up the DagBag from /home/rohit/ireland-rent-tracker/venv/lib/python3.12/site-packages/airflow/example_dags/example_kubernetes_executor.py
[2026-03-24T12:06:50.303+0000] {logging_mixin.py:190} INFO - [2026-03-24T12:06:50.302+0000] {example_kubernetes_executor.py:39} WARNING - The example_kubernetes_executor example DAG requires the kubernetes provider. Please install it with: pip install apache-airflow[cncf.kubernetes]
[2026-03-24T12:06:50.303+0000] {processor.py:927} WARNING - No viable dags retrieved from /home/rohit/ireland-rent-tracker/venv/lib/python3.12/site-packages/airflow/example_dags/example_kubernetes_executor.py
[2026-03-24T12:06:50.316+0000] {processor.py:208} INFO - Processing /home/rohit/ireland-rent-tracker/venv/lib/python3.12/site-packages/airflow/example_dags/example_kubernetes_executor.py took 0.028 seconds
[2026-03-24T12:07:48.492+0000] {processor.py:186} INFO - Started process (PID=45913) to work on /home/rohit/ireland-rent-tracker/venv/lib/python3.12/site-packages/airflow/example_dags/example_kubernetes_executor.py
[2026-03-24T12:07:48.496+0000] {processor.py:914} INFO - Processing file /home/rohit/ireland-rent-tracker/venv/lib/python3.12/site-packages/airflow/example_dags/example_kubernetes_executor.py for tasks to queue
[2026-03-24T12:07:48.498+0000] {logging_mixin.py:190} INFO - [2026-03-24T12:07:48.498+0000] {dagbag.py:588} INFO - Filling up the DagBag from /home/rohit/ireland-rent-tracker/venv/lib/python3.12/site-packages/airflow/example_dags/example_kubernetes_executor.py
[2026-03-24T12:07:48.501+0000] {logging_mixin.py:190} INFO - [2026-03-24T12:07:48.501+0000] {example_kubernetes_executor.py:39} WARNING - The example_kubernetes_executor example DAG requires the kubernetes provider. Please install it with: pip install apache-airflow[cncf.kubernetes]
[2026-03-24T12:07:48.502+0000] {processor.py:927} WARNING - No viable dags retrieved from /home/rohit/ireland-rent-tracker/venv/lib/python3.12/site-packages/airflow/example_dags/example_kubernetes_executor.py
[2026-03-24T12:07:48.512+0000] {processor.py:208} INFO - Processing /home/rohit/ireland-rent-tracker/venv/lib/python3.12/site-packages/airflow/example_dags/example_kubernetes_executor.py took 0.025 seconds
[2026-03-24T12:09:04.355+0000] {processor.py:186} INFO - Started process (PID=46388) to work on /home/rohit/ireland-rent-tracker/venv/lib/python3.12/site-packages/airflow/example_dags/example_kubernetes_executor.py
[2026-03-24T12:09:04.357+0000] {processor.py:914} INFO - Processing file /home/rohit/ireland-rent-tracker/venv/lib/python3.12/site-packages/airflow/example_dags/example_kubernetes_executor.py for tasks to queue
[2026-03-24T12:09:04.361+0000] {logging_mixin.py:190} INFO - [2026-03-24T12:09:04.360+0000] {dagbag.py:588} INFO - Filling up the DagBag from /home/rohit/ireland-rent-tracker/venv/lib/python3.12/site-packages/airflow/example_dags/example_kubernetes_executor.py
[2026-03-24T12:09:04.367+0000] {logging_mixin.py:190} INFO - [2026-03-24T12:09:04.367+0000] {example_kubernetes_executor.py:39} WARNING - The example_kubernetes_executor example DAG requires the kubernetes provider. Please install it with: pip install apache-airflow[cncf.kubernetes]
[2026-03-24T12:09:04.368+0000] {processor.py:927} WARNING - No viable dags retrieved from /home/rohit/ireland-rent-tracker/venv/lib/python3.12/site-packages/airflow/example_dags/example_kubernetes_executor.py
[2026-03-24T12:09:04.383+0000] {processor.py:208} INFO - Processing /home/rohit/ireland-rent-tracker/venv/lib/python3.12/site-packages/airflow/example_dags/example_kubernetes_executor.py took 0.034 seconds
[2026-03-24T12:10:08.935+0000] {processor.py:186} INFO - Started process (PID=46696) to work on /home/rohit/ireland-rent-tracker/venv/lib/python3.12/site-packages/airflow/example_dags/example_kubernetes_executor.py
[2026-03-24T12:10:08.937+0000] {processor.py:914} INFO - Processing file /home/rohit/ireland-rent-tracker/venv/lib/python3.12/site-packages/airflow/example_dags/example_kubernetes_executor.py for tasks to queue
[2026-03-24T12:10:08.939+0000] {logging_mixin.py:190} INFO - [2026-03-24T12:10:08.938+0000] {dagbag.py:588} INFO - Filling up the DagBag from /home/rohit/ireland-rent-tracker/venv/lib/python3.12/site-packages/airflow/example_dags/example_kubernetes_executor.py
[2026-03-24T12:10:08.945+0000] {logging_mixin.py:190} INFO - [2026-03-24T12:10:08.944+0000] {example_kubernetes_executor.py:39} WARNING - The example_kubernetes_executor example DAG requires the kubernetes provider. Please install it with: pip install apache-airflow[cncf.kubernetes]
[2026-03-24T12:10:08.945+0000] {processor.py:927} WARNING - No viable dags retrieved from /home/rohit/ireland-rent-tracker/venv/lib/python3.12/site-packages/airflow/example_dags/example_kubernetes_executor.py
[2026-03-24T12:10:08.958+0000] {processor.py:208} INFO - Processing /home/rohit/ireland-rent-tracker/venv/lib/python3.12/site-packages/airflow/example_dags/example_kubernetes_executor.py took 0.029 seconds
[2026-03-24T12:11:04.992+0000] {processor.py:186} INFO - Started process (PID=46794) to work on /home/rohit/ireland-rent-tracker/venv/lib/python3.12/site-packages/airflow/example_dags/example_kubernetes_executor.py
[2026-03-24T12:11:04.996+0000] {processor.py:914} INFO - Processing file /home/rohit/ireland-rent-tracker/venv/lib/python3.12/site-packages/airflow/example_dags/example_kubernetes_executor.py for tasks to queue
[2026-03-24T12:11:04.998+0000] {logging_mixin.py:190} INFO - [2026-03-24T12:11:04.997+0000] {dagbag.py:588} INFO - Filling up the DagBag from /home/rohit/ireland-rent-tracker/venv/lib/python3.12/site-packages/airflow/example_dags/example_kubernetes_executor.py
[2026-03-24T12:11:05.001+0000] {logging_mixin.py:190} INFO - [2026-03-24T12:11:05.000+0000] {example_kubernetes_executor.py:39} WARNING - The example_kubernetes_executor example DAG requires the kubernetes provider. Please install it with: pip install apache-airflow[cncf.kubernetes]
[2026-03-24T12:11:05.001+0000] {processor.py:927} WARNING - No viable dags retrieved from /home/rohit/ireland-rent-tracker/venv/lib/python3.12/site-packages/airflow/example_dags/example_kubernetes_executor.py
[2026-03-24T12:11:05.012+0000] {processor.py:208} INFO - Processing /home/rohit/ireland-rent-tracker/venv/lib/python3.12/site-packages/airflow/example_dags/example_kubernetes_executor.py took 0.025 seconds
