[2026-03-24T12:05:55.460+0000] {processor.py:186} INFO - Started process (PID=45605) to work on /home/rohit/ireland-rent-tracker/venv/lib/python3.12/site-packages/airflow/example_dags/example_dynamic_task_mapping.py
[2026-03-24T12:05:55.461+0000] {processor.py:914} INFO - Processing file /home/rohit/ireland-rent-tracker/venv/lib/python3.12/site-packages/airflow/example_dags/example_dynamic_task_mapping.py for tasks to queue
[2026-03-24T12:05:55.463+0000] {logging_mixin.py:190} INFO - [2026-03-24T12:05:55.463+0000] {dagbag.py:588} INFO - Filling up the DagBag from /home/rohit/ireland-rent-tracker/venv/lib/python3.12/site-packages/airflow/example_dags/example_dynamic_task_mapping.py
[2026-03-24T12:05:55.471+0000] {processor.py:925} INFO - DAG(s) 'example_dynamic_task_mapping' retrieved from /home/rohit/ireland-rent-tracker/venv/lib/python3.12/site-packages/airflow/example_dags/example_dynamic_task_mapping.py
[2026-03-24T12:05:55.583+0000] {logging_mixin.py:190} INFO - [2026-03-24T12:05:55.582+0000] {override.py:1930} INFO - Created Permission View: can delete on DAG:example_dynamic_task_mapping
[2026-03-24T12:05:55.603+0000] {logging_mixin.py:190} INFO - [2026-03-24T12:05:55.602+0000] {override.py:1930} INFO - Created Permission View: can edit on DAG:example_dynamic_task_mapping
[2026-03-24T12:05:55.618+0000] {logging_mixin.py:190} INFO - [2026-03-24T12:05:55.618+0000] {override.py:1930} INFO - Created Permission View: can read on DAG:example_dynamic_task_mapping
[2026-03-24T12:05:55.642+0000] {logging_mixin.py:190} INFO - [2026-03-24T12:05:55.642+0000] {override.py:1930} INFO - Created Permission View: can delete on DAG Run:example_dynamic_task_mapping
[2026-03-24T12:05:55.656+0000] {logging_mixin.py:190} INFO - [2026-03-24T12:05:55.655+0000] {override.py:1930} INFO - Created Permission View: can create on DAG Run:example_dynamic_task_mapping
[2026-03-24T12:05:55.671+0000] {logging_mixin.py:190} INFO - [2026-03-24T12:05:55.671+0000] {override.py:1930} INFO - Created Permission View: can read on DAG Run:example_dynamic_task_mapping
[2026-03-24T12:05:55.685+0000] {logging_mixin.py:190} INFO - [2026-03-24T12:05:55.685+0000] {override.py:1930} INFO - Created Permission View: menu access on DAG Run:example_dynamic_task_mapping
[2026-03-24T12:05:55.686+0000] {logging_mixin.py:190} INFO - [2026-03-24T12:05:55.686+0000] {dag.py:3239} INFO - Sync 1 DAGs
[2026-03-24T12:05:55.707+0000] {logging_mixin.py:190} INFO - [2026-03-24T12:05:55.706+0000] {dag.py:3262} INFO - Creating ORM DAG for example_dynamic_task_mapping
[2026-03-24T12:05:55.708+0000] {logging_mixin.py:190} INFO - [2026-03-24T12:05:55.708+0000] {dag.py:4180} INFO - Setting next_dagrun for example_dynamic_task_mapping to None, run_after=None
[2026-03-24T12:05:55.749+0000] {processor.py:208} INFO - Processing /home/rohit/ireland-rent-tracker/venv/lib/python3.12/site-packages/airflow/example_dags/example_dynamic_task_mapping.py took 0.293 seconds
[2026-03-24T12:06:59.063+0000] {processor.py:186} INFO - Started process (PID=45723) to work on /home/rohit/ireland-rent-tracker/venv/lib/python3.12/site-packages/airflow/example_dags/example_dynamic_task_mapping.py
[2026-03-24T12:06:59.068+0000] {processor.py:914} INFO - Processing file /home/rohit/ireland-rent-tracker/venv/lib/python3.12/site-packages/airflow/example_dags/example_dynamic_task_mapping.py for tasks to queue
[2026-03-24T12:06:59.071+0000] {logging_mixin.py:190} INFO - [2026-03-24T12:06:59.070+0000] {dagbag.py:588} INFO - Filling up the DagBag from /home/rohit/ireland-rent-tracker/venv/lib/python3.12/site-packages/airflow/example_dags/example_dynamic_task_mapping.py
[2026-03-24T12:06:59.081+0000] {processor.py:925} INFO - DAG(s) 'example_dynamic_task_mapping' retrieved from /home/rohit/ireland-rent-tracker/venv/lib/python3.12/site-packages/airflow/example_dags/example_dynamic_task_mapping.py
[2026-03-24T12:06:59.109+0000] {logging_mixin.py:190} INFO - [2026-03-24T12:06:59.109+0000] {dag.py:3239} INFO - Sync 1 DAGs
[2026-03-24T12:06:59.123+0000] {logging_mixin.py:190} INFO - [2026-03-24T12:06:59.122+0000] {dag.py:4180} INFO - Setting next_dagrun for example_dynamic_task_mapping to None, run_after=None
[2026-03-24T12:06:59.153+0000] {processor.py:208} INFO - Processing /home/rohit/ireland-rent-tracker/venv/lib/python3.12/site-packages/airflow/example_dags/example_dynamic_task_mapping.py took 0.099 seconds
[2026-03-24T12:07:54.358+0000] {processor.py:186} INFO - Started process (PID=45923) to work on /home/rohit/ireland-rent-tracker/venv/lib/python3.12/site-packages/airflow/example_dags/example_dynamic_task_mapping.py
[2026-03-24T12:07:54.360+0000] {processor.py:914} INFO - Processing file /home/rohit/ireland-rent-tracker/venv/lib/python3.12/site-packages/airflow/example_dags/example_dynamic_task_mapping.py for tasks to queue
[2026-03-24T12:07:54.362+0000] {logging_mixin.py:190} INFO - [2026-03-24T12:07:54.362+0000] {dagbag.py:588} INFO - Filling up the DagBag from /home/rohit/ireland-rent-tracker/venv/lib/python3.12/site-packages/airflow/example_dags/example_dynamic_task_mapping.py
[2026-03-24T12:07:54.375+0000] {processor.py:925} INFO - DAG(s) 'example_dynamic_task_mapping' retrieved from /home/rohit/ireland-rent-tracker/venv/lib/python3.12/site-packages/airflow/example_dags/example_dynamic_task_mapping.py
[2026-03-24T12:07:54.393+0000] {logging_mixin.py:190} INFO - [2026-03-24T12:07:54.393+0000] {dag.py:3239} INFO - Sync 1 DAGs
[2026-03-24T12:07:54.406+0000] {logging_mixin.py:190} INFO - [2026-03-24T12:07:54.406+0000] {dag.py:4180} INFO - Setting next_dagrun for example_dynamic_task_mapping to None, run_after=None
[2026-03-24T12:07:54.435+0000] {processor.py:208} INFO - Processing /home/rohit/ireland-rent-tracker/venv/lib/python3.12/site-packages/airflow/example_dags/example_dynamic_task_mapping.py took 0.082 seconds
[2026-03-24T12:09:12.485+0000] {processor.py:186} INFO - Started process (PID=46417) to work on /home/rohit/ireland-rent-tracker/venv/lib/python3.12/site-packages/airflow/example_dags/example_dynamic_task_mapping.py
[2026-03-24T12:09:12.488+0000] {processor.py:914} INFO - Processing file /home/rohit/ireland-rent-tracker/venv/lib/python3.12/site-packages/airflow/example_dags/example_dynamic_task_mapping.py for tasks to queue
[2026-03-24T12:09:12.490+0000] {logging_mixin.py:190} INFO - [2026-03-24T12:09:12.490+0000] {dagbag.py:588} INFO - Filling up the DagBag from /home/rohit/ireland-rent-tracker/venv/lib/python3.12/site-packages/airflow/example_dags/example_dynamic_task_mapping.py
[2026-03-24T12:09:12.500+0000] {processor.py:925} INFO - DAG(s) 'example_dynamic_task_mapping' retrieved from /home/rohit/ireland-rent-tracker/venv/lib/python3.12/site-packages/airflow/example_dags/example_dynamic_task_mapping.py
[2026-03-24T12:09:12.611+0000] {logging_mixin.py:190} INFO - [2026-03-24T12:09:12.611+0000] {override.py:1930} INFO - Created Permission View: can delete on DAG:example_dynamic_task_mapping
[2026-03-24T12:09:12.627+0000] {logging_mixin.py:190} INFO - [2026-03-24T12:09:12.626+0000] {override.py:1930} INFO - Created Permission View: can edit on DAG:example_dynamic_task_mapping
[2026-03-24T12:09:12.639+0000] {logging_mixin.py:190} INFO - [2026-03-24T12:09:12.638+0000] {override.py:1930} INFO - Created Permission View: can read on DAG:example_dynamic_task_mapping
[2026-03-24T12:09:12.657+0000] {logging_mixin.py:190} INFO - [2026-03-24T12:09:12.656+0000] {override.py:1930} INFO - Created Permission View: can delete on DAG Run:example_dynamic_task_mapping
[2026-03-24T12:09:12.667+0000] {logging_mixin.py:190} INFO - [2026-03-24T12:09:12.667+0000] {override.py:1930} INFO - Created Permission View: can create on DAG Run:example_dynamic_task_mapping
[2026-03-24T12:09:12.682+0000] {logging_mixin.py:190} INFO - [2026-03-24T12:09:12.681+0000] {override.py:1930} INFO - Created Permission View: can read on DAG Run:example_dynamic_task_mapping
[2026-03-24T12:09:12.693+0000] {logging_mixin.py:190} INFO - [2026-03-24T12:09:12.692+0000] {override.py:1930} INFO - Created Permission View: menu access on DAG Run:example_dynamic_task_mapping
[2026-03-24T12:09:12.693+0000] {logging_mixin.py:190} INFO - [2026-03-24T12:09:12.693+0000] {dag.py:3239} INFO - Sync 1 DAGs
[2026-03-24T12:09:12.706+0000] {logging_mixin.py:190} INFO - [2026-03-24T12:09:12.705+0000] {dag.py:3262} INFO - Creating ORM DAG for example_dynamic_task_mapping
[2026-03-24T12:09:12.706+0000] {logging_mixin.py:190} INFO - [2026-03-24T12:09:12.706+0000] {dag.py:4180} INFO - Setting next_dagrun for example_dynamic_task_mapping to None, run_after=None
[2026-03-24T12:09:12.726+0000] {processor.py:208} INFO - Processing /home/rohit/ireland-rent-tracker/venv/lib/python3.12/site-packages/airflow/example_dags/example_dynamic_task_mapping.py took 0.247 seconds
[2026-03-24T12:10:15.444+0000] {processor.py:186} INFO - Started process (PID=46708) to work on /home/rohit/ireland-rent-tracker/venv/lib/python3.12/site-packages/airflow/example_dags/example_dynamic_task_mapping.py
[2026-03-24T12:10:15.446+0000] {processor.py:914} INFO - Processing file /home/rohit/ireland-rent-tracker/venv/lib/python3.12/site-packages/airflow/example_dags/example_dynamic_task_mapping.py for tasks to queue
[2026-03-24T12:10:15.453+0000] {logging_mixin.py:190} INFO - [2026-03-24T12:10:15.452+0000] {dagbag.py:588} INFO - Filling up the DagBag from /home/rohit/ireland-rent-tracker/venv/lib/python3.12/site-packages/airflow/example_dags/example_dynamic_task_mapping.py
[2026-03-24T12:10:15.468+0000] {processor.py:925} INFO - DAG(s) 'example_dynamic_task_mapping' retrieved from /home/rohit/ireland-rent-tracker/venv/lib/python3.12/site-packages/airflow/example_dags/example_dynamic_task_mapping.py
[2026-03-24T12:10:15.495+0000] {logging_mixin.py:190} INFO - [2026-03-24T12:10:15.494+0000] {dag.py:3239} INFO - Sync 1 DAGs
[2026-03-24T12:10:15.518+0000] {logging_mixin.py:190} INFO - [2026-03-24T12:10:15.518+0000] {dag.py:4180} INFO - Setting next_dagrun for example_dynamic_task_mapping to None, run_after=None
[2026-03-24T12:10:15.555+0000] {processor.py:208} INFO - Processing /home/rohit/ireland-rent-tracker/venv/lib/python3.12/site-packages/airflow/example_dags/example_dynamic_task_mapping.py took 0.117 seconds
[2026-03-24T12:11:10.548+0000] {processor.py:186} INFO - Started process (PID=46804) to work on /home/rohit/ireland-rent-tracker/venv/lib/python3.12/site-packages/airflow/example_dags/example_dynamic_task_mapping.py
[2026-03-24T12:11:10.552+0000] {processor.py:914} INFO - Processing file /home/rohit/ireland-rent-tracker/venv/lib/python3.12/site-packages/airflow/example_dags/example_dynamic_task_mapping.py for tasks to queue
[2026-03-24T12:11:10.555+0000] {logging_mixin.py:190} INFO - [2026-03-24T12:11:10.554+0000] {dagbag.py:588} INFO - Filling up the DagBag from /home/rohit/ireland-rent-tracker/venv/lib/python3.12/site-packages/airflow/example_dags/example_dynamic_task_mapping.py
[2026-03-24T12:11:10.564+0000] {processor.py:925} INFO - DAG(s) 'example_dynamic_task_mapping' retrieved from /home/rohit/ireland-rent-tracker/venv/lib/python3.12/site-packages/airflow/example_dags/example_dynamic_task_mapping.py
[2026-03-24T12:11:10.582+0000] {logging_mixin.py:190} INFO - [2026-03-24T12:11:10.582+0000] {dag.py:3239} INFO - Sync 1 DAGs
[2026-03-24T12:11:10.597+0000] {logging_mixin.py:190} INFO - [2026-03-24T12:11:10.597+0000] {dag.py:4180} INFO - Setting next_dagrun for example_dynamic_task_mapping to None, run_after=None
[2026-03-24T12:11:10.626+0000] {processor.py:208} INFO - Processing /home/rohit/ireland-rent-tracker/venv/lib/python3.12/site-packages/airflow/example_dags/example_dynamic_task_mapping.py took 0.083 seconds
