[2026-03-24T12:05:29.432+0000] {processor.py:186} INFO - Started process (PID=45528) to work on /home/rohit/ireland-rent-tracker/venv/lib/python3.12/site-packages/airflow/example_dags/example_workday_timetable.py
[2026-03-24T12:05:29.433+0000] {processor.py:914} INFO - Processing file /home/rohit/ireland-rent-tracker/venv/lib/python3.12/site-packages/airflow/example_dags/example_workday_timetable.py for tasks to queue
[2026-03-24T12:05:29.435+0000] {logging_mixin.py:190} INFO - [2026-03-24T12:05:29.434+0000] {dagbag.py:588} INFO - Filling up the DagBag from /home/rohit/ireland-rent-tracker/venv/lib/python3.12/site-packages/airflow/example_dags/example_workday_timetable.py
[2026-03-24T12:05:29.441+0000] {processor.py:925} INFO - DAG(s) 'example_workday_timetable' retrieved from /home/rohit/ireland-rent-tracker/venv/lib/python3.12/site-packages/airflow/example_dags/example_workday_timetable.py
[2026-03-24T12:05:29.556+0000] {logging_mixin.py:190} INFO - [2026-03-24T12:05:29.555+0000] {override.py:1930} INFO - Created Permission View: can delete on DAG:example_workday_timetable
[2026-03-24T12:05:29.575+0000] {logging_mixin.py:190} INFO - [2026-03-24T12:05:29.574+0000] {override.py:1930} INFO - Created Permission View: can edit on DAG:example_workday_timetable
[2026-03-24T12:05:29.588+0000] {logging_mixin.py:190} INFO - [2026-03-24T12:05:29.587+0000] {override.py:1930} INFO - Created Permission View: can read on DAG:example_workday_timetable
[2026-03-24T12:05:29.605+0000] {logging_mixin.py:190} INFO - [2026-03-24T12:05:29.605+0000] {override.py:1930} INFO - Created Permission View: can delete on DAG Run:example_workday_timetable
[2026-03-24T12:05:29.616+0000] {logging_mixin.py:190} INFO - [2026-03-24T12:05:29.615+0000] {override.py:1930} INFO - Created Permission View: can create on DAG Run:example_workday_timetable
[2026-03-24T12:05:29.628+0000] {logging_mixin.py:190} INFO - [2026-03-24T12:05:29.628+0000] {override.py:1930} INFO - Created Permission View: can read on DAG Run:example_workday_timetable
[2026-03-24T12:05:29.641+0000] {logging_mixin.py:190} INFO - [2026-03-24T12:05:29.640+0000] {override.py:1930} INFO - Created Permission View: menu access on DAG Run:example_workday_timetable
[2026-03-24T12:05:29.641+0000] {logging_mixin.py:190} INFO - [2026-03-24T12:05:29.641+0000] {dag.py:3239} INFO - Sync 1 DAGs
[2026-03-24T12:05:29.652+0000] {logging_mixin.py:190} INFO - [2026-03-24T12:05:29.652+0000] {dag.py:3262} INFO - Creating ORM DAG for example_workday_timetable
[2026-03-24T12:05:29.706+0000] {logging_mixin.py:190} INFO - [2026-03-24T12:05:29.706+0000] {dag.py:4180} INFO - Setting next_dagrun for example_workday_timetable to 2021-01-04 00:00:00+00:00, run_after=2021-01-05 00:00:00+00:00
[2026-03-24T12:05:29.732+0000] {processor.py:208} INFO - Processing /home/rohit/ireland-rent-tracker/venv/lib/python3.12/site-packages/airflow/example_dags/example_workday_timetable.py took 0.305 seconds
[2026-03-24T12:06:36.971+0000] {processor.py:186} INFO - Started process (PID=45694) to work on /home/rohit/ireland-rent-tracker/venv/lib/python3.12/site-packages/airflow/example_dags/example_workday_timetable.py
[2026-03-24T12:06:36.975+0000] {processor.py:914} INFO - Processing file /home/rohit/ireland-rent-tracker/venv/lib/python3.12/site-packages/airflow/example_dags/example_workday_timetable.py for tasks to queue
[2026-03-24T12:06:36.977+0000] {logging_mixin.py:190} INFO - [2026-03-24T12:06:36.976+0000] {dagbag.py:588} INFO - Filling up the DagBag from /home/rohit/ireland-rent-tracker/venv/lib/python3.12/site-packages/airflow/example_dags/example_workday_timetable.py
[2026-03-24T12:06:36.983+0000] {processor.py:925} INFO - DAG(s) 'example_workday_timetable' retrieved from /home/rohit/ireland-rent-tracker/venv/lib/python3.12/site-packages/airflow/example_dags/example_workday_timetable.py
[2026-03-24T12:06:37.001+0000] {logging_mixin.py:190} INFO - [2026-03-24T12:06:37.001+0000] {dag.py:3239} INFO - Sync 1 DAGs
[2026-03-24T12:06:37.049+0000] {logging_mixin.py:190} INFO - [2026-03-24T12:06:37.049+0000] {dag.py:4180} INFO - Setting next_dagrun for example_workday_timetable to 2021-01-04 00:00:00+00:00, run_after=2021-01-05 00:00:00+00:00
[2026-03-24T12:06:37.075+0000] {processor.py:208} INFO - Processing /home/rohit/ireland-rent-tracker/venv/lib/python3.12/site-packages/airflow/example_dags/example_workday_timetable.py took 0.108 seconds
[2026-03-24T12:07:31.258+0000] {processor.py:186} INFO - Started process (PID=45884) to work on /home/rohit/ireland-rent-tracker/venv/lib/python3.12/site-packages/airflow/example_dags/example_workday_timetable.py
[2026-03-24T12:07:31.262+0000] {processor.py:914} INFO - Processing file /home/rohit/ireland-rent-tracker/venv/lib/python3.12/site-packages/airflow/example_dags/example_workday_timetable.py for tasks to queue
[2026-03-24T12:07:31.265+0000] {logging_mixin.py:190} INFO - [2026-03-24T12:07:31.265+0000] {dagbag.py:588} INFO - Filling up the DagBag from /home/rohit/ireland-rent-tracker/venv/lib/python3.12/site-packages/airflow/example_dags/example_workday_timetable.py
[2026-03-24T12:07:31.272+0000] {processor.py:925} INFO - DAG(s) 'example_workday_timetable' retrieved from /home/rohit/ireland-rent-tracker/venv/lib/python3.12/site-packages/airflow/example_dags/example_workday_timetable.py
[2026-03-24T12:07:31.290+0000] {logging_mixin.py:190} INFO - [2026-03-24T12:07:31.289+0000] {dag.py:3239} INFO - Sync 1 DAGs
[2026-03-24T12:07:31.340+0000] {logging_mixin.py:190} INFO - [2026-03-24T12:07:31.339+0000] {dag.py:4180} INFO - Setting next_dagrun for example_workday_timetable to 2021-01-04 00:00:00+00:00, run_after=2021-01-05 00:00:00+00:00
[2026-03-24T12:07:31.367+0000] {processor.py:208} INFO - Processing /home/rohit/ireland-rent-tracker/venv/lib/python3.12/site-packages/airflow/example_dags/example_workday_timetable.py took 0.114 seconds
[2026-03-24T12:08:30.591+0000] {processor.py:186} INFO - Started process (PID=46067) to work on /home/rohit/ireland-rent-tracker/venv/lib/python3.12/site-packages/airflow/example_dags/example_workday_timetable.py
[2026-03-24T12:08:30.593+0000] {processor.py:914} INFO - Processing file /home/rohit/ireland-rent-tracker/venv/lib/python3.12/site-packages/airflow/example_dags/example_workday_timetable.py for tasks to queue
[2026-03-24T12:08:30.595+0000] {logging_mixin.py:190} INFO - [2026-03-24T12:08:30.595+0000] {dagbag.py:588} INFO - Filling up the DagBag from /home/rohit/ireland-rent-tracker/venv/lib/python3.12/site-packages/airflow/example_dags/example_workday_timetable.py
[2026-03-24T12:08:30.601+0000] {processor.py:925} INFO - DAG(s) 'example_workday_timetable' retrieved from /home/rohit/ireland-rent-tracker/venv/lib/python3.12/site-packages/airflow/example_dags/example_workday_timetable.py
[2026-03-24T12:08:30.687+0000] {logging_mixin.py:190} INFO - [2026-03-24T12:08:30.687+0000] {override.py:1930} INFO - Created Permission View: can delete on DAG:example_workday_timetable
[2026-03-24T12:08:30.700+0000] {logging_mixin.py:190} INFO - [2026-03-24T12:08:30.700+0000] {override.py:1930} INFO - Created Permission View: can edit on DAG:example_workday_timetable
[2026-03-24T12:08:30.710+0000] {logging_mixin.py:190} INFO - [2026-03-24T12:08:30.710+0000] {override.py:1930} INFO - Created Permission View: can read on DAG:example_workday_timetable
[2026-03-24T12:08:30.725+0000] {logging_mixin.py:190} INFO - [2026-03-24T12:08:30.724+0000] {override.py:1930} INFO - Created Permission View: can delete on DAG Run:example_workday_timetable
[2026-03-24T12:08:30.735+0000] {logging_mixin.py:190} INFO - [2026-03-24T12:08:30.735+0000] {override.py:1930} INFO - Created Permission View: can create on DAG Run:example_workday_timetable
[2026-03-24T12:08:30.744+0000] {logging_mixin.py:190} INFO - [2026-03-24T12:08:30.744+0000] {override.py:1930} INFO - Created Permission View: can read on DAG Run:example_workday_timetable
[2026-03-24T12:08:29.157+0000] {logging_mixin.py:190} INFO - [2026-03-24T12:08:29.157+0000] {override.py:1930} INFO - Created Permission View: menu access on DAG Run:example_workday_timetable
[2026-03-24T12:08:29.157+0000] {logging_mixin.py:190} INFO - [2026-03-24T12:08:29.157+0000] {dag.py:3239} INFO - Sync 1 DAGs
[2026-03-24T12:08:29.167+0000] {logging_mixin.py:190} INFO - [2026-03-24T12:08:29.167+0000] {dag.py:3262} INFO - Creating ORM DAG for example_workday_timetable
[2026-03-24T12:08:29.210+0000] {logging_mixin.py:190} INFO - [2026-03-24T12:08:29.210+0000] {dag.py:4180} INFO - Setting next_dagrun for example_workday_timetable to 2021-01-04 00:00:00+00:00, run_after=2021-01-05 00:00:00+00:00
[2026-03-24T12:08:29.230+0000] {processor.py:208} INFO - Processing /home/rohit/ireland-rent-tracker/venv/lib/python3.12/site-packages/airflow/example_dags/example_workday_timetable.py took 0.241 seconds
[2026-03-24T12:09:47.418+0000] {processor.py:186} INFO - Started process (PID=46525) to work on /home/rohit/ireland-rent-tracker/venv/lib/python3.12/site-packages/airflow/example_dags/example_workday_timetable.py
[2026-03-24T12:09:47.422+0000] {processor.py:914} INFO - Processing file /home/rohit/ireland-rent-tracker/venv/lib/python3.12/site-packages/airflow/example_dags/example_workday_timetable.py for tasks to queue
[2026-03-24T12:09:47.424+0000] {logging_mixin.py:190} INFO - [2026-03-24T12:09:47.424+0000] {dagbag.py:588} INFO - Filling up the DagBag from /home/rohit/ireland-rent-tracker/venv/lib/python3.12/site-packages/airflow/example_dags/example_workday_timetable.py
[2026-03-24T12:09:47.430+0000] {processor.py:925} INFO - DAG(s) 'example_workday_timetable' retrieved from /home/rohit/ireland-rent-tracker/venv/lib/python3.12/site-packages/airflow/example_dags/example_workday_timetable.py
[2026-03-24T12:09:47.446+0000] {logging_mixin.py:190} INFO - [2026-03-24T12:09:47.446+0000] {dag.py:3239} INFO - Sync 1 DAGs
[2026-03-24T12:09:47.505+0000] {logging_mixin.py:190} INFO - [2026-03-24T12:09:47.505+0000] {dag.py:4180} INFO - Setting next_dagrun for example_workday_timetable to 2021-01-04 00:00:00+00:00, run_after=2021-01-05 00:00:00+00:00
[2026-03-24T12:09:47.530+0000] {processor.py:208} INFO - Processing /home/rohit/ireland-rent-tracker/venv/lib/python3.12/site-packages/airflow/example_dags/example_workday_timetable.py took 0.118 seconds
[2026-03-24T12:10:46.528+0000] {processor.py:186} INFO - Started process (PID=46760) to work on /home/rohit/ireland-rent-tracker/venv/lib/python3.12/site-packages/airflow/example_dags/example_workday_timetable.py
[2026-03-24T12:10:46.529+0000] {processor.py:914} INFO - Processing file /home/rohit/ireland-rent-tracker/venv/lib/python3.12/site-packages/airflow/example_dags/example_workday_timetable.py for tasks to queue
[2026-03-24T12:10:46.531+0000] {logging_mixin.py:190} INFO - [2026-03-24T12:10:46.531+0000] {dagbag.py:588} INFO - Filling up the DagBag from /home/rohit/ireland-rent-tracker/venv/lib/python3.12/site-packages/airflow/example_dags/example_workday_timetable.py
[2026-03-24T12:10:46.537+0000] {processor.py:925} INFO - DAG(s) 'example_workday_timetable' retrieved from /home/rohit/ireland-rent-tracker/venv/lib/python3.12/site-packages/airflow/example_dags/example_workday_timetable.py
[2026-03-24T12:10:46.552+0000] {logging_mixin.py:190} INFO - [2026-03-24T12:10:46.552+0000] {dag.py:3239} INFO - Sync 1 DAGs
[2026-03-24T12:10:46.603+0000] {logging_mixin.py:190} INFO - [2026-03-24T12:10:46.603+0000] {dag.py:4180} INFO - Setting next_dagrun for example_workday_timetable to 2021-01-04 00:00:00+00:00, run_after=2021-01-05 00:00:00+00:00
[2026-03-24T12:10:46.630+0000] {processor.py:208} INFO - Processing /home/rohit/ireland-rent-tracker/venv/lib/python3.12/site-packages/airflow/example_dags/example_workday_timetable.py took 0.107 seconds
