[2026-03-24T12:06:04.526+0000] {processor.py:186} INFO - Started process (PID=45652) to work on /home/rohit/ireland-rent-tracker/venv/lib/python3.12/site-packages/airflow/example_dags/example_branch_labels.py
[2026-03-24T12:06:04.527+0000] {processor.py:914} INFO - Processing file /home/rohit/ireland-rent-tracker/venv/lib/python3.12/site-packages/airflow/example_dags/example_branch_labels.py for tasks to queue
[2026-03-24T12:06:04.530+0000] {logging_mixin.py:190} INFO - [2026-03-24T12:06:04.530+0000] {dagbag.py:588} INFO - Filling up the DagBag from /home/rohit/ireland-rent-tracker/venv/lib/python3.12/site-packages/airflow/example_dags/example_branch_labels.py
[2026-03-24T12:06:04.545+0000] {processor.py:925} INFO - DAG(s) 'example_branch_labels' retrieved from /home/rohit/ireland-rent-tracker/venv/lib/python3.12/site-packages/airflow/example_dags/example_branch_labels.py
[2026-03-24T12:06:04.684+0000] {logging_mixin.py:190} INFO - [2026-03-24T12:06:04.683+0000] {override.py:1930} INFO - Created Permission View: can delete on DAG:example_branch_labels
[2026-03-24T12:06:04.699+0000] {logging_mixin.py:190} INFO - [2026-03-24T12:06:04.699+0000] {override.py:1930} INFO - Created Permission View: can edit on DAG:example_branch_labels
[2026-03-24T12:06:04.757+0000] {logging_mixin.py:190} INFO - [2026-03-24T12:06:04.757+0000] {override.py:1930} INFO - Created Permission View: can read on DAG:example_branch_labels
[2026-03-24T12:06:04.786+0000] {logging_mixin.py:190} INFO - [2026-03-24T12:06:04.786+0000] {override.py:1930} INFO - Created Permission View: can delete on DAG Run:example_branch_labels
[2026-03-24T12:06:04.804+0000] {logging_mixin.py:190} INFO - [2026-03-24T12:06:04.803+0000] {override.py:1930} INFO - Created Permission View: can create on DAG Run:example_branch_labels
[2026-03-24T12:06:04.821+0000] {logging_mixin.py:190} INFO - [2026-03-24T12:06:04.820+0000] {override.py:1930} INFO - Created Permission View: can read on DAG Run:example_branch_labels
[2026-03-24T12:06:04.843+0000] {logging_mixin.py:190} INFO - [2026-03-24T12:06:04.842+0000] {override.py:1930} INFO - Created Permission View: menu access on DAG Run:example_branch_labels
[2026-03-24T12:06:04.844+0000] {logging_mixin.py:190} INFO - [2026-03-24T12:06:04.843+0000] {dag.py:3239} INFO - Sync 1 DAGs
[2026-03-24T12:06:04.867+0000] {logging_mixin.py:190} INFO - [2026-03-24T12:06:04.867+0000] {dag.py:3262} INFO - Creating ORM DAG for example_branch_labels
[2026-03-24T12:06:04.884+0000] {logging_mixin.py:190} INFO - [2026-03-24T12:06:04.884+0000] {dag.py:4180} INFO - Setting next_dagrun for example_branch_labels to 2026-03-23 00:00:00+00:00, run_after=2026-03-24 00:00:00+00:00
[2026-03-24T12:06:04.922+0000] {processor.py:208} INFO - Processing /home/rohit/ireland-rent-tracker/venv/lib/python3.12/site-packages/airflow/example_dags/example_branch_labels.py took 0.402 seconds
[2026-03-24T12:07:06.096+0000] {processor.py:186} INFO - Started process (PID=45739) to work on /home/rohit/ireland-rent-tracker/venv/lib/python3.12/site-packages/airflow/example_dags/example_branch_labels.py
[2026-03-24T12:07:06.100+0000] {processor.py:914} INFO - Processing file /home/rohit/ireland-rent-tracker/venv/lib/python3.12/site-packages/airflow/example_dags/example_branch_labels.py for tasks to queue
[2026-03-24T12:07:06.103+0000] {logging_mixin.py:190} INFO - [2026-03-24T12:07:06.102+0000] {dagbag.py:588} INFO - Filling up the DagBag from /home/rohit/ireland-rent-tracker/venv/lib/python3.12/site-packages/airflow/example_dags/example_branch_labels.py
[2026-03-24T12:07:06.115+0000] {processor.py:925} INFO - DAG(s) 'example_branch_labels' retrieved from /home/rohit/ireland-rent-tracker/venv/lib/python3.12/site-packages/airflow/example_dags/example_branch_labels.py
[2026-03-24T12:07:06.136+0000] {logging_mixin.py:190} INFO - [2026-03-24T12:07:06.136+0000] {dag.py:3239} INFO - Sync 1 DAGs
[2026-03-24T12:07:06.157+0000] {logging_mixin.py:190} INFO - [2026-03-24T12:07:06.157+0000] {dag.py:4180} INFO - Setting next_dagrun for example_branch_labels to 2026-03-23 00:00:00+00:00, run_after=2026-03-24 00:00:00+00:00
[2026-03-24T12:07:06.185+0000] {processor.py:208} INFO - Processing /home/rohit/ireland-rent-tracker/venv/lib/python3.12/site-packages/airflow/example_dags/example_branch_labels.py took 0.095 seconds
[2026-03-24T12:08:03.479+0000] {processor.py:186} INFO - Started process (PID=45980) to work on /home/rohit/ireland-rent-tracker/venv/lib/python3.12/site-packages/airflow/example_dags/example_branch_labels.py
[2026-03-24T12:08:03.482+0000] {processor.py:914} INFO - Processing file /home/rohit/ireland-rent-tracker/venv/lib/python3.12/site-packages/airflow/example_dags/example_branch_labels.py for tasks to queue
[2026-03-24T12:08:03.488+0000] {logging_mixin.py:190} INFO - [2026-03-24T12:08:03.487+0000] {dagbag.py:588} INFO - Filling up the DagBag from /home/rohit/ireland-rent-tracker/venv/lib/python3.12/site-packages/airflow/example_dags/example_branch_labels.py
[2026-03-24T12:08:03.500+0000] {processor.py:925} INFO - DAG(s) 'example_branch_labels' retrieved from /home/rohit/ireland-rent-tracker/venv/lib/python3.12/site-packages/airflow/example_dags/example_branch_labels.py
[2026-03-24T12:08:03.648+0000] {logging_mixin.py:190} INFO - [2026-03-24T12:08:03.647+0000] {override.py:1930} INFO - Created Permission View: can delete on DAG:example_branch_labels
[2026-03-24T12:08:03.671+0000] {logging_mixin.py:190} INFO - [2026-03-24T12:08:03.670+0000] {override.py:1930} INFO - Created Permission View: can edit on DAG:example_branch_labels
[2026-03-24T12:08:03.688+0000] {logging_mixin.py:190} INFO - [2026-03-24T12:08:03.688+0000] {override.py:1930} INFO - Created Permission View: can read on DAG:example_branch_labels
[2026-03-24T12:08:03.717+0000] {logging_mixin.py:190} INFO - [2026-03-24T12:08:03.716+0000] {override.py:1930} INFO - Created Permission View: can delete on DAG Run:example_branch_labels
[2026-03-24T12:08:03.736+0000] {logging_mixin.py:190} INFO - [2026-03-24T12:08:03.735+0000] {override.py:1930} INFO - Created Permission View: can create on DAG Run:example_branch_labels
[2026-03-24T12:08:03.755+0000] {logging_mixin.py:190} INFO - [2026-03-24T12:08:03.754+0000] {override.py:1930} INFO - Created Permission View: can read on DAG Run:example_branch_labels
[2026-03-24T12:08:03.771+0000] {logging_mixin.py:190} INFO - [2026-03-24T12:08:03.770+0000] {override.py:1930} INFO - Created Permission View: menu access on DAG Run:example_branch_labels
[2026-03-24T12:08:03.771+0000] {logging_mixin.py:190} INFO - [2026-03-24T12:08:03.771+0000] {dag.py:3239} INFO - Sync 1 DAGs
[2026-03-24T12:08:03.792+0000] {logging_mixin.py:190} INFO - [2026-03-24T12:08:03.792+0000] {dag.py:3262} INFO - Creating ORM DAG for example_branch_labels
[2026-03-24T12:08:03.809+0000] {logging_mixin.py:190} INFO - [2026-03-24T12:08:03.809+0000] {dag.py:4180} INFO - Setting next_dagrun for example_branch_labels to 2026-03-23 00:00:00+00:00, run_after=2026-03-24 00:00:00+00:00
[2026-03-24T12:08:03.845+0000] {processor.py:208} INFO - Processing /home/rohit/ireland-rent-tracker/venv/lib/python3.12/site-packages/airflow/example_dags/example_branch_labels.py took 0.373 seconds
[2026-03-24T12:09:23.807+0000] {processor.py:186} INFO - Started process (PID=46432) to work on /home/rohit/ireland-rent-tracker/venv/lib/python3.12/site-packages/airflow/example_dags/example_branch_labels.py
[2026-03-24T12:09:23.808+0000] {processor.py:914} INFO - Processing file /home/rohit/ireland-rent-tracker/venv/lib/python3.12/site-packages/airflow/example_dags/example_branch_labels.py for tasks to queue
[2026-03-24T12:09:23.811+0000] {logging_mixin.py:190} INFO - [2026-03-24T12:09:23.810+0000] {dagbag.py:588} INFO - Filling up the DagBag from /home/rohit/ireland-rent-tracker/venv/lib/python3.12/site-packages/airflow/example_dags/example_branch_labels.py
[2026-03-24T12:09:23.821+0000] {processor.py:925} INFO - DAG(s) 'example_branch_labels' retrieved from /home/rohit/ireland-rent-tracker/venv/lib/python3.12/site-packages/airflow/example_dags/example_branch_labels.py
[2026-03-24T12:09:23.843+0000] {logging_mixin.py:190} INFO - [2026-03-24T12:09:23.842+0000] {dag.py:3239} INFO - Sync 1 DAGs
[2026-03-24T12:09:23.870+0000] {logging_mixin.py:190} INFO - [2026-03-24T12:09:23.870+0000] {dag.py:4180} INFO - Setting next_dagrun for example_branch_labels to 2026-03-23 00:00:00+00:00, run_after=2026-03-24 00:00:00+00:00
[2026-03-24T12:09:23.897+0000] {processor.py:208} INFO - Processing /home/rohit/ireland-rent-tracker/venv/lib/python3.12/site-packages/airflow/example_dags/example_branch_labels.py took 0.096 seconds
[2026-03-24T12:10:24.768+0000] {processor.py:186} INFO - Started process (PID=46721) to work on /home/rohit/ireland-rent-tracker/venv/lib/python3.12/site-packages/airflow/example_dags/example_branch_labels.py
[2026-03-24T12:10:24.771+0000] {processor.py:914} INFO - Processing file /home/rohit/ireland-rent-tracker/venv/lib/python3.12/site-packages/airflow/example_dags/example_branch_labels.py for tasks to queue
[2026-03-24T12:10:24.776+0000] {logging_mixin.py:190} INFO - [2026-03-24T12:10:24.775+0000] {dagbag.py:588} INFO - Filling up the DagBag from /home/rohit/ireland-rent-tracker/venv/lib/python3.12/site-packages/airflow/example_dags/example_branch_labels.py
[2026-03-24T12:10:24.795+0000] {processor.py:925} INFO - DAG(s) 'example_branch_labels' retrieved from /home/rohit/ireland-rent-tracker/venv/lib/python3.12/site-packages/airflow/example_dags/example_branch_labels.py
[2026-03-24T12:10:24.818+0000] {logging_mixin.py:190} INFO - [2026-03-24T12:10:24.818+0000] {dag.py:3239} INFO - Sync 1 DAGs
[2026-03-24T12:10:24.847+0000] {logging_mixin.py:190} INFO - [2026-03-24T12:10:24.847+0000] {dag.py:4180} INFO - Setting next_dagrun for example_branch_labels to 2026-03-23 00:00:00+00:00, run_after=2026-03-24 00:00:00+00:00
[2026-03-24T12:10:24.879+0000] {processor.py:208} INFO - Processing /home/rohit/ireland-rent-tracker/venv/lib/python3.12/site-packages/airflow/example_dags/example_branch_labels.py took 0.117 seconds
