[2026-03-24T12:05:36.358+0000] {processor.py:186} INFO - Started process (PID=45543) to work on /home/rohit/ireland-rent-tracker/venv/lib/python3.12/site-packages/airflow/example_dags/example_setup_teardown_taskflow.py
[2026-03-24T12:05:36.360+0000] {processor.py:914} INFO - Processing file /home/rohit/ireland-rent-tracker/venv/lib/python3.12/site-packages/airflow/example_dags/example_setup_teardown_taskflow.py for tasks to queue
[2026-03-24T12:05:36.362+0000] {logging_mixin.py:190} INFO - [2026-03-24T12:05:36.361+0000] {dagbag.py:588} INFO - Filling up the DagBag from /home/rohit/ireland-rent-tracker/venv/lib/python3.12/site-packages/airflow/example_dags/example_setup_teardown_taskflow.py
[2026-03-24T12:05:36.376+0000] {processor.py:925} INFO - DAG(s) 'example_setup_teardown_taskflow' retrieved from /home/rohit/ireland-rent-tracker/venv/lib/python3.12/site-packages/airflow/example_dags/example_setup_teardown_taskflow.py
[2026-03-24T12:05:36.534+0000] {logging_mixin.py:190} INFO - [2026-03-24T12:05:36.533+0000] {override.py:1930} INFO - Created Permission View: can delete on DAG:example_setup_teardown_taskflow
[2026-03-24T12:05:36.551+0000] {logging_mixin.py:190} INFO - [2026-03-24T12:05:36.551+0000] {override.py:1930} INFO - Created Permission View: can edit on DAG:example_setup_teardown_taskflow
[2026-03-24T12:05:36.565+0000] {logging_mixin.py:190} INFO - [2026-03-24T12:05:36.564+0000] {override.py:1930} INFO - Created Permission View: can read on DAG:example_setup_teardown_taskflow
[2026-03-24T12:05:36.586+0000] {logging_mixin.py:190} INFO - [2026-03-24T12:05:36.586+0000] {override.py:1930} INFO - Created Permission View: can delete on DAG Run:example_setup_teardown_taskflow
[2026-03-24T12:05:36.601+0000] {logging_mixin.py:190} INFO - [2026-03-24T12:05:36.600+0000] {override.py:1930} INFO - Created Permission View: can create on DAG Run:example_setup_teardown_taskflow
[2026-03-24T12:05:36.613+0000] {logging_mixin.py:190} INFO - [2026-03-24T12:05:36.612+0000] {override.py:1930} INFO - Created Permission View: can read on DAG Run:example_setup_teardown_taskflow
[2026-03-24T12:05:36.625+0000] {logging_mixin.py:190} INFO - [2026-03-24T12:05:36.625+0000] {override.py:1930} INFO - Created Permission View: menu access on DAG Run:example_setup_teardown_taskflow
[2026-03-24T12:05:36.626+0000] {logging_mixin.py:190} INFO - [2026-03-24T12:05:36.625+0000] {dag.py:3239} INFO - Sync 1 DAGs
[2026-03-24T12:05:36.639+0000] {logging_mixin.py:190} INFO - [2026-03-24T12:05:36.638+0000] {dag.py:3262} INFO - Creating ORM DAG for example_setup_teardown_taskflow
[2026-03-24T12:05:36.640+0000] {logging_mixin.py:190} INFO - [2026-03-24T12:05:36.640+0000] {dag.py:4180} INFO - Setting next_dagrun for example_setup_teardown_taskflow to None, run_after=None
[2026-03-24T12:05:36.668+0000] {processor.py:208} INFO - Processing /home/rohit/ireland-rent-tracker/venv/lib/python3.12/site-packages/airflow/example_dags/example_setup_teardown_taskflow.py took 0.316 seconds
[2026-03-24T12:06:42.122+0000] {processor.py:186} INFO - Started process (PID=45699) to work on /home/rohit/ireland-rent-tracker/venv/lib/python3.12/site-packages/airflow/example_dags/example_setup_teardown_taskflow.py
[2026-03-24T12:06:42.124+0000] {processor.py:914} INFO - Processing file /home/rohit/ireland-rent-tracker/venv/lib/python3.12/site-packages/airflow/example_dags/example_setup_teardown_taskflow.py for tasks to queue
[2026-03-24T12:06:42.126+0000] {logging_mixin.py:190} INFO - [2026-03-24T12:06:42.125+0000] {dagbag.py:588} INFO - Filling up the DagBag from /home/rohit/ireland-rent-tracker/venv/lib/python3.12/site-packages/airflow/example_dags/example_setup_teardown_taskflow.py
[2026-03-24T12:06:42.138+0000] {processor.py:925} INFO - DAG(s) 'example_setup_teardown_taskflow' retrieved from /home/rohit/ireland-rent-tracker/venv/lib/python3.12/site-packages/airflow/example_dags/example_setup_teardown_taskflow.py
[2026-03-24T12:06:42.157+0000] {logging_mixin.py:190} INFO - [2026-03-24T12:06:42.156+0000] {dag.py:3239} INFO - Sync 1 DAGs
[2026-03-24T12:06:42.171+0000] {logging_mixin.py:190} INFO - [2026-03-24T12:06:42.171+0000] {dag.py:4180} INFO - Setting next_dagrun for example_setup_teardown_taskflow to None, run_after=None
[2026-03-24T12:06:42.203+0000] {processor.py:208} INFO - Processing /home/rohit/ireland-rent-tracker/venv/lib/python3.12/site-packages/airflow/example_dags/example_setup_teardown_taskflow.py took 0.085 seconds
[2026-03-24T12:07:36.025+0000] {processor.py:186} INFO - Started process (PID=45893) to work on /home/rohit/ireland-rent-tracker/venv/lib/python3.12/site-packages/airflow/example_dags/example_setup_teardown_taskflow.py
[2026-03-24T12:07:36.026+0000] {processor.py:914} INFO - Processing file /home/rohit/ireland-rent-tracker/venv/lib/python3.12/site-packages/airflow/example_dags/example_setup_teardown_taskflow.py for tasks to queue
[2026-03-24T12:07:36.029+0000] {logging_mixin.py:190} INFO - [2026-03-24T12:07:36.029+0000] {dagbag.py:588} INFO - Filling up the DagBag from /home/rohit/ireland-rent-tracker/venv/lib/python3.12/site-packages/airflow/example_dags/example_setup_teardown_taskflow.py
[2026-03-24T12:07:36.043+0000] {processor.py:925} INFO - DAG(s) 'example_setup_teardown_taskflow' retrieved from /home/rohit/ireland-rent-tracker/venv/lib/python3.12/site-packages/airflow/example_dags/example_setup_teardown_taskflow.py
[2026-03-24T12:07:36.065+0000] {logging_mixin.py:190} INFO - [2026-03-24T12:07:36.064+0000] {dag.py:3239} INFO - Sync 1 DAGs
[2026-03-24T12:07:36.081+0000] {logging_mixin.py:190} INFO - [2026-03-24T12:07:36.081+0000] {dag.py:4180} INFO - Setting next_dagrun for example_setup_teardown_taskflow to None, run_after=None
[2026-03-24T12:07:36.112+0000] {processor.py:208} INFO - Processing /home/rohit/ireland-rent-tracker/venv/lib/python3.12/site-packages/airflow/example_dags/example_setup_teardown_taskflow.py took 0.092 seconds
[2026-03-24T12:08:35.447+0000] {processor.py:186} INFO - Started process (PID=46145) to work on /home/rohit/ireland-rent-tracker/venv/lib/python3.12/site-packages/airflow/example_dags/example_setup_teardown_taskflow.py
[2026-03-24T12:08:35.449+0000] {processor.py:914} INFO - Processing file /home/rohit/ireland-rent-tracker/venv/lib/python3.12/site-packages/airflow/example_dags/example_setup_teardown_taskflow.py for tasks to queue
[2026-03-24T12:08:35.454+0000] {logging_mixin.py:190} INFO - [2026-03-24T12:08:35.453+0000] {dagbag.py:588} INFO - Filling up the DagBag from /home/rohit/ireland-rent-tracker/venv/lib/python3.12/site-packages/airflow/example_dags/example_setup_teardown_taskflow.py
[2026-03-24T12:08:35.473+0000] {processor.py:925} INFO - DAG(s) 'example_setup_teardown_taskflow' retrieved from /home/rohit/ireland-rent-tracker/venv/lib/python3.12/site-packages/airflow/example_dags/example_setup_teardown_taskflow.py
[2026-03-24T12:08:35.657+0000] {logging_mixin.py:190} INFO - [2026-03-24T12:08:35.656+0000] {override.py:1930} INFO - Created Permission View: can delete on DAG:example_setup_teardown_taskflow
[2026-03-24T12:08:35.720+0000] {logging_mixin.py:190} INFO - [2026-03-24T12:08:35.720+0000] {override.py:1930} INFO - Created Permission View: can edit on DAG:example_setup_teardown_taskflow
[2026-03-24T12:08:35.742+0000] {logging_mixin.py:190} INFO - [2026-03-24T12:08:35.741+0000] {override.py:1930} INFO - Created Permission View: can read on DAG:example_setup_teardown_taskflow
[2026-03-24T12:08:35.772+0000] {logging_mixin.py:190} INFO - [2026-03-24T12:08:35.772+0000] {override.py:1930} INFO - Created Permission View: can delete on DAG Run:example_setup_teardown_taskflow
[2026-03-24T12:08:35.784+0000] {logging_mixin.py:190} INFO - [2026-03-24T12:08:35.783+0000] {override.py:1930} INFO - Created Permission View: can create on DAG Run:example_setup_teardown_taskflow
[2026-03-24T12:08:35.812+0000] {logging_mixin.py:190} INFO - [2026-03-24T12:08:35.811+0000] {override.py:1930} INFO - Created Permission View: can read on DAG Run:example_setup_teardown_taskflow
[2026-03-24T12:08:35.842+0000] {logging_mixin.py:190} INFO - [2026-03-24T12:08:35.841+0000] {override.py:1930} INFO - Created Permission View: menu access on DAG Run:example_setup_teardown_taskflow
[2026-03-24T12:08:35.842+0000] {logging_mixin.py:190} INFO - [2026-03-24T12:08:35.842+0000] {dag.py:3239} INFO - Sync 1 DAGs
[2026-03-24T12:08:35.942+0000] {logging_mixin.py:190} INFO - [2026-03-24T12:08:35.942+0000] {dag.py:3262} INFO - Creating ORM DAG for example_setup_teardown_taskflow
[2026-03-24T12:08:35.943+0000] {logging_mixin.py:190} INFO - [2026-03-24T12:08:35.943+0000] {dag.py:4180} INFO - Setting next_dagrun for example_setup_teardown_taskflow to None, run_after=None
[2026-03-24T12:08:36.018+0000] {processor.py:208} INFO - Processing /home/rohit/ireland-rent-tracker/venv/lib/python3.12/site-packages/airflow/example_dags/example_setup_teardown_taskflow.py took 0.578 seconds
[2026-03-24T12:09:52.673+0000] {processor.py:186} INFO - Started process (PID=46568) to work on /home/rohit/ireland-rent-tracker/venv/lib/python3.12/site-packages/airflow/example_dags/example_setup_teardown_taskflow.py
[2026-03-24T12:09:52.674+0000] {processor.py:914} INFO - Processing file /home/rohit/ireland-rent-tracker/venv/lib/python3.12/site-packages/airflow/example_dags/example_setup_teardown_taskflow.py for tasks to queue
[2026-03-24T12:09:52.677+0000] {logging_mixin.py:190} INFO - [2026-03-24T12:09:52.676+0000] {dagbag.py:588} INFO - Filling up the DagBag from /home/rohit/ireland-rent-tracker/venv/lib/python3.12/site-packages/airflow/example_dags/example_setup_teardown_taskflow.py
[2026-03-24T12:09:52.689+0000] {processor.py:925} INFO - DAG(s) 'example_setup_teardown_taskflow' retrieved from /home/rohit/ireland-rent-tracker/venv/lib/python3.12/site-packages/airflow/example_dags/example_setup_teardown_taskflow.py
[2026-03-24T12:09:52.708+0000] {logging_mixin.py:190} INFO - [2026-03-24T12:09:52.708+0000] {dag.py:3239} INFO - Sync 1 DAGs
[2026-03-24T12:09:52.721+0000] {logging_mixin.py:190} INFO - [2026-03-24T12:09:52.720+0000] {dag.py:4180} INFO - Setting next_dagrun for example_setup_teardown_taskflow to None, run_after=None
[2026-03-24T12:09:52.743+0000] {processor.py:208} INFO - Processing /home/rohit/ireland-rent-tracker/venv/lib/python3.12/site-packages/airflow/example_dags/example_setup_teardown_taskflow.py took 0.076 seconds
[2026-03-24T12:10:51.789+0000] {processor.py:186} INFO - Started process (PID=46771) to work on /home/rohit/ireland-rent-tracker/venv/lib/python3.12/site-packages/airflow/example_dags/example_setup_teardown_taskflow.py
[2026-03-24T12:10:51.793+0000] {processor.py:914} INFO - Processing file /home/rohit/ireland-rent-tracker/venv/lib/python3.12/site-packages/airflow/example_dags/example_setup_teardown_taskflow.py for tasks to queue
[2026-03-24T12:10:51.795+0000] {logging_mixin.py:190} INFO - [2026-03-24T12:10:51.795+0000] {dagbag.py:588} INFO - Filling up the DagBag from /home/rohit/ireland-rent-tracker/venv/lib/python3.12/site-packages/airflow/example_dags/example_setup_teardown_taskflow.py
[2026-03-24T12:10:51.806+0000] {processor.py:925} INFO - DAG(s) 'example_setup_teardown_taskflow' retrieved from /home/rohit/ireland-rent-tracker/venv/lib/python3.12/site-packages/airflow/example_dags/example_setup_teardown_taskflow.py
[2026-03-24T12:10:51.823+0000] {logging_mixin.py:190} INFO - [2026-03-24T12:10:51.823+0000] {dag.py:3239} INFO - Sync 1 DAGs
[2026-03-24T12:10:51.834+0000] {logging_mixin.py:190} INFO - [2026-03-24T12:10:51.834+0000] {dag.py:4180} INFO - Setting next_dagrun for example_setup_teardown_taskflow to None, run_after=None
[2026-03-24T12:10:51.856+0000] {processor.py:208} INFO - Processing /home/rohit/ireland-rent-tracker/venv/lib/python3.12/site-packages/airflow/example_dags/example_setup_teardown_taskflow.py took 0.072 seconds
