[2026-03-24T12:05:38.973+0000] {processor.py:186} INFO - Started process (PID=45545) to work on /home/rohit/ireland-rent-tracker/venv/lib/python3.12/site-packages/airflow/example_dags/example_short_circuit_decorator.py
[2026-03-24T12:05:38.974+0000] {processor.py:914} INFO - Processing file /home/rohit/ireland-rent-tracker/venv/lib/python3.12/site-packages/airflow/example_dags/example_short_circuit_decorator.py for tasks to queue
[2026-03-24T12:05:38.976+0000] {logging_mixin.py:190} INFO - [2026-03-24T12:05:38.975+0000] {dagbag.py:588} INFO - Filling up the DagBag from /home/rohit/ireland-rent-tracker/venv/lib/python3.12/site-packages/airflow/example_dags/example_short_circuit_decorator.py
[2026-03-24T12:05:38.987+0000] {processor.py:925} INFO - DAG(s) 'example_short_circuit_decorator' retrieved from /home/rohit/ireland-rent-tracker/venv/lib/python3.12/site-packages/airflow/example_dags/example_short_circuit_decorator.py
[2026-03-24T12:05:39.115+0000] {logging_mixin.py:190} INFO - [2026-03-24T12:05:39.114+0000] {override.py:1930} INFO - Created Permission View: can delete on DAG:example_short_circuit_decorator
[2026-03-24T12:05:39.131+0000] {logging_mixin.py:190} INFO - [2026-03-24T12:05:39.130+0000] {override.py:1930} INFO - Created Permission View: can edit on DAG:example_short_circuit_decorator
[2026-03-24T12:05:39.143+0000] {logging_mixin.py:190} INFO - [2026-03-24T12:05:39.142+0000] {override.py:1930} INFO - Created Permission View: can read on DAG:example_short_circuit_decorator
[2026-03-24T12:05:39.162+0000] {logging_mixin.py:190} INFO - [2026-03-24T12:05:39.162+0000] {override.py:1930} INFO - Created Permission View: can delete on DAG Run:example_short_circuit_decorator
[2026-03-24T12:05:39.175+0000] {logging_mixin.py:190} INFO - [2026-03-24T12:05:39.174+0000] {override.py:1930} INFO - Created Permission View: can create on DAG Run:example_short_circuit_decorator
[2026-03-24T12:05:39.185+0000] {logging_mixin.py:190} INFO - [2026-03-24T12:05:39.185+0000] {override.py:1930} INFO - Created Permission View: can read on DAG Run:example_short_circuit_decorator
[2026-03-24T12:05:39.197+0000] {logging_mixin.py:190} INFO - [2026-03-24T12:05:39.197+0000] {override.py:1930} INFO - Created Permission View: menu access on DAG Run:example_short_circuit_decorator
[2026-03-24T12:05:39.197+0000] {logging_mixin.py:190} INFO - [2026-03-24T12:05:39.197+0000] {dag.py:3239} INFO - Sync 1 DAGs
[2026-03-24T12:05:39.210+0000] {logging_mixin.py:190} INFO - [2026-03-24T12:05:39.209+0000] {dag.py:3262} INFO - Creating ORM DAG for example_short_circuit_decorator
[2026-03-24T12:05:39.210+0000] {logging_mixin.py:190} INFO - [2026-03-24T12:05:39.210+0000] {dag.py:4180} INFO - Setting next_dagrun for example_short_circuit_decorator to None, run_after=None
[2026-03-24T12:05:39.234+0000] {processor.py:208} INFO - Processing /home/rohit/ireland-rent-tracker/venv/lib/python3.12/site-packages/airflow/example_dags/example_short_circuit_decorator.py took 0.266 seconds
[2026-03-24T12:06:44.402+0000] {processor.py:186} INFO - Started process (PID=45704) to work on /home/rohit/ireland-rent-tracker/venv/lib/python3.12/site-packages/airflow/example_dags/example_short_circuit_decorator.py
[2026-03-24T12:06:44.403+0000] {processor.py:914} INFO - Processing file /home/rohit/ireland-rent-tracker/venv/lib/python3.12/site-packages/airflow/example_dags/example_short_circuit_decorator.py for tasks to queue
[2026-03-24T12:06:44.407+0000] {logging_mixin.py:190} INFO - [2026-03-24T12:06:44.406+0000] {dagbag.py:588} INFO - Filling up the DagBag from /home/rohit/ireland-rent-tracker/venv/lib/python3.12/site-packages/airflow/example_dags/example_short_circuit_decorator.py
[2026-03-24T12:06:44.416+0000] {processor.py:925} INFO - DAG(s) 'example_short_circuit_decorator' retrieved from /home/rohit/ireland-rent-tracker/venv/lib/python3.12/site-packages/airflow/example_dags/example_short_circuit_decorator.py
[2026-03-24T12:06:44.438+0000] {logging_mixin.py:190} INFO - [2026-03-24T12:06:44.438+0000] {dag.py:3239} INFO - Sync 1 DAGs
[2026-03-24T12:06:44.449+0000] {logging_mixin.py:190} INFO - [2026-03-24T12:06:44.449+0000] {dag.py:4180} INFO - Setting next_dagrun for example_short_circuit_decorator to None, run_after=None
[2026-03-24T12:06:44.474+0000] {processor.py:208} INFO - Processing /home/rohit/ireland-rent-tracker/venv/lib/python3.12/site-packages/airflow/example_dags/example_short_circuit_decorator.py took 0.076 seconds
[2026-03-24T12:07:38.425+0000] {processor.py:186} INFO - Started process (PID=45902) to work on /home/rohit/ireland-rent-tracker/venv/lib/python3.12/site-packages/airflow/example_dags/example_short_circuit_decorator.py
[2026-03-24T12:07:38.436+0000] {processor.py:914} INFO - Processing file /home/rohit/ireland-rent-tracker/venv/lib/python3.12/site-packages/airflow/example_dags/example_short_circuit_decorator.py for tasks to queue
[2026-03-24T12:07:38.442+0000] {logging_mixin.py:190} INFO - [2026-03-24T12:07:38.440+0000] {dagbag.py:588} INFO - Filling up the DagBag from /home/rohit/ireland-rent-tracker/venv/lib/python3.12/site-packages/airflow/example_dags/example_short_circuit_decorator.py
[2026-03-24T12:07:38.503+0000] {processor.py:925} INFO - DAG(s) 'example_short_circuit_decorator' retrieved from /home/rohit/ireland-rent-tracker/venv/lib/python3.12/site-packages/airflow/example_dags/example_short_circuit_decorator.py
[2026-03-24T12:07:38.552+0000] {logging_mixin.py:190} INFO - [2026-03-24T12:07:38.551+0000] {dag.py:3239} INFO - Sync 1 DAGs
[2026-03-24T12:07:38.583+0000] {logging_mixin.py:190} INFO - [2026-03-24T12:07:38.583+0000] {dag.py:4180} INFO - Setting next_dagrun for example_short_circuit_decorator to None, run_after=None
[2026-03-24T12:07:38.617+0000] {processor.py:208} INFO - Processing /home/rohit/ireland-rent-tracker/venv/lib/python3.12/site-packages/airflow/example_dags/example_short_circuit_decorator.py took 0.214 seconds
[2026-03-24T12:08:38.948+0000] {processor.py:186} INFO - Started process (PID=46176) to work on /home/rohit/ireland-rent-tracker/venv/lib/python3.12/site-packages/airflow/example_dags/example_short_circuit_decorator.py
[2026-03-24T12:08:38.950+0000] {processor.py:914} INFO - Processing file /home/rohit/ireland-rent-tracker/venv/lib/python3.12/site-packages/airflow/example_dags/example_short_circuit_decorator.py for tasks to queue
[2026-03-24T12:08:38.953+0000] {logging_mixin.py:190} INFO - [2026-03-24T12:08:38.952+0000] {dagbag.py:588} INFO - Filling up the DagBag from /home/rohit/ireland-rent-tracker/venv/lib/python3.12/site-packages/airflow/example_dags/example_short_circuit_decorator.py
[2026-03-24T12:08:38.965+0000] {processor.py:925} INFO - DAG(s) 'example_short_circuit_decorator' retrieved from /home/rohit/ireland-rent-tracker/venv/lib/python3.12/site-packages/airflow/example_dags/example_short_circuit_decorator.py
[2026-03-24T12:08:39.063+0000] {logging_mixin.py:190} INFO - [2026-03-24T12:08:39.062+0000] {override.py:1930} INFO - Created Permission View: can delete on DAG:example_short_circuit_decorator
[2026-03-24T12:08:39.076+0000] {logging_mixin.py:190} INFO - [2026-03-24T12:08:39.076+0000] {override.py:1930} INFO - Created Permission View: can edit on DAG:example_short_circuit_decorator
[2026-03-24T12:08:39.086+0000] {logging_mixin.py:190} INFO - [2026-03-24T12:08:39.086+0000] {override.py:1930} INFO - Created Permission View: can read on DAG:example_short_circuit_decorator
[2026-03-24T12:08:39.101+0000] {logging_mixin.py:190} INFO - [2026-03-24T12:08:39.101+0000] {override.py:1930} INFO - Created Permission View: can delete on DAG Run:example_short_circuit_decorator
[2026-03-24T12:08:39.110+0000] {logging_mixin.py:190} INFO - [2026-03-24T12:08:39.109+0000] {override.py:1930} INFO - Created Permission View: can create on DAG Run:example_short_circuit_decorator
[2026-03-24T12:08:39.118+0000] {logging_mixin.py:190} INFO - [2026-03-24T12:08:39.118+0000] {override.py:1930} INFO - Created Permission View: can read on DAG Run:example_short_circuit_decorator
[2026-03-24T12:08:39.127+0000] {logging_mixin.py:190} INFO - [2026-03-24T12:08:39.126+0000] {override.py:1930} INFO - Created Permission View: menu access on DAG Run:example_short_circuit_decorator
[2026-03-24T12:08:39.127+0000] {logging_mixin.py:190} INFO - [2026-03-24T12:08:39.127+0000] {dag.py:3239} INFO - Sync 1 DAGs
[2026-03-24T12:08:39.137+0000] {logging_mixin.py:190} INFO - [2026-03-24T12:08:39.137+0000] {dag.py:3262} INFO - Creating ORM DAG for example_short_circuit_decorator
[2026-03-24T12:08:39.137+0000] {logging_mixin.py:190} INFO - [2026-03-24T12:08:39.137+0000] {dag.py:4180} INFO - Setting next_dagrun for example_short_circuit_decorator to None, run_after=None
[2026-03-24T12:08:39.159+0000] {processor.py:208} INFO - Processing /home/rohit/ireland-rent-tracker/venv/lib/python3.12/site-packages/airflow/example_dags/example_short_circuit_decorator.py took 0.216 seconds
[2026-03-24T12:09:55.081+0000] {processor.py:186} INFO - Started process (PID=46573) to work on /home/rohit/ireland-rent-tracker/venv/lib/python3.12/site-packages/airflow/example_dags/example_short_circuit_decorator.py
[2026-03-24T12:09:55.082+0000] {processor.py:914} INFO - Processing file /home/rohit/ireland-rent-tracker/venv/lib/python3.12/site-packages/airflow/example_dags/example_short_circuit_decorator.py for tasks to queue
[2026-03-24T12:09:55.086+0000] {logging_mixin.py:190} INFO - [2026-03-24T12:09:55.085+0000] {dagbag.py:588} INFO - Filling up the DagBag from /home/rohit/ireland-rent-tracker/venv/lib/python3.12/site-packages/airflow/example_dags/example_short_circuit_decorator.py
[2026-03-24T12:09:55.101+0000] {processor.py:925} INFO - DAG(s) 'example_short_circuit_decorator' retrieved from /home/rohit/ireland-rent-tracker/venv/lib/python3.12/site-packages/airflow/example_dags/example_short_circuit_decorator.py
[2026-03-24T12:09:55.120+0000] {logging_mixin.py:190} INFO - [2026-03-24T12:09:55.120+0000] {dag.py:3239} INFO - Sync 1 DAGs
[2026-03-24T12:09:55.139+0000] {logging_mixin.py:190} INFO - [2026-03-24T12:09:55.139+0000] {dag.py:4180} INFO - Setting next_dagrun for example_short_circuit_decorator to None, run_after=None
[2026-03-24T12:09:55.176+0000] {processor.py:208} INFO - Processing /home/rohit/ireland-rent-tracker/venv/lib/python3.12/site-packages/airflow/example_dags/example_short_circuit_decorator.py took 0.103 seconds
[2026-03-24T12:10:54.093+0000] {processor.py:186} INFO - Started process (PID=46773) to work on /home/rohit/ireland-rent-tracker/venv/lib/python3.12/site-packages/airflow/example_dags/example_short_circuit_decorator.py
[2026-03-24T12:10:54.097+0000] {processor.py:914} INFO - Processing file /home/rohit/ireland-rent-tracker/venv/lib/python3.12/site-packages/airflow/example_dags/example_short_circuit_decorator.py for tasks to queue
[2026-03-24T12:10:54.099+0000] {logging_mixin.py:190} INFO - [2026-03-24T12:10:54.099+0000] {dagbag.py:588} INFO - Filling up the DagBag from /home/rohit/ireland-rent-tracker/venv/lib/python3.12/site-packages/airflow/example_dags/example_short_circuit_decorator.py
[2026-03-24T12:10:54.109+0000] {processor.py:925} INFO - DAG(s) 'example_short_circuit_decorator' retrieved from /home/rohit/ireland-rent-tracker/venv/lib/python3.12/site-packages/airflow/example_dags/example_short_circuit_decorator.py
[2026-03-24T12:10:54.127+0000] {logging_mixin.py:190} INFO - [2026-03-24T12:10:54.127+0000] {dag.py:3239} INFO - Sync 1 DAGs
[2026-03-24T12:10:54.138+0000] {logging_mixin.py:190} INFO - [2026-03-24T12:10:54.138+0000] {dag.py:4180} INFO - Setting next_dagrun for example_short_circuit_decorator to None, run_after=None
[2026-03-24T12:10:54.162+0000] {processor.py:208} INFO - Processing /home/rohit/ireland-rent-tracker/venv/lib/python3.12/site-packages/airflow/example_dags/example_short_circuit_decorator.py took 0.074 seconds
