[2026-03-24T12:05:28.267+0000] {processor.py:186} INFO - Started process (PID=45526) to work on /home/rohit/ireland-rent-tracker/venv/lib/python3.12/site-packages/airflow/example_dags/example_setup_teardown.py
[2026-03-24T12:05:28.268+0000] {processor.py:914} INFO - Processing file /home/rohit/ireland-rent-tracker/venv/lib/python3.12/site-packages/airflow/example_dags/example_setup_teardown.py for tasks to queue
[2026-03-24T12:05:28.271+0000] {logging_mixin.py:190} INFO - [2026-03-24T12:05:28.270+0000] {dagbag.py:588} INFO - Filling up the DagBag from /home/rohit/ireland-rent-tracker/venv/lib/python3.12/site-packages/airflow/example_dags/example_setup_teardown.py
[2026-03-24T12:05:28.282+0000] {processor.py:925} INFO - DAG(s) 'example_setup_teardown' retrieved from /home/rohit/ireland-rent-tracker/venv/lib/python3.12/site-packages/airflow/example_dags/example_setup_teardown.py
[2026-03-24T12:05:28.403+0000] {logging_mixin.py:190} INFO - [2026-03-24T12:05:28.402+0000] {override.py:1930} INFO - Created Permission View: can delete on DAG:example_setup_teardown
[2026-03-24T12:05:28.418+0000] {logging_mixin.py:190} INFO - [2026-03-24T12:05:28.418+0000] {override.py:1930} INFO - Created Permission View: can edit on DAG:example_setup_teardown
[2026-03-24T12:05:28.431+0000] {logging_mixin.py:190} INFO - [2026-03-24T12:05:28.430+0000] {override.py:1930} INFO - Created Permission View: can read on DAG:example_setup_teardown
[2026-03-24T12:05:28.451+0000] {logging_mixin.py:190} INFO - [2026-03-24T12:05:28.451+0000] {override.py:1930} INFO - Created Permission View: can delete on DAG Run:example_setup_teardown
[2026-03-24T12:05:28.463+0000] {logging_mixin.py:190} INFO - [2026-03-24T12:05:28.462+0000] {override.py:1930} INFO - Created Permission View: can create on DAG Run:example_setup_teardown
[2026-03-24T12:05:28.475+0000] {logging_mixin.py:190} INFO - [2026-03-24T12:05:28.475+0000] {override.py:1930} INFO - Created Permission View: can read on DAG Run:example_setup_teardown
[2026-03-24T12:05:28.488+0000] {logging_mixin.py:190} INFO - [2026-03-24T12:05:28.487+0000] {override.py:1930} INFO - Created Permission View: menu access on DAG Run:example_setup_teardown
[2026-03-24T12:05:28.488+0000] {logging_mixin.py:190} INFO - [2026-03-24T12:05:28.488+0000] {dag.py:3239} INFO - Sync 1 DAGs
[2026-03-24T12:05:28.502+0000] {logging_mixin.py:190} INFO - [2026-03-24T12:05:28.502+0000] {dag.py:3262} INFO - Creating ORM DAG for example_setup_teardown
[2026-03-24T12:05:28.503+0000] {logging_mixin.py:190} INFO - [2026-03-24T12:05:28.502+0000] {dag.py:4180} INFO - Setting next_dagrun for example_setup_teardown to None, run_after=None
[2026-03-24T12:05:28.526+0000] {processor.py:208} INFO - Processing /home/rohit/ireland-rent-tracker/venv/lib/python3.12/site-packages/airflow/example_dags/example_setup_teardown.py took 0.264 seconds
[2026-03-24T12:06:35.299+0000] {processor.py:186} INFO - Started process (PID=45692) to work on /home/rohit/ireland-rent-tracker/venv/lib/python3.12/site-packages/airflow/example_dags/example_setup_teardown.py
[2026-03-24T12:06:35.301+0000] {processor.py:914} INFO - Processing file /home/rohit/ireland-rent-tracker/venv/lib/python3.12/site-packages/airflow/example_dags/example_setup_teardown.py for tasks to queue
[2026-03-24T12:06:35.304+0000] {logging_mixin.py:190} INFO - [2026-03-24T12:06:35.303+0000] {dagbag.py:588} INFO - Filling up the DagBag from /home/rohit/ireland-rent-tracker/venv/lib/python3.12/site-packages/airflow/example_dags/example_setup_teardown.py
[2026-03-24T12:06:35.315+0000] {processor.py:925} INFO - DAG(s) 'example_setup_teardown' retrieved from /home/rohit/ireland-rent-tracker/venv/lib/python3.12/site-packages/airflow/example_dags/example_setup_teardown.py
[2026-03-24T12:06:35.335+0000] {logging_mixin.py:190} INFO - [2026-03-24T12:06:35.335+0000] {dag.py:3239} INFO - Sync 1 DAGs
[2026-03-24T12:06:35.350+0000] {logging_mixin.py:190} INFO - [2026-03-24T12:06:35.350+0000] {dag.py:4180} INFO - Setting next_dagrun for example_setup_teardown to None, run_after=None
[2026-03-24T12:06:35.377+0000] {processor.py:208} INFO - Processing /home/rohit/ireland-rent-tracker/venv/lib/python3.12/site-packages/airflow/example_dags/example_setup_teardown.py took 0.083 seconds
[2026-03-24T12:07:29.408+0000] {processor.py:186} INFO - Started process (PID=45878) to work on /home/rohit/ireland-rent-tracker/venv/lib/python3.12/site-packages/airflow/example_dags/example_setup_teardown.py
[2026-03-24T12:07:29.410+0000] {processor.py:914} INFO - Processing file /home/rohit/ireland-rent-tracker/venv/lib/python3.12/site-packages/airflow/example_dags/example_setup_teardown.py for tasks to queue
[2026-03-24T12:07:29.414+0000] {logging_mixin.py:190} INFO - [2026-03-24T12:07:29.413+0000] {dagbag.py:588} INFO - Filling up the DagBag from /home/rohit/ireland-rent-tracker/venv/lib/python3.12/site-packages/airflow/example_dags/example_setup_teardown.py
[2026-03-24T12:07:29.428+0000] {processor.py:925} INFO - DAG(s) 'example_setup_teardown' retrieved from /home/rohit/ireland-rent-tracker/venv/lib/python3.12/site-packages/airflow/example_dags/example_setup_teardown.py
[2026-03-24T12:07:29.456+0000] {logging_mixin.py:190} INFO - [2026-03-24T12:07:29.456+0000] {dag.py:3239} INFO - Sync 1 DAGs
[2026-03-24T12:07:29.473+0000] {logging_mixin.py:190} INFO - [2026-03-24T12:07:29.473+0000] {dag.py:4180} INFO - Setting next_dagrun for example_setup_teardown to None, run_after=None
[2026-03-24T12:07:29.504+0000] {processor.py:208} INFO - Processing /home/rohit/ireland-rent-tracker/venv/lib/python3.12/site-packages/airflow/example_dags/example_setup_teardown.py took 0.103 seconds
[2026-03-24T12:08:27.795+0000] {processor.py:186} INFO - Started process (PID=46055) to work on /home/rohit/ireland-rent-tracker/venv/lib/python3.12/site-packages/airflow/example_dags/example_setup_teardown.py
[2026-03-24T12:08:27.799+0000] {processor.py:914} INFO - Processing file /home/rohit/ireland-rent-tracker/venv/lib/python3.12/site-packages/airflow/example_dags/example_setup_teardown.py for tasks to queue
[2026-03-24T12:08:27.802+0000] {logging_mixin.py:190} INFO - [2026-03-24T12:08:27.801+0000] {dagbag.py:588} INFO - Filling up the DagBag from /home/rohit/ireland-rent-tracker/venv/lib/python3.12/site-packages/airflow/example_dags/example_setup_teardown.py
[2026-03-24T12:08:27.810+0000] {processor.py:925} INFO - DAG(s) 'example_setup_teardown' retrieved from /home/rohit/ireland-rent-tracker/venv/lib/python3.12/site-packages/airflow/example_dags/example_setup_teardown.py
[2026-03-24T12:08:27.907+0000] {logging_mixin.py:190} INFO - [2026-03-24T12:08:27.906+0000] {override.py:1930} INFO - Created Permission View: can delete on DAG:example_setup_teardown
[2026-03-24T12:08:27.922+0000] {logging_mixin.py:190} INFO - [2026-03-24T12:08:27.921+0000] {override.py:1930} INFO - Created Permission View: can edit on DAG:example_setup_teardown
[2026-03-24T12:08:27.932+0000] {logging_mixin.py:190} INFO - [2026-03-24T12:08:27.932+0000] {override.py:1930} INFO - Created Permission View: can read on DAG:example_setup_teardown
[2026-03-24T12:08:27.949+0000] {logging_mixin.py:190} INFO - [2026-03-24T12:08:27.949+0000] {override.py:1930} INFO - Created Permission View: can delete on DAG Run:example_setup_teardown
[2026-03-24T12:08:27.960+0000] {logging_mixin.py:190} INFO - [2026-03-24T12:08:27.960+0000] {override.py:1930} INFO - Created Permission View: can create on DAG Run:example_setup_teardown
[2026-03-24T12:08:27.970+0000] {logging_mixin.py:190} INFO - [2026-03-24T12:08:27.970+0000] {override.py:1930} INFO - Created Permission View: can read on DAG Run:example_setup_teardown
[2026-03-24T12:08:27.982+0000] {logging_mixin.py:190} INFO - [2026-03-24T12:08:27.981+0000] {override.py:1930} INFO - Created Permission View: menu access on DAG Run:example_setup_teardown
[2026-03-24T12:08:27.982+0000] {logging_mixin.py:190} INFO - [2026-03-24T12:08:27.982+0000] {dag.py:3239} INFO - Sync 1 DAGs
[2026-03-24T12:08:27.995+0000] {logging_mixin.py:190} INFO - [2026-03-24T12:08:27.995+0000] {dag.py:3262} INFO - Creating ORM DAG for example_setup_teardown
[2026-03-24T12:08:27.996+0000] {logging_mixin.py:190} INFO - [2026-03-24T12:08:27.995+0000] {dag.py:4180} INFO - Setting next_dagrun for example_setup_teardown to None, run_after=None
[2026-03-24T12:08:28.027+0000] {processor.py:208} INFO - Processing /home/rohit/ireland-rent-tracker/venv/lib/python3.12/site-packages/airflow/example_dags/example_setup_teardown.py took 0.238 seconds
[2026-03-24T12:09:45.569+0000] {processor.py:186} INFO - Started process (PID=46523) to work on /home/rohit/ireland-rent-tracker/venv/lib/python3.12/site-packages/airflow/example_dags/example_setup_teardown.py
[2026-03-24T12:09:45.571+0000] {processor.py:914} INFO - Processing file /home/rohit/ireland-rent-tracker/venv/lib/python3.12/site-packages/airflow/example_dags/example_setup_teardown.py for tasks to queue
[2026-03-24T12:09:45.573+0000] {logging_mixin.py:190} INFO - [2026-03-24T12:09:45.573+0000] {dagbag.py:588} INFO - Filling up the DagBag from /home/rohit/ireland-rent-tracker/venv/lib/python3.12/site-packages/airflow/example_dags/example_setup_teardown.py
[2026-03-24T12:09:45.582+0000] {processor.py:925} INFO - DAG(s) 'example_setup_teardown' retrieved from /home/rohit/ireland-rent-tracker/venv/lib/python3.12/site-packages/airflow/example_dags/example_setup_teardown.py
[2026-03-24T12:09:45.604+0000] {logging_mixin.py:190} INFO - [2026-03-24T12:09:45.604+0000] {dag.py:3239} INFO - Sync 1 DAGs
[2026-03-24T12:09:45.631+0000] {logging_mixin.py:190} INFO - [2026-03-24T12:09:45.630+0000] {dag.py:4180} INFO - Setting next_dagrun for example_setup_teardown to None, run_after=None
[2026-03-24T12:09:45.661+0000] {processor.py:208} INFO - Processing /home/rohit/ireland-rent-tracker/venv/lib/python3.12/site-packages/airflow/example_dags/example_setup_teardown.py took 0.096 seconds
[2026-03-24T12:10:44.397+0000] {processor.py:186} INFO - Started process (PID=46758) to work on /home/rohit/ireland-rent-tracker/venv/lib/python3.12/site-packages/airflow/example_dags/example_setup_teardown.py
[2026-03-24T12:10:44.402+0000] {processor.py:914} INFO - Processing file /home/rohit/ireland-rent-tracker/venv/lib/python3.12/site-packages/airflow/example_dags/example_setup_teardown.py for tasks to queue
[2026-03-24T12:10:44.405+0000] {logging_mixin.py:190} INFO - [2026-03-24T12:10:44.404+0000] {dagbag.py:588} INFO - Filling up the DagBag from /home/rohit/ireland-rent-tracker/venv/lib/python3.12/site-packages/airflow/example_dags/example_setup_teardown.py
[2026-03-24T12:10:44.417+0000] {processor.py:925} INFO - DAG(s) 'example_setup_teardown' retrieved from /home/rohit/ireland-rent-tracker/venv/lib/python3.12/site-packages/airflow/example_dags/example_setup_teardown.py
[2026-03-24T12:10:44.439+0000] {logging_mixin.py:190} INFO - [2026-03-24T12:10:44.439+0000] {dag.py:3239} INFO - Sync 1 DAGs
[2026-03-24T12:10:44.453+0000] {logging_mixin.py:190} INFO - [2026-03-24T12:10:44.453+0000] {dag.py:4180} INFO - Setting next_dagrun for example_setup_teardown to None, run_after=None
[2026-03-24T12:10:44.479+0000] {processor.py:208} INFO - Processing /home/rohit/ireland-rent-tracker/venv/lib/python3.12/site-packages/airflow/example_dags/example_setup_teardown.py took 0.089 seconds
