[2026-03-24T12:06:05.805+0000] {processor.py:186} INFO - Started process (PID=45653) to work on /home/rohit/ireland-rent-tracker/venv/lib/python3.12/site-packages/airflow/example_dags/example_branch_python_dop_operator_3.py
[2026-03-24T12:06:05.806+0000] {processor.py:914} INFO - Processing file /home/rohit/ireland-rent-tracker/venv/lib/python3.12/site-packages/airflow/example_dags/example_branch_python_dop_operator_3.py for tasks to queue
[2026-03-24T12:06:05.808+0000] {logging_mixin.py:190} INFO - [2026-03-24T12:06:05.808+0000] {dagbag.py:588} INFO - Filling up the DagBag from /home/rohit/ireland-rent-tracker/venv/lib/python3.12/site-packages/airflow/example_dags/example_branch_python_dop_operator_3.py
[2026-03-24T12:06:05.821+0000] {processor.py:925} INFO - DAG(s) 'example_branch_dop_operator_v3' retrieved from /home/rohit/ireland-rent-tracker/venv/lib/python3.12/site-packages/airflow/example_dags/example_branch_python_dop_operator_3.py
[2026-03-24T12:06:05.951+0000] {logging_mixin.py:190} INFO - [2026-03-24T12:06:05.950+0000] {override.py:1930} INFO - Created Permission View: can delete on DAG:example_branch_dop_operator_v3
[2026-03-24T12:06:05.970+0000] {logging_mixin.py:190} INFO - [2026-03-24T12:06:05.970+0000] {override.py:1930} INFO - Created Permission View: can edit on DAG:example_branch_dop_operator_v3
[2026-03-24T12:06:05.982+0000] {logging_mixin.py:190} INFO - [2026-03-24T12:06:05.982+0000] {override.py:1930} INFO - Created Permission View: can read on DAG:example_branch_dop_operator_v3
[2026-03-24T12:06:06.003+0000] {logging_mixin.py:190} INFO - [2026-03-24T12:06:06.003+0000] {override.py:1930} INFO - Created Permission View: can delete on DAG Run:example_branch_dop_operator_v3
[2026-03-24T12:06:06.014+0000] {logging_mixin.py:190} INFO - [2026-03-24T12:06:06.014+0000] {override.py:1930} INFO - Created Permission View: can create on DAG Run:example_branch_dop_operator_v3
[2026-03-24T12:06:06.026+0000] {logging_mixin.py:190} INFO - [2026-03-24T12:06:06.026+0000] {override.py:1930} INFO - Created Permission View: can read on DAG Run:example_branch_dop_operator_v3
[2026-03-24T12:06:06.037+0000] {logging_mixin.py:190} INFO - [2026-03-24T12:06:06.037+0000] {override.py:1930} INFO - Created Permission View: menu access on DAG Run:example_branch_dop_operator_v3
[2026-03-24T12:06:06.037+0000] {logging_mixin.py:190} INFO - [2026-03-24T12:06:06.037+0000] {dag.py:3239} INFO - Sync 1 DAGs
[2026-03-24T12:06:06.051+0000] {logging_mixin.py:190} INFO - [2026-03-24T12:06:06.050+0000] {dag.py:3262} INFO - Creating ORM DAG for example_branch_dop_operator_v3
[2026-03-24T12:06:06.065+0000] {logging_mixin.py:190} INFO - [2026-03-24T12:06:06.063+0000] {dag.py:4180} INFO - Setting next_dagrun for example_branch_dop_operator_v3 to 2026-03-24 12:05:00+00:00, run_after=2026-03-24 12:06:00+00:00
[2026-03-24T12:06:06.098+0000] {processor.py:208} INFO - Processing /home/rohit/ireland-rent-tracker/venv/lib/python3.12/site-packages/airflow/example_dags/example_branch_python_dop_operator_3.py took 0.297 seconds
[2026-03-24T12:07:06.941+0000] {processor.py:186} INFO - Started process (PID=45740) to work on /home/rohit/ireland-rent-tracker/venv/lib/python3.12/site-packages/airflow/example_dags/example_branch_python_dop_operator_3.py
[2026-03-24T12:07:06.944+0000] {processor.py:914} INFO - Processing file /home/rohit/ireland-rent-tracker/venv/lib/python3.12/site-packages/airflow/example_dags/example_branch_python_dop_operator_3.py for tasks to queue
[2026-03-24T12:07:06.947+0000] {logging_mixin.py:190} INFO - [2026-03-24T12:07:06.946+0000] {dagbag.py:588} INFO - Filling up the DagBag from /home/rohit/ireland-rent-tracker/venv/lib/python3.12/site-packages/airflow/example_dags/example_branch_python_dop_operator_3.py
[2026-03-24T12:07:06.965+0000] {processor.py:925} INFO - DAG(s) 'example_branch_dop_operator_v3' retrieved from /home/rohit/ireland-rent-tracker/venv/lib/python3.12/site-packages/airflow/example_dags/example_branch_python_dop_operator_3.py
[2026-03-24T12:07:06.985+0000] {logging_mixin.py:190} INFO - [2026-03-24T12:07:06.984+0000] {dag.py:3239} INFO - Sync 1 DAGs
[2026-03-24T12:07:07.012+0000] {logging_mixin.py:190} INFO - [2026-03-24T12:07:07.012+0000] {dag.py:4180} INFO - Setting next_dagrun for example_branch_dop_operator_v3 to 2026-03-24 12:06:00+00:00, run_after=2026-03-24 12:07:00+00:00
[2026-03-24T12:07:07.044+0000] {processor.py:208} INFO - Processing /home/rohit/ireland-rent-tracker/venv/lib/python3.12/site-packages/airflow/example_dags/example_branch_python_dop_operator_3.py took 0.111 seconds
[2026-03-24T12:08:04.931+0000] {processor.py:186} INFO - Started process (PID=45981) to work on /home/rohit/ireland-rent-tracker/venv/lib/python3.12/site-packages/airflow/example_dags/example_branch_python_dop_operator_3.py
[2026-03-24T12:08:04.935+0000] {processor.py:914} INFO - Processing file /home/rohit/ireland-rent-tracker/venv/lib/python3.12/site-packages/airflow/example_dags/example_branch_python_dop_operator_3.py for tasks to queue
[2026-03-24T12:08:04.938+0000] {logging_mixin.py:190} INFO - [2026-03-24T12:08:04.937+0000] {dagbag.py:588} INFO - Filling up the DagBag from /home/rohit/ireland-rent-tracker/venv/lib/python3.12/site-packages/airflow/example_dags/example_branch_python_dop_operator_3.py
[2026-03-24T12:08:04.950+0000] {processor.py:925} INFO - DAG(s) 'example_branch_dop_operator_v3' retrieved from /home/rohit/ireland-rent-tracker/venv/lib/python3.12/site-packages/airflow/example_dags/example_branch_python_dop_operator_3.py
[2026-03-24T12:08:05.076+0000] {logging_mixin.py:190} INFO - [2026-03-24T12:08:05.075+0000] {override.py:1930} INFO - Created Permission View: can delete on DAG:example_branch_dop_operator_v3
[2026-03-24T12:08:05.098+0000] {logging_mixin.py:190} INFO - [2026-03-24T12:08:05.097+0000] {override.py:1930} INFO - Created Permission View: can edit on DAG:example_branch_dop_operator_v3
[2026-03-24T12:08:05.113+0000] {logging_mixin.py:190} INFO - [2026-03-24T12:08:05.113+0000] {override.py:1930} INFO - Created Permission View: can read on DAG:example_branch_dop_operator_v3
[2026-03-24T12:08:05.135+0000] {logging_mixin.py:190} INFO - [2026-03-24T12:08:05.135+0000] {override.py:1930} INFO - Created Permission View: can delete on DAG Run:example_branch_dop_operator_v3
[2026-03-24T12:08:05.147+0000] {logging_mixin.py:190} INFO - [2026-03-24T12:08:05.147+0000] {override.py:1930} INFO - Created Permission View: can create on DAG Run:example_branch_dop_operator_v3
[2026-03-24T12:08:05.161+0000] {logging_mixin.py:190} INFO - [2026-03-24T12:08:05.160+0000] {override.py:1930} INFO - Created Permission View: can read on DAG Run:example_branch_dop_operator_v3
[2026-03-24T12:08:05.173+0000] {logging_mixin.py:190} INFO - [2026-03-24T12:08:05.172+0000] {override.py:1930} INFO - Created Permission View: menu access on DAG Run:example_branch_dop_operator_v3
[2026-03-24T12:08:05.173+0000] {logging_mixin.py:190} INFO - [2026-03-24T12:08:05.173+0000] {dag.py:3239} INFO - Sync 1 DAGs
[2026-03-24T12:08:05.187+0000] {logging_mixin.py:190} INFO - [2026-03-24T12:08:05.187+0000] {dag.py:3262} INFO - Creating ORM DAG for example_branch_dop_operator_v3
[2026-03-24T12:08:05.203+0000] {logging_mixin.py:190} INFO - [2026-03-24T12:08:05.203+0000] {dag.py:4180} INFO - Setting next_dagrun for example_branch_dop_operator_v3 to 2026-03-24 12:07:00+00:00, run_after=2026-03-24 12:08:00+00:00
[2026-03-24T12:08:05.227+0000] {processor.py:208} INFO - Processing /home/rohit/ireland-rent-tracker/venv/lib/python3.12/site-packages/airflow/example_dags/example_branch_python_dop_operator_3.py took 0.301 seconds
[2026-03-24T12:09:24.951+0000] {processor.py:186} INFO - Started process (PID=46433) to work on /home/rohit/ireland-rent-tracker/venv/lib/python3.12/site-packages/airflow/example_dags/example_branch_python_dop_operator_3.py
[2026-03-24T12:09:24.956+0000] {processor.py:914} INFO - Processing file /home/rohit/ireland-rent-tracker/venv/lib/python3.12/site-packages/airflow/example_dags/example_branch_python_dop_operator_3.py for tasks to queue
[2026-03-24T12:09:24.958+0000] {logging_mixin.py:190} INFO - [2026-03-24T12:09:24.958+0000] {dagbag.py:588} INFO - Filling up the DagBag from /home/rohit/ireland-rent-tracker/venv/lib/python3.12/site-packages/airflow/example_dags/example_branch_python_dop_operator_3.py
[2026-03-24T12:09:24.969+0000] {processor.py:925} INFO - DAG(s) 'example_branch_dop_operator_v3' retrieved from /home/rohit/ireland-rent-tracker/venv/lib/python3.12/site-packages/airflow/example_dags/example_branch_python_dop_operator_3.py
[2026-03-24T12:09:24.985+0000] {logging_mixin.py:190} INFO - [2026-03-24T12:09:24.984+0000] {dag.py:3239} INFO - Sync 1 DAGs
[2026-03-24T12:09:25.010+0000] {logging_mixin.py:190} INFO - [2026-03-24T12:09:25.010+0000] {dag.py:4180} INFO - Setting next_dagrun for example_branch_dop_operator_v3 to 2026-03-24 12:08:00+00:00, run_after=2026-03-24 12:09:00+00:00
[2026-03-24T12:09:25.036+0000] {processor.py:208} INFO - Processing /home/rohit/ireland-rent-tracker/venv/lib/python3.12/site-packages/airflow/example_dags/example_branch_python_dop_operator_3.py took 0.090 seconds
[2026-03-24T12:10:26.006+0000] {processor.py:186} INFO - Started process (PID=46725) to work on /home/rohit/ireland-rent-tracker/venv/lib/python3.12/site-packages/airflow/example_dags/example_branch_python_dop_operator_3.py
[2026-03-24T12:10:26.010+0000] {processor.py:914} INFO - Processing file /home/rohit/ireland-rent-tracker/venv/lib/python3.12/site-packages/airflow/example_dags/example_branch_python_dop_operator_3.py for tasks to queue
[2026-03-24T12:10:26.013+0000] {logging_mixin.py:190} INFO - [2026-03-24T12:10:26.013+0000] {dagbag.py:588} INFO - Filling up the DagBag from /home/rohit/ireland-rent-tracker/venv/lib/python3.12/site-packages/airflow/example_dags/example_branch_python_dop_operator_3.py
[2026-03-24T12:10:26.028+0000] {processor.py:925} INFO - DAG(s) 'example_branch_dop_operator_v3' retrieved from /home/rohit/ireland-rent-tracker/venv/lib/python3.12/site-packages/airflow/example_dags/example_branch_python_dop_operator_3.py
[2026-03-24T12:10:26.047+0000] {logging_mixin.py:190} INFO - [2026-03-24T12:10:26.047+0000] {dag.py:3239} INFO - Sync 1 DAGs
[2026-03-24T12:10:26.076+0000] {logging_mixin.py:190} INFO - [2026-03-24T12:10:26.075+0000] {dag.py:4180} INFO - Setting next_dagrun for example_branch_dop_operator_v3 to 2026-03-24 12:09:00+00:00, run_after=2026-03-24 12:10:00+00:00
[2026-03-24T12:10:26.103+0000] {processor.py:208} INFO - Processing /home/rohit/ireland-rent-tracker/venv/lib/python3.12/site-packages/airflow/example_dags/example_branch_python_dop_operator_3.py took 0.103 seconds
