[2026-03-24T12:06:07.950+0000] {processor.py:186} INFO - Started process (PID=45655) to work on /home/rohit/ireland-rent-tracker/venv/lib/python3.12/site-packages/airflow/example_dags/example_dag_decorator.py
[2026-03-24T12:06:07.951+0000] {processor.py:914} INFO - Processing file /home/rohit/ireland-rent-tracker/venv/lib/python3.12/site-packages/airflow/example_dags/example_dag_decorator.py for tasks to queue
[2026-03-24T12:06:07.954+0000] {logging_mixin.py:190} INFO - [2026-03-24T12:06:07.953+0000] {dagbag.py:588} INFO - Filling up the DagBag from /home/rohit/ireland-rent-tracker/venv/lib/python3.12/site-packages/airflow/example_dags/example_dag_decorator.py
[2026-03-24T12:06:07.968+0000] {processor.py:925} INFO - DAG(s) 'example_dag_decorator' retrieved from /home/rohit/ireland-rent-tracker/venv/lib/python3.12/site-packages/airflow/example_dags/example_dag_decorator.py
[2026-03-24T12:06:08.103+0000] {logging_mixin.py:190} INFO - [2026-03-24T12:06:08.102+0000] {override.py:1930} INFO - Created Permission View: can delete on DAG:example_dag_decorator
[2026-03-24T12:06:08.122+0000] {logging_mixin.py:190} INFO - [2026-03-24T12:06:08.122+0000] {override.py:1930} INFO - Created Permission View: can edit on DAG:example_dag_decorator
[2026-03-24T12:06:08.139+0000] {logging_mixin.py:190} INFO - [2026-03-24T12:06:08.138+0000] {override.py:1930} INFO - Created Permission View: can read on DAG:example_dag_decorator
[2026-03-24T12:06:08.161+0000] {logging_mixin.py:190} INFO - [2026-03-24T12:06:08.160+0000] {override.py:1930} INFO - Created Permission View: can delete on DAG Run:example_dag_decorator
[2026-03-24T12:06:08.174+0000] {logging_mixin.py:190} INFO - [2026-03-24T12:06:08.174+0000] {override.py:1930} INFO - Created Permission View: can create on DAG Run:example_dag_decorator
[2026-03-24T12:06:08.186+0000] {logging_mixin.py:190} INFO - [2026-03-24T12:06:08.186+0000] {override.py:1930} INFO - Created Permission View: can read on DAG Run:example_dag_decorator
[2026-03-24T12:06:08.199+0000] {logging_mixin.py:190} INFO - [2026-03-24T12:06:08.198+0000] {override.py:1930} INFO - Created Permission View: menu access on DAG Run:example_dag_decorator
[2026-03-24T12:06:08.199+0000] {logging_mixin.py:190} INFO - [2026-03-24T12:06:08.199+0000] {dag.py:3239} INFO - Sync 1 DAGs
[2026-03-24T12:06:08.213+0000] {logging_mixin.py:190} INFO - [2026-03-24T12:06:08.212+0000] {dag.py:3262} INFO - Creating ORM DAG for example_dag_decorator
[2026-03-24T12:06:08.214+0000] {logging_mixin.py:190} INFO - [2026-03-24T12:06:08.213+0000] {dag.py:4180} INFO - Setting next_dagrun for example_dag_decorator to None, run_after=None
[2026-03-24T12:06:08.239+0000] {processor.py:208} INFO - Processing /home/rohit/ireland-rent-tracker/venv/lib/python3.12/site-packages/airflow/example_dags/example_dag_decorator.py took 0.294 seconds
[2026-03-24T12:07:09.428+0000] {processor.py:186} INFO - Started process (PID=45742) to work on /home/rohit/ireland-rent-tracker/venv/lib/python3.12/site-packages/airflow/example_dags/example_dag_decorator.py
[2026-03-24T12:07:09.430+0000] {processor.py:914} INFO - Processing file /home/rohit/ireland-rent-tracker/venv/lib/python3.12/site-packages/airflow/example_dags/example_dag_decorator.py for tasks to queue
[2026-03-24T12:07:09.432+0000] {logging_mixin.py:190} INFO - [2026-03-24T12:07:09.431+0000] {dagbag.py:588} INFO - Filling up the DagBag from /home/rohit/ireland-rent-tracker/venv/lib/python3.12/site-packages/airflow/example_dags/example_dag_decorator.py
[2026-03-24T12:07:09.444+0000] {processor.py:925} INFO - DAG(s) 'example_dag_decorator' retrieved from /home/rohit/ireland-rent-tracker/venv/lib/python3.12/site-packages/airflow/example_dags/example_dag_decorator.py
[2026-03-24T12:07:09.530+0000] {logging_mixin.py:190} INFO - [2026-03-24T12:07:09.530+0000] {dag.py:3239} INFO - Sync 1 DAGs
[2026-03-24T12:07:09.540+0000] {logging_mixin.py:190} INFO - [2026-03-24T12:07:09.540+0000] {dag.py:4180} INFO - Setting next_dagrun for example_dag_decorator to None, run_after=None
[2026-03-24T12:07:09.567+0000] {processor.py:208} INFO - Processing /home/rohit/ireland-rent-tracker/venv/lib/python3.12/site-packages/airflow/example_dags/example_dag_decorator.py took 0.144 seconds
[2026-03-24T12:08:07.945+0000] {processor.py:186} INFO - Started process (PID=45995) to work on /home/rohit/ireland-rent-tracker/venv/lib/python3.12/site-packages/airflow/example_dags/example_dag_decorator.py
[2026-03-24T12:08:07.947+0000] {processor.py:914} INFO - Processing file /home/rohit/ireland-rent-tracker/venv/lib/python3.12/site-packages/airflow/example_dags/example_dag_decorator.py for tasks to queue
[2026-03-24T12:08:07.950+0000] {logging_mixin.py:190} INFO - [2026-03-24T12:08:07.949+0000] {dagbag.py:588} INFO - Filling up the DagBag from /home/rohit/ireland-rent-tracker/venv/lib/python3.12/site-packages/airflow/example_dags/example_dag_decorator.py
[2026-03-24T12:08:07.964+0000] {processor.py:925} INFO - DAG(s) 'example_dag_decorator' retrieved from /home/rohit/ireland-rent-tracker/venv/lib/python3.12/site-packages/airflow/example_dags/example_dag_decorator.py
[2026-03-24T12:08:08.075+0000] {logging_mixin.py:190} INFO - [2026-03-24T12:08:08.075+0000] {override.py:1930} INFO - Created Permission View: can delete on DAG:example_dag_decorator
[2026-03-24T12:08:08.091+0000] {logging_mixin.py:190} INFO - [2026-03-24T12:08:08.091+0000] {override.py:1930} INFO - Created Permission View: can edit on DAG:example_dag_decorator
[2026-03-24T12:08:08.104+0000] {logging_mixin.py:190} INFO - [2026-03-24T12:08:08.103+0000] {override.py:1930} INFO - Created Permission View: can read on DAG:example_dag_decorator
[2026-03-24T12:08:08.125+0000] {logging_mixin.py:190} INFO - [2026-03-24T12:08:08.124+0000] {override.py:1930} INFO - Created Permission View: can delete on DAG Run:example_dag_decorator
[2026-03-24T12:08:08.136+0000] {logging_mixin.py:190} INFO - [2026-03-24T12:08:08.136+0000] {override.py:1930} INFO - Created Permission View: can create on DAG Run:example_dag_decorator
[2026-03-24T12:08:08.147+0000] {logging_mixin.py:190} INFO - [2026-03-24T12:08:08.147+0000] {override.py:1930} INFO - Created Permission View: can read on DAG Run:example_dag_decorator
[2026-03-24T12:08:08.159+0000] {logging_mixin.py:190} INFO - [2026-03-24T12:08:08.158+0000] {override.py:1930} INFO - Created Permission View: menu access on DAG Run:example_dag_decorator
[2026-03-24T12:08:08.159+0000] {logging_mixin.py:190} INFO - [2026-03-24T12:08:08.159+0000] {dag.py:3239} INFO - Sync 1 DAGs
[2026-03-24T12:08:08.172+0000] {logging_mixin.py:190} INFO - [2026-03-24T12:08:08.172+0000] {dag.py:3262} INFO - Creating ORM DAG for example_dag_decorator
[2026-03-24T12:08:08.173+0000] {logging_mixin.py:190} INFO - [2026-03-24T12:08:08.173+0000] {dag.py:4180} INFO - Setting next_dagrun for example_dag_decorator to None, run_after=None
[2026-03-24T12:08:08.196+0000] {processor.py:208} INFO - Processing /home/rohit/ireland-rent-tracker/venv/lib/python3.12/site-packages/airflow/example_dags/example_dag_decorator.py took 0.256 seconds
[2026-03-24T12:09:27.334+0000] {processor.py:186} INFO - Started process (PID=46435) to work on /home/rohit/ireland-rent-tracker/venv/lib/python3.12/site-packages/airflow/example_dags/example_dag_decorator.py
[2026-03-24T12:09:27.338+0000] {processor.py:914} INFO - Processing file /home/rohit/ireland-rent-tracker/venv/lib/python3.12/site-packages/airflow/example_dags/example_dag_decorator.py for tasks to queue
[2026-03-24T12:09:27.341+0000] {logging_mixin.py:190} INFO - [2026-03-24T12:09:27.340+0000] {dagbag.py:588} INFO - Filling up the DagBag from /home/rohit/ireland-rent-tracker/venv/lib/python3.12/site-packages/airflow/example_dags/example_dag_decorator.py
[2026-03-24T12:09:27.356+0000] {processor.py:925} INFO - DAG(s) 'example_dag_decorator' retrieved from /home/rohit/ireland-rent-tracker/venv/lib/python3.12/site-packages/airflow/example_dags/example_dag_decorator.py
[2026-03-24T12:09:27.454+0000] {logging_mixin.py:190} INFO - [2026-03-24T12:09:27.453+0000] {dag.py:3239} INFO - Sync 1 DAGs
[2026-03-24T12:09:27.467+0000] {logging_mixin.py:190} INFO - [2026-03-24T12:09:27.466+0000] {dag.py:4180} INFO - Setting next_dagrun for example_dag_decorator to None, run_after=None
[2026-03-24T12:09:27.498+0000] {processor.py:208} INFO - Processing /home/rohit/ireland-rent-tracker/venv/lib/python3.12/site-packages/airflow/example_dags/example_dag_decorator.py took 0.169 seconds
[2026-03-24T12:10:28.506+0000] {processor.py:186} INFO - Started process (PID=46727) to work on /home/rohit/ireland-rent-tracker/venv/lib/python3.12/site-packages/airflow/example_dags/example_dag_decorator.py
[2026-03-24T12:10:28.510+0000] {processor.py:914} INFO - Processing file /home/rohit/ireland-rent-tracker/venv/lib/python3.12/site-packages/airflow/example_dags/example_dag_decorator.py for tasks to queue
[2026-03-24T12:10:28.513+0000] {logging_mixin.py:190} INFO - [2026-03-24T12:10:28.512+0000] {dagbag.py:588} INFO - Filling up the DagBag from /home/rohit/ireland-rent-tracker/venv/lib/python3.12/site-packages/airflow/example_dags/example_dag_decorator.py
[2026-03-24T12:10:28.525+0000] {processor.py:925} INFO - DAG(s) 'example_dag_decorator' retrieved from /home/rohit/ireland-rent-tracker/venv/lib/python3.12/site-packages/airflow/example_dags/example_dag_decorator.py
[2026-03-24T12:10:28.609+0000] {logging_mixin.py:190} INFO - [2026-03-24T12:10:28.609+0000] {dag.py:3239} INFO - Sync 1 DAGs
[2026-03-24T12:10:28.619+0000] {logging_mixin.py:190} INFO - [2026-03-24T12:10:28.618+0000] {dag.py:4180} INFO - Setting next_dagrun for example_dag_decorator to None, run_after=None
[2026-03-24T12:10:28.643+0000] {processor.py:208} INFO - Processing /home/rohit/ireland-rent-tracker/venv/lib/python3.12/site-packages/airflow/example_dags/example_dag_decorator.py took 0.142 seconds
