[2026-03-24T12:06:17.762+0000] {processor.py:186} INFO - Started process (PID=45668) to work on /home/rohit/ireland-rent-tracker/venv/lib/python3.12/site-packages/airflow/example_dags/example_complex.py
[2026-03-24T12:06:17.763+0000] {processor.py:914} INFO - Processing file /home/rohit/ireland-rent-tracker/venv/lib/python3.12/site-packages/airflow/example_dags/example_complex.py for tasks to queue
[2026-03-24T12:06:17.775+0000] {logging_mixin.py:190} INFO - [2026-03-24T12:06:17.774+0000] {dagbag.py:588} INFO - Filling up the DagBag from /home/rohit/ireland-rent-tracker/venv/lib/python3.12/site-packages/airflow/example_dags/example_complex.py
[2026-03-24T12:06:17.795+0000] {processor.py:925} INFO - DAG(s) 'example_complex' retrieved from /home/rohit/ireland-rent-tracker/venv/lib/python3.12/site-packages/airflow/example_dags/example_complex.py
[2026-03-24T12:06:17.966+0000] {logging_mixin.py:190} INFO - [2026-03-24T12:06:17.965+0000] {override.py:1930} INFO - Created Permission View: can delete on DAG:example_complex
[2026-03-24T12:06:17.981+0000] {logging_mixin.py:190} INFO - [2026-03-24T12:06:17.981+0000] {override.py:1930} INFO - Created Permission View: can edit on DAG:example_complex
[2026-03-24T12:06:17.993+0000] {logging_mixin.py:190} INFO - [2026-03-24T12:06:17.993+0000] {override.py:1930} INFO - Created Permission View: can read on DAG:example_complex
[2026-03-24T12:06:18.014+0000] {logging_mixin.py:190} INFO - [2026-03-24T12:06:18.014+0000] {override.py:1930} INFO - Created Permission View: can delete on DAG Run:example_complex
[2026-03-24T12:06:18.025+0000] {logging_mixin.py:190} INFO - [2026-03-24T12:06:18.025+0000] {override.py:1930} INFO - Created Permission View: can create on DAG Run:example_complex
[2026-03-24T12:06:18.037+0000] {logging_mixin.py:190} INFO - [2026-03-24T12:06:18.037+0000] {override.py:1930} INFO - Created Permission View: can read on DAG Run:example_complex
[2026-03-24T12:06:18.052+0000] {logging_mixin.py:190} INFO - [2026-03-24T12:06:18.051+0000] {override.py:1930} INFO - Created Permission View: menu access on DAG Run:example_complex
[2026-03-24T12:06:18.053+0000] {logging_mixin.py:190} INFO - [2026-03-24T12:06:18.052+0000] {dag.py:3239} INFO - Sync 1 DAGs
[2026-03-24T12:06:18.065+0000] {logging_mixin.py:190} INFO - [2026-03-24T12:06:18.065+0000] {dag.py:3262} INFO - Creating ORM DAG for example_complex
[2026-03-24T12:06:18.066+0000] {logging_mixin.py:190} INFO - [2026-03-24T12:06:18.066+0000] {dag.py:4180} INFO - Setting next_dagrun for example_complex to None, run_after=None
[2026-03-24T12:06:18.095+0000] {processor.py:208} INFO - Processing /home/rohit/ireland-rent-tracker/venv/lib/python3.12/site-packages/airflow/example_dags/example_complex.py took 0.339 seconds
[2026-03-24T12:07:17.081+0000] {processor.py:186} INFO - Started process (PID=45777) to work on /home/rohit/ireland-rent-tracker/venv/lib/python3.12/site-packages/airflow/example_dags/example_complex.py
[2026-03-24T12:07:17.083+0000] {processor.py:914} INFO - Processing file /home/rohit/ireland-rent-tracker/venv/lib/python3.12/site-packages/airflow/example_dags/example_complex.py for tasks to queue
[2026-03-24T12:07:17.085+0000] {logging_mixin.py:190} INFO - [2026-03-24T12:07:17.085+0000] {dagbag.py:588} INFO - Filling up the DagBag from /home/rohit/ireland-rent-tracker/venv/lib/python3.12/site-packages/airflow/example_dags/example_complex.py
[2026-03-24T12:07:17.096+0000] {processor.py:925} INFO - DAG(s) 'example_complex' retrieved from /home/rohit/ireland-rent-tracker/venv/lib/python3.12/site-packages/airflow/example_dags/example_complex.py
[2026-03-24T12:07:17.118+0000] {logging_mixin.py:190} INFO - [2026-03-24T12:07:17.118+0000] {dag.py:3239} INFO - Sync 1 DAGs
[2026-03-24T12:07:17.130+0000] {logging_mixin.py:190} INFO - [2026-03-24T12:07:17.130+0000] {dag.py:4180} INFO - Setting next_dagrun for example_complex to None, run_after=None
[2026-03-24T12:07:17.155+0000] {processor.py:208} INFO - Processing /home/rohit/ireland-rent-tracker/venv/lib/python3.12/site-packages/airflow/example_dags/example_complex.py took 0.078 seconds
[2026-03-24T12:08:50.306+0000] {processor.py:186} INFO - Started process (PID=46271) to work on /home/rohit/ireland-rent-tracker/venv/lib/python3.12/site-packages/airflow/example_dags/example_complex.py
[2026-03-24T12:08:50.311+0000] {processor.py:914} INFO - Processing file /home/rohit/ireland-rent-tracker/venv/lib/python3.12/site-packages/airflow/example_dags/example_complex.py for tasks to queue
[2026-03-24T12:08:50.314+0000] {logging_mixin.py:190} INFO - [2026-03-24T12:08:50.314+0000] {dagbag.py:588} INFO - Filling up the DagBag from /home/rohit/ireland-rent-tracker/venv/lib/python3.12/site-packages/airflow/example_dags/example_complex.py
[2026-03-24T12:08:50.332+0000] {processor.py:925} INFO - DAG(s) 'example_complex' retrieved from /home/rohit/ireland-rent-tracker/venv/lib/python3.12/site-packages/airflow/example_dags/example_complex.py
[2026-03-24T12:08:50.462+0000] {logging_mixin.py:190} INFO - [2026-03-24T12:08:50.461+0000] {override.py:1930} INFO - Created Permission View: can delete on DAG:example_complex
[2026-03-24T12:08:50.478+0000] {logging_mixin.py:190} INFO - [2026-03-24T12:08:50.478+0000] {override.py:1930} INFO - Created Permission View: can edit on DAG:example_complex
[2026-03-24T12:08:50.490+0000] {logging_mixin.py:190} INFO - [2026-03-24T12:08:50.490+0000] {override.py:1930} INFO - Created Permission View: can read on DAG:example_complex
[2026-03-24T12:08:50.513+0000] {logging_mixin.py:190} INFO - [2026-03-24T12:08:50.512+0000] {override.py:1930} INFO - Created Permission View: can delete on DAG Run:example_complex
[2026-03-24T12:08:50.525+0000] {logging_mixin.py:190} INFO - [2026-03-24T12:08:50.524+0000] {override.py:1930} INFO - Created Permission View: can create on DAG Run:example_complex
[2026-03-24T12:08:50.536+0000] {logging_mixin.py:190} INFO - [2026-03-24T12:08:50.536+0000] {override.py:1930} INFO - Created Permission View: can read on DAG Run:example_complex
[2026-03-24T12:08:50.546+0000] {logging_mixin.py:190} INFO - [2026-03-24T12:08:50.546+0000] {override.py:1930} INFO - Created Permission View: menu access on DAG Run:example_complex
[2026-03-24T12:08:50.547+0000] {logging_mixin.py:190} INFO - [2026-03-24T12:08:50.547+0000] {dag.py:3239} INFO - Sync 1 DAGs
[2026-03-24T12:08:50.560+0000] {logging_mixin.py:190} INFO - [2026-03-24T12:08:50.560+0000] {dag.py:3262} INFO - Creating ORM DAG for example_complex
[2026-03-24T12:08:50.561+0000] {logging_mixin.py:190} INFO - [2026-03-24T12:08:50.561+0000] {dag.py:4180} INFO - Setting next_dagrun for example_complex to None, run_after=None
[2026-03-24T12:08:50.583+0000] {processor.py:208} INFO - Processing /home/rohit/ireland-rent-tracker/venv/lib/python3.12/site-packages/airflow/example_dags/example_complex.py took 0.283 seconds
[2026-03-24T12:10:02.821+0000] {processor.py:186} INFO - Started process (PID=46689) to work on /home/rohit/ireland-rent-tracker/venv/lib/python3.12/site-packages/airflow/example_dags/example_complex.py
[2026-03-24T12:10:02.826+0000] {processor.py:914} INFO - Processing file /home/rohit/ireland-rent-tracker/venv/lib/python3.12/site-packages/airflow/example_dags/example_complex.py for tasks to queue
[2026-03-24T12:10:02.829+0000] {logging_mixin.py:190} INFO - [2026-03-24T12:10:02.828+0000] {dagbag.py:588} INFO - Filling up the DagBag from /home/rohit/ireland-rent-tracker/venv/lib/python3.12/site-packages/airflow/example_dags/example_complex.py
[2026-03-24T12:10:02.845+0000] {processor.py:925} INFO - DAG(s) 'example_complex' retrieved from /home/rohit/ireland-rent-tracker/venv/lib/python3.12/site-packages/airflow/example_dags/example_complex.py
[2026-03-24T12:10:02.890+0000] {logging_mixin.py:190} INFO - [2026-03-24T12:10:02.889+0000] {dag.py:3239} INFO - Sync 1 DAGs
[2026-03-24T12:10:02.915+0000] {logging_mixin.py:190} INFO - [2026-03-24T12:10:02.915+0000] {dag.py:4180} INFO - Setting next_dagrun for example_complex to None, run_after=None
[2026-03-24T12:10:02.947+0000] {processor.py:208} INFO - Processing /home/rohit/ireland-rent-tracker/venv/lib/python3.12/site-packages/airflow/example_dags/example_complex.py took 0.134 seconds
