[2026-03-24T12:05:45.791+0000] {processor.py:186} INFO - Started process (PID=45554) to work on /home/rohit/ireland-rent-tracker/venv/lib/python3.12/site-packages/airflow/example_dags/example_local_kubernetes_executor.py
[2026-03-24T12:05:45.792+0000] {processor.py:914} INFO - Processing file /home/rohit/ireland-rent-tracker/venv/lib/python3.12/site-packages/airflow/example_dags/example_local_kubernetes_executor.py for tasks to queue
[2026-03-24T12:05:45.795+0000] {logging_mixin.py:190} INFO - [2026-03-24T12:05:45.795+0000] {dagbag.py:588} INFO - Filling up the DagBag from /home/rohit/ireland-rent-tracker/venv/lib/python3.12/site-packages/airflow/example_dags/example_local_kubernetes_executor.py
[2026-03-24T12:05:45.802+0000] {logging_mixin.py:190} INFO - [2026-03-24T12:05:45.801+0000] {example_local_kubernetes_executor.py:40} WARNING - Could not import DAGs in example_local_kubernetes_executor.py
Traceback (most recent call last):
  File "/home/rohit/ireland-rent-tracker/venv/lib/python3.12/site-packages/airflow/example_dags/example_local_kubernetes_executor.py", line 38, in <module>
    from kubernetes.client import models as k8s
ModuleNotFoundError: No module named 'kubernetes'
[2026-03-24T12:05:45.803+0000] {logging_mixin.py:190} INFO - [2026-03-24T12:05:45.803+0000] {example_local_kubernetes_executor.py:41} WARNING - Install Kubernetes dependencies with: pip install apache-airflow[cncf.kubernetes]
[2026-03-24T12:05:45.804+0000] {processor.py:927} WARNING - No viable dags retrieved from /home/rohit/ireland-rent-tracker/venv/lib/python3.12/site-packages/airflow/example_dags/example_local_kubernetes_executor.py
[2026-03-24T12:05:45.823+0000] {processor.py:208} INFO - Processing /home/rohit/ireland-rent-tracker/venv/lib/python3.12/site-packages/airflow/example_dags/example_local_kubernetes_executor.py took 0.042 seconds
[2026-03-24T12:06:49.137+0000] {processor.py:186} INFO - Started process (PID=45712) to work on /home/rohit/ireland-rent-tracker/venv/lib/python3.12/site-packages/airflow/example_dags/example_local_kubernetes_executor.py
[2026-03-24T12:06:49.139+0000] {processor.py:914} INFO - Processing file /home/rohit/ireland-rent-tracker/venv/lib/python3.12/site-packages/airflow/example_dags/example_local_kubernetes_executor.py for tasks to queue
[2026-03-24T12:06:49.142+0000] {logging_mixin.py:190} INFO - [2026-03-24T12:06:49.141+0000] {dagbag.py:588} INFO - Filling up the DagBag from /home/rohit/ireland-rent-tracker/venv/lib/python3.12/site-packages/airflow/example_dags/example_local_kubernetes_executor.py
[2026-03-24T12:06:49.146+0000] {logging_mixin.py:190} INFO - [2026-03-24T12:06:49.145+0000] {example_local_kubernetes_executor.py:40} WARNING - Could not import DAGs in example_local_kubernetes_executor.py
Traceback (most recent call last):
  File "/home/rohit/ireland-rent-tracker/venv/lib/python3.12/site-packages/airflow/example_dags/example_local_kubernetes_executor.py", line 38, in <module>
    from kubernetes.client import models as k8s
ModuleNotFoundError: No module named 'kubernetes'
[2026-03-24T12:06:49.146+0000] {logging_mixin.py:190} INFO - [2026-03-24T12:06:49.146+0000] {example_local_kubernetes_executor.py:41} WARNING - Install Kubernetes dependencies with: pip install apache-airflow[cncf.kubernetes]
[2026-03-24T12:06:49.146+0000] {processor.py:927} WARNING - No viable dags retrieved from /home/rohit/ireland-rent-tracker/venv/lib/python3.12/site-packages/airflow/example_dags/example_local_kubernetes_executor.py
[2026-03-24T12:06:49.157+0000] {processor.py:208} INFO - Processing /home/rohit/ireland-rent-tracker/venv/lib/python3.12/site-packages/airflow/example_dags/example_local_kubernetes_executor.py took 0.025 seconds
[2026-03-24T12:07:47.356+0000] {processor.py:186} INFO - Started process (PID=45912) to work on /home/rohit/ireland-rent-tracker/venv/lib/python3.12/site-packages/airflow/example_dags/example_local_kubernetes_executor.py
[2026-03-24T12:07:47.358+0000] {processor.py:914} INFO - Processing file /home/rohit/ireland-rent-tracker/venv/lib/python3.12/site-packages/airflow/example_dags/example_local_kubernetes_executor.py for tasks to queue
[2026-03-24T12:07:47.361+0000] {logging_mixin.py:190} INFO - [2026-03-24T12:07:47.360+0000] {dagbag.py:588} INFO - Filling up the DagBag from /home/rohit/ireland-rent-tracker/venv/lib/python3.12/site-packages/airflow/example_dags/example_local_kubernetes_executor.py
[2026-03-24T12:07:47.364+0000] {logging_mixin.py:190} INFO - [2026-03-24T12:07:47.363+0000] {example_local_kubernetes_executor.py:40} WARNING - Could not import DAGs in example_local_kubernetes_executor.py
Traceback (most recent call last):
  File "/home/rohit/ireland-rent-tracker/venv/lib/python3.12/site-packages/airflow/example_dags/example_local_kubernetes_executor.py", line 38, in <module>
    from kubernetes.client import models as k8s
ModuleNotFoundError: No module named 'kubernetes'
[2026-03-24T12:07:47.364+0000] {logging_mixin.py:190} INFO - [2026-03-24T12:07:47.364+0000] {example_local_kubernetes_executor.py:41} WARNING - Install Kubernetes dependencies with: pip install apache-airflow[cncf.kubernetes]
[2026-03-24T12:07:47.365+0000] {processor.py:927} WARNING - No viable dags retrieved from /home/rohit/ireland-rent-tracker/venv/lib/python3.12/site-packages/airflow/example_dags/example_local_kubernetes_executor.py
[2026-03-24T12:07:47.379+0000] {processor.py:208} INFO - Processing /home/rohit/ireland-rent-tracker/venv/lib/python3.12/site-packages/airflow/example_dags/example_local_kubernetes_executor.py took 0.027 seconds
[2026-03-24T12:09:03.199+0000] {processor.py:186} INFO - Started process (PID=46370) to work on /home/rohit/ireland-rent-tracker/venv/lib/python3.12/site-packages/airflow/example_dags/example_local_kubernetes_executor.py
[2026-03-24T12:09:03.204+0000] {processor.py:914} INFO - Processing file /home/rohit/ireland-rent-tracker/venv/lib/python3.12/site-packages/airflow/example_dags/example_local_kubernetes_executor.py for tasks to queue
[2026-03-24T12:09:03.207+0000] {logging_mixin.py:190} INFO - [2026-03-24T12:09:03.206+0000] {dagbag.py:588} INFO - Filling up the DagBag from /home/rohit/ireland-rent-tracker/venv/lib/python3.12/site-packages/airflow/example_dags/example_local_kubernetes_executor.py
[2026-03-24T12:09:03.213+0000] {logging_mixin.py:190} INFO - [2026-03-24T12:09:03.212+0000] {example_local_kubernetes_executor.py:40} WARNING - Could not import DAGs in example_local_kubernetes_executor.py
Traceback (most recent call last):
  File "/home/rohit/ireland-rent-tracker/venv/lib/python3.12/site-packages/airflow/example_dags/example_local_kubernetes_executor.py", line 38, in <module>
    from kubernetes.client import models as k8s
ModuleNotFoundError: No module named 'kubernetes'
[2026-03-24T12:09:03.213+0000] {logging_mixin.py:190} INFO - [2026-03-24T12:09:03.213+0000] {example_local_kubernetes_executor.py:41} WARNING - Install Kubernetes dependencies with: pip install apache-airflow[cncf.kubernetes]
[2026-03-24T12:09:03.214+0000] {processor.py:927} WARNING - No viable dags retrieved from /home/rohit/ireland-rent-tracker/venv/lib/python3.12/site-packages/airflow/example_dags/example_local_kubernetes_executor.py
[2026-03-24T12:09:03.234+0000] {processor.py:208} INFO - Processing /home/rohit/ireland-rent-tracker/venv/lib/python3.12/site-packages/airflow/example_dags/example_local_kubernetes_executor.py took 0.040 seconds
[2026-03-24T12:10:07.784+0000] {processor.py:186} INFO - Started process (PID=46695) to work on /home/rohit/ireland-rent-tracker/venv/lib/python3.12/site-packages/airflow/example_dags/example_local_kubernetes_executor.py
[2026-03-24T12:10:07.788+0000] {processor.py:914} INFO - Processing file /home/rohit/ireland-rent-tracker/venv/lib/python3.12/site-packages/airflow/example_dags/example_local_kubernetes_executor.py for tasks to queue
[2026-03-24T12:10:07.791+0000] {logging_mixin.py:190} INFO - [2026-03-24T12:10:07.791+0000] {dagbag.py:588} INFO - Filling up the DagBag from /home/rohit/ireland-rent-tracker/venv/lib/python3.12/site-packages/airflow/example_dags/example_local_kubernetes_executor.py
[2026-03-24T12:10:07.796+0000] {logging_mixin.py:190} INFO - [2026-03-24T12:10:07.794+0000] {example_local_kubernetes_executor.py:40} WARNING - Could not import DAGs in example_local_kubernetes_executor.py
Traceback (most recent call last):
  File "/home/rohit/ireland-rent-tracker/venv/lib/python3.12/site-packages/airflow/example_dags/example_local_kubernetes_executor.py", line 38, in <module>
    from kubernetes.client import models as k8s
ModuleNotFoundError: No module named 'kubernetes'
[2026-03-24T12:10:07.796+0000] {logging_mixin.py:190} INFO - [2026-03-24T12:10:07.796+0000] {example_local_kubernetes_executor.py:41} WARNING - Install Kubernetes dependencies with: pip install apache-airflow[cncf.kubernetes]
[2026-03-24T12:10:07.797+0000] {processor.py:927} WARNING - No viable dags retrieved from /home/rohit/ireland-rent-tracker/venv/lib/python3.12/site-packages/airflow/example_dags/example_local_kubernetes_executor.py
[2026-03-24T12:10:07.810+0000] {processor.py:208} INFO - Processing /home/rohit/ireland-rent-tracker/venv/lib/python3.12/site-packages/airflow/example_dags/example_local_kubernetes_executor.py took 0.032 seconds
[2026-03-24T12:11:03.850+0000] {processor.py:186} INFO - Started process (PID=46793) to work on /home/rohit/ireland-rent-tracker/venv/lib/python3.12/site-packages/airflow/example_dags/example_local_kubernetes_executor.py
[2026-03-24T12:11:03.854+0000] {processor.py:914} INFO - Processing file /home/rohit/ireland-rent-tracker/venv/lib/python3.12/site-packages/airflow/example_dags/example_local_kubernetes_executor.py for tasks to queue
[2026-03-24T12:11:03.857+0000] {logging_mixin.py:190} INFO - [2026-03-24T12:11:03.856+0000] {dagbag.py:588} INFO - Filling up the DagBag from /home/rohit/ireland-rent-tracker/venv/lib/python3.12/site-packages/airflow/example_dags/example_local_kubernetes_executor.py
[2026-03-24T12:11:03.860+0000] {logging_mixin.py:190} INFO - [2026-03-24T12:11:03.859+0000] {example_local_kubernetes_executor.py:40} WARNING - Could not import DAGs in example_local_kubernetes_executor.py
Traceback (most recent call last):
  File "/home/rohit/ireland-rent-tracker/venv/lib/python3.12/site-packages/airflow/example_dags/example_local_kubernetes_executor.py", line 38, in <module>
    from kubernetes.client import models as k8s
ModuleNotFoundError: No module named 'kubernetes'
[2026-03-24T12:11:03.860+0000] {logging_mixin.py:190} INFO - [2026-03-24T12:11:03.860+0000] {example_local_kubernetes_executor.py:41} WARNING - Install Kubernetes dependencies with: pip install apache-airflow[cncf.kubernetes]
[2026-03-24T12:11:03.861+0000] {processor.py:927} WARNING - No viable dags retrieved from /home/rohit/ireland-rent-tracker/venv/lib/python3.12/site-packages/airflow/example_dags/example_local_kubernetes_executor.py
[2026-03-24T12:11:03.872+0000] {processor.py:208} INFO - Processing /home/rohit/ireland-rent-tracker/venv/lib/python3.12/site-packages/airflow/example_dags/example_local_kubernetes_executor.py took 0.029 seconds
