[2026-03-24T12:05:37.768+0000] {processor.py:186} INFO - Started process (PID=45544) to work on /home/rohit/ireland-rent-tracker/venv/lib/python3.12/site-packages/airflow/example_dags/example_display_name.py
[2026-03-24T12:05:37.769+0000] {processor.py:914} INFO - Processing file /home/rohit/ireland-rent-tracker/venv/lib/python3.12/site-packages/airflow/example_dags/example_display_name.py for tasks to queue
[2026-03-24T12:05:37.771+0000] {logging_mixin.py:190} INFO - [2026-03-24T12:05:37.771+0000] {dagbag.py:588} INFO - Filling up the DagBag from /home/rohit/ireland-rent-tracker/venv/lib/python3.12/site-packages/airflow/example_dags/example_display_name.py
[2026-03-24T12:05:37.780+0000] {processor.py:925} INFO - DAG(s) 'example_display_name' retrieved from /home/rohit/ireland-rent-tracker/venv/lib/python3.12/site-packages/airflow/example_dags/example_display_name.py
[2026-03-24T12:05:37.888+0000] {logging_mixin.py:190} INFO - [2026-03-24T12:05:37.887+0000] {override.py:1930} INFO - Created Permission View: can delete on DAG:example_display_name
[2026-03-24T12:05:37.904+0000] {logging_mixin.py:190} INFO - [2026-03-24T12:05:37.903+0000] {override.py:1930} INFO - Created Permission View: can edit on DAG:example_display_name
[2026-03-24T12:05:37.916+0000] {logging_mixin.py:190} INFO - [2026-03-24T12:05:37.916+0000] {override.py:1930} INFO - Created Permission View: can read on DAG:example_display_name
[2026-03-24T12:05:37.937+0000] {logging_mixin.py:190} INFO - [2026-03-24T12:05:37.937+0000] {override.py:1930} INFO - Created Permission View: can delete on DAG Run:example_display_name
[2026-03-24T12:05:37.957+0000] {logging_mixin.py:190} INFO - [2026-03-24T12:05:37.956+0000] {override.py:1930} INFO - Created Permission View: can create on DAG Run:example_display_name
[2026-03-24T12:05:37.968+0000] {logging_mixin.py:190} INFO - [2026-03-24T12:05:37.967+0000] {override.py:1930} INFO - Created Permission View: can read on DAG Run:example_display_name
[2026-03-24T12:05:37.979+0000] {logging_mixin.py:190} INFO - [2026-03-24T12:05:37.979+0000] {override.py:1930} INFO - Created Permission View: menu access on DAG Run:example_display_name
[2026-03-24T12:05:37.980+0000] {logging_mixin.py:190} INFO - [2026-03-24T12:05:37.979+0000] {dag.py:3239} INFO - Sync 1 DAGs
[2026-03-24T12:05:37.990+0000] {logging_mixin.py:190} INFO - [2026-03-24T12:05:37.990+0000] {dag.py:3262} INFO - Creating ORM DAG for example_display_name
[2026-03-24T12:05:37.991+0000] {logging_mixin.py:190} INFO - [2026-03-24T12:05:37.990+0000] {dag.py:4180} INFO - Setting next_dagrun for example_display_name to None, run_after=None
[2026-03-24T12:05:38.013+0000] {processor.py:208} INFO - Processing /home/rohit/ireland-rent-tracker/venv/lib/python3.12/site-packages/airflow/example_dags/example_display_name.py took 0.253 seconds
[2026-03-24T12:06:43.268+0000] {processor.py:186} INFO - Started process (PID=45700) to work on /home/rohit/ireland-rent-tracker/venv/lib/python3.12/site-packages/airflow/example_dags/example_display_name.py
[2026-03-24T12:06:43.269+0000] {processor.py:914} INFO - Processing file /home/rohit/ireland-rent-tracker/venv/lib/python3.12/site-packages/airflow/example_dags/example_display_name.py for tasks to queue
[2026-03-24T12:06:43.271+0000] {logging_mixin.py:190} INFO - [2026-03-24T12:06:43.271+0000] {dagbag.py:588} INFO - Filling up the DagBag from /home/rohit/ireland-rent-tracker/venv/lib/python3.12/site-packages/airflow/example_dags/example_display_name.py
[2026-03-24T12:06:43.282+0000] {processor.py:925} INFO - DAG(s) 'example_display_name' retrieved from /home/rohit/ireland-rent-tracker/venv/lib/python3.12/site-packages/airflow/example_dags/example_display_name.py
[2026-03-24T12:06:43.301+0000] {logging_mixin.py:190} INFO - [2026-03-24T12:06:43.301+0000] {dag.py:3239} INFO - Sync 1 DAGs
[2026-03-24T12:06:43.316+0000] {logging_mixin.py:190} INFO - [2026-03-24T12:06:43.315+0000] {dag.py:4180} INFO - Setting next_dagrun for example_display_name to None, run_after=None
[2026-03-24T12:06:43.340+0000] {processor.py:208} INFO - Processing /home/rohit/ireland-rent-tracker/venv/lib/python3.12/site-packages/airflow/example_dags/example_display_name.py took 0.078 seconds
[2026-03-24T12:07:37.179+0000] {processor.py:186} INFO - Started process (PID=45900) to work on /home/rohit/ireland-rent-tracker/venv/lib/python3.12/site-packages/airflow/example_dags/example_display_name.py
[2026-03-24T12:07:37.181+0000] {processor.py:914} INFO - Processing file /home/rohit/ireland-rent-tracker/venv/lib/python3.12/site-packages/airflow/example_dags/example_display_name.py for tasks to queue
[2026-03-24T12:07:37.183+0000] {logging_mixin.py:190} INFO - [2026-03-24T12:07:37.183+0000] {dagbag.py:588} INFO - Filling up the DagBag from /home/rohit/ireland-rent-tracker/venv/lib/python3.12/site-packages/airflow/example_dags/example_display_name.py
[2026-03-24T12:07:37.194+0000] {processor.py:925} INFO - DAG(s) 'example_display_name' retrieved from /home/rohit/ireland-rent-tracker/venv/lib/python3.12/site-packages/airflow/example_dags/example_display_name.py
[2026-03-24T12:07:37.212+0000] {logging_mixin.py:190} INFO - [2026-03-24T12:07:37.212+0000] {dag.py:3239} INFO - Sync 1 DAGs
[2026-03-24T12:07:37.225+0000] {logging_mixin.py:190} INFO - [2026-03-24T12:07:37.225+0000] {dag.py:4180} INFO - Setting next_dagrun for example_display_name to None, run_after=None
[2026-03-24T12:07:37.250+0000] {processor.py:208} INFO - Processing /home/rohit/ireland-rent-tracker/venv/lib/python3.12/site-packages/airflow/example_dags/example_display_name.py took 0.075 seconds
[2026-03-24T12:08:37.119+0000] {processor.py:186} INFO - Started process (PID=46146) to work on /home/rohit/ireland-rent-tracker/venv/lib/python3.12/site-packages/airflow/example_dags/example_display_name.py
[2026-03-24T12:08:37.121+0000] {processor.py:914} INFO - Processing file /home/rohit/ireland-rent-tracker/venv/lib/python3.12/site-packages/airflow/example_dags/example_display_name.py for tasks to queue
[2026-03-24T12:08:37.125+0000] {logging_mixin.py:190} INFO - [2026-03-24T12:08:37.124+0000] {dagbag.py:588} INFO - Filling up the DagBag from /home/rohit/ireland-rent-tracker/venv/lib/python3.12/site-packages/airflow/example_dags/example_display_name.py
[2026-03-24T12:08:37.136+0000] {processor.py:925} INFO - DAG(s) 'example_display_name' retrieved from /home/rohit/ireland-rent-tracker/venv/lib/python3.12/site-packages/airflow/example_dags/example_display_name.py
[2026-03-24T12:08:37.374+0000] {logging_mixin.py:190} INFO - [2026-03-24T12:08:37.374+0000] {override.py:1930} INFO - Created Permission View: can delete on DAG:example_display_name
[2026-03-24T12:08:37.413+0000] {logging_mixin.py:190} INFO - [2026-03-24T12:08:37.413+0000] {override.py:1930} INFO - Created Permission View: can edit on DAG:example_display_name
[2026-03-24T12:08:37.471+0000] {logging_mixin.py:190} INFO - [2026-03-24T12:08:37.470+0000] {override.py:1930} INFO - Created Permission View: can read on DAG:example_display_name
[2026-03-24T12:08:37.589+0000] {logging_mixin.py:190} INFO - [2026-03-24T12:08:37.589+0000] {override.py:1930} INFO - Created Permission View: can delete on DAG Run:example_display_name
[2026-03-24T12:08:37.636+0000] {logging_mixin.py:190} INFO - [2026-03-24T12:08:37.636+0000] {override.py:1930} INFO - Created Permission View: can create on DAG Run:example_display_name
[2026-03-24T12:08:37.657+0000] {logging_mixin.py:190} INFO - [2026-03-24T12:08:37.656+0000] {override.py:1930} INFO - Created Permission View: can read on DAG Run:example_display_name
[2026-03-24T12:08:37.668+0000] {logging_mixin.py:190} INFO - [2026-03-24T12:08:37.668+0000] {override.py:1930} INFO - Created Permission View: menu access on DAG Run:example_display_name
[2026-03-24T12:08:37.668+0000] {logging_mixin.py:190} INFO - [2026-03-24T12:08:37.668+0000] {dag.py:3239} INFO - Sync 1 DAGs
[2026-03-24T12:08:37.684+0000] {logging_mixin.py:190} INFO - [2026-03-24T12:08:37.683+0000] {dag.py:3262} INFO - Creating ORM DAG for example_display_name
[2026-03-24T12:08:37.684+0000] {logging_mixin.py:190} INFO - [2026-03-24T12:08:37.684+0000] {dag.py:4180} INFO - Setting next_dagrun for example_display_name to None, run_after=None
[2026-03-24T12:08:37.798+0000] {processor.py:208} INFO - Processing /home/rohit/ireland-rent-tracker/venv/lib/python3.12/site-packages/airflow/example_dags/example_display_name.py took 0.685 seconds
[2026-03-24T12:09:53.826+0000] {processor.py:186} INFO - Started process (PID=46572) to work on /home/rohit/ireland-rent-tracker/venv/lib/python3.12/site-packages/airflow/example_dags/example_display_name.py
[2026-03-24T12:09:53.828+0000] {processor.py:914} INFO - Processing file /home/rohit/ireland-rent-tracker/venv/lib/python3.12/site-packages/airflow/example_dags/example_display_name.py for tasks to queue
[2026-03-24T12:09:53.832+0000] {logging_mixin.py:190} INFO - [2026-03-24T12:09:53.831+0000] {dagbag.py:588} INFO - Filling up the DagBag from /home/rohit/ireland-rent-tracker/venv/lib/python3.12/site-packages/airflow/example_dags/example_display_name.py
[2026-03-24T12:09:53.845+0000] {processor.py:925} INFO - DAG(s) 'example_display_name' retrieved from /home/rohit/ireland-rent-tracker/venv/lib/python3.12/site-packages/airflow/example_dags/example_display_name.py
[2026-03-24T12:09:53.869+0000] {logging_mixin.py:190} INFO - [2026-03-24T12:09:53.869+0000] {dag.py:3239} INFO - Sync 1 DAGs
[2026-03-24T12:09:53.893+0000] {logging_mixin.py:190} INFO - [2026-03-24T12:09:53.893+0000] {dag.py:4180} INFO - Setting next_dagrun for example_display_name to None, run_after=None
[2026-03-24T12:09:53.925+0000] {processor.py:208} INFO - Processing /home/rohit/ireland-rent-tracker/venv/lib/python3.12/site-packages/airflow/example_dags/example_display_name.py took 0.112 seconds
[2026-03-24T12:10:52.951+0000] {processor.py:186} INFO - Started process (PID=46772) to work on /home/rohit/ireland-rent-tracker/venv/lib/python3.12/site-packages/airflow/example_dags/example_display_name.py
[2026-03-24T12:10:52.952+0000] {processor.py:914} INFO - Processing file /home/rohit/ireland-rent-tracker/venv/lib/python3.12/site-packages/airflow/example_dags/example_display_name.py for tasks to queue
[2026-03-24T12:10:52.955+0000] {logging_mixin.py:190} INFO - [2026-03-24T12:10:52.954+0000] {dagbag.py:588} INFO - Filling up the DagBag from /home/rohit/ireland-rent-tracker/venv/lib/python3.12/site-packages/airflow/example_dags/example_display_name.py
[2026-03-24T12:10:52.963+0000] {processor.py:925} INFO - DAG(s) 'example_display_name' retrieved from /home/rohit/ireland-rent-tracker/venv/lib/python3.12/site-packages/airflow/example_dags/example_display_name.py
[2026-03-24T12:10:52.980+0000] {logging_mixin.py:190} INFO - [2026-03-24T12:10:52.980+0000] {dag.py:3239} INFO - Sync 1 DAGs
[2026-03-24T12:10:52.995+0000] {logging_mixin.py:190} INFO - [2026-03-24T12:10:52.994+0000] {dag.py:4180} INFO - Setting next_dagrun for example_display_name to None, run_after=None
[2026-03-24T12:10:53.018+0000] {processor.py:208} INFO - Processing /home/rohit/ireland-rent-tracker/venv/lib/python3.12/site-packages/airflow/example_dags/example_display_name.py took 0.073 seconds
