[2026-03-24T12:06:01.826+0000] {processor.py:186} INFO - Started process (PID=45650) to work on /home/rohit/ireland-rent-tracker/venv/lib/python3.12/site-packages/airflow/example_dags/example_bash_decorator.py
[2026-03-24T12:06:01.829+0000] {processor.py:914} INFO - Processing file /home/rohit/ireland-rent-tracker/venv/lib/python3.12/site-packages/airflow/example_dags/example_bash_decorator.py for tasks to queue
[2026-03-24T12:06:01.834+0000] {logging_mixin.py:190} INFO - [2026-03-24T12:06:01.833+0000] {dagbag.py:588} INFO - Filling up the DagBag from /home/rohit/ireland-rent-tracker/venv/lib/python3.12/site-packages/airflow/example_dags/example_bash_decorator.py
[2026-03-24T12:06:01.855+0000] {processor.py:925} INFO - DAG(s) 'example_bash_decorator' retrieved from /home/rohit/ireland-rent-tracker/venv/lib/python3.12/site-packages/airflow/example_dags/example_bash_decorator.py
[2026-03-24T12:06:02.008+0000] {logging_mixin.py:190} INFO - [2026-03-24T12:06:02.007+0000] {override.py:1930} INFO - Created Permission View: can delete on DAG:example_bash_decorator
[2026-03-24T12:06:02.025+0000] {logging_mixin.py:190} INFO - [2026-03-24T12:06:02.024+0000] {override.py:1930} INFO - Created Permission View: can edit on DAG:example_bash_decorator
[2026-03-24T12:06:02.037+0000] {logging_mixin.py:190} INFO - [2026-03-24T12:06:02.037+0000] {override.py:1930} INFO - Created Permission View: can read on DAG:example_bash_decorator
[2026-03-24T12:06:02.061+0000] {logging_mixin.py:190} INFO - [2026-03-24T12:06:02.061+0000] {override.py:1930} INFO - Created Permission View: can delete on DAG Run:example_bash_decorator
[2026-03-24T12:06:02.074+0000] {logging_mixin.py:190} INFO - [2026-03-24T12:06:02.074+0000] {override.py:1930} INFO - Created Permission View: can create on DAG Run:example_bash_decorator
[2026-03-24T12:06:02.087+0000] {logging_mixin.py:190} INFO - [2026-03-24T12:06:02.086+0000] {override.py:1930} INFO - Created Permission View: can read on DAG Run:example_bash_decorator
[2026-03-24T12:06:02.101+0000] {logging_mixin.py:190} INFO - [2026-03-24T12:06:02.100+0000] {override.py:1930} INFO - Created Permission View: menu access on DAG Run:example_bash_decorator
[2026-03-24T12:06:02.101+0000] {logging_mixin.py:190} INFO - [2026-03-24T12:06:02.101+0000] {dag.py:3239} INFO - Sync 1 DAGs
[2026-03-24T12:06:02.117+0000] {logging_mixin.py:190} INFO - [2026-03-24T12:06:02.117+0000] {dag.py:3262} INFO - Creating ORM DAG for example_bash_decorator
[2026-03-24T12:06:02.118+0000] {logging_mixin.py:190} INFO - [2026-03-24T12:06:02.117+0000] {dag.py:4180} INFO - Setting next_dagrun for example_bash_decorator to None, run_after=None
[2026-03-24T12:06:02.142+0000] {processor.py:208} INFO - Processing /home/rohit/ireland-rent-tracker/venv/lib/python3.12/site-packages/airflow/example_dags/example_bash_decorator.py took 0.331 seconds
[2026-03-24T12:07:05.024+0000] {processor.py:186} INFO - Started process (PID=45737) to work on /home/rohit/ireland-rent-tracker/venv/lib/python3.12/site-packages/airflow/example_dags/example_bash_decorator.py
[2026-03-24T12:07:05.026+0000] {processor.py:914} INFO - Processing file /home/rohit/ireland-rent-tracker/venv/lib/python3.12/site-packages/airflow/example_dags/example_bash_decorator.py for tasks to queue
[2026-03-24T12:07:05.028+0000] {logging_mixin.py:190} INFO - [2026-03-24T12:07:05.028+0000] {dagbag.py:588} INFO - Filling up the DagBag from /home/rohit/ireland-rent-tracker/venv/lib/python3.12/site-packages/airflow/example_dags/example_bash_decorator.py
[2026-03-24T12:07:05.044+0000] {processor.py:925} INFO - DAG(s) 'example_bash_decorator' retrieved from /home/rohit/ireland-rent-tracker/venv/lib/python3.12/site-packages/airflow/example_dags/example_bash_decorator.py
[2026-03-24T12:07:05.066+0000] {logging_mixin.py:190} INFO - [2026-03-24T12:07:05.066+0000] {dag.py:3239} INFO - Sync 1 DAGs
[2026-03-24T12:07:05.081+0000] {logging_mixin.py:190} INFO - [2026-03-24T12:07:05.080+0000] {dag.py:4180} INFO - Setting next_dagrun for example_bash_decorator to None, run_after=None
[2026-03-24T12:07:05.113+0000] {processor.py:208} INFO - Processing /home/rohit/ireland-rent-tracker/venv/lib/python3.12/site-packages/airflow/example_dags/example_bash_decorator.py took 0.094 seconds
[2026-03-24T12:08:01.284+0000] {processor.py:186} INFO - Started process (PID=45974) to work on /home/rohit/ireland-rent-tracker/venv/lib/python3.12/site-packages/airflow/example_dags/example_bash_decorator.py
[2026-03-24T12:08:01.287+0000] {processor.py:914} INFO - Processing file /home/rohit/ireland-rent-tracker/venv/lib/python3.12/site-packages/airflow/example_dags/example_bash_decorator.py for tasks to queue
[2026-03-24T12:08:01.291+0000] {logging_mixin.py:190} INFO - [2026-03-24T12:08:01.291+0000] {dagbag.py:588} INFO - Filling up the DagBag from /home/rohit/ireland-rent-tracker/venv/lib/python3.12/site-packages/airflow/example_dags/example_bash_decorator.py
[2026-03-24T12:08:01.314+0000] {processor.py:925} INFO - DAG(s) 'example_bash_decorator' retrieved from /home/rohit/ireland-rent-tracker/venv/lib/python3.12/site-packages/airflow/example_dags/example_bash_decorator.py
[2026-03-24T12:08:01.466+0000] {logging_mixin.py:190} INFO - [2026-03-24T12:08:01.465+0000] {override.py:1930} INFO - Created Permission View: can delete on DAG:example_bash_decorator
[2026-03-24T12:08:01.486+0000] {logging_mixin.py:190} INFO - [2026-03-24T12:08:01.485+0000] {override.py:1930} INFO - Created Permission View: can edit on DAG:example_bash_decorator
[2026-03-24T12:08:01.499+0000] {logging_mixin.py:190} INFO - [2026-03-24T12:08:01.499+0000] {override.py:1930} INFO - Created Permission View: can read on DAG:example_bash_decorator
[2026-03-24T12:08:01.521+0000] {logging_mixin.py:190} INFO - [2026-03-24T12:08:01.521+0000] {override.py:1930} INFO - Created Permission View: can delete on DAG Run:example_bash_decorator
[2026-03-24T12:08:01.539+0000] {logging_mixin.py:190} INFO - [2026-03-24T12:08:01.538+0000] {override.py:1930} INFO - Created Permission View: can create on DAG Run:example_bash_decorator
[2026-03-24T12:08:01.553+0000] {logging_mixin.py:190} INFO - [2026-03-24T12:08:01.553+0000] {override.py:1930} INFO - Created Permission View: can read on DAG Run:example_bash_decorator
[2026-03-24T12:08:01.569+0000] {logging_mixin.py:190} INFO - [2026-03-24T12:08:01.568+0000] {override.py:1930} INFO - Created Permission View: menu access on DAG Run:example_bash_decorator
[2026-03-24T12:08:01.569+0000] {logging_mixin.py:190} INFO - [2026-03-24T12:08:01.569+0000] {dag.py:3239} INFO - Sync 1 DAGs
[2026-03-24T12:08:01.582+0000] {logging_mixin.py:190} INFO - [2026-03-24T12:08:01.582+0000] {dag.py:3262} INFO - Creating ORM DAG for example_bash_decorator
[2026-03-24T12:08:01.582+0000] {logging_mixin.py:190} INFO - [2026-03-24T12:08:01.582+0000] {dag.py:4180} INFO - Setting next_dagrun for example_bash_decorator to None, run_after=None
[2026-03-24T12:08:01.604+0000] {processor.py:208} INFO - Processing /home/rohit/ireland-rent-tracker/venv/lib/python3.12/site-packages/airflow/example_dags/example_bash_decorator.py took 0.327 seconds
[2026-03-24T12:09:21.640+0000] {processor.py:186} INFO - Started process (PID=46430) to work on /home/rohit/ireland-rent-tracker/venv/lib/python3.12/site-packages/airflow/example_dags/example_bash_decorator.py
[2026-03-24T12:09:21.644+0000] {processor.py:914} INFO - Processing file /home/rohit/ireland-rent-tracker/venv/lib/python3.12/site-packages/airflow/example_dags/example_bash_decorator.py for tasks to queue
[2026-03-24T12:09:21.647+0000] {logging_mixin.py:190} INFO - [2026-03-24T12:09:21.647+0000] {dagbag.py:588} INFO - Filling up the DagBag from /home/rohit/ireland-rent-tracker/venv/lib/python3.12/site-packages/airflow/example_dags/example_bash_decorator.py
[2026-03-24T12:09:21.665+0000] {processor.py:925} INFO - DAG(s) 'example_bash_decorator' retrieved from /home/rohit/ireland-rent-tracker/venv/lib/python3.12/site-packages/airflow/example_dags/example_bash_decorator.py
[2026-03-24T12:09:21.692+0000] {logging_mixin.py:190} INFO - [2026-03-24T12:09:21.691+0000] {dag.py:3239} INFO - Sync 1 DAGs
[2026-03-24T12:09:21.711+0000] {logging_mixin.py:190} INFO - [2026-03-24T12:09:21.711+0000] {dag.py:4180} INFO - Setting next_dagrun for example_bash_decorator to None, run_after=None
[2026-03-24T12:09:21.743+0000] {processor.py:208} INFO - Processing /home/rohit/ireland-rent-tracker/venv/lib/python3.12/site-packages/airflow/example_dags/example_bash_decorator.py took 0.109 seconds
[2026-03-24T12:10:22.160+0000] {processor.py:186} INFO - Started process (PID=46715) to work on /home/rohit/ireland-rent-tracker/venv/lib/python3.12/site-packages/airflow/example_dags/example_bash_decorator.py
[2026-03-24T12:10:22.165+0000] {processor.py:914} INFO - Processing file /home/rohit/ireland-rent-tracker/venv/lib/python3.12/site-packages/airflow/example_dags/example_bash_decorator.py for tasks to queue
[2026-03-24T12:10:22.171+0000] {logging_mixin.py:190} INFO - [2026-03-24T12:10:22.170+0000] {dagbag.py:588} INFO - Filling up the DagBag from /home/rohit/ireland-rent-tracker/venv/lib/python3.12/site-packages/airflow/example_dags/example_bash_decorator.py
[2026-03-24T12:10:22.191+0000] {processor.py:925} INFO - DAG(s) 'example_bash_decorator' retrieved from /home/rohit/ireland-rent-tracker/venv/lib/python3.12/site-packages/airflow/example_dags/example_bash_decorator.py
[2026-03-24T12:10:22.211+0000] {logging_mixin.py:190} INFO - [2026-03-24T12:10:22.210+0000] {dag.py:3239} INFO - Sync 1 DAGs
[2026-03-24T12:10:22.227+0000] {logging_mixin.py:190} INFO - [2026-03-24T12:10:22.226+0000] {dag.py:4180} INFO - Setting next_dagrun for example_bash_decorator to None, run_after=None
[2026-03-24T12:10:22.256+0000] {processor.py:208} INFO - Processing /home/rohit/ireland-rent-tracker/venv/lib/python3.12/site-packages/airflow/example_dags/example_bash_decorator.py took 0.102 seconds
