[2026-03-24T12:05:49.320+0000] {processor.py:186} INFO - Started process (PID=45557) to work on /home/rohit/ireland-rent-tracker/venv/lib/python3.12/site-packages/airflow/example_dags/example_subdag_operator.py
[2026-03-24T12:05:49.321+0000] {processor.py:914} INFO - Processing file /home/rohit/ireland-rent-tracker/venv/lib/python3.12/site-packages/airflow/example_dags/example_subdag_operator.py for tasks to queue
[2026-03-24T12:05:49.325+0000] {logging_mixin.py:190} INFO - [2026-03-24T12:05:49.324+0000] {dagbag.py:588} INFO - Filling up the DagBag from /home/rohit/ireland-rent-tracker/venv/lib/python3.12/site-packages/airflow/example_dags/example_subdag_operator.py
[2026-03-24T12:05:49.358+0000] {processor.py:925} INFO - DAG(s) 'example_subdag_operator.section-1', 'example_subdag_operator.section-2', 'example_subdag_operator' retrieved from /home/rohit/ireland-rent-tracker/venv/lib/python3.12/site-packages/airflow/example_dags/example_subdag_operator.py
[2026-03-24T12:05:49.518+0000] {logging_mixin.py:190} INFO - [2026-03-24T12:05:49.517+0000] {override.py:1930} INFO - Created Permission View: can delete on DAG:example_subdag_operator
[2026-03-24T12:05:49.542+0000] {logging_mixin.py:190} INFO - [2026-03-24T12:05:49.541+0000] {override.py:1930} INFO - Created Permission View: can edit on DAG:example_subdag_operator
[2026-03-24T12:05:49.561+0000] {logging_mixin.py:190} INFO - [2026-03-24T12:05:49.560+0000] {override.py:1930} INFO - Created Permission View: can read on DAG:example_subdag_operator
[2026-03-24T12:05:49.588+0000] {logging_mixin.py:190} INFO - [2026-03-24T12:05:49.587+0000] {override.py:1930} INFO - Created Permission View: can delete on DAG Run:example_subdag_operator
[2026-03-24T12:05:49.614+0000] {logging_mixin.py:190} INFO - [2026-03-24T12:05:49.614+0000] {override.py:1930} INFO - Created Permission View: can create on DAG Run:example_subdag_operator
[2026-03-24T12:05:49.633+0000] {logging_mixin.py:190} INFO - [2026-03-24T12:05:49.633+0000] {override.py:1930} INFO - Created Permission View: can read on DAG Run:example_subdag_operator
[2026-03-24T12:05:49.648+0000] {logging_mixin.py:190} INFO - [2026-03-24T12:05:49.647+0000] {override.py:1930} INFO - Created Permission View: menu access on DAG Run:example_subdag_operator
[2026-03-24T12:05:49.648+0000] {logging_mixin.py:190} INFO - [2026-03-24T12:05:49.648+0000] {dag.py:3239} INFO - Sync 3 DAGs
[2026-03-24T12:05:49.662+0000] {logging_mixin.py:190} INFO - [2026-03-24T12:05:49.662+0000] {dag.py:3262} INFO - Creating ORM DAG for example_subdag_operator.section-2
[2026-03-24T12:05:49.663+0000] {logging_mixin.py:190} INFO - [2026-03-24T12:05:49.663+0000] {dag.py:3262} INFO - Creating ORM DAG for example_subdag_operator.section-1
[2026-03-24T12:05:49.663+0000] {logging_mixin.py:190} INFO - [2026-03-24T12:05:49.663+0000] {dag.py:3262} INFO - Creating ORM DAG for example_subdag_operator
[2026-03-24T12:05:49.673+0000] {logging_mixin.py:190} INFO - [2026-03-24T12:05:49.673+0000] {dag.py:4180} INFO - Setting next_dagrun for example_subdag_operator to 2022-01-01 00:00:00+00:00, run_after=2022-01-01 00:00:00+00:00
[2026-03-24T12:05:49.674+0000] {logging_mixin.py:190} INFO - [2026-03-24T12:05:49.674+0000] {dag.py:4180} INFO - Setting next_dagrun for example_subdag_operator.section-1 to None, run_after=None
[2026-03-24T12:05:49.674+0000] {logging_mixin.py:190} INFO - [2026-03-24T12:05:49.674+0000] {dag.py:4180} INFO - Setting next_dagrun for example_subdag_operator.section-2 to None, run_after=None
[2026-03-24T12:05:49.684+0000] {logging_mixin.py:190} INFO - [2026-03-24T12:05:49.684+0000] {dag.py:3239} INFO - Sync 2 DAGs
[2026-03-24T12:05:49.692+0000] {logging_mixin.py:190} INFO - [2026-03-24T12:05:49.691+0000] {dag.py:4180} INFO - Setting next_dagrun for example_subdag_operator.section-1 to None, run_after=None
[2026-03-24T12:05:49.696+0000] {logging_mixin.py:190} INFO - [2026-03-24T12:05:49.696+0000] {dag.py:4180} INFO - Setting next_dagrun for example_subdag_operator.section-2 to None, run_after=None
[2026-03-24T12:05:49.728+0000] {processor.py:208} INFO - Processing /home/rohit/ireland-rent-tracker/venv/lib/python3.12/site-packages/airflow/example_dags/example_subdag_operator.py took 0.415 seconds
[2026-03-24T12:06:56.622+0000] {processor.py:186} INFO - Started process (PID=45719) to work on /home/rohit/ireland-rent-tracker/venv/lib/python3.12/site-packages/airflow/example_dags/example_subdag_operator.py
[2026-03-24T12:06:56.627+0000] {processor.py:914} INFO - Processing file /home/rohit/ireland-rent-tracker/venv/lib/python3.12/site-packages/airflow/example_dags/example_subdag_operator.py for tasks to queue
[2026-03-24T12:06:56.629+0000] {logging_mixin.py:190} INFO - [2026-03-24T12:06:56.629+0000] {dagbag.py:588} INFO - Filling up the DagBag from /home/rohit/ireland-rent-tracker/venv/lib/python3.12/site-packages/airflow/example_dags/example_subdag_operator.py
[2026-03-24T12:06:56.666+0000] {processor.py:925} INFO - DAG(s) 'example_subdag_operator.section-1', 'example_subdag_operator.section-2', 'example_subdag_operator' retrieved from /home/rohit/ireland-rent-tracker/venv/lib/python3.12/site-packages/airflow/example_dags/example_subdag_operator.py
[2026-03-24T12:06:56.686+0000] {logging_mixin.py:190} INFO - [2026-03-24T12:06:56.686+0000] {dag.py:3239} INFO - Sync 3 DAGs
[2026-03-24T12:06:56.717+0000] {logging_mixin.py:190} INFO - [2026-03-24T12:06:56.716+0000] {dag.py:4180} INFO - Setting next_dagrun for example_subdag_operator to 2022-01-01 00:00:00+00:00, run_after=2022-01-01 00:00:00+00:00
[2026-03-24T12:06:56.722+0000] {logging_mixin.py:190} INFO - [2026-03-24T12:06:56.721+0000] {dag.py:4180} INFO - Setting next_dagrun for example_subdag_operator.section-1 to None, run_after=None
[2026-03-24T12:06:56.722+0000] {logging_mixin.py:190} INFO - [2026-03-24T12:06:56.722+0000] {dag.py:4180} INFO - Setting next_dagrun for example_subdag_operator.section-2 to None, run_after=None
[2026-03-24T12:06:56.729+0000] {logging_mixin.py:190} INFO - [2026-03-24T12:06:56.728+0000] {dag.py:3239} INFO - Sync 2 DAGs
[2026-03-24T12:06:56.733+0000] {logging_mixin.py:190} INFO - [2026-03-24T12:06:56.732+0000] {dag.py:4180} INFO - Setting next_dagrun for example_subdag_operator.section-1 to None, run_after=None
[2026-03-24T12:06:56.734+0000] {logging_mixin.py:190} INFO - [2026-03-24T12:06:56.734+0000] {dag.py:4180} INFO - Setting next_dagrun for example_subdag_operator.section-2 to None, run_after=None
[2026-03-24T12:06:56.763+0000] {processor.py:208} INFO - Processing /home/rohit/ireland-rent-tracker/venv/lib/python3.12/site-packages/airflow/example_dags/example_subdag_operator.py took 0.145 seconds
[2026-03-24T12:07:50.017+0000] {processor.py:186} INFO - Started process (PID=45915) to work on /home/rohit/ireland-rent-tracker/venv/lib/python3.12/site-packages/airflow/example_dags/example_subdag_operator.py
[2026-03-24T12:07:50.021+0000] {processor.py:914} INFO - Processing file /home/rohit/ireland-rent-tracker/venv/lib/python3.12/site-packages/airflow/example_dags/example_subdag_operator.py for tasks to queue
[2026-03-24T12:07:50.023+0000] {logging_mixin.py:190} INFO - [2026-03-24T12:07:50.023+0000] {dagbag.py:588} INFO - Filling up the DagBag from /home/rohit/ireland-rent-tracker/venv/lib/python3.12/site-packages/airflow/example_dags/example_subdag_operator.py
[2026-03-24T12:07:50.052+0000] {processor.py:925} INFO - DAG(s) 'example_subdag_operator.section-1', 'example_subdag_operator.section-2', 'example_subdag_operator' retrieved from /home/rohit/ireland-rent-tracker/venv/lib/python3.12/site-packages/airflow/example_dags/example_subdag_operator.py
[2026-03-24T12:07:50.084+0000] {logging_mixin.py:190} INFO - [2026-03-24T12:07:50.084+0000] {dag.py:3239} INFO - Sync 3 DAGs
[2026-03-24T12:07:50.122+0000] {logging_mixin.py:190} INFO - [2026-03-24T12:07:50.122+0000] {dag.py:4180} INFO - Setting next_dagrun for example_subdag_operator to 2022-01-01 00:00:00+00:00, run_after=2022-01-01 00:00:00+00:00
[2026-03-24T12:07:50.126+0000] {logging_mixin.py:190} INFO - [2026-03-24T12:07:50.126+0000] {dag.py:4180} INFO - Setting next_dagrun for example_subdag_operator.section-1 to None, run_after=None
[2026-03-24T12:07:50.128+0000] {logging_mixin.py:190} INFO - [2026-03-24T12:07:50.128+0000] {dag.py:4180} INFO - Setting next_dagrun for example_subdag_operator.section-2 to None, run_after=None
[2026-03-24T12:07:50.136+0000] {logging_mixin.py:190} INFO - [2026-03-24T12:07:50.135+0000] {dag.py:3239} INFO - Sync 2 DAGs
[2026-03-24T12:07:50.141+0000] {logging_mixin.py:190} INFO - [2026-03-24T12:07:50.141+0000] {dag.py:4180} INFO - Setting next_dagrun for example_subdag_operator.section-1 to None, run_after=None
[2026-03-24T12:07:50.142+0000] {logging_mixin.py:190} INFO - [2026-03-24T12:07:50.142+0000] {dag.py:4180} INFO - Setting next_dagrun for example_subdag_operator.section-2 to None, run_after=None
[2026-03-24T12:07:50.164+0000] {processor.py:208} INFO - Processing /home/rohit/ireland-rent-tracker/venv/lib/python3.12/site-packages/airflow/example_dags/example_subdag_operator.py took 0.152 seconds
[2026-03-24T12:09:07.044+0000] {processor.py:186} INFO - Started process (PID=46409) to work on /home/rohit/ireland-rent-tracker/venv/lib/python3.12/site-packages/airflow/example_dags/example_subdag_operator.py
[2026-03-24T12:09:07.046+0000] {processor.py:914} INFO - Processing file /home/rohit/ireland-rent-tracker/venv/lib/python3.12/site-packages/airflow/example_dags/example_subdag_operator.py for tasks to queue
[2026-03-24T12:09:07.049+0000] {logging_mixin.py:190} INFO - [2026-03-24T12:09:07.048+0000] {dagbag.py:588} INFO - Filling up the DagBag from /home/rohit/ireland-rent-tracker/venv/lib/python3.12/site-packages/airflow/example_dags/example_subdag_operator.py
[2026-03-24T12:09:07.087+0000] {processor.py:925} INFO - DAG(s) 'example_subdag_operator.section-1', 'example_subdag_operator.section-2', 'example_subdag_operator' retrieved from /home/rohit/ireland-rent-tracker/venv/lib/python3.12/site-packages/airflow/example_dags/example_subdag_operator.py
[2026-03-24T12:09:07.232+0000] {logging_mixin.py:190} INFO - [2026-03-24T12:09:07.229+0000] {override.py:1930} INFO - Created Permission View: can delete on DAG:example_subdag_operator
[2026-03-24T12:09:07.252+0000] {logging_mixin.py:190} INFO - [2026-03-24T12:09:07.252+0000] {override.py:1930} INFO - Created Permission View: can edit on DAG:example_subdag_operator
[2026-03-24T12:09:07.268+0000] {logging_mixin.py:190} INFO - [2026-03-24T12:09:07.267+0000] {override.py:1930} INFO - Created Permission View: can read on DAG:example_subdag_operator
[2026-03-24T12:09:07.288+0000] {logging_mixin.py:190} INFO - [2026-03-24T12:09:07.288+0000] {override.py:1930} INFO - Created Permission View: can delete on DAG Run:example_subdag_operator
[2026-03-24T12:09:07.301+0000] {logging_mixin.py:190} INFO - [2026-03-24T12:09:07.301+0000] {override.py:1930} INFO - Created Permission View: can create on DAG Run:example_subdag_operator
[2026-03-24T12:09:07.314+0000] {logging_mixin.py:190} INFO - [2026-03-24T12:09:07.313+0000] {override.py:1930} INFO - Created Permission View: can read on DAG Run:example_subdag_operator
[2026-03-24T12:09:07.330+0000] {logging_mixin.py:190} INFO - [2026-03-24T12:09:07.329+0000] {override.py:1930} INFO - Created Permission View: menu access on DAG Run:example_subdag_operator
[2026-03-24T12:09:07.330+0000] {logging_mixin.py:190} INFO - [2026-03-24T12:09:07.330+0000] {dag.py:3239} INFO - Sync 3 DAGs
[2026-03-24T12:09:07.343+0000] {logging_mixin.py:190} INFO - [2026-03-24T12:09:07.343+0000] {dag.py:3262} INFO - Creating ORM DAG for example_subdag_operator.section-2
[2026-03-24T12:09:07.344+0000] {logging_mixin.py:190} INFO - [2026-03-24T12:09:07.343+0000] {dag.py:3262} INFO - Creating ORM DAG for example_subdag_operator.section-1
[2026-03-24T12:09:07.344+0000] {logging_mixin.py:190} INFO - [2026-03-24T12:09:07.344+0000] {dag.py:3262} INFO - Creating ORM DAG for example_subdag_operator
[2026-03-24T12:09:07.355+0000] {logging_mixin.py:190} INFO - [2026-03-24T12:09:07.354+0000] {dag.py:4180} INFO - Setting next_dagrun for example_subdag_operator to 2022-01-01 00:00:00+00:00, run_after=2022-01-01 00:00:00+00:00
[2026-03-24T12:09:07.356+0000] {logging_mixin.py:190} INFO - [2026-03-24T12:09:07.355+0000] {dag.py:4180} INFO - Setting next_dagrun for example_subdag_operator.section-1 to None, run_after=None
[2026-03-24T12:09:07.356+0000] {logging_mixin.py:190} INFO - [2026-03-24T12:09:07.356+0000] {dag.py:4180} INFO - Setting next_dagrun for example_subdag_operator.section-2 to None, run_after=None
[2026-03-24T12:09:07.363+0000] {logging_mixin.py:190} INFO - [2026-03-24T12:09:07.363+0000] {dag.py:3239} INFO - Sync 2 DAGs
[2026-03-24T12:09:07.366+0000] {logging_mixin.py:190} INFO - [2026-03-24T12:09:07.366+0000] {dag.py:4180} INFO - Setting next_dagrun for example_subdag_operator.section-1 to None, run_after=None
[2026-03-24T12:09:07.368+0000] {logging_mixin.py:190} INFO - [2026-03-24T12:09:07.368+0000] {dag.py:4180} INFO - Setting next_dagrun for example_subdag_operator.section-2 to None, run_after=None
[2026-03-24T12:09:07.386+0000] {processor.py:208} INFO - Processing /home/rohit/ireland-rent-tracker/venv/lib/python3.12/site-packages/airflow/example_dags/example_subdag_operator.py took 0.355 seconds
[2026-03-24T12:10:11.366+0000] {processor.py:186} INFO - Started process (PID=46698) to work on /home/rohit/ireland-rent-tracker/venv/lib/python3.12/site-packages/airflow/example_dags/example_subdag_operator.py
[2026-03-24T12:10:11.370+0000] {processor.py:914} INFO - Processing file /home/rohit/ireland-rent-tracker/venv/lib/python3.12/site-packages/airflow/example_dags/example_subdag_operator.py for tasks to queue
[2026-03-24T12:10:11.374+0000] {logging_mixin.py:190} INFO - [2026-03-24T12:10:11.373+0000] {dagbag.py:588} INFO - Filling up the DagBag from /home/rohit/ireland-rent-tracker/venv/lib/python3.12/site-packages/airflow/example_dags/example_subdag_operator.py
[2026-03-24T12:10:11.403+0000] {processor.py:925} INFO - DAG(s) 'example_subdag_operator.section-1', 'example_subdag_operator.section-2', 'example_subdag_operator' retrieved from /home/rohit/ireland-rent-tracker/venv/lib/python3.12/site-packages/airflow/example_dags/example_subdag_operator.py
[2026-03-24T12:10:11.419+0000] {logging_mixin.py:190} INFO - [2026-03-24T12:10:11.419+0000] {dag.py:3239} INFO - Sync 3 DAGs
[2026-03-24T12:10:11.440+0000] {logging_mixin.py:190} INFO - [2026-03-24T12:10:11.440+0000] {dag.py:4180} INFO - Setting next_dagrun for example_subdag_operator to 2022-01-01 00:00:00+00:00, run_after=2022-01-01 00:00:00+00:00
[2026-03-24T12:10:11.443+0000] {logging_mixin.py:190} INFO - [2026-03-24T12:10:11.443+0000] {dag.py:4180} INFO - Setting next_dagrun for example_subdag_operator.section-1 to None, run_after=None
[2026-03-24T12:10:11.444+0000] {logging_mixin.py:190} INFO - [2026-03-24T12:10:11.444+0000] {dag.py:4180} INFO - Setting next_dagrun for example_subdag_operator.section-2 to None, run_after=None
[2026-03-24T12:10:11.450+0000] {logging_mixin.py:190} INFO - [2026-03-24T12:10:11.450+0000] {dag.py:3239} INFO - Sync 2 DAGs
[2026-03-24T12:10:11.454+0000] {logging_mixin.py:190} INFO - [2026-03-24T12:10:11.454+0000] {dag.py:4180} INFO - Setting next_dagrun for example_subdag_operator.section-1 to None, run_after=None
[2026-03-24T12:10:11.454+0000] {logging_mixin.py:190} INFO - [2026-03-24T12:10:11.454+0000] {dag.py:4180} INFO - Setting next_dagrun for example_subdag_operator.section-2 to None, run_after=None
[2026-03-24T12:10:11.470+0000] {processor.py:208} INFO - Processing /home/rohit/ireland-rent-tracker/venv/lib/python3.12/site-packages/airflow/example_dags/example_subdag_operator.py took 0.111 seconds
[2026-03-24T12:11:06.705+0000] {processor.py:186} INFO - Started process (PID=46796) to work on /home/rohit/ireland-rent-tracker/venv/lib/python3.12/site-packages/airflow/example_dags/example_subdag_operator.py
[2026-03-24T12:11:06.707+0000] {processor.py:914} INFO - Processing file /home/rohit/ireland-rent-tracker/venv/lib/python3.12/site-packages/airflow/example_dags/example_subdag_operator.py for tasks to queue
[2026-03-24T12:11:06.709+0000] {logging_mixin.py:190} INFO - [2026-03-24T12:11:06.709+0000] {dagbag.py:588} INFO - Filling up the DagBag from /home/rohit/ireland-rent-tracker/venv/lib/python3.12/site-packages/airflow/example_dags/example_subdag_operator.py
[2026-03-24T12:11:06.742+0000] {processor.py:925} INFO - DAG(s) 'example_subdag_operator.section-1', 'example_subdag_operator.section-2', 'example_subdag_operator' retrieved from /home/rohit/ireland-rent-tracker/venv/lib/python3.12/site-packages/airflow/example_dags/example_subdag_operator.py
[2026-03-24T12:11:06.757+0000] {logging_mixin.py:190} INFO - [2026-03-24T12:11:06.757+0000] {dag.py:3239} INFO - Sync 3 DAGs
[2026-03-24T12:11:06.776+0000] {logging_mixin.py:190} INFO - [2026-03-24T12:11:06.776+0000] {dag.py:4180} INFO - Setting next_dagrun for example_subdag_operator to 2022-01-01 00:00:00+00:00, run_after=2022-01-01 00:00:00+00:00
[2026-03-24T12:11:06.779+0000] {logging_mixin.py:190} INFO - [2026-03-24T12:11:06.779+0000] {dag.py:4180} INFO - Setting next_dagrun for example_subdag_operator.section-1 to None, run_after=None
[2026-03-24T12:11:06.781+0000] {logging_mixin.py:190} INFO - [2026-03-24T12:11:06.780+0000] {dag.py:4180} INFO - Setting next_dagrun for example_subdag_operator.section-2 to None, run_after=None
[2026-03-24T12:11:06.786+0000] {logging_mixin.py:190} INFO - [2026-03-24T12:11:06.786+0000] {dag.py:3239} INFO - Sync 2 DAGs
[2026-03-24T12:11:06.790+0000] {logging_mixin.py:190} INFO - [2026-03-24T12:11:06.790+0000] {dag.py:4180} INFO - Setting next_dagrun for example_subdag_operator.section-1 to None, run_after=None
[2026-03-24T12:11:06.790+0000] {logging_mixin.py:190} INFO - [2026-03-24T12:11:06.790+0000] {dag.py:4180} INFO - Setting next_dagrun for example_subdag_operator.section-2 to None, run_after=None
[2026-03-24T12:11:06.809+0000] {processor.py:208} INFO - Processing /home/rohit/ireland-rent-tracker/venv/lib/python3.12/site-packages/airflow/example_dags/example_subdag_operator.py took 0.109 seconds
