[2026-03-24T12:05:59.859+0000] {processor.py:186} INFO - Started process (PID=45648) to work on /home/rohit/ireland-rent-tracker/venv/lib/python3.12/site-packages/airflow/example_dags/example_trigger_target_dag.py
[2026-03-24T12:05:59.861+0000] {processor.py:914} INFO - Processing file /home/rohit/ireland-rent-tracker/venv/lib/python3.12/site-packages/airflow/example_dags/example_trigger_target_dag.py for tasks to queue
[2026-03-24T12:05:59.863+0000] {logging_mixin.py:190} INFO - [2026-03-24T12:05:59.863+0000] {dagbag.py:588} INFO - Filling up the DagBag from /home/rohit/ireland-rent-tracker/venv/lib/python3.12/site-packages/airflow/example_dags/example_trigger_target_dag.py
[2026-03-24T12:05:59.874+0000] {processor.py:925} INFO - DAG(s) 'example_trigger_target_dag' retrieved from /home/rohit/ireland-rent-tracker/venv/lib/python3.12/site-packages/airflow/example_dags/example_trigger_target_dag.py
[2026-03-24T12:06:00.003+0000] {logging_mixin.py:190} INFO - [2026-03-24T12:06:00.002+0000] {override.py:1930} INFO - Created Permission View: can delete on DAG:example_trigger_target_dag
[2026-03-24T12:06:00.020+0000] {logging_mixin.py:190} INFO - [2026-03-24T12:06:00.019+0000] {override.py:1930} INFO - Created Permission View: can edit on DAG:example_trigger_target_dag
[2026-03-24T12:06:00.032+0000] {logging_mixin.py:190} INFO - [2026-03-24T12:06:00.031+0000] {override.py:1930} INFO - Created Permission View: can read on DAG:example_trigger_target_dag
[2026-03-24T12:06:00.050+0000] {logging_mixin.py:190} INFO - [2026-03-24T12:06:00.050+0000] {override.py:1930} INFO - Created Permission View: can delete on DAG Run:example_trigger_target_dag
[2026-03-24T12:06:00.065+0000] {logging_mixin.py:190} INFO - [2026-03-24T12:06:00.064+0000] {override.py:1930} INFO - Created Permission View: can create on DAG Run:example_trigger_target_dag
[2026-03-24T12:06:00.077+0000] {logging_mixin.py:190} INFO - [2026-03-24T12:06:00.076+0000] {override.py:1930} INFO - Created Permission View: can read on DAG Run:example_trigger_target_dag
[2026-03-24T12:06:00.090+0000] {logging_mixin.py:190} INFO - [2026-03-24T12:06:00.089+0000] {override.py:1930} INFO - Created Permission View: menu access on DAG Run:example_trigger_target_dag
[2026-03-24T12:06:00.090+0000] {logging_mixin.py:190} INFO - [2026-03-24T12:06:00.090+0000] {dag.py:3239} INFO - Sync 1 DAGs
[2026-03-24T12:06:00.105+0000] {logging_mixin.py:190} INFO - [2026-03-24T12:06:00.104+0000] {dag.py:3262} INFO - Creating ORM DAG for example_trigger_target_dag
[2026-03-24T12:06:00.105+0000] {logging_mixin.py:190} INFO - [2026-03-24T12:06:00.105+0000] {dag.py:4180} INFO - Setting next_dagrun for example_trigger_target_dag to None, run_after=None
[2026-03-24T12:06:00.130+0000] {processor.py:208} INFO - Processing /home/rohit/ireland-rent-tracker/venv/lib/python3.12/site-packages/airflow/example_dags/example_trigger_target_dag.py took 0.280 seconds
[2026-03-24T12:07:04.052+0000] {processor.py:186} INFO - Started process (PID=45735) to work on /home/rohit/ireland-rent-tracker/venv/lib/python3.12/site-packages/airflow/example_dags/example_trigger_target_dag.py
[2026-03-24T12:07:04.054+0000] {processor.py:914} INFO - Processing file /home/rohit/ireland-rent-tracker/venv/lib/python3.12/site-packages/airflow/example_dags/example_trigger_target_dag.py for tasks to queue
[2026-03-24T12:07:04.057+0000] {logging_mixin.py:190} INFO - [2026-03-24T12:07:04.056+0000] {dagbag.py:588} INFO - Filling up the DagBag from /home/rohit/ireland-rent-tracker/venv/lib/python3.12/site-packages/airflow/example_dags/example_trigger_target_dag.py
[2026-03-24T12:07:04.068+0000] {processor.py:925} INFO - DAG(s) 'example_trigger_target_dag' retrieved from /home/rohit/ireland-rent-tracker/venv/lib/python3.12/site-packages/airflow/example_dags/example_trigger_target_dag.py
[2026-03-24T12:07:04.087+0000] {logging_mixin.py:190} INFO - [2026-03-24T12:07:04.087+0000] {dag.py:3239} INFO - Sync 1 DAGs
[2026-03-24T12:07:04.101+0000] {logging_mixin.py:190} INFO - [2026-03-24T12:07:04.101+0000] {dag.py:4180} INFO - Setting next_dagrun for example_trigger_target_dag to None, run_after=None
[2026-03-24T12:07:04.128+0000] {processor.py:208} INFO - Processing /home/rohit/ireland-rent-tracker/venv/lib/python3.12/site-packages/airflow/example_dags/example_trigger_target_dag.py took 0.082 seconds
[2026-03-24T12:07:58.810+0000] {processor.py:186} INFO - Started process (PID=45949) to work on /home/rohit/ireland-rent-tracker/venv/lib/python3.12/site-packages/airflow/example_dags/example_trigger_target_dag.py
[2026-03-24T12:07:58.812+0000] {processor.py:914} INFO - Processing file /home/rohit/ireland-rent-tracker/venv/lib/python3.12/site-packages/airflow/example_dags/example_trigger_target_dag.py for tasks to queue
[2026-03-24T12:07:58.815+0000] {logging_mixin.py:190} INFO - [2026-03-24T12:07:58.815+0000] {dagbag.py:588} INFO - Filling up the DagBag from /home/rohit/ireland-rent-tracker/venv/lib/python3.12/site-packages/airflow/example_dags/example_trigger_target_dag.py
[2026-03-24T12:07:58.830+0000] {processor.py:925} INFO - DAG(s) 'example_trigger_target_dag' retrieved from /home/rohit/ireland-rent-tracker/venv/lib/python3.12/site-packages/airflow/example_dags/example_trigger_target_dag.py
[2026-03-24T12:07:58.854+0000] {logging_mixin.py:190} INFO - [2026-03-24T12:07:58.854+0000] {dag.py:3239} INFO - Sync 1 DAGs
[2026-03-24T12:07:58.873+0000] {logging_mixin.py:190} INFO - [2026-03-24T12:07:58.872+0000] {dag.py:4180} INFO - Setting next_dagrun for example_trigger_target_dag to None, run_after=None
[2026-03-24T12:07:58.912+0000] {processor.py:208} INFO - Processing /home/rohit/ireland-rent-tracker/venv/lib/python3.12/site-packages/airflow/example_dags/example_trigger_target_dag.py took 0.113 seconds
[2026-03-24T12:09:19.145+0000] {processor.py:186} INFO - Started process (PID=46422) to work on /home/rohit/ireland-rent-tracker/venv/lib/python3.12/site-packages/airflow/example_dags/example_trigger_target_dag.py
[2026-03-24T12:09:19.147+0000] {processor.py:914} INFO - Processing file /home/rohit/ireland-rent-tracker/venv/lib/python3.12/site-packages/airflow/example_dags/example_trigger_target_dag.py for tasks to queue
[2026-03-24T12:09:19.149+0000] {logging_mixin.py:190} INFO - [2026-03-24T12:09:19.149+0000] {dagbag.py:588} INFO - Filling up the DagBag from /home/rohit/ireland-rent-tracker/venv/lib/python3.12/site-packages/airflow/example_dags/example_trigger_target_dag.py
[2026-03-24T12:09:19.157+0000] {processor.py:925} INFO - DAG(s) 'example_trigger_target_dag' retrieved from /home/rohit/ireland-rent-tracker/venv/lib/python3.12/site-packages/airflow/example_dags/example_trigger_target_dag.py
[2026-03-24T12:09:19.268+0000] {logging_mixin.py:190} INFO - [2026-03-24T12:09:19.267+0000] {override.py:1930} INFO - Created Permission View: can delete on DAG:example_trigger_target_dag
[2026-03-24T12:09:19.285+0000] {logging_mixin.py:190} INFO - [2026-03-24T12:09:19.285+0000] {override.py:1930} INFO - Created Permission View: can edit on DAG:example_trigger_target_dag
[2026-03-24T12:09:19.298+0000] {logging_mixin.py:190} INFO - [2026-03-24T12:09:19.297+0000] {override.py:1930} INFO - Created Permission View: can read on DAG:example_trigger_target_dag
[2026-03-24T12:09:19.319+0000] {logging_mixin.py:190} INFO - [2026-03-24T12:09:19.318+0000] {override.py:1930} INFO - Created Permission View: can delete on DAG Run:example_trigger_target_dag
[2026-03-24T12:09:19.333+0000] {logging_mixin.py:190} INFO - [2026-03-24T12:09:19.332+0000] {override.py:1930} INFO - Created Permission View: can create on DAG Run:example_trigger_target_dag
[2026-03-24T12:09:19.343+0000] {logging_mixin.py:190} INFO - [2026-03-24T12:09:19.343+0000] {override.py:1930} INFO - Created Permission View: can read on DAG Run:example_trigger_target_dag
[2026-03-24T12:09:19.354+0000] {logging_mixin.py:190} INFO - [2026-03-24T12:09:19.354+0000] {override.py:1930} INFO - Created Permission View: menu access on DAG Run:example_trigger_target_dag
[2026-03-24T12:09:19.354+0000] {logging_mixin.py:190} INFO - [2026-03-24T12:09:19.354+0000] {dag.py:3239} INFO - Sync 1 DAGs
[2026-03-24T12:09:19.366+0000] {logging_mixin.py:190} INFO - [2026-03-24T12:09:19.366+0000] {dag.py:3262} INFO - Creating ORM DAG for example_trigger_target_dag
[2026-03-24T12:09:19.367+0000] {logging_mixin.py:190} INFO - [2026-03-24T12:09:19.367+0000] {dag.py:4180} INFO - Setting next_dagrun for example_trigger_target_dag to None, run_after=None
[2026-03-24T12:09:19.395+0000] {processor.py:208} INFO - Processing /home/rohit/ireland-rent-tracker/venv/lib/python3.12/site-packages/airflow/example_dags/example_trigger_target_dag.py took 0.256 seconds
[2026-03-24T12:10:20.657+0000] {processor.py:186} INFO - Started process (PID=46713) to work on /home/rohit/ireland-rent-tracker/venv/lib/python3.12/site-packages/airflow/example_dags/example_trigger_target_dag.py
[2026-03-24T12:10:20.661+0000] {processor.py:914} INFO - Processing file /home/rohit/ireland-rent-tracker/venv/lib/python3.12/site-packages/airflow/example_dags/example_trigger_target_dag.py for tasks to queue
[2026-03-24T12:10:20.665+0000] {logging_mixin.py:190} INFO - [2026-03-24T12:10:20.664+0000] {dagbag.py:588} INFO - Filling up the DagBag from /home/rohit/ireland-rent-tracker/venv/lib/python3.12/site-packages/airflow/example_dags/example_trigger_target_dag.py
[2026-03-24T12:10:20.676+0000] {processor.py:925} INFO - DAG(s) 'example_trigger_target_dag' retrieved from /home/rohit/ireland-rent-tracker/venv/lib/python3.12/site-packages/airflow/example_dags/example_trigger_target_dag.py
[2026-03-24T12:10:20.698+0000] {logging_mixin.py:190} INFO - [2026-03-24T12:10:20.697+0000] {dag.py:3239} INFO - Sync 1 DAGs
[2026-03-24T12:10:20.714+0000] {logging_mixin.py:190} INFO - [2026-03-24T12:10:20.714+0000] {dag.py:4180} INFO - Setting next_dagrun for example_trigger_target_dag to None, run_after=None
[2026-03-24T12:10:20.745+0000] {processor.py:208} INFO - Processing /home/rohit/ireland-rent-tracker/venv/lib/python3.12/site-packages/airflow/example_dags/example_trigger_target_dag.py took 0.096 seconds
[2026-03-24T12:11:15.845+0000] {processor.py:186} INFO - Started process (PID=46880) to work on /home/rohit/ireland-rent-tracker/venv/lib/python3.12/site-packages/airflow/example_dags/example_trigger_target_dag.py
[2026-03-24T12:11:15.850+0000] {processor.py:914} INFO - Processing file /home/rohit/ireland-rent-tracker/venv/lib/python3.12/site-packages/airflow/example_dags/example_trigger_target_dag.py for tasks to queue
[2026-03-24T12:11:15.854+0000] {logging_mixin.py:190} INFO - [2026-03-24T12:11:15.853+0000] {dagbag.py:588} INFO - Filling up the DagBag from /home/rohit/ireland-rent-tracker/venv/lib/python3.12/site-packages/airflow/example_dags/example_trigger_target_dag.py
[2026-03-24T12:11:15.866+0000] {processor.py:925} INFO - DAG(s) 'example_trigger_target_dag' retrieved from /home/rohit/ireland-rent-tracker/venv/lib/python3.12/site-packages/airflow/example_dags/example_trigger_target_dag.py
[2026-03-24T12:11:15.892+0000] {logging_mixin.py:190} INFO - [2026-03-24T12:11:15.892+0000] {dag.py:3239} INFO - Sync 1 DAGs
[2026-03-24T12:11:15.915+0000] {logging_mixin.py:190} INFO - [2026-03-24T12:11:15.914+0000] {dag.py:4180} INFO - Setting next_dagrun for example_trigger_target_dag to None, run_after=None
[2026-03-24T12:11:15.956+0000] {processor.py:208} INFO - Processing /home/rohit/ireland-rent-tracker/venv/lib/python3.12/site-packages/airflow/example_dags/example_trigger_target_dag.py took 0.118 seconds
