[2026-03-24T12:05:52.515+0000] {processor.py:186} INFO - Started process (PID=45597) to work on /home/rohit/ireland-rent-tracker/venv/lib/python3.12/site-packages/airflow/example_dags/example_time_delta_sensor_async.py
[2026-03-24T12:05:52.518+0000] {processor.py:914} INFO - Processing file /home/rohit/ireland-rent-tracker/venv/lib/python3.12/site-packages/airflow/example_dags/example_time_delta_sensor_async.py for tasks to queue
[2026-03-24T12:05:52.522+0000] {logging_mixin.py:190} INFO - [2026-03-24T12:05:52.521+0000] {dagbag.py:588} INFO - Filling up the DagBag from /home/rohit/ireland-rent-tracker/venv/lib/python3.12/site-packages/airflow/example_dags/example_time_delta_sensor_async.py
[2026-03-24T12:05:52.538+0000] {processor.py:925} INFO - DAG(s) 'example_time_delta_sensor_async' retrieved from /home/rohit/ireland-rent-tracker/venv/lib/python3.12/site-packages/airflow/example_dags/example_time_delta_sensor_async.py
[2026-03-24T12:05:52.703+0000] {logging_mixin.py:190} INFO - [2026-03-24T12:05:52.702+0000] {override.py:1930} INFO - Created Permission View: can delete on DAG:example_time_delta_sensor_async
[2026-03-24T12:05:52.728+0000] {logging_mixin.py:190} INFO - [2026-03-24T12:05:52.728+0000] {override.py:1930} INFO - Created Permission View: can edit on DAG:example_time_delta_sensor_async
[2026-03-24T12:05:52.750+0000] {logging_mixin.py:190} INFO - [2026-03-24T12:05:52.748+0000] {override.py:1930} INFO - Created Permission View: can read on DAG:example_time_delta_sensor_async
[2026-03-24T12:05:52.776+0000] {logging_mixin.py:190} INFO - [2026-03-24T12:05:52.775+0000] {override.py:1930} INFO - Created Permission View: can delete on DAG Run:example_time_delta_sensor_async
[2026-03-24T12:05:52.794+0000] {logging_mixin.py:190} INFO - [2026-03-24T12:05:52.793+0000] {override.py:1930} INFO - Created Permission View: can create on DAG Run:example_time_delta_sensor_async
[2026-03-24T12:05:52.812+0000] {logging_mixin.py:190} INFO - [2026-03-24T12:05:52.812+0000] {override.py:1930} INFO - Created Permission View: can read on DAG Run:example_time_delta_sensor_async
[2026-03-24T12:05:52.829+0000] {logging_mixin.py:190} INFO - [2026-03-24T12:05:52.829+0000] {override.py:1930} INFO - Created Permission View: menu access on DAG Run:example_time_delta_sensor_async
[2026-03-24T12:05:52.830+0000] {logging_mixin.py:190} INFO - [2026-03-24T12:05:52.830+0000] {dag.py:3239} INFO - Sync 1 DAGs
[2026-03-24T12:05:52.851+0000] {logging_mixin.py:190} INFO - [2026-03-24T12:05:52.850+0000] {dag.py:3262} INFO - Creating ORM DAG for example_time_delta_sensor_async
[2026-03-24T12:05:52.852+0000] {logging_mixin.py:190} INFO - [2026-03-24T12:05:52.852+0000] {dag.py:4180} INFO - Setting next_dagrun for example_time_delta_sensor_async to None, run_after=None
[2026-03-24T12:05:52.905+0000] {processor.py:208} INFO - Processing /home/rohit/ireland-rent-tracker/venv/lib/python3.12/site-packages/airflow/example_dags/example_time_delta_sensor_async.py took 0.404 seconds
[2026-03-24T12:06:58.136+0000] {processor.py:186} INFO - Started process (PID=45721) to work on /home/rohit/ireland-rent-tracker/venv/lib/python3.12/site-packages/airflow/example_dags/example_time_delta_sensor_async.py
[2026-03-24T12:06:58.138+0000] {processor.py:914} INFO - Processing file /home/rohit/ireland-rent-tracker/venv/lib/python3.12/site-packages/airflow/example_dags/example_time_delta_sensor_async.py for tasks to queue
[2026-03-24T12:06:58.140+0000] {logging_mixin.py:190} INFO - [2026-03-24T12:06:58.140+0000] {dagbag.py:588} INFO - Filling up the DagBag from /home/rohit/ireland-rent-tracker/venv/lib/python3.12/site-packages/airflow/example_dags/example_time_delta_sensor_async.py
[2026-03-24T12:06:58.147+0000] {processor.py:925} INFO - DAG(s) 'example_time_delta_sensor_async' retrieved from /home/rohit/ireland-rent-tracker/venv/lib/python3.12/site-packages/airflow/example_dags/example_time_delta_sensor_async.py
[2026-03-24T12:06:58.163+0000] {logging_mixin.py:190} INFO - [2026-03-24T12:06:58.162+0000] {dag.py:3239} INFO - Sync 1 DAGs
[2026-03-24T12:06:58.175+0000] {logging_mixin.py:190} INFO - [2026-03-24T12:06:58.174+0000] {dag.py:4180} INFO - Setting next_dagrun for example_time_delta_sensor_async to None, run_after=None
[2026-03-24T12:06:58.198+0000] {processor.py:208} INFO - Processing /home/rohit/ireland-rent-tracker/venv/lib/python3.12/site-packages/airflow/example_dags/example_time_delta_sensor_async.py took 0.068 seconds
[2026-03-24T12:07:52.066+0000] {processor.py:186} INFO - Started process (PID=45921) to work on /home/rohit/ireland-rent-tracker/venv/lib/python3.12/site-packages/airflow/example_dags/example_time_delta_sensor_async.py
[2026-03-24T12:07:52.071+0000] {processor.py:914} INFO - Processing file /home/rohit/ireland-rent-tracker/venv/lib/python3.12/site-packages/airflow/example_dags/example_time_delta_sensor_async.py for tasks to queue
[2026-03-24T12:07:52.073+0000] {logging_mixin.py:190} INFO - [2026-03-24T12:07:52.072+0000] {dagbag.py:588} INFO - Filling up the DagBag from /home/rohit/ireland-rent-tracker/venv/lib/python3.12/site-packages/airflow/example_dags/example_time_delta_sensor_async.py
[2026-03-24T12:07:52.081+0000] {processor.py:925} INFO - DAG(s) 'example_time_delta_sensor_async' retrieved from /home/rohit/ireland-rent-tracker/venv/lib/python3.12/site-packages/airflow/example_dags/example_time_delta_sensor_async.py
[2026-03-24T12:07:52.097+0000] {logging_mixin.py:190} INFO - [2026-03-24T12:07:52.097+0000] {dag.py:3239} INFO - Sync 1 DAGs
[2026-03-24T12:07:52.108+0000] {logging_mixin.py:190} INFO - [2026-03-24T12:07:52.108+0000] {dag.py:4180} INFO - Setting next_dagrun for example_time_delta_sensor_async to None, run_after=None
[2026-03-24T12:07:52.136+0000] {processor.py:208} INFO - Processing /home/rohit/ireland-rent-tracker/venv/lib/python3.12/site-packages/airflow/example_dags/example_time_delta_sensor_async.py took 0.074 seconds
[2026-03-24T12:09:10.069+0000] {processor.py:186} INFO - Started process (PID=46415) to work on /home/rohit/ireland-rent-tracker/venv/lib/python3.12/site-packages/airflow/example_dags/example_time_delta_sensor_async.py
[2026-03-24T12:09:10.071+0000] {processor.py:914} INFO - Processing file /home/rohit/ireland-rent-tracker/venv/lib/python3.12/site-packages/airflow/example_dags/example_time_delta_sensor_async.py for tasks to queue
[2026-03-24T12:09:10.075+0000] {logging_mixin.py:190} INFO - [2026-03-24T12:09:10.074+0000] {dagbag.py:588} INFO - Filling up the DagBag from /home/rohit/ireland-rent-tracker/venv/lib/python3.12/site-packages/airflow/example_dags/example_time_delta_sensor_async.py
[2026-03-24T12:09:10.085+0000] {processor.py:925} INFO - DAG(s) 'example_time_delta_sensor_async' retrieved from /home/rohit/ireland-rent-tracker/venv/lib/python3.12/site-packages/airflow/example_dags/example_time_delta_sensor_async.py
[2026-03-24T12:09:10.254+0000] {logging_mixin.py:190} INFO - [2026-03-24T12:09:10.253+0000] {override.py:1930} INFO - Created Permission View: can delete on DAG:example_time_delta_sensor_async
[2026-03-24T12:09:10.275+0000] {logging_mixin.py:190} INFO - [2026-03-24T12:09:10.275+0000] {override.py:1930} INFO - Created Permission View: can edit on DAG:example_time_delta_sensor_async
[2026-03-24T12:09:10.294+0000] {logging_mixin.py:190} INFO - [2026-03-24T12:09:10.294+0000] {override.py:1930} INFO - Created Permission View: can read on DAG:example_time_delta_sensor_async
[2026-03-24T12:09:10.313+0000] {logging_mixin.py:190} INFO - [2026-03-24T12:09:10.313+0000] {override.py:1930} INFO - Created Permission View: can delete on DAG Run:example_time_delta_sensor_async
[2026-03-24T12:09:10.330+0000] {logging_mixin.py:190} INFO - [2026-03-24T12:09:10.330+0000] {override.py:1930} INFO - Created Permission View: can create on DAG Run:example_time_delta_sensor_async
[2026-03-24T12:09:10.341+0000] {logging_mixin.py:190} INFO - [2026-03-24T12:09:10.341+0000] {override.py:1930} INFO - Created Permission View: can read on DAG Run:example_time_delta_sensor_async
[2026-03-24T12:09:10.352+0000] {logging_mixin.py:190} INFO - [2026-03-24T12:09:10.352+0000] {override.py:1930} INFO - Created Permission View: menu access on DAG Run:example_time_delta_sensor_async
[2026-03-24T12:09:10.353+0000] {logging_mixin.py:190} INFO - [2026-03-24T12:09:10.353+0000] {dag.py:3239} INFO - Sync 1 DAGs
[2026-03-24T12:09:10.368+0000] {logging_mixin.py:190} INFO - [2026-03-24T12:09:10.367+0000] {dag.py:3262} INFO - Creating ORM DAG for example_time_delta_sensor_async
[2026-03-24T12:09:10.368+0000] {logging_mixin.py:190} INFO - [2026-03-24T12:09:10.368+0000] {dag.py:4180} INFO - Setting next_dagrun for example_time_delta_sensor_async to None, run_after=None
[2026-03-24T12:09:10.399+0000] {processor.py:208} INFO - Processing /home/rohit/ireland-rent-tracker/venv/lib/python3.12/site-packages/airflow/example_dags/example_time_delta_sensor_async.py took 0.336 seconds
[2026-03-24T12:10:12.899+0000] {processor.py:186} INFO - Started process (PID=46706) to work on /home/rohit/ireland-rent-tracker/venv/lib/python3.12/site-packages/airflow/example_dags/example_time_delta_sensor_async.py
[2026-03-24T12:10:12.904+0000] {processor.py:914} INFO - Processing file /home/rohit/ireland-rent-tracker/venv/lib/python3.12/site-packages/airflow/example_dags/example_time_delta_sensor_async.py for tasks to queue
[2026-03-24T12:10:12.908+0000] {logging_mixin.py:190} INFO - [2026-03-24T12:10:12.908+0000] {dagbag.py:588} INFO - Filling up the DagBag from /home/rohit/ireland-rent-tracker/venv/lib/python3.12/site-packages/airflow/example_dags/example_time_delta_sensor_async.py
[2026-03-24T12:10:12.917+0000] {processor.py:925} INFO - DAG(s) 'example_time_delta_sensor_async' retrieved from /home/rohit/ireland-rent-tracker/venv/lib/python3.12/site-packages/airflow/example_dags/example_time_delta_sensor_async.py
[2026-03-24T12:10:12.940+0000] {logging_mixin.py:190} INFO - [2026-03-24T12:10:12.940+0000] {dag.py:3239} INFO - Sync 1 DAGs
[2026-03-24T12:10:12.958+0000] {logging_mixin.py:190} INFO - [2026-03-24T12:10:12.957+0000] {dag.py:4180} INFO - Setting next_dagrun for example_time_delta_sensor_async to None, run_after=None
[2026-03-24T12:10:12.989+0000] {processor.py:208} INFO - Processing /home/rohit/ireland-rent-tracker/venv/lib/python3.12/site-packages/airflow/example_dags/example_time_delta_sensor_async.py took 0.096 seconds
[2026-03-24T12:11:09.249+0000] {processor.py:186} INFO - Started process (PID=46798) to work on /home/rohit/ireland-rent-tracker/venv/lib/python3.12/site-packages/airflow/example_dags/example_time_delta_sensor_async.py
[2026-03-24T12:11:09.253+0000] {processor.py:914} INFO - Processing file /home/rohit/ireland-rent-tracker/venv/lib/python3.12/site-packages/airflow/example_dags/example_time_delta_sensor_async.py for tasks to queue
[2026-03-24T12:11:09.255+0000] {logging_mixin.py:190} INFO - [2026-03-24T12:11:09.255+0000] {dagbag.py:588} INFO - Filling up the DagBag from /home/rohit/ireland-rent-tracker/venv/lib/python3.12/site-packages/airflow/example_dags/example_time_delta_sensor_async.py
[2026-03-24T12:11:09.264+0000] {processor.py:925} INFO - DAG(s) 'example_time_delta_sensor_async' retrieved from /home/rohit/ireland-rent-tracker/venv/lib/python3.12/site-packages/airflow/example_dags/example_time_delta_sensor_async.py
[2026-03-24T12:11:09.280+0000] {logging_mixin.py:190} INFO - [2026-03-24T12:11:09.280+0000] {dag.py:3239} INFO - Sync 1 DAGs
[2026-03-24T12:11:09.291+0000] {logging_mixin.py:190} INFO - [2026-03-24T12:11:09.291+0000] {dag.py:4180} INFO - Setting next_dagrun for example_time_delta_sensor_async to None, run_after=None
[2026-03-24T12:11:09.324+0000] {processor.py:208} INFO - Processing /home/rohit/ireland-rent-tracker/venv/lib/python3.12/site-packages/airflow/example_dags/example_time_delta_sensor_async.py took 0.081 seconds
