[2026-03-24T12:05:33.574+0000] {processor.py:186} INFO - Started process (PID=45535) to work on /home/rohit/ireland-rent-tracker/venv/lib/python3.12/site-packages/airflow/example_dags/example_short_circuit_operator.py
[2026-03-24T12:05:33.575+0000] {processor.py:914} INFO - Processing file /home/rohit/ireland-rent-tracker/venv/lib/python3.12/site-packages/airflow/example_dags/example_short_circuit_operator.py for tasks to queue
[2026-03-24T12:05:33.578+0000] {logging_mixin.py:190} INFO - [2026-03-24T12:05:33.577+0000] {dagbag.py:588} INFO - Filling up the DagBag from /home/rohit/ireland-rent-tracker/venv/lib/python3.12/site-packages/airflow/example_dags/example_short_circuit_operator.py
[2026-03-24T12:05:33.586+0000] {processor.py:925} INFO - DAG(s) 'example_short_circuit_operator' retrieved from /home/rohit/ireland-rent-tracker/venv/lib/python3.12/site-packages/airflow/example_dags/example_short_circuit_operator.py
[2026-03-24T12:05:33.690+0000] {logging_mixin.py:190} INFO - [2026-03-24T12:05:33.689+0000] {override.py:1930} INFO - Created Permission View: can delete on DAG:example_short_circuit_operator
[2026-03-24T12:05:33.703+0000] {logging_mixin.py:190} INFO - [2026-03-24T12:05:33.703+0000] {override.py:1930} INFO - Created Permission View: can edit on DAG:example_short_circuit_operator
[2026-03-24T12:05:33.714+0000] {logging_mixin.py:190} INFO - [2026-03-24T12:05:33.713+0000] {override.py:1930} INFO - Created Permission View: can read on DAG:example_short_circuit_operator
[2026-03-24T12:05:33.732+0000] {logging_mixin.py:190} INFO - [2026-03-24T12:05:33.732+0000] {override.py:1930} INFO - Created Permission View: can delete on DAG Run:example_short_circuit_operator
[2026-03-24T12:05:33.742+0000] {logging_mixin.py:190} INFO - [2026-03-24T12:05:33.742+0000] {override.py:1930} INFO - Created Permission View: can create on DAG Run:example_short_circuit_operator
[2026-03-24T12:05:33.753+0000] {logging_mixin.py:190} INFO - [2026-03-24T12:05:33.753+0000] {override.py:1930} INFO - Created Permission View: can read on DAG Run:example_short_circuit_operator
[2026-03-24T12:05:33.764+0000] {logging_mixin.py:190} INFO - [2026-03-24T12:05:33.764+0000] {override.py:1930} INFO - Created Permission View: menu access on DAG Run:example_short_circuit_operator
[2026-03-24T12:05:33.764+0000] {logging_mixin.py:190} INFO - [2026-03-24T12:05:33.764+0000] {dag.py:3239} INFO - Sync 1 DAGs
[2026-03-24T12:05:33.775+0000] {logging_mixin.py:190} INFO - [2026-03-24T12:05:33.774+0000] {dag.py:3262} INFO - Creating ORM DAG for example_short_circuit_operator
[2026-03-24T12:05:33.776+0000] {logging_mixin.py:190} INFO - [2026-03-24T12:05:33.776+0000] {dag.py:4180} INFO - Setting next_dagrun for example_short_circuit_operator to None, run_after=None
[2026-03-24T12:05:33.799+0000] {processor.py:208} INFO - Processing /home/rohit/ireland-rent-tracker/venv/lib/python3.12/site-packages/airflow/example_dags/example_short_circuit_operator.py took 0.230 seconds
[2026-03-24T12:06:40.153+0000] {processor.py:186} INFO - Started process (PID=45697) to work on /home/rohit/ireland-rent-tracker/venv/lib/python3.12/site-packages/airflow/example_dags/example_short_circuit_operator.py
[2026-03-24T12:06:40.157+0000] {processor.py:914} INFO - Processing file /home/rohit/ireland-rent-tracker/venv/lib/python3.12/site-packages/airflow/example_dags/example_short_circuit_operator.py for tasks to queue
[2026-03-24T12:06:40.160+0000] {logging_mixin.py:190} INFO - [2026-03-24T12:06:40.159+0000] {dagbag.py:588} INFO - Filling up the DagBag from /home/rohit/ireland-rent-tracker/venv/lib/python3.12/site-packages/airflow/example_dags/example_short_circuit_operator.py
[2026-03-24T12:06:40.171+0000] {processor.py:925} INFO - DAG(s) 'example_short_circuit_operator' retrieved from /home/rohit/ireland-rent-tracker/venv/lib/python3.12/site-packages/airflow/example_dags/example_short_circuit_operator.py
[2026-03-24T12:06:40.194+0000] {logging_mixin.py:190} INFO - [2026-03-24T12:06:40.193+0000] {dag.py:3239} INFO - Sync 1 DAGs
[2026-03-24T12:06:40.209+0000] {logging_mixin.py:190} INFO - [2026-03-24T12:06:40.209+0000] {dag.py:4180} INFO - Setting next_dagrun for example_short_circuit_operator to None, run_after=None
[2026-03-24T12:06:40.237+0000] {processor.py:208} INFO - Processing /home/rohit/ireland-rent-tracker/venv/lib/python3.12/site-packages/airflow/example_dags/example_short_circuit_operator.py took 0.088 seconds
[2026-03-24T12:07:34.775+0000] {processor.py:186} INFO - Started process (PID=45887) to work on /home/rohit/ireland-rent-tracker/venv/lib/python3.12/site-packages/airflow/example_dags/example_short_circuit_operator.py
[2026-03-24T12:07:34.779+0000] {processor.py:914} INFO - Processing file /home/rohit/ireland-rent-tracker/venv/lib/python3.12/site-packages/airflow/example_dags/example_short_circuit_operator.py for tasks to queue
[2026-03-24T12:07:34.782+0000] {logging_mixin.py:190} INFO - [2026-03-24T12:07:34.781+0000] {dagbag.py:588} INFO - Filling up the DagBag from /home/rohit/ireland-rent-tracker/venv/lib/python3.12/site-packages/airflow/example_dags/example_short_circuit_operator.py
[2026-03-24T12:07:34.789+0000] {processor.py:925} INFO - DAG(s) 'example_short_circuit_operator' retrieved from /home/rohit/ireland-rent-tracker/venv/lib/python3.12/site-packages/airflow/example_dags/example_short_circuit_operator.py
[2026-03-24T12:07:34.819+0000] {logging_mixin.py:190} INFO - [2026-03-24T12:07:34.819+0000] {dag.py:3239} INFO - Sync 1 DAGs
[2026-03-24T12:07:34.840+0000] {logging_mixin.py:190} INFO - [2026-03-24T12:07:34.840+0000] {dag.py:4180} INFO - Setting next_dagrun for example_short_circuit_operator to None, run_after=None
[2026-03-24T12:07:34.871+0000] {processor.py:208} INFO - Processing /home/rohit/ireland-rent-tracker/venv/lib/python3.12/site-packages/airflow/example_dags/example_short_circuit_operator.py took 0.100 seconds
[2026-03-24T12:08:32.490+0000] {processor.py:186} INFO - Started process (PID=46117) to work on /home/rohit/ireland-rent-tracker/venv/lib/python3.12/site-packages/airflow/example_dags/example_short_circuit_operator.py
[2026-03-24T12:08:32.492+0000] {processor.py:914} INFO - Processing file /home/rohit/ireland-rent-tracker/venv/lib/python3.12/site-packages/airflow/example_dags/example_short_circuit_operator.py for tasks to queue
[2026-03-24T12:08:32.494+0000] {logging_mixin.py:190} INFO - [2026-03-24T12:08:32.494+0000] {dagbag.py:588} INFO - Filling up the DagBag from /home/rohit/ireland-rent-tracker/venv/lib/python3.12/site-packages/airflow/example_dags/example_short_circuit_operator.py
[2026-03-24T12:08:32.504+0000] {processor.py:925} INFO - DAG(s) 'example_short_circuit_operator' retrieved from /home/rohit/ireland-rent-tracker/venv/lib/python3.12/site-packages/airflow/example_dags/example_short_circuit_operator.py
[2026-03-24T12:08:32.613+0000] {logging_mixin.py:190} INFO - [2026-03-24T12:08:32.612+0000] {override.py:1930} INFO - Created Permission View: can delete on DAG:example_short_circuit_operator
[2026-03-24T12:08:32.627+0000] {logging_mixin.py:190} INFO - [2026-03-24T12:08:32.626+0000] {override.py:1930} INFO - Created Permission View: can edit on DAG:example_short_circuit_operator
[2026-03-24T12:08:32.638+0000] {logging_mixin.py:190} INFO - [2026-03-24T12:08:32.638+0000] {override.py:1930} INFO - Created Permission View: can read on DAG:example_short_circuit_operator
[2026-03-24T12:08:32.659+0000] {logging_mixin.py:190} INFO - [2026-03-24T12:08:32.659+0000] {override.py:1930} INFO - Created Permission View: can delete on DAG Run:example_short_circuit_operator
[2026-03-24T12:08:32.670+0000] {logging_mixin.py:190} INFO - [2026-03-24T12:08:32.670+0000] {override.py:1930} INFO - Created Permission View: can create on DAG Run:example_short_circuit_operator
[2026-03-24T12:08:32.683+0000] {logging_mixin.py:190} INFO - [2026-03-24T12:08:32.683+0000] {override.py:1930} INFO - Created Permission View: can read on DAG Run:example_short_circuit_operator
[2026-03-24T12:08:32.694+0000] {logging_mixin.py:190} INFO - [2026-03-24T12:08:32.693+0000] {override.py:1930} INFO - Created Permission View: menu access on DAG Run:example_short_circuit_operator
[2026-03-24T12:08:32.694+0000] {logging_mixin.py:190} INFO - [2026-03-24T12:08:32.694+0000] {dag.py:3239} INFO - Sync 1 DAGs
[2026-03-24T12:08:32.706+0000] {logging_mixin.py:190} INFO - [2026-03-24T12:08:32.706+0000] {dag.py:3262} INFO - Creating ORM DAG for example_short_circuit_operator
[2026-03-24T12:08:32.707+0000] {logging_mixin.py:190} INFO - [2026-03-24T12:08:32.707+0000] {dag.py:4180} INFO - Setting next_dagrun for example_short_circuit_operator to None, run_after=None
[2026-03-24T12:08:32.730+0000] {processor.py:208} INFO - Processing /home/rohit/ireland-rent-tracker/venv/lib/python3.12/site-packages/airflow/example_dags/example_short_circuit_operator.py took 0.246 seconds
[2026-03-24T12:09:51.181+0000] {processor.py:186} INFO - Started process (PID=46547) to work on /home/rohit/ireland-rent-tracker/venv/lib/python3.12/site-packages/airflow/example_dags/example_short_circuit_operator.py
[2026-03-24T12:09:51.182+0000] {processor.py:914} INFO - Processing file /home/rohit/ireland-rent-tracker/venv/lib/python3.12/site-packages/airflow/example_dags/example_short_circuit_operator.py for tasks to queue
[2026-03-24T12:09:51.185+0000] {logging_mixin.py:190} INFO - [2026-03-24T12:09:51.184+0000] {dagbag.py:588} INFO - Filling up the DagBag from /home/rohit/ireland-rent-tracker/venv/lib/python3.12/site-packages/airflow/example_dags/example_short_circuit_operator.py
[2026-03-24T12:09:51.195+0000] {processor.py:925} INFO - DAG(s) 'example_short_circuit_operator' retrieved from /home/rohit/ireland-rent-tracker/venv/lib/python3.12/site-packages/airflow/example_dags/example_short_circuit_operator.py
[2026-03-24T12:09:51.217+0000] {logging_mixin.py:190} INFO - [2026-03-24T12:09:51.217+0000] {dag.py:3239} INFO - Sync 1 DAGs
[2026-03-24T12:09:51.234+0000] {logging_mixin.py:190} INFO - [2026-03-24T12:09:51.234+0000] {dag.py:4180} INFO - Setting next_dagrun for example_short_circuit_operator to None, run_after=None
[2026-03-24T12:09:51.259+0000] {processor.py:208} INFO - Processing /home/rohit/ireland-rent-tracker/venv/lib/python3.12/site-packages/airflow/example_dags/example_short_circuit_operator.py took 0.085 seconds
[2026-03-24T12:10:50.041+0000] {processor.py:186} INFO - Started process (PID=46769) to work on /home/rohit/ireland-rent-tracker/venv/lib/python3.12/site-packages/airflow/example_dags/example_short_circuit_operator.py
[2026-03-24T12:10:50.043+0000] {processor.py:914} INFO - Processing file /home/rohit/ireland-rent-tracker/venv/lib/python3.12/site-packages/airflow/example_dags/example_short_circuit_operator.py for tasks to queue
[2026-03-24T12:10:50.046+0000] {logging_mixin.py:190} INFO - [2026-03-24T12:10:50.045+0000] {dagbag.py:588} INFO - Filling up the DagBag from /home/rohit/ireland-rent-tracker/venv/lib/python3.12/site-packages/airflow/example_dags/example_short_circuit_operator.py
[2026-03-24T12:10:50.057+0000] {processor.py:925} INFO - DAG(s) 'example_short_circuit_operator' retrieved from /home/rohit/ireland-rent-tracker/venv/lib/python3.12/site-packages/airflow/example_dags/example_short_circuit_operator.py
[2026-03-24T12:10:50.076+0000] {logging_mixin.py:190} INFO - [2026-03-24T12:10:50.076+0000] {dag.py:3239} INFO - Sync 1 DAGs
[2026-03-24T12:10:50.091+0000] {logging_mixin.py:190} INFO - [2026-03-24T12:10:50.090+0000] {dag.py:4180} INFO - Setting next_dagrun for example_short_circuit_operator to None, run_after=None
[2026-03-24T12:10:50.125+0000] {processor.py:208} INFO - Processing /home/rohit/ireland-rent-tracker/venv/lib/python3.12/site-packages/airflow/example_dags/example_short_circuit_operator.py took 0.089 seconds
