[2026-03-24T12:05:56.433+0000] {processor.py:186} INFO - Started process (PID=45643) to work on /home/rohit/ireland-rent-tracker/venv/lib/python3.12/site-packages/airflow/example_dags/example_inlet_event_extra.py
[2026-03-24T12:05:56.434+0000] {processor.py:914} INFO - Processing file /home/rohit/ireland-rent-tracker/venv/lib/python3.12/site-packages/airflow/example_dags/example_inlet_event_extra.py for tasks to queue
[2026-03-24T12:05:56.437+0000] {logging_mixin.py:190} INFO - [2026-03-24T12:05:56.436+0000] {dagbag.py:588} INFO - Filling up the DagBag from /home/rohit/ireland-rent-tracker/venv/lib/python3.12/site-packages/airflow/example_dags/example_inlet_event_extra.py
[2026-03-24T12:05:56.452+0000] {processor.py:925} INFO - DAG(s) 'read_dataset_event_from_classic', 'read_dataset_event' retrieved from /home/rohit/ireland-rent-tracker/venv/lib/python3.12/site-packages/airflow/example_dags/example_inlet_event_extra.py
[2026-03-24T12:05:56.559+0000] {logging_mixin.py:190} INFO - [2026-03-24T12:05:56.558+0000] {override.py:1930} INFO - Created Permission View: can delete on DAG:read_dataset_event_from_classic
[2026-03-24T12:05:56.572+0000] {logging_mixin.py:190} INFO - [2026-03-24T12:05:56.572+0000] {override.py:1930} INFO - Created Permission View: can edit on DAG:read_dataset_event_from_classic
[2026-03-24T12:05:56.582+0000] {logging_mixin.py:190} INFO - [2026-03-24T12:05:56.582+0000] {override.py:1930} INFO - Created Permission View: can read on DAG:read_dataset_event_from_classic
[2026-03-24T12:05:56.601+0000] {logging_mixin.py:190} INFO - [2026-03-24T12:05:56.601+0000] {override.py:1930} INFO - Created Permission View: can delete on DAG Run:read_dataset_event_from_classic
[2026-03-24T12:05:56.612+0000] {logging_mixin.py:190} INFO - [2026-03-24T12:05:56.612+0000] {override.py:1930} INFO - Created Permission View: can create on DAG Run:read_dataset_event_from_classic
[2026-03-24T12:05:56.625+0000] {logging_mixin.py:190} INFO - [2026-03-24T12:05:56.624+0000] {override.py:1930} INFO - Created Permission View: can read on DAG Run:read_dataset_event_from_classic
[2026-03-24T12:05:56.636+0000] {logging_mixin.py:190} INFO - [2026-03-24T12:05:56.636+0000] {override.py:1930} INFO - Created Permission View: menu access on DAG Run:read_dataset_event_from_classic
[2026-03-24T12:05:56.658+0000] {logging_mixin.py:190} INFO - [2026-03-24T12:05:56.657+0000] {override.py:1930} INFO - Created Permission View: can delete on DAG:read_dataset_event
[2026-03-24T12:05:56.670+0000] {logging_mixin.py:190} INFO - [2026-03-24T12:05:56.669+0000] {override.py:1930} INFO - Created Permission View: can edit on DAG:read_dataset_event
[2026-03-24T12:05:56.681+0000] {logging_mixin.py:190} INFO - [2026-03-24T12:05:56.681+0000] {override.py:1930} INFO - Created Permission View: can read on DAG:read_dataset_event
[2026-03-24T12:05:56.700+0000] {logging_mixin.py:190} INFO - [2026-03-24T12:05:56.700+0000] {override.py:1930} INFO - Created Permission View: can delete on DAG Run:read_dataset_event
[2026-03-24T12:05:56.713+0000] {logging_mixin.py:190} INFO - [2026-03-24T12:05:56.712+0000] {override.py:1930} INFO - Created Permission View: can create on DAG Run:read_dataset_event
[2026-03-24T12:05:56.727+0000] {logging_mixin.py:190} INFO - [2026-03-24T12:05:56.726+0000] {override.py:1930} INFO - Created Permission View: can read on DAG Run:read_dataset_event
[2026-03-24T12:05:56.740+0000] {logging_mixin.py:190} INFO - [2026-03-24T12:05:56.739+0000] {override.py:1930} INFO - Created Permission View: menu access on DAG Run:read_dataset_event
[2026-03-24T12:05:56.740+0000] {logging_mixin.py:190} INFO - [2026-03-24T12:05:56.740+0000] {dag.py:3239} INFO - Sync 2 DAGs
[2026-03-24T12:05:56.752+0000] {logging_mixin.py:190} INFO - [2026-03-24T12:05:56.752+0000] {dag.py:3262} INFO - Creating ORM DAG for read_dataset_event_from_classic
[2026-03-24T12:05:56.753+0000] {logging_mixin.py:190} INFO - [2026-03-24T12:05:56.752+0000] {dag.py:3262} INFO - Creating ORM DAG for read_dataset_event
[2026-03-24T12:05:56.764+0000] {logging_mixin.py:190} INFO - [2026-03-24T12:05:56.764+0000] {dag.py:4180} INFO - Setting next_dagrun for read_dataset_event to 2026-03-23 00:00:00+00:00, run_after=2026-03-24 00:00:00+00:00
[2026-03-24T12:05:56.766+0000] {logging_mixin.py:190} INFO - [2026-03-24T12:05:56.766+0000] {dag.py:4180} INFO - Setting next_dagrun for read_dataset_event_from_classic to 2026-03-23 00:00:00+00:00, run_after=2026-03-24 00:00:00+00:00
[2026-03-24T12:05:56.806+0000] {processor.py:208} INFO - Processing /home/rohit/ireland-rent-tracker/venv/lib/python3.12/site-packages/airflow/example_dags/example_inlet_event_extra.py took 0.378 seconds
[2026-03-24T12:07:00.504+0000] {processor.py:186} INFO - Started process (PID=45726) to work on /home/rohit/ireland-rent-tracker/venv/lib/python3.12/site-packages/airflow/example_dags/example_inlet_event_extra.py
[2026-03-24T12:07:00.506+0000] {processor.py:914} INFO - Processing file /home/rohit/ireland-rent-tracker/venv/lib/python3.12/site-packages/airflow/example_dags/example_inlet_event_extra.py for tasks to queue
[2026-03-24T12:07:00.508+0000] {logging_mixin.py:190} INFO - [2026-03-24T12:07:00.508+0000] {dagbag.py:588} INFO - Filling up the DagBag from /home/rohit/ireland-rent-tracker/venv/lib/python3.12/site-packages/airflow/example_dags/example_inlet_event_extra.py
[2026-03-24T12:07:00.520+0000] {processor.py:925} INFO - DAG(s) 'read_dataset_event', 'read_dataset_event_from_classic' retrieved from /home/rohit/ireland-rent-tracker/venv/lib/python3.12/site-packages/airflow/example_dags/example_inlet_event_extra.py
[2026-03-24T12:07:00.536+0000] {logging_mixin.py:190} INFO - [2026-03-24T12:07:00.536+0000] {dag.py:3239} INFO - Sync 2 DAGs
[2026-03-24T12:07:00.555+0000] {logging_mixin.py:190} INFO - [2026-03-24T12:07:00.555+0000] {dag.py:4180} INFO - Setting next_dagrun for read_dataset_event to 2026-03-23 00:00:00+00:00, run_after=2026-03-24 00:00:00+00:00
[2026-03-24T12:07:00.559+0000] {logging_mixin.py:190} INFO - [2026-03-24T12:07:00.559+0000] {dag.py:4180} INFO - Setting next_dagrun for read_dataset_event_from_classic to 2026-03-23 00:00:00+00:00, run_after=2026-03-24 00:00:00+00:00
[2026-03-24T12:07:00.581+0000] {processor.py:208} INFO - Processing /home/rohit/ireland-rent-tracker/venv/lib/python3.12/site-packages/airflow/example_dags/example_inlet_event_extra.py took 0.082 seconds
[2026-03-24T12:07:56.048+0000] {processor.py:186} INFO - Started process (PID=45935) to work on /home/rohit/ireland-rent-tracker/venv/lib/python3.12/site-packages/airflow/example_dags/example_inlet_event_extra.py
[2026-03-24T12:07:56.053+0000] {processor.py:914} INFO - Processing file /home/rohit/ireland-rent-tracker/venv/lib/python3.12/site-packages/airflow/example_dags/example_inlet_event_extra.py for tasks to queue
[2026-03-24T12:07:56.055+0000] {logging_mixin.py:190} INFO - [2026-03-24T12:07:56.054+0000] {dagbag.py:588} INFO - Filling up the DagBag from /home/rohit/ireland-rent-tracker/venv/lib/python3.12/site-packages/airflow/example_dags/example_inlet_event_extra.py
[2026-03-24T12:07:56.069+0000] {processor.py:925} INFO - DAG(s) 'read_dataset_event_from_classic', 'read_dataset_event' retrieved from /home/rohit/ireland-rent-tracker/venv/lib/python3.12/site-packages/airflow/example_dags/example_inlet_event_extra.py
[2026-03-24T12:07:56.088+0000] {logging_mixin.py:190} INFO - [2026-03-24T12:07:56.087+0000] {dag.py:3239} INFO - Sync 2 DAGs
[2026-03-24T12:07:56.107+0000] {logging_mixin.py:190} INFO - [2026-03-24T12:07:56.107+0000] {dag.py:4180} INFO - Setting next_dagrun for read_dataset_event to 2026-03-23 00:00:00+00:00, run_after=2026-03-24 00:00:00+00:00
[2026-03-24T12:07:56.111+0000] {logging_mixin.py:190} INFO - [2026-03-24T12:07:56.110+0000] {dag.py:4180} INFO - Setting next_dagrun for read_dataset_event_from_classic to 2026-03-23 00:00:00+00:00, run_after=2026-03-24 00:00:00+00:00
[2026-03-24T12:07:56.134+0000] {processor.py:208} INFO - Processing /home/rohit/ireland-rent-tracker/venv/lib/python3.12/site-packages/airflow/example_dags/example_inlet_event_extra.py took 0.091 seconds
[2026-03-24T12:09:14.818+0000] {processor.py:186} INFO - Started process (PID=46419) to work on /home/rohit/ireland-rent-tracker/venv/lib/python3.12/site-packages/airflow/example_dags/example_inlet_event_extra.py
[2026-03-24T12:09:14.820+0000] {processor.py:914} INFO - Processing file /home/rohit/ireland-rent-tracker/venv/lib/python3.12/site-packages/airflow/example_dags/example_inlet_event_extra.py for tasks to queue
[2026-03-24T12:09:14.823+0000] {logging_mixin.py:190} INFO - [2026-03-24T12:09:14.822+0000] {dagbag.py:588} INFO - Filling up the DagBag from /home/rohit/ireland-rent-tracker/venv/lib/python3.12/site-packages/airflow/example_dags/example_inlet_event_extra.py
[2026-03-24T12:09:14.837+0000] {processor.py:925} INFO - DAG(s) 'read_dataset_event', 'read_dataset_event_from_classic' retrieved from /home/rohit/ireland-rent-tracker/venv/lib/python3.12/site-packages/airflow/example_dags/example_inlet_event_extra.py
[2026-03-24T12:09:14.960+0000] {logging_mixin.py:190} INFO - [2026-03-24T12:09:14.959+0000] {override.py:1930} INFO - Created Permission View: can delete on DAG:read_dataset_event
[2026-03-24T12:09:14.978+0000] {logging_mixin.py:190} INFO - [2026-03-24T12:09:14.978+0000] {override.py:1930} INFO - Created Permission View: can edit on DAG:read_dataset_event
[2026-03-24T12:09:14.990+0000] {logging_mixin.py:190} INFO - [2026-03-24T12:09:14.989+0000] {override.py:1930} INFO - Created Permission View: can read on DAG:read_dataset_event
[2026-03-24T12:09:15.012+0000] {logging_mixin.py:190} INFO - [2026-03-24T12:09:15.012+0000] {override.py:1930} INFO - Created Permission View: can delete on DAG Run:read_dataset_event
[2026-03-24T12:09:15.024+0000] {logging_mixin.py:190} INFO - [2026-03-24T12:09:15.024+0000] {override.py:1930} INFO - Created Permission View: can create on DAG Run:read_dataset_event
[2026-03-24T12:09:15.036+0000] {logging_mixin.py:190} INFO - [2026-03-24T12:09:15.035+0000] {override.py:1930} INFO - Created Permission View: can read on DAG Run:read_dataset_event
[2026-03-24T12:09:15.046+0000] {logging_mixin.py:190} INFO - [2026-03-24T12:09:15.045+0000] {override.py:1930} INFO - Created Permission View: menu access on DAG Run:read_dataset_event
[2026-03-24T12:09:15.070+0000] {logging_mixin.py:190} INFO - [2026-03-24T12:09:15.069+0000] {override.py:1930} INFO - Created Permission View: can delete on DAG:read_dataset_event_from_classic
[2026-03-24T12:09:15.081+0000] {logging_mixin.py:190} INFO - [2026-03-24T12:09:15.081+0000] {override.py:1930} INFO - Created Permission View: can edit on DAG:read_dataset_event_from_classic
[2026-03-24T12:09:15.092+0000] {logging_mixin.py:190} INFO - [2026-03-24T12:09:15.092+0000] {override.py:1930} INFO - Created Permission View: can read on DAG:read_dataset_event_from_classic
[2026-03-24T12:09:15.115+0000] {logging_mixin.py:190} INFO - [2026-03-24T12:09:15.115+0000] {override.py:1930} INFO - Created Permission View: can delete on DAG Run:read_dataset_event_from_classic
[2026-03-24T12:09:15.127+0000] {logging_mixin.py:190} INFO - [2026-03-24T12:09:15.126+0000] {override.py:1930} INFO - Created Permission View: can create on DAG Run:read_dataset_event_from_classic
[2026-03-24T12:09:15.139+0000] {logging_mixin.py:190} INFO - [2026-03-24T12:09:15.139+0000] {override.py:1930} INFO - Created Permission View: can read on DAG Run:read_dataset_event_from_classic
[2026-03-24T12:09:15.151+0000] {logging_mixin.py:190} INFO - [2026-03-24T12:09:15.151+0000] {override.py:1930} INFO - Created Permission View: menu access on DAG Run:read_dataset_event_from_classic
[2026-03-24T12:09:15.151+0000] {logging_mixin.py:190} INFO - [2026-03-24T12:09:15.151+0000] {dag.py:3239} INFO - Sync 2 DAGs
[2026-03-24T12:09:15.163+0000] {logging_mixin.py:190} INFO - [2026-03-24T12:09:15.163+0000] {dag.py:3262} INFO - Creating ORM DAG for read_dataset_event_from_classic
[2026-03-24T12:09:15.164+0000] {logging_mixin.py:190} INFO - [2026-03-24T12:09:15.163+0000] {dag.py:3262} INFO - Creating ORM DAG for read_dataset_event
[2026-03-24T12:09:15.173+0000] {logging_mixin.py:190} INFO - [2026-03-24T12:09:15.173+0000] {dag.py:4180} INFO - Setting next_dagrun for read_dataset_event to 2026-03-23 00:00:00+00:00, run_after=2026-03-24 00:00:00+00:00
[2026-03-24T12:09:15.174+0000] {logging_mixin.py:190} INFO - [2026-03-24T12:09:15.174+0000] {dag.py:4180} INFO - Setting next_dagrun for read_dataset_event_from_classic to 2026-03-23 00:00:00+00:00, run_after=2026-03-24 00:00:00+00:00
[2026-03-24T12:09:15.202+0000] {processor.py:208} INFO - Processing /home/rohit/ireland-rent-tracker/venv/lib/python3.12/site-packages/airflow/example_dags/example_inlet_event_extra.py took 0.389 seconds
[2026-03-24T12:10:16.887+0000] {processor.py:186} INFO - Started process (PID=46710) to work on /home/rohit/ireland-rent-tracker/venv/lib/python3.12/site-packages/airflow/example_dags/example_inlet_event_extra.py
[2026-03-24T12:10:16.889+0000] {processor.py:914} INFO - Processing file /home/rohit/ireland-rent-tracker/venv/lib/python3.12/site-packages/airflow/example_dags/example_inlet_event_extra.py for tasks to queue
[2026-03-24T12:10:16.893+0000] {logging_mixin.py:190} INFO - [2026-03-24T12:10:16.893+0000] {dagbag.py:588} INFO - Filling up the DagBag from /home/rohit/ireland-rent-tracker/venv/lib/python3.12/site-packages/airflow/example_dags/example_inlet_event_extra.py
[2026-03-24T12:10:16.912+0000] {processor.py:925} INFO - DAG(s) 'read_dataset_event_from_classic', 'read_dataset_event' retrieved from /home/rohit/ireland-rent-tracker/venv/lib/python3.12/site-packages/airflow/example_dags/example_inlet_event_extra.py
[2026-03-24T12:10:16.936+0000] {logging_mixin.py:190} INFO - [2026-03-24T12:10:16.935+0000] {dag.py:3239} INFO - Sync 2 DAGs
[2026-03-24T12:10:16.962+0000] {logging_mixin.py:190} INFO - [2026-03-24T12:10:16.962+0000] {dag.py:4180} INFO - Setting next_dagrun for read_dataset_event to 2026-03-23 00:00:00+00:00, run_after=2026-03-24 00:00:00+00:00
[2026-03-24T12:10:16.975+0000] {logging_mixin.py:190} INFO - [2026-03-24T12:10:16.975+0000] {dag.py:4180} INFO - Setting next_dagrun for read_dataset_event_from_classic to 2026-03-23 00:00:00+00:00, run_after=2026-03-24 00:00:00+00:00
[2026-03-24T12:10:17.060+0000] {processor.py:208} INFO - Processing /home/rohit/ireland-rent-tracker/venv/lib/python3.12/site-packages/airflow/example_dags/example_inlet_event_extra.py took 0.180 seconds
[2026-03-24T12:11:11.840+0000] {processor.py:186} INFO - Started process (PID=46806) to work on /home/rohit/ireland-rent-tracker/venv/lib/python3.12/site-packages/airflow/example_dags/example_inlet_event_extra.py
[2026-03-24T12:11:11.842+0000] {processor.py:914} INFO - Processing file /home/rohit/ireland-rent-tracker/venv/lib/python3.12/site-packages/airflow/example_dags/example_inlet_event_extra.py for tasks to queue
[2026-03-24T12:11:11.844+0000] {logging_mixin.py:190} INFO - [2026-03-24T12:11:11.844+0000] {dagbag.py:588} INFO - Filling up the DagBag from /home/rohit/ireland-rent-tracker/venv/lib/python3.12/site-packages/airflow/example_dags/example_inlet_event_extra.py
[2026-03-24T12:11:11.861+0000] {processor.py:925} INFO - DAG(s) 'read_dataset_event_from_classic', 'read_dataset_event' retrieved from /home/rohit/ireland-rent-tracker/venv/lib/python3.12/site-packages/airflow/example_dags/example_inlet_event_extra.py
[2026-03-24T12:11:11.878+0000] {logging_mixin.py:190} INFO - [2026-03-24T12:11:11.878+0000] {dag.py:3239} INFO - Sync 2 DAGs
[2026-03-24T12:11:11.903+0000] {logging_mixin.py:190} INFO - [2026-03-24T12:11:11.902+0000] {dag.py:4180} INFO - Setting next_dagrun for read_dataset_event to 2026-03-23 00:00:00+00:00, run_after=2026-03-24 00:00:00+00:00
[2026-03-24T12:11:11.907+0000] {logging_mixin.py:190} INFO - [2026-03-24T12:11:11.907+0000] {dag.py:4180} INFO - Setting next_dagrun for read_dataset_event_from_classic to 2026-03-23 00:00:00+00:00, run_after=2026-03-24 00:00:00+00:00
[2026-03-24T12:11:11.935+0000] {processor.py:208} INFO - Processing /home/rohit/ireland-rent-tracker/venv/lib/python3.12/site-packages/airflow/example_dags/example_inlet_event_extra.py took 0.101 seconds
