[2026-03-24T12:06:14.093+0000] {processor.py:186} INFO - Started process (PID=45666) to work on /home/rohit/ireland-rent-tracker/venv/lib/python3.12/site-packages/airflow/example_dags/example_datasets.py
[2026-03-24T12:06:14.094+0000] {processor.py:914} INFO - Processing file /home/rohit/ireland-rent-tracker/venv/lib/python3.12/site-packages/airflow/example_dags/example_datasets.py for tasks to queue
[2026-03-24T12:06:14.096+0000] {logging_mixin.py:190} INFO - [2026-03-24T12:06:14.095+0000] {dagbag.py:588} INFO - Filling up the DagBag from /home/rohit/ireland-rent-tracker/venv/lib/python3.12/site-packages/airflow/example_dags/example_datasets.py
[2026-03-24T12:06:14.112+0000] {processor.py:925} INFO - DAG(s) 'dataset_consumes_1_and_2', 'dataset_consumes_1', 'consume_1_or_2_with_dataset_expressions', 'conditional_dataset_and_time_based_timetable', 'consume_1_or_both_2_and_3_with_dataset_expressions', 'dataset_produces_1', 'dataset_produces_2', 'dataset_consumes_1_never_scheduled', 'consume_1_and_2_with_dataset_expressions', 'dataset_consumes_unknown_never_scheduled' retrieved from /home/rohit/ireland-rent-tracker/venv/lib/python3.12/site-packages/airflow/example_dags/example_datasets.py
[2026-03-24T12:06:14.238+0000] {logging_mixin.py:190} INFO - [2026-03-24T12:06:14.238+0000] {override.py:1930} INFO - Created Permission View: can delete on DAG:dataset_consumes_1_and_2
[2026-03-24T12:06:14.253+0000] {logging_mixin.py:190} INFO - [2026-03-24T12:06:14.253+0000] {override.py:1930} INFO - Created Permission View: can edit on DAG:dataset_consumes_1_and_2
[2026-03-24T12:06:14.264+0000] {logging_mixin.py:190} INFO - [2026-03-24T12:06:14.264+0000] {override.py:1930} INFO - Created Permission View: can read on DAG:dataset_consumes_1_and_2
[2026-03-24T12:06:14.283+0000] {logging_mixin.py:190} INFO - [2026-03-24T12:06:14.282+0000] {override.py:1930} INFO - Created Permission View: can delete on DAG Run:dataset_consumes_1_and_2
[2026-03-24T12:06:14.293+0000] {logging_mixin.py:190} INFO - [2026-03-24T12:06:14.293+0000] {override.py:1930} INFO - Created Permission View: can create on DAG Run:dataset_consumes_1_and_2
[2026-03-24T12:06:14.304+0000] {logging_mixin.py:190} INFO - [2026-03-24T12:06:14.303+0000] {override.py:1930} INFO - Created Permission View: can read on DAG Run:dataset_consumes_1_and_2
[2026-03-24T12:06:14.316+0000] {logging_mixin.py:190} INFO - [2026-03-24T12:06:14.315+0000] {override.py:1930} INFO - Created Permission View: menu access on DAG Run:dataset_consumes_1_and_2
[2026-03-24T12:06:14.339+0000] {logging_mixin.py:190} INFO - [2026-03-24T12:06:14.339+0000] {override.py:1930} INFO - Created Permission View: can delete on DAG:dataset_consumes_1
[2026-03-24T12:06:14.349+0000] {logging_mixin.py:190} INFO - [2026-03-24T12:06:14.349+0000] {override.py:1930} INFO - Created Permission View: can edit on DAG:dataset_consumes_1
[2026-03-24T12:06:14.362+0000] {logging_mixin.py:190} INFO - [2026-03-24T12:06:14.362+0000] {override.py:1930} INFO - Created Permission View: can read on DAG:dataset_consumes_1
[2026-03-24T12:06:14.379+0000] {logging_mixin.py:190} INFO - [2026-03-24T12:06:14.378+0000] {override.py:1930} INFO - Created Permission View: can delete on DAG Run:dataset_consumes_1
[2026-03-24T12:06:14.390+0000] {logging_mixin.py:190} INFO - [2026-03-24T12:06:14.389+0000] {override.py:1930} INFO - Created Permission View: can create on DAG Run:dataset_consumes_1
[2026-03-24T12:06:14.400+0000] {logging_mixin.py:190} INFO - [2026-03-24T12:06:14.400+0000] {override.py:1930} INFO - Created Permission View: can read on DAG Run:dataset_consumes_1
[2026-03-24T12:06:14.411+0000] {logging_mixin.py:190} INFO - [2026-03-24T12:06:14.410+0000] {override.py:1930} INFO - Created Permission View: menu access on DAG Run:dataset_consumes_1
[2026-03-24T12:06:14.432+0000] {logging_mixin.py:190} INFO - [2026-03-24T12:06:14.431+0000] {override.py:1930} INFO - Created Permission View: can delete on DAG:consume_1_or_2_with_dataset_expressions
[2026-03-24T12:06:14.442+0000] {logging_mixin.py:190} INFO - [2026-03-24T12:06:14.441+0000] {override.py:1930} INFO - Created Permission View: can edit on DAG:consume_1_or_2_with_dataset_expressions
[2026-03-24T12:06:14.453+0000] {logging_mixin.py:190} INFO - [2026-03-24T12:06:14.452+0000] {override.py:1930} INFO - Created Permission View: can read on DAG:consume_1_or_2_with_dataset_expressions
[2026-03-24T12:06:14.471+0000] {logging_mixin.py:190} INFO - [2026-03-24T12:06:14.470+0000] {override.py:1930} INFO - Created Permission View: can delete on DAG Run:consume_1_or_2_with_dataset_expressions
[2026-03-24T12:06:14.482+0000] {logging_mixin.py:190} INFO - [2026-03-24T12:06:14.481+0000] {override.py:1930} INFO - Created Permission View: can create on DAG Run:consume_1_or_2_with_dataset_expressions
[2026-03-24T12:06:14.491+0000] {logging_mixin.py:190} INFO - [2026-03-24T12:06:14.491+0000] {override.py:1930} INFO - Created Permission View: can read on DAG Run:consume_1_or_2_with_dataset_expressions
[2026-03-24T12:06:14.502+0000] {logging_mixin.py:190} INFO - [2026-03-24T12:06:14.502+0000] {override.py:1930} INFO - Created Permission View: menu access on DAG Run:consume_1_or_2_with_dataset_expressions
[2026-03-24T12:06:14.524+0000] {logging_mixin.py:190} INFO - [2026-03-24T12:06:14.523+0000] {override.py:1930} INFO - Created Permission View: can delete on DAG:conditional_dataset_and_time_based_timetable
[2026-03-24T12:06:14.534+0000] {logging_mixin.py:190} INFO - [2026-03-24T12:06:14.533+0000] {override.py:1930} INFO - Created Permission View: can edit on DAG:conditional_dataset_and_time_based_timetable
[2026-03-24T12:06:14.543+0000] {logging_mixin.py:190} INFO - [2026-03-24T12:06:14.543+0000] {override.py:1930} INFO - Created Permission View: can read on DAG:conditional_dataset_and_time_based_timetable
[2026-03-24T12:06:14.560+0000] {logging_mixin.py:190} INFO - [2026-03-24T12:06:14.560+0000] {override.py:1930} INFO - Created Permission View: can delete on DAG Run:conditional_dataset_and_time_based_timetable
[2026-03-24T12:06:14.571+0000] {logging_mixin.py:190} INFO - [2026-03-24T12:06:14.570+0000] {override.py:1930} INFO - Created Permission View: can create on DAG Run:conditional_dataset_and_time_based_timetable
[2026-03-24T12:06:14.580+0000] {logging_mixin.py:190} INFO - [2026-03-24T12:06:14.580+0000] {override.py:1930} INFO - Created Permission View: can read on DAG Run:conditional_dataset_and_time_based_timetable
[2026-03-24T12:06:14.590+0000] {logging_mixin.py:190} INFO - [2026-03-24T12:06:14.590+0000] {override.py:1930} INFO - Created Permission View: menu access on DAG Run:conditional_dataset_and_time_based_timetable
[2026-03-24T12:06:14.610+0000] {logging_mixin.py:190} INFO - [2026-03-24T12:06:14.610+0000] {override.py:1930} INFO - Created Permission View: can delete on DAG:consume_1_or_both_2_and_3_with_dataset_expressions
[2026-03-24T12:06:14.621+0000] {logging_mixin.py:190} INFO - [2026-03-24T12:06:14.621+0000] {override.py:1930} INFO - Created Permission View: can edit on DAG:consume_1_or_both_2_and_3_with_dataset_expressions
[2026-03-24T12:06:14.632+0000] {logging_mixin.py:190} INFO - [2026-03-24T12:06:14.631+0000] {override.py:1930} INFO - Created Permission View: can read on DAG:consume_1_or_both_2_and_3_with_dataset_expressions
[2026-03-24T12:06:14.649+0000] {logging_mixin.py:190} INFO - [2026-03-24T12:06:14.648+0000] {override.py:1930} INFO - Created Permission View: can delete on DAG Run:consume_1_or_both_2_and_3_with_dataset_expressions
[2026-03-24T12:06:14.659+0000] {logging_mixin.py:190} INFO - [2026-03-24T12:06:14.659+0000] {override.py:1930} INFO - Created Permission View: can create on DAG Run:consume_1_or_both_2_and_3_with_dataset_expressions
[2026-03-24T12:06:14.669+0000] {logging_mixin.py:190} INFO - [2026-03-24T12:06:14.668+0000] {override.py:1930} INFO - Created Permission View: can read on DAG Run:consume_1_or_both_2_and_3_with_dataset_expressions
[2026-03-24T12:06:14.678+0000] {logging_mixin.py:190} INFO - [2026-03-24T12:06:14.678+0000] {override.py:1930} INFO - Created Permission View: menu access on DAG Run:consume_1_or_both_2_and_3_with_dataset_expressions
[2026-03-24T12:06:14.701+0000] {logging_mixin.py:190} INFO - [2026-03-24T12:06:14.700+0000] {override.py:1930} INFO - Created Permission View: can delete on DAG:dataset_produces_1
[2026-03-24T12:06:14.711+0000] {logging_mixin.py:190} INFO - [2026-03-24T12:06:14.710+0000] {override.py:1930} INFO - Created Permission View: can edit on DAG:dataset_produces_1
[2026-03-24T12:06:14.721+0000] {logging_mixin.py:190} INFO - [2026-03-24T12:06:14.720+0000] {override.py:1930} INFO - Created Permission View: can read on DAG:dataset_produces_1
[2026-03-24T12:06:14.737+0000] {logging_mixin.py:190} INFO - [2026-03-24T12:06:14.737+0000] {override.py:1930} INFO - Created Permission View: can delete on DAG Run:dataset_produces_1
[2026-03-24T12:06:14.747+0000] {logging_mixin.py:190} INFO - [2026-03-24T12:06:14.747+0000] {override.py:1930} INFO - Created Permission View: can create on DAG Run:dataset_produces_1
[2026-03-24T12:06:14.758+0000] {logging_mixin.py:190} INFO - [2026-03-24T12:06:14.757+0000] {override.py:1930} INFO - Created Permission View: can read on DAG Run:dataset_produces_1
[2026-03-24T12:06:14.768+0000] {logging_mixin.py:190} INFO - [2026-03-24T12:06:14.767+0000] {override.py:1930} INFO - Created Permission View: menu access on DAG Run:dataset_produces_1
[2026-03-24T12:06:14.790+0000] {logging_mixin.py:190} INFO - [2026-03-24T12:06:14.789+0000] {override.py:1930} INFO - Created Permission View: can delete on DAG:dataset_produces_2
[2026-03-24T12:06:14.800+0000] {logging_mixin.py:190} INFO - [2026-03-24T12:06:14.800+0000] {override.py:1930} INFO - Created Permission View: can edit on DAG:dataset_produces_2
[2026-03-24T12:06:14.811+0000] {logging_mixin.py:190} INFO - [2026-03-24T12:06:14.811+0000] {override.py:1930} INFO - Created Permission View: can read on DAG:dataset_produces_2
[2026-03-24T12:06:14.831+0000] {logging_mixin.py:190} INFO - [2026-03-24T12:06:14.830+0000] {override.py:1930} INFO - Created Permission View: can delete on DAG Run:dataset_produces_2
[2026-03-24T12:06:14.842+0000] {logging_mixin.py:190} INFO - [2026-03-24T12:06:14.842+0000] {override.py:1930} INFO - Created Permission View: can create on DAG Run:dataset_produces_2
[2026-03-24T12:06:14.855+0000] {logging_mixin.py:190} INFO - [2026-03-24T12:06:14.854+0000] {override.py:1930} INFO - Created Permission View: can read on DAG Run:dataset_produces_2
[2026-03-24T12:06:14.869+0000] {logging_mixin.py:190} INFO - [2026-03-24T12:06:14.868+0000] {override.py:1930} INFO - Created Permission View: menu access on DAG Run:dataset_produces_2
[2026-03-24T12:06:14.894+0000] {logging_mixin.py:190} INFO - [2026-03-24T12:06:14.894+0000] {override.py:1930} INFO - Created Permission View: can delete on DAG:dataset_consumes_1_never_scheduled
[2026-03-24T12:06:14.905+0000] {logging_mixin.py:190} INFO - [2026-03-24T12:06:14.905+0000] {override.py:1930} INFO - Created Permission View: can edit on DAG:dataset_consumes_1_never_scheduled
[2026-03-24T12:06:14.916+0000] {logging_mixin.py:190} INFO - [2026-03-24T12:06:14.916+0000] {override.py:1930} INFO - Created Permission View: can read on DAG:dataset_consumes_1_never_scheduled
[2026-03-24T12:06:14.934+0000] {logging_mixin.py:190} INFO - [2026-03-24T12:06:14.934+0000] {override.py:1930} INFO - Created Permission View: can delete on DAG Run:dataset_consumes_1_never_scheduled
[2026-03-24T12:06:14.946+0000] {logging_mixin.py:190} INFO - [2026-03-24T12:06:14.945+0000] {override.py:1930} INFO - Created Permission View: can create on DAG Run:dataset_consumes_1_never_scheduled
[2026-03-24T12:06:14.956+0000] {logging_mixin.py:190} INFO - [2026-03-24T12:06:14.956+0000] {override.py:1930} INFO - Created Permission View: can read on DAG Run:dataset_consumes_1_never_scheduled
[2026-03-24T12:06:14.967+0000] {logging_mixin.py:190} INFO - [2026-03-24T12:06:14.966+0000] {override.py:1930} INFO - Created Permission View: menu access on DAG Run:dataset_consumes_1_never_scheduled
[2026-03-24T12:06:14.993+0000] {logging_mixin.py:190} INFO - [2026-03-24T12:06:14.993+0000] {override.py:1930} INFO - Created Permission View: can delete on DAG:consume_1_and_2_with_dataset_expressions
[2026-03-24T12:06:15.004+0000] {logging_mixin.py:190} INFO - [2026-03-24T12:06:15.003+0000] {override.py:1930} INFO - Created Permission View: can edit on DAG:consume_1_and_2_with_dataset_expressions
[2026-03-24T12:06:15.014+0000] {logging_mixin.py:190} INFO - [2026-03-24T12:06:15.013+0000] {override.py:1930} INFO - Created Permission View: can read on DAG:consume_1_and_2_with_dataset_expressions
[2026-03-24T12:06:15.032+0000] {logging_mixin.py:190} INFO - [2026-03-24T12:06:15.031+0000] {override.py:1930} INFO - Created Permission View: can delete on DAG Run:consume_1_and_2_with_dataset_expressions
[2026-03-24T12:06:15.041+0000] {logging_mixin.py:190} INFO - [2026-03-24T12:06:15.041+0000] {override.py:1930} INFO - Created Permission View: can create on DAG Run:consume_1_and_2_with_dataset_expressions
[2026-03-24T12:06:15.053+0000] {logging_mixin.py:190} INFO - [2026-03-24T12:06:15.052+0000] {override.py:1930} INFO - Created Permission View: can read on DAG Run:consume_1_and_2_with_dataset_expressions
[2026-03-24T12:06:15.063+0000] {logging_mixin.py:190} INFO - [2026-03-24T12:06:15.063+0000] {override.py:1930} INFO - Created Permission View: menu access on DAG Run:consume_1_and_2_with_dataset_expressions
[2026-03-24T12:06:15.087+0000] {logging_mixin.py:190} INFO - [2026-03-24T12:06:15.086+0000] {override.py:1930} INFO - Created Permission View: can delete on DAG:dataset_consumes_unknown_never_scheduled
[2026-03-24T12:06:15.097+0000] {logging_mixin.py:190} INFO - [2026-03-24T12:06:15.096+0000] {override.py:1930} INFO - Created Permission View: can edit on DAG:dataset_consumes_unknown_never_scheduled
[2026-03-24T12:06:15.106+0000] {logging_mixin.py:190} INFO - [2026-03-24T12:06:15.106+0000] {override.py:1930} INFO - Created Permission View: can read on DAG:dataset_consumes_unknown_never_scheduled
[2026-03-24T12:06:15.123+0000] {logging_mixin.py:190} INFO - [2026-03-24T12:06:15.122+0000] {override.py:1930} INFO - Created Permission View: can delete on DAG Run:dataset_consumes_unknown_never_scheduled
[2026-03-24T12:06:15.133+0000] {logging_mixin.py:190} INFO - [2026-03-24T12:06:15.133+0000] {override.py:1930} INFO - Created Permission View: can create on DAG Run:dataset_consumes_unknown_never_scheduled
[2026-03-24T12:06:15.143+0000] {logging_mixin.py:190} INFO - [2026-03-24T12:06:15.143+0000] {override.py:1930} INFO - Created Permission View: can read on DAG Run:dataset_consumes_unknown_never_scheduled
[2026-03-24T12:06:15.154+0000] {logging_mixin.py:190} INFO - [2026-03-24T12:06:15.153+0000] {override.py:1930} INFO - Created Permission View: menu access on DAG Run:dataset_consumes_unknown_never_scheduled
[2026-03-24T12:06:15.154+0000] {logging_mixin.py:190} INFO - [2026-03-24T12:06:15.154+0000] {dag.py:3239} INFO - Sync 10 DAGs
[2026-03-24T12:06:15.165+0000] {logging_mixin.py:190} INFO - [2026-03-24T12:06:15.165+0000] {dag.py:3262} INFO - Creating ORM DAG for dataset_produces_2
[2026-03-24T12:06:15.166+0000] {logging_mixin.py:190} INFO - [2026-03-24T12:06:15.166+0000] {dag.py:3262} INFO - Creating ORM DAG for consume_1_and_2_with_dataset_expressions
[2026-03-24T12:06:15.167+0000] {logging_mixin.py:190} INFO - [2026-03-24T12:06:15.167+0000] {dag.py:3262} INFO - Creating ORM DAG for consume_1_or_both_2_and_3_with_dataset_expressions
[2026-03-24T12:06:15.169+0000] {logging_mixin.py:190} INFO - [2026-03-24T12:06:15.168+0000] {dag.py:3262} INFO - Creating ORM DAG for dataset_consumes_1_and_2
[2026-03-24T12:06:15.169+0000] {logging_mixin.py:190} INFO - [2026-03-24T12:06:15.169+0000] {dag.py:3262} INFO - Creating ORM DAG for conditional_dataset_and_time_based_timetable
[2026-03-24T12:06:15.170+0000] {logging_mixin.py:190} INFO - [2026-03-24T12:06:15.170+0000] {dag.py:3262} INFO - Creating ORM DAG for dataset_consumes_1_never_scheduled
[2026-03-24T12:06:15.171+0000] {logging_mixin.py:190} INFO - [2026-03-24T12:06:15.171+0000] {dag.py:3262} INFO - Creating ORM DAG for dataset_consumes_unknown_never_scheduled
[2026-03-24T12:06:15.171+0000] {logging_mixin.py:190} INFO - [2026-03-24T12:06:15.171+0000] {dag.py:3262} INFO - Creating ORM DAG for consume_1_or_2_with_dataset_expressions
[2026-03-24T12:06:15.171+0000] {logging_mixin.py:190} INFO - [2026-03-24T12:06:15.171+0000] {dag.py:3262} INFO - Creating ORM DAG for dataset_consumes_1
[2026-03-24T12:06:15.172+0000] {logging_mixin.py:190} INFO - [2026-03-24T12:06:15.172+0000] {dag.py:3262} INFO - Creating ORM DAG for dataset_produces_1
[2026-03-24T12:06:15.183+0000] {logging_mixin.py:190} INFO - [2026-03-24T12:06:15.183+0000] {dag.py:4180} INFO - Setting next_dagrun for conditional_dataset_and_time_based_timetable to 2026-03-18 01:00:00+00:00, run_after=2026-03-18 01:00:00+00:00
[2026-03-24T12:06:15.184+0000] {logging_mixin.py:190} INFO - [2026-03-24T12:06:15.184+0000] {dag.py:4180} INFO - Setting next_dagrun for consume_1_and_2_with_dataset_expressions to None, run_after=None
[2026-03-24T12:06:15.185+0000] {logging_mixin.py:190} INFO - [2026-03-24T12:06:15.185+0000] {dag.py:4180} INFO - Setting next_dagrun for consume_1_or_2_with_dataset_expressions to None, run_after=None
[2026-03-24T12:06:15.185+0000] {logging_mixin.py:190} INFO - [2026-03-24T12:06:15.185+0000] {dag.py:4180} INFO - Setting next_dagrun for consume_1_or_both_2_and_3_with_dataset_expressions to None, run_after=None
[2026-03-24T12:06:15.185+0000] {logging_mixin.py:190} INFO - [2026-03-24T12:06:15.185+0000] {dag.py:4180} INFO - Setting next_dagrun for dataset_consumes_1 to None, run_after=None
[2026-03-24T12:06:15.186+0000] {logging_mixin.py:190} INFO - [2026-03-24T12:06:15.186+0000] {dag.py:4180} INFO - Setting next_dagrun for dataset_consumes_1_and_2 to None, run_after=None
[2026-03-24T12:06:15.186+0000] {logging_mixin.py:190} INFO - [2026-03-24T12:06:15.186+0000] {dag.py:4180} INFO - Setting next_dagrun for dataset_consumes_1_never_scheduled to None, run_after=None
[2026-03-24T12:06:15.186+0000] {logging_mixin.py:190} INFO - [2026-03-24T12:06:15.186+0000] {dag.py:4180} INFO - Setting next_dagrun for dataset_consumes_unknown_never_scheduled to None, run_after=None
[2026-03-24T12:06:15.188+0000] {logging_mixin.py:190} INFO - [2026-03-24T12:06:15.188+0000] {dag.py:4180} INFO - Setting next_dagrun for dataset_produces_1 to 2026-03-23 00:00:00+00:00, run_after=2026-03-24 00:00:00+00:00
[2026-03-24T12:06:15.188+0000] {logging_mixin.py:190} INFO - [2026-03-24T12:06:15.188+0000] {dag.py:4180} INFO - Setting next_dagrun for dataset_produces_2 to None, run_after=None
[2026-03-24T12:06:15.248+0000] {processor.py:208} INFO - Processing /home/rohit/ireland-rent-tracker/venv/lib/python3.12/site-packages/airflow/example_dags/example_datasets.py took 1.161 seconds
[2026-03-24T12:07:15.647+0000] {processor.py:186} INFO - Started process (PID=45751) to work on /home/rohit/ireland-rent-tracker/venv/lib/python3.12/site-packages/airflow/example_dags/example_datasets.py
[2026-03-24T12:07:15.651+0000] {processor.py:914} INFO - Processing file /home/rohit/ireland-rent-tracker/venv/lib/python3.12/site-packages/airflow/example_dags/example_datasets.py for tasks to queue
[2026-03-24T12:07:15.653+0000] {logging_mixin.py:190} INFO - [2026-03-24T12:07:15.653+0000] {dagbag.py:588} INFO - Filling up the DagBag from /home/rohit/ireland-rent-tracker/venv/lib/python3.12/site-packages/airflow/example_dags/example_datasets.py
[2026-03-24T12:07:15.669+0000] {processor.py:925} INFO - DAG(s) 'conditional_dataset_and_time_based_timetable', 'consume_1_or_both_2_and_3_with_dataset_expressions', 'dataset_consumes_unknown_never_scheduled', 'dataset_produces_2', 'dataset_consumes_1_and_2', 'consume_1_and_2_with_dataset_expressions', 'dataset_consumes_1', 'consume_1_or_2_with_dataset_expressions', 'dataset_consumes_1_never_scheduled', 'dataset_produces_1' retrieved from /home/rohit/ireland-rent-tracker/venv/lib/python3.12/site-packages/airflow/example_dags/example_datasets.py
[2026-03-24T12:07:15.701+0000] {logging_mixin.py:190} INFO - [2026-03-24T12:07:15.700+0000] {dag.py:3239} INFO - Sync 10 DAGs
[2026-03-24T12:07:15.727+0000] {logging_mixin.py:190} INFO - [2026-03-24T12:07:15.727+0000] {dag.py:4180} INFO - Setting next_dagrun for conditional_dataset_and_time_based_timetable to 2026-03-18 01:00:00+00:00, run_after=2026-03-18 01:00:00+00:00
[2026-03-24T12:07:15.731+0000] {logging_mixin.py:190} INFO - [2026-03-24T12:07:15.730+0000] {dag.py:4180} INFO - Setting next_dagrun for consume_1_and_2_with_dataset_expressions to None, run_after=None
[2026-03-24T12:07:15.731+0000] {logging_mixin.py:190} INFO - [2026-03-24T12:07:15.731+0000] {dag.py:4180} INFO - Setting next_dagrun for consume_1_or_2_with_dataset_expressions to None, run_after=None
[2026-03-24T12:07:15.732+0000] {logging_mixin.py:190} INFO - [2026-03-24T12:07:15.732+0000] {dag.py:4180} INFO - Setting next_dagrun for consume_1_or_both_2_and_3_with_dataset_expressions to None, run_after=None
[2026-03-24T12:07:15.733+0000] {logging_mixin.py:190} INFO - [2026-03-24T12:07:15.733+0000] {dag.py:4180} INFO - Setting next_dagrun for dataset_consumes_1 to None, run_after=None
[2026-03-24T12:07:15.734+0000] {logging_mixin.py:190} INFO - [2026-03-24T12:07:15.733+0000] {dag.py:4180} INFO - Setting next_dagrun for dataset_consumes_1_and_2 to None, run_after=None
[2026-03-24T12:07:15.734+0000] {logging_mixin.py:190} INFO - [2026-03-24T12:07:15.734+0000] {dag.py:4180} INFO - Setting next_dagrun for dataset_consumes_1_never_scheduled to None, run_after=None
[2026-03-24T12:07:15.736+0000] {logging_mixin.py:190} INFO - [2026-03-24T12:07:15.735+0000] {dag.py:4180} INFO - Setting next_dagrun for dataset_consumes_unknown_never_scheduled to None, run_after=None
[2026-03-24T12:07:15.737+0000] {logging_mixin.py:190} INFO - [2026-03-24T12:07:15.737+0000] {dag.py:4180} INFO - Setting next_dagrun for dataset_produces_1 to 2026-03-23 00:00:00+00:00, run_after=2026-03-24 00:00:00+00:00
[2026-03-24T12:07:15.738+0000] {logging_mixin.py:190} INFO - [2026-03-24T12:07:15.738+0000] {dag.py:4180} INFO - Setting next_dagrun for dataset_produces_2 to None, run_after=None
[2026-03-24T12:07:15.774+0000] {processor.py:208} INFO - Processing /home/rohit/ireland-rent-tracker/venv/lib/python3.12/site-packages/airflow/example_dags/example_datasets.py took 0.132 seconds
[2026-03-24T12:08:46.794+0000] {processor.py:186} INFO - Started process (PID=46233) to work on /home/rohit/ireland-rent-tracker/venv/lib/python3.12/site-packages/airflow/example_dags/example_datasets.py
[2026-03-24T12:08:46.795+0000] {processor.py:914} INFO - Processing file /home/rohit/ireland-rent-tracker/venv/lib/python3.12/site-packages/airflow/example_dags/example_datasets.py for tasks to queue
[2026-03-24T12:08:46.798+0000] {logging_mixin.py:190} INFO - [2026-03-24T12:08:46.798+0000] {dagbag.py:588} INFO - Filling up the DagBag from /home/rohit/ireland-rent-tracker/venv/lib/python3.12/site-packages/airflow/example_dags/example_datasets.py
[2026-03-24T12:08:46.815+0000] {processor.py:925} INFO - DAG(s) 'dataset_consumes_1_and_2', 'consume_1_or_2_with_dataset_expressions', 'consume_1_and_2_with_dataset_expressions', 'consume_1_or_both_2_and_3_with_dataset_expressions', 'dataset_consumes_1', 'dataset_produces_1', 'dataset_consumes_1_never_scheduled', 'conditional_dataset_and_time_based_timetable', 'dataset_produces_2', 'dataset_consumes_unknown_never_scheduled' retrieved from /home/rohit/ireland-rent-tracker/venv/lib/python3.12/site-packages/airflow/example_dags/example_datasets.py
[2026-03-24T12:08:46.923+0000] {logging_mixin.py:190} INFO - [2026-03-24T12:08:46.922+0000] {override.py:1930} INFO - Created Permission View: can delete on DAG:dataset_consumes_1_and_2
[2026-03-24T12:08:46.939+0000] {logging_mixin.py:190} INFO - [2026-03-24T12:08:46.939+0000] {override.py:1930} INFO - Created Permission View: can edit on DAG:dataset_consumes_1_and_2
[2026-03-24T12:08:46.952+0000] {logging_mixin.py:190} INFO - [2026-03-24T12:08:46.952+0000] {override.py:1930} INFO - Created Permission View: can read on DAG:dataset_consumes_1_and_2
[2026-03-24T12:08:46.972+0000] {logging_mixin.py:190} INFO - [2026-03-24T12:08:46.972+0000] {override.py:1930} INFO - Created Permission View: can delete on DAG Run:dataset_consumes_1_and_2
[2026-03-24T12:08:46.985+0000] {logging_mixin.py:190} INFO - [2026-03-24T12:08:46.984+0000] {override.py:1930} INFO - Created Permission View: can create on DAG Run:dataset_consumes_1_and_2
[2026-03-24T12:08:46.995+0000] {logging_mixin.py:190} INFO - [2026-03-24T12:08:46.995+0000] {override.py:1930} INFO - Created Permission View: can read on DAG Run:dataset_consumes_1_and_2
[2026-03-24T12:08:47.005+0000] {logging_mixin.py:190} INFO - [2026-03-24T12:08:47.005+0000] {override.py:1930} INFO - Created Permission View: menu access on DAG Run:dataset_consumes_1_and_2
[2026-03-24T12:08:47.025+0000] {logging_mixin.py:190} INFO - [2026-03-24T12:08:47.024+0000] {override.py:1930} INFO - Created Permission View: can delete on DAG:consume_1_or_2_with_dataset_expressions
[2026-03-24T12:08:47.035+0000] {logging_mixin.py:190} INFO - [2026-03-24T12:08:47.034+0000] {override.py:1930} INFO - Created Permission View: can edit on DAG:consume_1_or_2_with_dataset_expressions
[2026-03-24T12:08:47.046+0000] {logging_mixin.py:190} INFO - [2026-03-24T12:08:47.045+0000] {override.py:1930} INFO - Created Permission View: can read on DAG:consume_1_or_2_with_dataset_expressions
[2026-03-24T12:08:47.065+0000] {logging_mixin.py:190} INFO - [2026-03-24T12:08:47.065+0000] {override.py:1930} INFO - Created Permission View: can delete on DAG Run:consume_1_or_2_with_dataset_expressions
[2026-03-24T12:08:47.076+0000] {logging_mixin.py:190} INFO - [2026-03-24T12:08:47.076+0000] {override.py:1930} INFO - Created Permission View: can create on DAG Run:consume_1_or_2_with_dataset_expressions
[2026-03-24T12:08:47.086+0000] {logging_mixin.py:190} INFO - [2026-03-24T12:08:47.086+0000] {override.py:1930} INFO - Created Permission View: can read on DAG Run:consume_1_or_2_with_dataset_expressions
[2026-03-24T12:08:47.097+0000] {logging_mixin.py:190} INFO - [2026-03-24T12:08:47.097+0000] {override.py:1930} INFO - Created Permission View: menu access on DAG Run:consume_1_or_2_with_dataset_expressions
[2026-03-24T12:08:47.117+0000] {logging_mixin.py:190} INFO - [2026-03-24T12:08:47.117+0000] {override.py:1930} INFO - Created Permission View: can delete on DAG:consume_1_and_2_with_dataset_expressions
[2026-03-24T12:08:47.129+0000] {logging_mixin.py:190} INFO - [2026-03-24T12:08:47.128+0000] {override.py:1930} INFO - Created Permission View: can edit on DAG:consume_1_and_2_with_dataset_expressions
[2026-03-24T12:08:47.139+0000] {logging_mixin.py:190} INFO - [2026-03-24T12:08:47.139+0000] {override.py:1930} INFO - Created Permission View: can read on DAG:consume_1_and_2_with_dataset_expressions
[2026-03-24T12:08:47.158+0000] {logging_mixin.py:190} INFO - [2026-03-24T12:08:47.158+0000] {override.py:1930} INFO - Created Permission View: can delete on DAG Run:consume_1_and_2_with_dataset_expressions
[2026-03-24T12:08:47.169+0000] {logging_mixin.py:190} INFO - [2026-03-24T12:08:47.169+0000] {override.py:1930} INFO - Created Permission View: can create on DAG Run:consume_1_and_2_with_dataset_expressions
[2026-03-24T12:08:47.182+0000] {logging_mixin.py:190} INFO - [2026-03-24T12:08:47.181+0000] {override.py:1930} INFO - Created Permission View: can read on DAG Run:consume_1_and_2_with_dataset_expressions
[2026-03-24T12:08:47.194+0000] {logging_mixin.py:190} INFO - [2026-03-24T12:08:47.194+0000] {override.py:1930} INFO - Created Permission View: menu access on DAG Run:consume_1_and_2_with_dataset_expressions
[2026-03-24T12:08:47.219+0000] {logging_mixin.py:190} INFO - [2026-03-24T12:08:47.218+0000] {override.py:1930} INFO - Created Permission View: can delete on DAG:consume_1_or_both_2_and_3_with_dataset_expressions
[2026-03-24T12:08:47.230+0000] {logging_mixin.py:190} INFO - [2026-03-24T12:08:47.230+0000] {override.py:1930} INFO - Created Permission View: can edit on DAG:consume_1_or_both_2_and_3_with_dataset_expressions
[2026-03-24T12:08:47.242+0000] {logging_mixin.py:190} INFO - [2026-03-24T12:08:47.242+0000] {override.py:1930} INFO - Created Permission View: can read on DAG:consume_1_or_both_2_and_3_with_dataset_expressions
[2026-03-24T12:08:47.261+0000] {logging_mixin.py:190} INFO - [2026-03-24T12:08:47.261+0000] {override.py:1930} INFO - Created Permission View: can delete on DAG Run:consume_1_or_both_2_and_3_with_dataset_expressions
[2026-03-24T12:08:47.271+0000] {logging_mixin.py:190} INFO - [2026-03-24T12:08:47.271+0000] {override.py:1930} INFO - Created Permission View: can create on DAG Run:consume_1_or_both_2_and_3_with_dataset_expressions
[2026-03-24T12:08:47.282+0000] {logging_mixin.py:190} INFO - [2026-03-24T12:08:47.281+0000] {override.py:1930} INFO - Created Permission View: can read on DAG Run:consume_1_or_both_2_and_3_with_dataset_expressions
[2026-03-24T12:08:47.292+0000] {logging_mixin.py:190} INFO - [2026-03-24T12:08:47.292+0000] {override.py:1930} INFO - Created Permission View: menu access on DAG Run:consume_1_or_both_2_and_3_with_dataset_expressions
[2026-03-24T12:08:47.312+0000] {logging_mixin.py:190} INFO - [2026-03-24T12:08:47.312+0000] {override.py:1930} INFO - Created Permission View: can delete on DAG:dataset_consumes_1
[2026-03-24T12:08:47.322+0000] {logging_mixin.py:190} INFO - [2026-03-24T12:08:47.321+0000] {override.py:1930} INFO - Created Permission View: can edit on DAG:dataset_consumes_1
[2026-03-24T12:08:47.332+0000] {logging_mixin.py:190} INFO - [2026-03-24T12:08:47.331+0000] {override.py:1930} INFO - Created Permission View: can read on DAG:dataset_consumes_1
[2026-03-24T12:08:47.350+0000] {logging_mixin.py:190} INFO - [2026-03-24T12:08:47.350+0000] {override.py:1930} INFO - Created Permission View: can delete on DAG Run:dataset_consumes_1
[2026-03-24T12:08:47.362+0000] {logging_mixin.py:190} INFO - [2026-03-24T12:08:47.362+0000] {override.py:1930} INFO - Created Permission View: can create on DAG Run:dataset_consumes_1
[2026-03-24T12:08:47.372+0000] {logging_mixin.py:190} INFO - [2026-03-24T12:08:47.372+0000] {override.py:1930} INFO - Created Permission View: can read on DAG Run:dataset_consumes_1
[2026-03-24T12:08:47.382+0000] {logging_mixin.py:190} INFO - [2026-03-24T12:08:47.382+0000] {override.py:1930} INFO - Created Permission View: menu access on DAG Run:dataset_consumes_1
[2026-03-24T12:08:47.401+0000] {logging_mixin.py:190} INFO - [2026-03-24T12:08:47.400+0000] {override.py:1930} INFO - Created Permission View: can delete on DAG:dataset_produces_1
[2026-03-24T12:08:47.410+0000] {logging_mixin.py:190} INFO - [2026-03-24T12:08:47.410+0000] {override.py:1930} INFO - Created Permission View: can edit on DAG:dataset_produces_1
[2026-03-24T12:08:47.420+0000] {logging_mixin.py:190} INFO - [2026-03-24T12:08:47.420+0000] {override.py:1930} INFO - Created Permission View: can read on DAG:dataset_produces_1
[2026-03-24T12:08:47.435+0000] {logging_mixin.py:190} INFO - [2026-03-24T12:08:47.435+0000] {override.py:1930} INFO - Created Permission View: can delete on DAG Run:dataset_produces_1
[2026-03-24T12:08:47.446+0000] {logging_mixin.py:190} INFO - [2026-03-24T12:08:47.446+0000] {override.py:1930} INFO - Created Permission View: can create on DAG Run:dataset_produces_1
[2026-03-24T12:08:47.456+0000] {logging_mixin.py:190} INFO - [2026-03-24T12:08:47.456+0000] {override.py:1930} INFO - Created Permission View: can read on DAG Run:dataset_produces_1
[2026-03-24T12:08:47.466+0000] {logging_mixin.py:190} INFO - [2026-03-24T12:08:47.466+0000] {override.py:1930} INFO - Created Permission View: menu access on DAG Run:dataset_produces_1
[2026-03-24T12:08:47.489+0000] {logging_mixin.py:190} INFO - [2026-03-24T12:08:47.489+0000] {override.py:1930} INFO - Created Permission View: can delete on DAG:dataset_consumes_1_never_scheduled
[2026-03-24T12:08:47.502+0000] {logging_mixin.py:190} INFO - [2026-03-24T12:08:47.501+0000] {override.py:1930} INFO - Created Permission View: can edit on DAG:dataset_consumes_1_never_scheduled
[2026-03-24T12:08:47.516+0000] {logging_mixin.py:190} INFO - [2026-03-24T12:08:47.515+0000] {override.py:1930} INFO - Created Permission View: can read on DAG:dataset_consumes_1_never_scheduled
[2026-03-24T12:08:47.534+0000] {logging_mixin.py:190} INFO - [2026-03-24T12:08:47.534+0000] {override.py:1930} INFO - Created Permission View: can delete on DAG Run:dataset_consumes_1_never_scheduled
[2026-03-24T12:08:47.545+0000] {logging_mixin.py:190} INFO - [2026-03-24T12:08:47.544+0000] {override.py:1930} INFO - Created Permission View: can create on DAG Run:dataset_consumes_1_never_scheduled
[2026-03-24T12:08:47.555+0000] {logging_mixin.py:190} INFO - [2026-03-24T12:08:47.555+0000] {override.py:1930} INFO - Created Permission View: can read on DAG Run:dataset_consumes_1_never_scheduled
[2026-03-24T12:08:47.565+0000] {logging_mixin.py:190} INFO - [2026-03-24T12:08:47.565+0000] {override.py:1930} INFO - Created Permission View: menu access on DAG Run:dataset_consumes_1_never_scheduled
[2026-03-24T12:08:47.584+0000] {logging_mixin.py:190} INFO - [2026-03-24T12:08:47.584+0000] {override.py:1930} INFO - Created Permission View: can delete on DAG:conditional_dataset_and_time_based_timetable
[2026-03-24T12:08:47.594+0000] {logging_mixin.py:190} INFO - [2026-03-24T12:08:47.593+0000] {override.py:1930} INFO - Created Permission View: can edit on DAG:conditional_dataset_and_time_based_timetable
[2026-03-24T12:08:47.604+0000] {logging_mixin.py:190} INFO - [2026-03-24T12:08:47.603+0000] {override.py:1930} INFO - Created Permission View: can read on DAG:conditional_dataset_and_time_based_timetable
[2026-03-24T12:08:47.619+0000] {logging_mixin.py:190} INFO - [2026-03-24T12:08:47.619+0000] {override.py:1930} INFO - Created Permission View: can delete on DAG Run:conditional_dataset_and_time_based_timetable
[2026-03-24T12:08:47.629+0000] {logging_mixin.py:190} INFO - [2026-03-24T12:08:47.628+0000] {override.py:1930} INFO - Created Permission View: can create on DAG Run:conditional_dataset_and_time_based_timetable
[2026-03-24T12:08:47.638+0000] {logging_mixin.py:190} INFO - [2026-03-24T12:08:47.638+0000] {override.py:1930} INFO - Created Permission View: can read on DAG Run:conditional_dataset_and_time_based_timetable
[2026-03-24T12:08:47.648+0000] {logging_mixin.py:190} INFO - [2026-03-24T12:08:47.648+0000] {override.py:1930} INFO - Created Permission View: menu access on DAG Run:conditional_dataset_and_time_based_timetable
[2026-03-24T12:08:47.668+0000] {logging_mixin.py:190} INFO - [2026-03-24T12:08:47.667+0000] {override.py:1930} INFO - Created Permission View: can delete on DAG:dataset_produces_2
[2026-03-24T12:08:47.677+0000] {logging_mixin.py:190} INFO - [2026-03-24T12:08:47.676+0000] {override.py:1930} INFO - Created Permission View: can edit on DAG:dataset_produces_2
[2026-03-24T12:08:47.687+0000] {logging_mixin.py:190} INFO - [2026-03-24T12:08:47.687+0000] {override.py:1930} INFO - Created Permission View: can read on DAG:dataset_produces_2
[2026-03-24T12:08:47.702+0000] {logging_mixin.py:190} INFO - [2026-03-24T12:08:47.702+0000] {override.py:1930} INFO - Created Permission View: can delete on DAG Run:dataset_produces_2
[2026-03-24T12:08:47.711+0000] {logging_mixin.py:190} INFO - [2026-03-24T12:08:47.711+0000] {override.py:1930} INFO - Created Permission View: can create on DAG Run:dataset_produces_2
[2026-03-24T12:08:47.722+0000] {logging_mixin.py:190} INFO - [2026-03-24T12:08:47.721+0000] {override.py:1930} INFO - Created Permission View: can read on DAG Run:dataset_produces_2
[2026-03-24T12:08:47.730+0000] {logging_mixin.py:190} INFO - [2026-03-24T12:08:47.730+0000] {override.py:1930} INFO - Created Permission View: menu access on DAG Run:dataset_produces_2
[2026-03-24T12:08:47.750+0000] {logging_mixin.py:190} INFO - [2026-03-24T12:08:47.750+0000] {override.py:1930} INFO - Created Permission View: can delete on DAG:dataset_consumes_unknown_never_scheduled
[2026-03-24T12:08:47.759+0000] {logging_mixin.py:190} INFO - [2026-03-24T12:08:47.759+0000] {override.py:1930} INFO - Created Permission View: can edit on DAG:dataset_consumes_unknown_never_scheduled
[2026-03-24T12:08:47.772+0000] {logging_mixin.py:190} INFO - [2026-03-24T12:08:47.771+0000] {override.py:1930} INFO - Created Permission View: can read on DAG:dataset_consumes_unknown_never_scheduled
[2026-03-24T12:08:47.791+0000] {logging_mixin.py:190} INFO - [2026-03-24T12:08:47.790+0000] {override.py:1930} INFO - Created Permission View: can delete on DAG Run:dataset_consumes_unknown_never_scheduled
[2026-03-24T12:08:47.801+0000] {logging_mixin.py:190} INFO - [2026-03-24T12:08:47.800+0000] {override.py:1930} INFO - Created Permission View: can create on DAG Run:dataset_consumes_unknown_never_scheduled
[2026-03-24T12:08:47.811+0000] {logging_mixin.py:190} INFO - [2026-03-24T12:08:47.810+0000] {override.py:1930} INFO - Created Permission View: can read on DAG Run:dataset_consumes_unknown_never_scheduled
[2026-03-24T12:08:47.821+0000] {logging_mixin.py:190} INFO - [2026-03-24T12:08:47.820+0000] {override.py:1930} INFO - Created Permission View: menu access on DAG Run:dataset_consumes_unknown_never_scheduled
[2026-03-24T12:08:47.821+0000] {logging_mixin.py:190} INFO - [2026-03-24T12:08:47.821+0000] {dag.py:3239} INFO - Sync 10 DAGs
[2026-03-24T12:08:47.832+0000] {logging_mixin.py:190} INFO - [2026-03-24T12:08:47.832+0000] {dag.py:3262} INFO - Creating ORM DAG for dataset_produces_2
[2026-03-24T12:08:47.833+0000] {logging_mixin.py:190} INFO - [2026-03-24T12:08:47.833+0000] {dag.py:3262} INFO - Creating ORM DAG for consume_1_and_2_with_dataset_expressions
[2026-03-24T12:08:47.833+0000] {logging_mixin.py:190} INFO - [2026-03-24T12:08:47.833+0000] {dag.py:3262} INFO - Creating ORM DAG for consume_1_or_both_2_and_3_with_dataset_expressions
[2026-03-24T12:08:47.834+0000] {logging_mixin.py:190} INFO - [2026-03-24T12:08:47.834+0000] {dag.py:3262} INFO - Creating ORM DAG for dataset_consumes_1_and_2
[2026-03-24T12:08:47.834+0000] {logging_mixin.py:190} INFO - [2026-03-24T12:08:47.834+0000] {dag.py:3262} INFO - Creating ORM DAG for conditional_dataset_and_time_based_timetable
[2026-03-24T12:08:47.834+0000] {logging_mixin.py:190} INFO - [2026-03-24T12:08:47.834+0000] {dag.py:3262} INFO - Creating ORM DAG for dataset_consumes_1_never_scheduled
[2026-03-24T12:08:47.835+0000] {logging_mixin.py:190} INFO - [2026-03-24T12:08:47.835+0000] {dag.py:3262} INFO - Creating ORM DAG for dataset_consumes_unknown_never_scheduled
[2026-03-24T12:08:47.835+0000] {logging_mixin.py:190} INFO - [2026-03-24T12:08:47.835+0000] {dag.py:3262} INFO - Creating ORM DAG for consume_1_or_2_with_dataset_expressions
[2026-03-24T12:08:47.835+0000] {logging_mixin.py:190} INFO - [2026-03-24T12:08:47.835+0000] {dag.py:3262} INFO - Creating ORM DAG for dataset_consumes_1
[2026-03-24T12:08:47.836+0000] {logging_mixin.py:190} INFO - [2026-03-24T12:08:47.836+0000] {dag.py:3262} INFO - Creating ORM DAG for dataset_produces_1
[2026-03-24T12:08:47.845+0000] {logging_mixin.py:190} INFO - [2026-03-24T12:08:47.845+0000] {dag.py:4180} INFO - Setting next_dagrun for conditional_dataset_and_time_based_timetable to 2026-03-18 01:00:00+00:00, run_after=2026-03-18 01:00:00+00:00
[2026-03-24T12:08:47.846+0000] {logging_mixin.py:190} INFO - [2026-03-24T12:08:47.846+0000] {dag.py:4180} INFO - Setting next_dagrun for consume_1_and_2_with_dataset_expressions to None, run_after=None
[2026-03-24T12:08:47.846+0000] {logging_mixin.py:190} INFO - [2026-03-24T12:08:47.846+0000] {dag.py:4180} INFO - Setting next_dagrun for consume_1_or_2_with_dataset_expressions to None, run_after=None
[2026-03-24T12:08:47.846+0000] {logging_mixin.py:190} INFO - [2026-03-24T12:08:47.846+0000] {dag.py:4180} INFO - Setting next_dagrun for consume_1_or_both_2_and_3_with_dataset_expressions to None, run_after=None
[2026-03-24T12:08:47.847+0000] {logging_mixin.py:190} INFO - [2026-03-24T12:08:47.847+0000] {dag.py:4180} INFO - Setting next_dagrun for dataset_consumes_1 to None, run_after=None
[2026-03-24T12:08:47.847+0000] {logging_mixin.py:190} INFO - [2026-03-24T12:08:47.847+0000] {dag.py:4180} INFO - Setting next_dagrun for dataset_consumes_1_and_2 to None, run_after=None
[2026-03-24T12:08:47.847+0000] {logging_mixin.py:190} INFO - [2026-03-24T12:08:47.847+0000] {dag.py:4180} INFO - Setting next_dagrun for dataset_consumes_1_never_scheduled to None, run_after=None
[2026-03-24T12:08:47.848+0000] {logging_mixin.py:190} INFO - [2026-03-24T12:08:47.848+0000] {dag.py:4180} INFO - Setting next_dagrun for dataset_consumes_unknown_never_scheduled to None, run_after=None
[2026-03-24T12:08:47.849+0000] {logging_mixin.py:190} INFO - [2026-03-24T12:08:47.849+0000] {dag.py:4180} INFO - Setting next_dagrun for dataset_produces_1 to 2026-03-23 00:00:00+00:00, run_after=2026-03-24 00:00:00+00:00
[2026-03-24T12:08:47.849+0000] {logging_mixin.py:190} INFO - [2026-03-24T12:08:47.849+0000] {dag.py:4180} INFO - Setting next_dagrun for dataset_produces_2 to None, run_after=None
[2026-03-24T12:08:47.880+0000] {processor.py:208} INFO - Processing /home/rohit/ireland-rent-tracker/venv/lib/python3.12/site-packages/airflow/example_dags/example_datasets.py took 1.093 seconds
[2026-03-24T12:10:00.508+0000] {processor.py:186} INFO - Started process (PID=46666) to work on /home/rohit/ireland-rent-tracker/venv/lib/python3.12/site-packages/airflow/example_dags/example_datasets.py
[2026-03-24T12:10:00.510+0000] {processor.py:914} INFO - Processing file /home/rohit/ireland-rent-tracker/venv/lib/python3.12/site-packages/airflow/example_dags/example_datasets.py for tasks to queue
[2026-03-24T12:10:00.514+0000] {logging_mixin.py:190} INFO - [2026-03-24T12:10:00.513+0000] {dagbag.py:588} INFO - Filling up the DagBag from /home/rohit/ireland-rent-tracker/venv/lib/python3.12/site-packages/airflow/example_dags/example_datasets.py
[2026-03-24T12:10:00.539+0000] {processor.py:925} INFO - DAG(s) 'dataset_consumes_unknown_never_scheduled', 'dataset_consumes_1', 'consume_1_or_2_with_dataset_expressions', 'dataset_consumes_1_and_2', 'dataset_consumes_1_never_scheduled', 'consume_1_or_both_2_and_3_with_dataset_expressions', 'dataset_produces_2', 'consume_1_and_2_with_dataset_expressions', 'dataset_produces_1', 'conditional_dataset_and_time_based_timetable' retrieved from /home/rohit/ireland-rent-tracker/venv/lib/python3.12/site-packages/airflow/example_dags/example_datasets.py
[2026-03-24T12:10:00.579+0000] {logging_mixin.py:190} INFO - [2026-03-24T12:10:00.578+0000] {dag.py:3239} INFO - Sync 10 DAGs
[2026-03-24T12:10:00.608+0000] {logging_mixin.py:190} INFO - [2026-03-24T12:10:00.608+0000] {dag.py:4180} INFO - Setting next_dagrun for conditional_dataset_and_time_based_timetable to 2026-03-18 01:00:00+00:00, run_after=2026-03-18 01:00:00+00:00
[2026-03-24T12:10:00.614+0000] {logging_mixin.py:190} INFO - [2026-03-24T12:10:00.613+0000] {dag.py:4180} INFO - Setting next_dagrun for consume_1_and_2_with_dataset_expressions to None, run_after=None
[2026-03-24T12:10:00.615+0000] {logging_mixin.py:190} INFO - [2026-03-24T12:10:00.614+0000] {dag.py:4180} INFO - Setting next_dagrun for consume_1_or_2_with_dataset_expressions to None, run_after=None
[2026-03-24T12:10:00.615+0000] {logging_mixin.py:190} INFO - [2026-03-24T12:10:00.615+0000] {dag.py:4180} INFO - Setting next_dagrun for consume_1_or_both_2_and_3_with_dataset_expressions to None, run_after=None
[2026-03-24T12:10:00.616+0000] {logging_mixin.py:190} INFO - [2026-03-24T12:10:00.616+0000] {dag.py:4180} INFO - Setting next_dagrun for dataset_consumes_1 to None, run_after=None
[2026-03-24T12:10:00.617+0000] {logging_mixin.py:190} INFO - [2026-03-24T12:10:00.617+0000] {dag.py:4180} INFO - Setting next_dagrun for dataset_consumes_1_and_2 to None, run_after=None
[2026-03-24T12:10:00.618+0000] {logging_mixin.py:190} INFO - [2026-03-24T12:10:00.618+0000] {dag.py:4180} INFO - Setting next_dagrun for dataset_consumes_1_never_scheduled to None, run_after=None
[2026-03-24T12:10:00.619+0000] {logging_mixin.py:190} INFO - [2026-03-24T12:10:00.619+0000] {dag.py:4180} INFO - Setting next_dagrun for dataset_consumes_unknown_never_scheduled to None, run_after=None
[2026-03-24T12:10:00.621+0000] {logging_mixin.py:190} INFO - [2026-03-24T12:10:00.620+0000] {dag.py:4180} INFO - Setting next_dagrun for dataset_produces_1 to 2026-03-23 00:00:00+00:00, run_after=2026-03-24 00:00:00+00:00
[2026-03-24T12:10:00.621+0000] {logging_mixin.py:190} INFO - [2026-03-24T12:10:00.621+0000] {dag.py:4180} INFO - Setting next_dagrun for dataset_produces_2 to None, run_after=None
[2026-03-24T12:10:00.670+0000] {processor.py:208} INFO - Processing /home/rohit/ireland-rent-tracker/venv/lib/python3.12/site-packages/airflow/example_dags/example_datasets.py took 0.168 seconds
[2026-03-24T12:10:58.384+0000] {processor.py:186} INFO - Started process (PID=46779) to work on /home/rohit/ireland-rent-tracker/venv/lib/python3.12/site-packages/airflow/example_dags/example_datasets.py
[2026-03-24T12:10:58.385+0000] {processor.py:914} INFO - Processing file /home/rohit/ireland-rent-tracker/venv/lib/python3.12/site-packages/airflow/example_dags/example_datasets.py for tasks to queue
[2026-03-24T12:10:58.387+0000] {logging_mixin.py:190} INFO - [2026-03-24T12:10:58.387+0000] {dagbag.py:588} INFO - Filling up the DagBag from /home/rohit/ireland-rent-tracker/venv/lib/python3.12/site-packages/airflow/example_dags/example_datasets.py
[2026-03-24T12:10:58.403+0000] {processor.py:925} INFO - DAG(s) 'dataset_consumes_1_and_2', 'dataset_produces_2', 'dataset_consumes_1', 'consume_1_or_both_2_and_3_with_dataset_expressions', 'dataset_consumes_1_never_scheduled', 'dataset_consumes_unknown_never_scheduled', 'dataset_produces_1', 'consume_1_and_2_with_dataset_expressions', 'consume_1_or_2_with_dataset_expressions', 'conditional_dataset_and_time_based_timetable' retrieved from /home/rohit/ireland-rent-tracker/venv/lib/python3.12/site-packages/airflow/example_dags/example_datasets.py
[2026-03-24T12:10:58.436+0000] {logging_mixin.py:190} INFO - [2026-03-24T12:10:58.436+0000] {dag.py:3239} INFO - Sync 10 DAGs
[2026-03-24T12:10:58.456+0000] {logging_mixin.py:190} INFO - [2026-03-24T12:10:58.456+0000] {dag.py:4180} INFO - Setting next_dagrun for conditional_dataset_and_time_based_timetable to 2026-03-18 01:00:00+00:00, run_after=2026-03-18 01:00:00+00:00
[2026-03-24T12:10:58.459+0000] {logging_mixin.py:190} INFO - [2026-03-24T12:10:58.459+0000] {dag.py:4180} INFO - Setting next_dagrun for consume_1_and_2_with_dataset_expressions to None, run_after=None
[2026-03-24T12:10:58.460+0000] {logging_mixin.py:190} INFO - [2026-03-24T12:10:58.460+0000] {dag.py:4180} INFO - Setting next_dagrun for consume_1_or_2_with_dataset_expressions to None, run_after=None
[2026-03-24T12:10:58.461+0000] {logging_mixin.py:190} INFO - [2026-03-24T12:10:58.460+0000] {dag.py:4180} INFO - Setting next_dagrun for consume_1_or_both_2_and_3_with_dataset_expressions to None, run_after=None
[2026-03-24T12:10:58.461+0000] {logging_mixin.py:190} INFO - [2026-03-24T12:10:58.461+0000] {dag.py:4180} INFO - Setting next_dagrun for dataset_consumes_1 to None, run_after=None
[2026-03-24T12:10:58.462+0000] {logging_mixin.py:190} INFO - [2026-03-24T12:10:58.462+0000] {dag.py:4180} INFO - Setting next_dagrun for dataset_consumes_1_and_2 to None, run_after=None
[2026-03-24T12:10:58.462+0000] {logging_mixin.py:190} INFO - [2026-03-24T12:10:58.462+0000] {dag.py:4180} INFO - Setting next_dagrun for dataset_consumes_1_never_scheduled to None, run_after=None
[2026-03-24T12:10:58.463+0000] {logging_mixin.py:190} INFO - [2026-03-24T12:10:58.463+0000] {dag.py:4180} INFO - Setting next_dagrun for dataset_consumes_unknown_never_scheduled to None, run_after=None
[2026-03-24T12:10:58.464+0000] {logging_mixin.py:190} INFO - [2026-03-24T12:10:58.464+0000] {dag.py:4180} INFO - Setting next_dagrun for dataset_produces_1 to 2026-03-23 00:00:00+00:00, run_after=2026-03-24 00:00:00+00:00
[2026-03-24T12:10:58.465+0000] {logging_mixin.py:190} INFO - [2026-03-24T12:10:58.465+0000] {dag.py:4180} INFO - Setting next_dagrun for dataset_produces_2 to None, run_after=None
[2026-03-24T12:10:58.495+0000] {processor.py:208} INFO - Processing /home/rohit/ireland-rent-tracker/venv/lib/python3.12/site-packages/airflow/example_dags/example_datasets.py took 0.116 seconds
