[2026-03-24T12:06:00.436+0000] {processor.py:186} INFO - Started process (PID=45649) to work on /home/rohit/ireland-rent-tracker/venv/lib/python3.12/site-packages/airflow/example_dags/example_task_group.py
[2026-03-24T12:06:00.437+0000] {processor.py:914} INFO - Processing file /home/rohit/ireland-rent-tracker/venv/lib/python3.12/site-packages/airflow/example_dags/example_task_group.py for tasks to queue
[2026-03-24T12:06:00.439+0000] {logging_mixin.py:190} INFO - [2026-03-24T12:06:00.439+0000] {dagbag.py:588} INFO - Filling up the DagBag from /home/rohit/ireland-rent-tracker/venv/lib/python3.12/site-packages/airflow/example_dags/example_task_group.py
[2026-03-24T12:06:00.450+0000] {processor.py:925} INFO - DAG(s) 'example_task_group' retrieved from /home/rohit/ireland-rent-tracker/venv/lib/python3.12/site-packages/airflow/example_dags/example_task_group.py
[2026-03-24T12:06:00.565+0000] {logging_mixin.py:190} INFO - [2026-03-24T12:06:00.564+0000] {override.py:1930} INFO - Created Permission View: can delete on DAG:example_task_group
[2026-03-24T12:06:00.580+0000] {logging_mixin.py:190} INFO - [2026-03-24T12:06:00.579+0000] {override.py:1930} INFO - Created Permission View: can edit on DAG:example_task_group
[2026-03-24T12:06:00.593+0000] {logging_mixin.py:190} INFO - [2026-03-24T12:06:00.592+0000] {override.py:1930} INFO - Created Permission View: can read on DAG:example_task_group
[2026-03-24T12:06:00.613+0000] {logging_mixin.py:190} INFO - [2026-03-24T12:06:00.612+0000] {override.py:1930} INFO - Created Permission View: can delete on DAG Run:example_task_group
[2026-03-24T12:06:00.626+0000] {logging_mixin.py:190} INFO - [2026-03-24T12:06:00.625+0000] {override.py:1930} INFO - Created Permission View: can create on DAG Run:example_task_group
[2026-03-24T12:06:00.639+0000] {logging_mixin.py:190} INFO - [2026-03-24T12:06:00.638+0000] {override.py:1930} INFO - Created Permission View: can read on DAG Run:example_task_group
[2026-03-24T12:06:00.651+0000] {logging_mixin.py:190} INFO - [2026-03-24T12:06:00.651+0000] {override.py:1930} INFO - Created Permission View: menu access on DAG Run:example_task_group
[2026-03-24T12:06:00.651+0000] {logging_mixin.py:190} INFO - [2026-03-24T12:06:00.651+0000] {dag.py:3239} INFO - Sync 1 DAGs
[2026-03-24T12:06:00.665+0000] {logging_mixin.py:190} INFO - [2026-03-24T12:06:00.665+0000] {dag.py:3262} INFO - Creating ORM DAG for example_task_group
[2026-03-24T12:06:00.666+0000] {logging_mixin.py:190} INFO - [2026-03-24T12:06:00.666+0000] {dag.py:4180} INFO - Setting next_dagrun for example_task_group to None, run_after=None
[2026-03-24T12:06:00.694+0000] {processor.py:208} INFO - Processing /home/rohit/ireland-rent-tracker/venv/lib/python3.12/site-packages/airflow/example_dags/example_task_group.py took 0.263 seconds
[2026-03-24T12:07:04.323+0000] {processor.py:186} INFO - Started process (PID=45736) to work on /home/rohit/ireland-rent-tracker/venv/lib/python3.12/site-packages/airflow/example_dags/example_task_group.py
[2026-03-24T12:07:04.325+0000] {processor.py:914} INFO - Processing file /home/rohit/ireland-rent-tracker/venv/lib/python3.12/site-packages/airflow/example_dags/example_task_group.py for tasks to queue
[2026-03-24T12:07:04.327+0000] {logging_mixin.py:190} INFO - [2026-03-24T12:07:04.326+0000] {dagbag.py:588} INFO - Filling up the DagBag from /home/rohit/ireland-rent-tracker/venv/lib/python3.12/site-packages/airflow/example_dags/example_task_group.py
[2026-03-24T12:07:04.338+0000] {processor.py:925} INFO - DAG(s) 'example_task_group' retrieved from /home/rohit/ireland-rent-tracker/venv/lib/python3.12/site-packages/airflow/example_dags/example_task_group.py
[2026-03-24T12:07:04.361+0000] {logging_mixin.py:190} INFO - [2026-03-24T12:07:04.361+0000] {dag.py:3239} INFO - Sync 1 DAGs
[2026-03-24T12:07:04.374+0000] {logging_mixin.py:190} INFO - [2026-03-24T12:07:04.374+0000] {dag.py:4180} INFO - Setting next_dagrun for example_task_group to None, run_after=None
[2026-03-24T12:07:04.399+0000] {processor.py:208} INFO - Processing /home/rohit/ireland-rent-tracker/venv/lib/python3.12/site-packages/airflow/example_dags/example_task_group.py took 0.082 seconds
[2026-03-24T12:07:59.218+0000] {processor.py:186} INFO - Started process (PID=45958) to work on /home/rohit/ireland-rent-tracker/venv/lib/python3.12/site-packages/airflow/example_dags/example_task_group.py
[2026-03-24T12:07:59.224+0000] {processor.py:914} INFO - Processing file /home/rohit/ireland-rent-tracker/venv/lib/python3.12/site-packages/airflow/example_dags/example_task_group.py for tasks to queue
[2026-03-24T12:07:59.228+0000] {logging_mixin.py:190} INFO - [2026-03-24T12:07:59.227+0000] {dagbag.py:588} INFO - Filling up the DagBag from /home/rohit/ireland-rent-tracker/venv/lib/python3.12/site-packages/airflow/example_dags/example_task_group.py
[2026-03-24T12:07:59.251+0000] {processor.py:925} INFO - DAG(s) 'example_task_group' retrieved from /home/rohit/ireland-rent-tracker/venv/lib/python3.12/site-packages/airflow/example_dags/example_task_group.py
[2026-03-24T12:07:59.490+0000] {logging_mixin.py:190} INFO - [2026-03-24T12:07:59.489+0000] {override.py:1930} INFO - Created Permission View: can delete on DAG:example_task_group
[2026-03-24T12:07:59.533+0000] {logging_mixin.py:190} INFO - [2026-03-24T12:07:59.532+0000] {override.py:1930} INFO - Created Permission View: can edit on DAG:example_task_group
[2026-03-24T12:07:59.593+0000] {logging_mixin.py:190} INFO - [2026-03-24T12:07:59.592+0000] {override.py:1930} INFO - Created Permission View: can read on DAG:example_task_group
[2026-03-24T12:07:59.633+0000] {logging_mixin.py:190} INFO - [2026-03-24T12:07:59.633+0000] {override.py:1930} INFO - Created Permission View: can delete on DAG Run:example_task_group
[2026-03-24T12:07:59.684+0000] {logging_mixin.py:190} INFO - [2026-03-24T12:07:59.683+0000] {override.py:1930} INFO - Created Permission View: can create on DAG Run:example_task_group
[2026-03-24T12:07:59.778+0000] {logging_mixin.py:190} INFO - [2026-03-24T12:07:59.778+0000] {override.py:1930} INFO - Created Permission View: can read on DAG Run:example_task_group
[2026-03-24T12:07:59.861+0000] {logging_mixin.py:190} INFO - [2026-03-24T12:07:59.861+0000] {override.py:1930} INFO - Created Permission View: menu access on DAG Run:example_task_group
[2026-03-24T12:07:59.862+0000] {logging_mixin.py:190} INFO - [2026-03-24T12:07:59.861+0000] {dag.py:3239} INFO - Sync 1 DAGs
[2026-03-24T12:07:59.883+0000] {logging_mixin.py:190} INFO - [2026-03-24T12:07:59.883+0000] {dag.py:3262} INFO - Creating ORM DAG for example_task_group
[2026-03-24T12:07:59.884+0000] {logging_mixin.py:190} INFO - [2026-03-24T12:07:59.883+0000] {dag.py:4180} INFO - Setting next_dagrun for example_task_group to None, run_after=None
[2026-03-24T12:08:00.125+0000] {processor.py:208} INFO - Processing /home/rohit/ireland-rent-tracker/venv/lib/python3.12/site-packages/airflow/example_dags/example_task_group.py took 0.912 seconds
[2026-03-24T12:09:20.488+0000] {processor.py:186} INFO - Started process (PID=46423) to work on /home/rohit/ireland-rent-tracker/venv/lib/python3.12/site-packages/airflow/example_dags/example_task_group.py
[2026-03-24T12:09:20.493+0000] {processor.py:914} INFO - Processing file /home/rohit/ireland-rent-tracker/venv/lib/python3.12/site-packages/airflow/example_dags/example_task_group.py for tasks to queue
[2026-03-24T12:09:20.495+0000] {logging_mixin.py:190} INFO - [2026-03-24T12:09:20.495+0000] {dagbag.py:588} INFO - Filling up the DagBag from /home/rohit/ireland-rent-tracker/venv/lib/python3.12/site-packages/airflow/example_dags/example_task_group.py
[2026-03-24T12:09:20.509+0000] {processor.py:925} INFO - DAG(s) 'example_task_group' retrieved from /home/rohit/ireland-rent-tracker/venv/lib/python3.12/site-packages/airflow/example_dags/example_task_group.py
[2026-03-24T12:09:20.531+0000] {logging_mixin.py:190} INFO - [2026-03-24T12:09:20.531+0000] {dag.py:3239} INFO - Sync 1 DAGs
[2026-03-24T12:09:20.546+0000] {logging_mixin.py:190} INFO - [2026-03-24T12:09:20.545+0000] {dag.py:4180} INFO - Setting next_dagrun for example_task_group to None, run_after=None
[2026-03-24T12:09:20.581+0000] {processor.py:208} INFO - Processing /home/rohit/ireland-rent-tracker/venv/lib/python3.12/site-packages/airflow/example_dags/example_task_group.py took 0.099 seconds
[2026-03-24T12:10:21.814+0000] {processor.py:186} INFO - Started process (PID=46714) to work on /home/rohit/ireland-rent-tracker/venv/lib/python3.12/site-packages/airflow/example_dags/example_task_group.py
[2026-03-24T12:10:21.816+0000] {processor.py:914} INFO - Processing file /home/rohit/ireland-rent-tracker/venv/lib/python3.12/site-packages/airflow/example_dags/example_task_group.py for tasks to queue
[2026-03-24T12:10:21.818+0000] {logging_mixin.py:190} INFO - [2026-03-24T12:10:21.818+0000] {dagbag.py:588} INFO - Filling up the DagBag from /home/rohit/ireland-rent-tracker/venv/lib/python3.12/site-packages/airflow/example_dags/example_task_group.py
[2026-03-24T12:10:21.830+0000] {processor.py:925} INFO - DAG(s) 'example_task_group' retrieved from /home/rohit/ireland-rent-tracker/venv/lib/python3.12/site-packages/airflow/example_dags/example_task_group.py
[2026-03-24T12:10:21.854+0000] {logging_mixin.py:190} INFO - [2026-03-24T12:10:21.853+0000] {dag.py:3239} INFO - Sync 1 DAGs
[2026-03-24T12:10:21.868+0000] {logging_mixin.py:190} INFO - [2026-03-24T12:10:21.868+0000] {dag.py:4180} INFO - Setting next_dagrun for example_task_group to None, run_after=None
[2026-03-24T12:10:21.894+0000] {processor.py:208} INFO - Processing /home/rohit/ireland-rent-tracker/venv/lib/python3.12/site-packages/airflow/example_dags/example_task_group.py took 0.085 seconds
