[2026-03-24T12:05:54.103+0000] {processor.py:186} INFO - Started process (PID=45604) to work on /home/rohit/ireland-rent-tracker/venv/lib/python3.12/site-packages/airflow/example_dags/example_dynamic_task_mapping_with_no_taskflow_operators.py
[2026-03-24T12:05:54.104+0000] {processor.py:914} INFO - Processing file /home/rohit/ireland-rent-tracker/venv/lib/python3.12/site-packages/airflow/example_dags/example_dynamic_task_mapping_with_no_taskflow_operators.py for tasks to queue
[2026-03-24T12:05:54.106+0000] {logging_mixin.py:190} INFO - [2026-03-24T12:05:54.106+0000] {dagbag.py:588} INFO - Filling up the DagBag from /home/rohit/ireland-rent-tracker/venv/lib/python3.12/site-packages/airflow/example_dags/example_dynamic_task_mapping_with_no_taskflow_operators.py
[2026-03-24T12:05:54.117+0000] {processor.py:925} INFO - DAG(s) 'example_dynamic_task_mapping_with_no_taskflow_operators' retrieved from /home/rohit/ireland-rent-tracker/venv/lib/python3.12/site-packages/airflow/example_dags/example_dynamic_task_mapping_with_no_taskflow_operators.py
[2026-03-24T12:05:54.241+0000] {logging_mixin.py:190} INFO - [2026-03-24T12:05:54.240+0000] {override.py:1930} INFO - Created Permission View: can delete on DAG:example_dynamic_task_mapping_with_no_taskflow_operators
[2026-03-24T12:05:54.256+0000] {logging_mixin.py:190} INFO - [2026-03-24T12:05:54.256+0000] {override.py:1930} INFO - Created Permission View: can edit on DAG:example_dynamic_task_mapping_with_no_taskflow_operators
[2026-03-24T12:05:54.269+0000] {logging_mixin.py:190} INFO - [2026-03-24T12:05:54.268+0000] {override.py:1930} INFO - Created Permission View: can read on DAG:example_dynamic_task_mapping_with_no_taskflow_operators
[2026-03-24T12:05:54.291+0000] {logging_mixin.py:190} INFO - [2026-03-24T12:05:54.290+0000] {override.py:1930} INFO - Created Permission View: can delete on DAG Run:example_dynamic_task_mapping_with_no_taskflow_operators
[2026-03-24T12:05:54.306+0000] {logging_mixin.py:190} INFO - [2026-03-24T12:05:54.306+0000] {override.py:1930} INFO - Created Permission View: can create on DAG Run:example_dynamic_task_mapping_with_no_taskflow_operators
[2026-03-24T12:05:54.320+0000] {logging_mixin.py:190} INFO - [2026-03-24T12:05:54.320+0000] {override.py:1930} INFO - Created Permission View: can read on DAG Run:example_dynamic_task_mapping_with_no_taskflow_operators
[2026-03-24T12:05:54.335+0000] {logging_mixin.py:190} INFO - [2026-03-24T12:05:54.335+0000] {override.py:1930} INFO - Created Permission View: menu access on DAG Run:example_dynamic_task_mapping_with_no_taskflow_operators
[2026-03-24T12:05:54.336+0000] {logging_mixin.py:190} INFO - [2026-03-24T12:05:54.336+0000] {dag.py:3239} INFO - Sync 1 DAGs
[2026-03-24T12:05:54.354+0000] {logging_mixin.py:190} INFO - [2026-03-24T12:05:54.354+0000] {dag.py:3262} INFO - Creating ORM DAG for example_dynamic_task_mapping_with_no_taskflow_operators
[2026-03-24T12:05:54.355+0000] {logging_mixin.py:190} INFO - [2026-03-24T12:05:54.355+0000] {dag.py:4180} INFO - Setting next_dagrun for example_dynamic_task_mapping_with_no_taskflow_operators to None, run_after=None
[2026-03-24T12:05:54.391+0000] {processor.py:208} INFO - Processing /home/rohit/ireland-rent-tracker/venv/lib/python3.12/site-packages/airflow/example_dags/example_dynamic_task_mapping_with_no_taskflow_operators.py took 0.293 seconds
[2026-03-24T12:06:57.913+0000] {processor.py:186} INFO - Started process (PID=45722) to work on /home/rohit/ireland-rent-tracker/venv/lib/python3.12/site-packages/airflow/example_dags/example_dynamic_task_mapping_with_no_taskflow_operators.py
[2026-03-24T12:06:57.915+0000] {processor.py:914} INFO - Processing file /home/rohit/ireland-rent-tracker/venv/lib/python3.12/site-packages/airflow/example_dags/example_dynamic_task_mapping_with_no_taskflow_operators.py for tasks to queue
[2026-03-24T12:06:57.920+0000] {logging_mixin.py:190} INFO - [2026-03-24T12:06:57.919+0000] {dagbag.py:588} INFO - Filling up the DagBag from /home/rohit/ireland-rent-tracker/venv/lib/python3.12/site-packages/airflow/example_dags/example_dynamic_task_mapping_with_no_taskflow_operators.py
[2026-03-24T12:06:57.928+0000] {processor.py:925} INFO - DAG(s) 'example_dynamic_task_mapping_with_no_taskflow_operators' retrieved from /home/rohit/ireland-rent-tracker/venv/lib/python3.12/site-packages/airflow/example_dags/example_dynamic_task_mapping_with_no_taskflow_operators.py
[2026-03-24T12:06:57.956+0000] {logging_mixin.py:190} INFO - [2026-03-24T12:06:57.956+0000] {dag.py:3239} INFO - Sync 1 DAGs
[2026-03-24T12:06:57.978+0000] {logging_mixin.py:190} INFO - [2026-03-24T12:06:57.977+0000] {dag.py:4180} INFO - Setting next_dagrun for example_dynamic_task_mapping_with_no_taskflow_operators to None, run_after=None
[2026-03-24T12:06:58.006+0000] {processor.py:208} INFO - Processing /home/rohit/ireland-rent-tracker/venv/lib/python3.12/site-packages/airflow/example_dags/example_dynamic_task_mapping_with_no_taskflow_operators.py took 0.101 seconds
[2026-03-24T12:07:53.211+0000] {processor.py:186} INFO - Started process (PID=45922) to work on /home/rohit/ireland-rent-tracker/venv/lib/python3.12/site-packages/airflow/example_dags/example_dynamic_task_mapping_with_no_taskflow_operators.py
[2026-03-24T12:07:53.216+0000] {processor.py:914} INFO - Processing file /home/rohit/ireland-rent-tracker/venv/lib/python3.12/site-packages/airflow/example_dags/example_dynamic_task_mapping_with_no_taskflow_operators.py for tasks to queue
[2026-03-24T12:07:53.218+0000] {logging_mixin.py:190} INFO - [2026-03-24T12:07:53.217+0000] {dagbag.py:588} INFO - Filling up the DagBag from /home/rohit/ireland-rent-tracker/venv/lib/python3.12/site-packages/airflow/example_dags/example_dynamic_task_mapping_with_no_taskflow_operators.py
[2026-03-24T12:07:53.226+0000] {processor.py:925} INFO - DAG(s) 'example_dynamic_task_mapping_with_no_taskflow_operators' retrieved from /home/rohit/ireland-rent-tracker/venv/lib/python3.12/site-packages/airflow/example_dags/example_dynamic_task_mapping_with_no_taskflow_operators.py
[2026-03-24T12:07:53.242+0000] {logging_mixin.py:190} INFO - [2026-03-24T12:07:53.241+0000] {dag.py:3239} INFO - Sync 1 DAGs
[2026-03-24T12:07:53.254+0000] {logging_mixin.py:190} INFO - [2026-03-24T12:07:53.254+0000] {dag.py:4180} INFO - Setting next_dagrun for example_dynamic_task_mapping_with_no_taskflow_operators to None, run_after=None
[2026-03-24T12:07:53.280+0000] {processor.py:208} INFO - Processing /home/rohit/ireland-rent-tracker/venv/lib/python3.12/site-packages/airflow/example_dags/example_dynamic_task_mapping_with_no_taskflow_operators.py took 0.074 seconds
[2026-03-24T12:09:11.567+0000] {processor.py:186} INFO - Started process (PID=46416) to work on /home/rohit/ireland-rent-tracker/venv/lib/python3.12/site-packages/airflow/example_dags/example_dynamic_task_mapping_with_no_taskflow_operators.py
[2026-03-24T12:09:11.571+0000] {processor.py:914} INFO - Processing file /home/rohit/ireland-rent-tracker/venv/lib/python3.12/site-packages/airflow/example_dags/example_dynamic_task_mapping_with_no_taskflow_operators.py for tasks to queue
[2026-03-24T12:09:11.574+0000] {logging_mixin.py:190} INFO - [2026-03-24T12:09:11.573+0000] {dagbag.py:588} INFO - Filling up the DagBag from /home/rohit/ireland-rent-tracker/venv/lib/python3.12/site-packages/airflow/example_dags/example_dynamic_task_mapping_with_no_taskflow_operators.py
[2026-03-24T12:09:11.585+0000] {processor.py:925} INFO - DAG(s) 'example_dynamic_task_mapping_with_no_taskflow_operators' retrieved from /home/rohit/ireland-rent-tracker/venv/lib/python3.12/site-packages/airflow/example_dags/example_dynamic_task_mapping_with_no_taskflow_operators.py
[2026-03-24T12:09:11.787+0000] {logging_mixin.py:190} INFO - [2026-03-24T12:09:11.786+0000] {override.py:1930} INFO - Created Permission View: can delete on DAG:example_dynamic_task_mapping_with_no_taskflow_operators
[2026-03-24T12:09:11.824+0000] {logging_mixin.py:190} INFO - [2026-03-24T12:09:11.824+0000] {override.py:1930} INFO - Created Permission View: can edit on DAG:example_dynamic_task_mapping_with_no_taskflow_operators
[2026-03-24T12:09:11.853+0000] {logging_mixin.py:190} INFO - [2026-03-24T12:09:11.852+0000] {override.py:1930} INFO - Created Permission View: can read on DAG:example_dynamic_task_mapping_with_no_taskflow_operators
[2026-03-24T12:09:11.884+0000] {logging_mixin.py:190} INFO - [2026-03-24T12:09:11.883+0000] {override.py:1930} INFO - Created Permission View: can delete on DAG Run:example_dynamic_task_mapping_with_no_taskflow_operators
[2026-03-24T12:09:11.906+0000] {logging_mixin.py:190} INFO - [2026-03-24T12:09:11.906+0000] {override.py:1930} INFO - Created Permission View: can create on DAG Run:example_dynamic_task_mapping_with_no_taskflow_operators
[2026-03-24T12:09:11.922+0000] {logging_mixin.py:190} INFO - [2026-03-24T12:09:11.922+0000] {override.py:1930} INFO - Created Permission View: can read on DAG Run:example_dynamic_task_mapping_with_no_taskflow_operators
[2026-03-24T12:09:11.934+0000] {logging_mixin.py:190} INFO - [2026-03-24T12:09:11.934+0000] {override.py:1930} INFO - Created Permission View: menu access on DAG Run:example_dynamic_task_mapping_with_no_taskflow_operators
[2026-03-24T12:09:11.935+0000] {logging_mixin.py:190} INFO - [2026-03-24T12:09:11.934+0000] {dag.py:3239} INFO - Sync 1 DAGs
[2026-03-24T12:09:11.964+0000] {logging_mixin.py:190} INFO - [2026-03-24T12:09:11.964+0000] {dag.py:3262} INFO - Creating ORM DAG for example_dynamic_task_mapping_with_no_taskflow_operators
[2026-03-24T12:09:11.965+0000] {logging_mixin.py:190} INFO - [2026-03-24T12:09:11.965+0000] {dag.py:4180} INFO - Setting next_dagrun for example_dynamic_task_mapping_with_no_taskflow_operators to None, run_after=None
[2026-03-24T12:09:11.991+0000] {processor.py:208} INFO - Processing /home/rohit/ireland-rent-tracker/venv/lib/python3.12/site-packages/airflow/example_dags/example_dynamic_task_mapping_with_no_taskflow_operators.py took 0.430 seconds
[2026-03-24T12:10:14.190+0000] {processor.py:186} INFO - Started process (PID=46707) to work on /home/rohit/ireland-rent-tracker/venv/lib/python3.12/site-packages/airflow/example_dags/example_dynamic_task_mapping_with_no_taskflow_operators.py
[2026-03-24T12:10:14.195+0000] {processor.py:914} INFO - Processing file /home/rohit/ireland-rent-tracker/venv/lib/python3.12/site-packages/airflow/example_dags/example_dynamic_task_mapping_with_no_taskflow_operators.py for tasks to queue
[2026-03-24T12:10:14.198+0000] {logging_mixin.py:190} INFO - [2026-03-24T12:10:14.198+0000] {dagbag.py:588} INFO - Filling up the DagBag from /home/rohit/ireland-rent-tracker/venv/lib/python3.12/site-packages/airflow/example_dags/example_dynamic_task_mapping_with_no_taskflow_operators.py
[2026-03-24T12:10:14.212+0000] {processor.py:925} INFO - DAG(s) 'example_dynamic_task_mapping_with_no_taskflow_operators' retrieved from /home/rohit/ireland-rent-tracker/venv/lib/python3.12/site-packages/airflow/example_dags/example_dynamic_task_mapping_with_no_taskflow_operators.py
[2026-03-24T12:10:14.234+0000] {logging_mixin.py:190} INFO - [2026-03-24T12:10:14.234+0000] {dag.py:3239} INFO - Sync 1 DAGs
[2026-03-24T12:10:14.257+0000] {logging_mixin.py:190} INFO - [2026-03-24T12:10:14.257+0000] {dag.py:4180} INFO - Setting next_dagrun for example_dynamic_task_mapping_with_no_taskflow_operators to None, run_after=None
[2026-03-24T12:10:14.293+0000] {processor.py:208} INFO - Processing /home/rohit/ireland-rent-tracker/venv/lib/python3.12/site-packages/airflow/example_dags/example_dynamic_task_mapping_with_no_taskflow_operators.py took 0.110 seconds
[2026-03-24T12:11:09.408+0000] {processor.py:186} INFO - Started process (PID=46799) to work on /home/rohit/ireland-rent-tracker/venv/lib/python3.12/site-packages/airflow/example_dags/example_dynamic_task_mapping_with_no_taskflow_operators.py
[2026-03-24T12:11:09.410+0000] {processor.py:914} INFO - Processing file /home/rohit/ireland-rent-tracker/venv/lib/python3.12/site-packages/airflow/example_dags/example_dynamic_task_mapping_with_no_taskflow_operators.py for tasks to queue
[2026-03-24T12:11:09.412+0000] {logging_mixin.py:190} INFO - [2026-03-24T12:11:09.411+0000] {dagbag.py:588} INFO - Filling up the DagBag from /home/rohit/ireland-rent-tracker/venv/lib/python3.12/site-packages/airflow/example_dags/example_dynamic_task_mapping_with_no_taskflow_operators.py
[2026-03-24T12:11:09.421+0000] {processor.py:925} INFO - DAG(s) 'example_dynamic_task_mapping_with_no_taskflow_operators' retrieved from /home/rohit/ireland-rent-tracker/venv/lib/python3.12/site-packages/airflow/example_dags/example_dynamic_task_mapping_with_no_taskflow_operators.py
[2026-03-24T12:11:09.438+0000] {logging_mixin.py:190} INFO - [2026-03-24T12:11:09.438+0000] {dag.py:3239} INFO - Sync 1 DAGs
[2026-03-24T12:11:09.449+0000] {logging_mixin.py:190} INFO - [2026-03-24T12:11:09.448+0000] {dag.py:4180} INFO - Setting next_dagrun for example_dynamic_task_mapping_with_no_taskflow_operators to None, run_after=None
[2026-03-24T12:11:09.471+0000] {processor.py:208} INFO - Processing /home/rohit/ireland-rent-tracker/venv/lib/python3.12/site-packages/airflow/example_dags/example_dynamic_task_mapping_with_no_taskflow_operators.py took 0.068 seconds
