[2026-03-24T12:05:25.435+0000] {processor.py:186} INFO - Started process (PID=45524) to work on /home/rohit/ireland-rent-tracker/venv/lib/python3.12/site-packages/airflow/example_dags/example_external_task_marker_dag.py
[2026-03-24T12:05:25.436+0000] {processor.py:914} INFO - Processing file /home/rohit/ireland-rent-tracker/venv/lib/python3.12/site-packages/airflow/example_dags/example_external_task_marker_dag.py for tasks to queue
[2026-03-24T12:05:25.439+0000] {logging_mixin.py:190} INFO - [2026-03-24T12:05:25.438+0000] {dagbag.py:588} INFO - Filling up the DagBag from /home/rohit/ireland-rent-tracker/venv/lib/python3.12/site-packages/airflow/example_dags/example_external_task_marker_dag.py
[2026-03-24T12:05:25.448+0000] {processor.py:925} INFO - DAG(s) 'example_external_task_marker_child', 'example_external_task_marker_parent' retrieved from /home/rohit/ireland-rent-tracker/venv/lib/python3.12/site-packages/airflow/example_dags/example_external_task_marker_dag.py
[2026-03-24T12:05:25.561+0000] {logging_mixin.py:190} INFO - [2026-03-24T12:05:25.560+0000] {override.py:1930} INFO - Created Permission View: can delete on DAG:example_external_task_marker_child
[2026-03-24T12:05:25.576+0000] {logging_mixin.py:190} INFO - [2026-03-24T12:05:25.575+0000] {override.py:1930} INFO - Created Permission View: can edit on DAG:example_external_task_marker_child
[2026-03-24T12:05:25.589+0000] {logging_mixin.py:190} INFO - [2026-03-24T12:05:25.588+0000] {override.py:1930} INFO - Created Permission View: can read on DAG:example_external_task_marker_child
[2026-03-24T12:05:25.617+0000] {logging_mixin.py:190} INFO - [2026-03-24T12:05:25.617+0000] {override.py:1930} INFO - Created Permission View: can delete on DAG Run:example_external_task_marker_child
[2026-03-24T12:05:25.632+0000] {logging_mixin.py:190} INFO - [2026-03-24T12:05:25.632+0000] {override.py:1930} INFO - Created Permission View: can create on DAG Run:example_external_task_marker_child
[2026-03-24T12:05:25.644+0000] {logging_mixin.py:190} INFO - [2026-03-24T12:05:25.643+0000] {override.py:1930} INFO - Created Permission View: can read on DAG Run:example_external_task_marker_child
[2026-03-24T12:05:25.655+0000] {logging_mixin.py:190} INFO - [2026-03-24T12:05:25.654+0000] {override.py:1930} INFO - Created Permission View: menu access on DAG Run:example_external_task_marker_child
[2026-03-24T12:05:25.683+0000] {logging_mixin.py:190} INFO - [2026-03-24T12:05:25.682+0000] {override.py:1930} INFO - Created Permission View: can delete on DAG:example_external_task_marker_parent
[2026-03-24T12:05:25.696+0000] {logging_mixin.py:190} INFO - [2026-03-24T12:05:25.695+0000] {override.py:1930} INFO - Created Permission View: can edit on DAG:example_external_task_marker_parent
[2026-03-24T12:05:25.707+0000] {logging_mixin.py:190} INFO - [2026-03-24T12:05:25.706+0000] {override.py:1930} INFO - Created Permission View: can read on DAG:example_external_task_marker_parent
[2026-03-24T12:05:25.727+0000] {logging_mixin.py:190} INFO - [2026-03-24T12:05:25.726+0000] {override.py:1930} INFO - Created Permission View: can delete on DAG Run:example_external_task_marker_parent
[2026-03-24T12:05:25.740+0000] {logging_mixin.py:190} INFO - [2026-03-24T12:05:25.739+0000] {override.py:1930} INFO - Created Permission View: can create on DAG Run:example_external_task_marker_parent
[2026-03-24T12:05:25.754+0000] {logging_mixin.py:190} INFO - [2026-03-24T12:05:25.753+0000] {override.py:1930} INFO - Created Permission View: can read on DAG Run:example_external_task_marker_parent
[2026-03-24T12:05:25.773+0000] {logging_mixin.py:190} INFO - [2026-03-24T12:05:25.772+0000] {override.py:1930} INFO - Created Permission View: menu access on DAG Run:example_external_task_marker_parent
[2026-03-24T12:05:25.773+0000] {logging_mixin.py:190} INFO - [2026-03-24T12:05:25.773+0000] {dag.py:3239} INFO - Sync 2 DAGs
[2026-03-24T12:05:25.787+0000] {logging_mixin.py:190} INFO - [2026-03-24T12:05:25.786+0000] {dag.py:3262} INFO - Creating ORM DAG for example_external_task_marker_parent
[2026-03-24T12:05:25.787+0000] {logging_mixin.py:190} INFO - [2026-03-24T12:05:25.787+0000] {dag.py:3262} INFO - Creating ORM DAG for example_external_task_marker_child
[2026-03-24T12:05:25.788+0000] {logging_mixin.py:190} INFO - [2026-03-24T12:05:25.788+0000] {dag.py:4180} INFO - Setting next_dagrun for example_external_task_marker_child to None, run_after=None
[2026-03-24T12:05:25.788+0000] {logging_mixin.py:190} INFO - [2026-03-24T12:05:25.788+0000] {dag.py:4180} INFO - Setting next_dagrun for example_external_task_marker_parent to None, run_after=None
[2026-03-24T12:05:25.812+0000] {processor.py:208} INFO - Processing /home/rohit/ireland-rent-tracker/venv/lib/python3.12/site-packages/airflow/example_dags/example_external_task_marker_dag.py took 0.383 seconds
[2026-03-24T12:06:32.964+0000] {processor.py:186} INFO - Started process (PID=45690) to work on /home/rohit/ireland-rent-tracker/venv/lib/python3.12/site-packages/airflow/example_dags/example_external_task_marker_dag.py
[2026-03-24T12:06:32.968+0000] {processor.py:914} INFO - Processing file /home/rohit/ireland-rent-tracker/venv/lib/python3.12/site-packages/airflow/example_dags/example_external_task_marker_dag.py for tasks to queue
[2026-03-24T12:06:32.970+0000] {logging_mixin.py:190} INFO - [2026-03-24T12:06:32.970+0000] {dagbag.py:588} INFO - Filling up the DagBag from /home/rohit/ireland-rent-tracker/venv/lib/python3.12/site-packages/airflow/example_dags/example_external_task_marker_dag.py
[2026-03-24T12:06:32.980+0000] {processor.py:925} INFO - DAG(s) 'example_external_task_marker_parent', 'example_external_task_marker_child' retrieved from /home/rohit/ireland-rent-tracker/venv/lib/python3.12/site-packages/airflow/example_dags/example_external_task_marker_dag.py
[2026-03-24T12:06:33.002+0000] {logging_mixin.py:190} INFO - [2026-03-24T12:06:33.001+0000] {dag.py:3239} INFO - Sync 2 DAGs
[2026-03-24T12:06:33.015+0000] {logging_mixin.py:190} INFO - [2026-03-24T12:06:33.015+0000] {dag.py:4180} INFO - Setting next_dagrun for example_external_task_marker_child to None, run_after=None
[2026-03-24T12:06:33.018+0000] {logging_mixin.py:190} INFO - [2026-03-24T12:06:33.018+0000] {dag.py:4180} INFO - Setting next_dagrun for example_external_task_marker_parent to None, run_after=None
[2026-03-24T12:06:33.041+0000] {processor.py:208} INFO - Processing /home/rohit/ireland-rent-tracker/venv/lib/python3.12/site-packages/airflow/example_dags/example_external_task_marker_dag.py took 0.082 seconds
[2026-03-24T12:07:28.511+0000] {processor.py:186} INFO - Started process (PID=45873) to work on /home/rohit/ireland-rent-tracker/venv/lib/python3.12/site-packages/airflow/example_dags/example_external_task_marker_dag.py
[2026-03-24T12:07:28.516+0000] {processor.py:914} INFO - Processing file /home/rohit/ireland-rent-tracker/venv/lib/python3.12/site-packages/airflow/example_dags/example_external_task_marker_dag.py for tasks to queue
[2026-03-24T12:07:28.518+0000] {logging_mixin.py:190} INFO - [2026-03-24T12:07:28.518+0000] {dagbag.py:588} INFO - Filling up the DagBag from /home/rohit/ireland-rent-tracker/venv/lib/python3.12/site-packages/airflow/example_dags/example_external_task_marker_dag.py
[2026-03-24T12:07:28.527+0000] {processor.py:925} INFO - DAG(s) 'example_external_task_marker_parent', 'example_external_task_marker_child' retrieved from /home/rohit/ireland-rent-tracker/venv/lib/python3.12/site-packages/airflow/example_dags/example_external_task_marker_dag.py
[2026-03-24T12:07:28.546+0000] {logging_mixin.py:190} INFO - [2026-03-24T12:07:28.546+0000] {dag.py:3239} INFO - Sync 2 DAGs
[2026-03-24T12:07:28.560+0000] {logging_mixin.py:190} INFO - [2026-03-24T12:07:28.560+0000] {dag.py:4180} INFO - Setting next_dagrun for example_external_task_marker_child to None, run_after=None
[2026-03-24T12:07:28.564+0000] {logging_mixin.py:190} INFO - [2026-03-24T12:07:28.563+0000] {dag.py:4180} INFO - Setting next_dagrun for example_external_task_marker_parent to None, run_after=None
[2026-03-24T12:07:28.590+0000] {processor.py:208} INFO - Processing /home/rohit/ireland-rent-tracker/venv/lib/python3.12/site-packages/airflow/example_dags/example_external_task_marker_dag.py took 0.083 seconds
[2026-03-24T12:08:25.137+0000] {processor.py:186} INFO - Started process (PID=46049) to work on /home/rohit/ireland-rent-tracker/venv/lib/python3.12/site-packages/airflow/example_dags/example_external_task_marker_dag.py
[2026-03-24T12:08:25.140+0000] {processor.py:914} INFO - Processing file /home/rohit/ireland-rent-tracker/venv/lib/python3.12/site-packages/airflow/example_dags/example_external_task_marker_dag.py for tasks to queue
[2026-03-24T12:08:25.143+0000] {logging_mixin.py:190} INFO - [2026-03-24T12:08:25.142+0000] {dagbag.py:588} INFO - Filling up the DagBag from /home/rohit/ireland-rent-tracker/venv/lib/python3.12/site-packages/airflow/example_dags/example_external_task_marker_dag.py
[2026-03-24T12:08:25.156+0000] {processor.py:925} INFO - DAG(s) 'example_external_task_marker_parent', 'example_external_task_marker_child' retrieved from /home/rohit/ireland-rent-tracker/venv/lib/python3.12/site-packages/airflow/example_dags/example_external_task_marker_dag.py
[2026-03-24T12:08:25.300+0000] {logging_mixin.py:190} INFO - [2026-03-24T12:08:25.299+0000] {override.py:1930} INFO - Created Permission View: can delete on DAG:example_external_task_marker_parent
[2026-03-24T12:08:25.317+0000] {logging_mixin.py:190} INFO - [2026-03-24T12:08:25.317+0000] {override.py:1930} INFO - Created Permission View: can edit on DAG:example_external_task_marker_parent
[2026-03-24T12:08:25.332+0000] {logging_mixin.py:190} INFO - [2026-03-24T12:08:25.332+0000] {override.py:1930} INFO - Created Permission View: can read on DAG:example_external_task_marker_parent
[2026-03-24T12:08:25.353+0000] {logging_mixin.py:190} INFO - [2026-03-24T12:08:25.353+0000] {override.py:1930} INFO - Created Permission View: can delete on DAG Run:example_external_task_marker_parent
[2026-03-24T12:08:25.364+0000] {logging_mixin.py:190} INFO - [2026-03-24T12:08:25.364+0000] {override.py:1930} INFO - Created Permission View: can create on DAG Run:example_external_task_marker_parent
[2026-03-24T12:08:25.376+0000] {logging_mixin.py:190} INFO - [2026-03-24T12:08:25.375+0000] {override.py:1930} INFO - Created Permission View: can read on DAG Run:example_external_task_marker_parent
[2026-03-24T12:08:25.387+0000] {logging_mixin.py:190} INFO - [2026-03-24T12:08:25.386+0000] {override.py:1930} INFO - Created Permission View: menu access on DAG Run:example_external_task_marker_parent
[2026-03-24T12:08:25.421+0000] {logging_mixin.py:190} INFO - [2026-03-24T12:08:25.421+0000] {override.py:1930} INFO - Created Permission View: can delete on DAG:example_external_task_marker_child
[2026-03-24T12:08:25.442+0000] {logging_mixin.py:190} INFO - [2026-03-24T12:08:25.441+0000] {override.py:1930} INFO - Created Permission View: can edit on DAG:example_external_task_marker_child
[2026-03-24T12:08:25.458+0000] {logging_mixin.py:190} INFO - [2026-03-24T12:08:25.457+0000] {override.py:1930} INFO - Created Permission View: can read on DAG:example_external_task_marker_child
[2026-03-24T12:08:25.484+0000] {logging_mixin.py:190} INFO - [2026-03-24T12:08:25.483+0000] {override.py:1930} INFO - Created Permission View: can delete on DAG Run:example_external_task_marker_child
[2026-03-24T12:08:25.499+0000] {logging_mixin.py:190} INFO - [2026-03-24T12:08:25.498+0000] {override.py:1930} INFO - Created Permission View: can create on DAG Run:example_external_task_marker_child
[2026-03-24T12:08:25.510+0000] {logging_mixin.py:190} INFO - [2026-03-24T12:08:25.509+0000] {override.py:1930} INFO - Created Permission View: can read on DAG Run:example_external_task_marker_child
[2026-03-24T12:08:25.520+0000] {logging_mixin.py:190} INFO - [2026-03-24T12:08:25.520+0000] {override.py:1930} INFO - Created Permission View: menu access on DAG Run:example_external_task_marker_child
[2026-03-24T12:08:25.520+0000] {logging_mixin.py:190} INFO - [2026-03-24T12:08:25.520+0000] {dag.py:3239} INFO - Sync 2 DAGs
[2026-03-24T12:08:25.533+0000] {logging_mixin.py:190} INFO - [2026-03-24T12:08:25.533+0000] {dag.py:3262} INFO - Creating ORM DAG for example_external_task_marker_parent
[2026-03-24T12:08:25.534+0000] {logging_mixin.py:190} INFO - [2026-03-24T12:08:25.534+0000] {dag.py:3262} INFO - Creating ORM DAG for example_external_task_marker_child
[2026-03-24T12:08:25.535+0000] {logging_mixin.py:190} INFO - [2026-03-24T12:08:25.534+0000] {dag.py:4180} INFO - Setting next_dagrun for example_external_task_marker_child to None, run_after=None
[2026-03-24T12:08:25.535+0000] {logging_mixin.py:190} INFO - [2026-03-24T12:08:25.535+0000] {dag.py:4180} INFO - Setting next_dagrun for example_external_task_marker_parent to None, run_after=None
[2026-03-24T12:08:25.565+0000] {processor.py:208} INFO - Processing /home/rohit/ireland-rent-tracker/venv/lib/python3.12/site-packages/airflow/example_dags/example_external_task_marker_dag.py took 0.433 seconds
[2026-03-24T12:09:43.798+0000] {processor.py:186} INFO - Started process (PID=46521) to work on /home/rohit/ireland-rent-tracker/venv/lib/python3.12/site-packages/airflow/example_dags/example_external_task_marker_dag.py
[2026-03-24T12:09:43.800+0000] {processor.py:914} INFO - Processing file /home/rohit/ireland-rent-tracker/venv/lib/python3.12/site-packages/airflow/example_dags/example_external_task_marker_dag.py for tasks to queue
[2026-03-24T12:09:43.802+0000] {logging_mixin.py:190} INFO - [2026-03-24T12:09:43.801+0000] {dagbag.py:588} INFO - Filling up the DagBag from /home/rohit/ireland-rent-tracker/venv/lib/python3.12/site-packages/airflow/example_dags/example_external_task_marker_dag.py
[2026-03-24T12:09:43.810+0000] {processor.py:925} INFO - DAG(s) 'example_external_task_marker_child', 'example_external_task_marker_parent' retrieved from /home/rohit/ireland-rent-tracker/venv/lib/python3.12/site-packages/airflow/example_dags/example_external_task_marker_dag.py
[2026-03-24T12:09:43.828+0000] {logging_mixin.py:190} INFO - [2026-03-24T12:09:43.828+0000] {dag.py:3239} INFO - Sync 2 DAGs
[2026-03-24T12:09:43.841+0000] {logging_mixin.py:190} INFO - [2026-03-24T12:09:43.841+0000] {dag.py:4180} INFO - Setting next_dagrun for example_external_task_marker_child to None, run_after=None
[2026-03-24T12:09:43.844+0000] {logging_mixin.py:190} INFO - [2026-03-24T12:09:43.844+0000] {dag.py:4180} INFO - Setting next_dagrun for example_external_task_marker_parent to None, run_after=None
[2026-03-24T12:09:43.868+0000] {processor.py:208} INFO - Processing /home/rohit/ireland-rent-tracker/venv/lib/python3.12/site-packages/airflow/example_dags/example_external_task_marker_dag.py took 0.074 seconds
[2026-03-24T12:10:42.541+0000] {processor.py:186} INFO - Started process (PID=46756) to work on /home/rohit/ireland-rent-tracker/venv/lib/python3.12/site-packages/airflow/example_dags/example_external_task_marker_dag.py
[2026-03-24T12:10:42.543+0000] {processor.py:914} INFO - Processing file /home/rohit/ireland-rent-tracker/venv/lib/python3.12/site-packages/airflow/example_dags/example_external_task_marker_dag.py for tasks to queue
[2026-03-24T12:10:42.545+0000] {logging_mixin.py:190} INFO - [2026-03-24T12:10:42.544+0000] {dagbag.py:588} INFO - Filling up the DagBag from /home/rohit/ireland-rent-tracker/venv/lib/python3.12/site-packages/airflow/example_dags/example_external_task_marker_dag.py
[2026-03-24T12:10:42.554+0000] {processor.py:925} INFO - DAG(s) 'example_external_task_marker_child', 'example_external_task_marker_parent' retrieved from /home/rohit/ireland-rent-tracker/venv/lib/python3.12/site-packages/airflow/example_dags/example_external_task_marker_dag.py
[2026-03-24T12:10:42.572+0000] {logging_mixin.py:190} INFO - [2026-03-24T12:10:42.572+0000] {dag.py:3239} INFO - Sync 2 DAGs
[2026-03-24T12:10:42.584+0000] {logging_mixin.py:190} INFO - [2026-03-24T12:10:42.583+0000] {dag.py:4180} INFO - Setting next_dagrun for example_external_task_marker_child to None, run_after=None
[2026-03-24T12:10:42.587+0000] {logging_mixin.py:190} INFO - [2026-03-24T12:10:42.586+0000] {dag.py:4180} INFO - Setting next_dagrun for example_external_task_marker_parent to None, run_after=None
[2026-03-24T12:10:42.610+0000] {processor.py:208} INFO - Processing /home/rohit/ireland-rent-tracker/venv/lib/python3.12/site-packages/airflow/example_dags/example_external_task_marker_dag.py took 0.074 seconds
