[2026-03-24T12:05:41.766+0000] {processor.py:186} INFO - Started process (PID=45551) to work on /home/rohit/ireland-rent-tracker/venv/lib/python3.12/site-packages/airflow/example_dags/example_outlet_event_extra.py
[2026-03-24T12:05:41.767+0000] {processor.py:914} INFO - Processing file /home/rohit/ireland-rent-tracker/venv/lib/python3.12/site-packages/airflow/example_dags/example_outlet_event_extra.py for tasks to queue
[2026-03-24T12:05:41.770+0000] {logging_mixin.py:190} INFO - [2026-03-24T12:05:41.769+0000] {dagbag.py:588} INFO - Filling up the DagBag from /home/rohit/ireland-rent-tracker/venv/lib/python3.12/site-packages/airflow/example_dags/example_outlet_event_extra.py
[2026-03-24T12:05:41.791+0000] {processor.py:925} INFO - DAG(s) 'dataset_with_extra_by_yield', 'dataset_with_extra_by_context', 'dataset_with_extra_from_classic_operator' retrieved from /home/rohit/ireland-rent-tracker/venv/lib/python3.12/site-packages/airflow/example_dags/example_outlet_event_extra.py
[2026-03-24T12:05:41.914+0000] {logging_mixin.py:190} INFO - [2026-03-24T12:05:41.913+0000] {override.py:1930} INFO - Created Permission View: can delete on DAG:dataset_with_extra_by_yield
[2026-03-24T12:05:41.930+0000] {logging_mixin.py:190} INFO - [2026-03-24T12:05:41.930+0000] {override.py:1930} INFO - Created Permission View: can edit on DAG:dataset_with_extra_by_yield
[2026-03-24T12:05:41.943+0000] {logging_mixin.py:190} INFO - [2026-03-24T12:05:41.943+0000] {override.py:1930} INFO - Created Permission View: can read on DAG:dataset_with_extra_by_yield
[2026-03-24T12:05:41.966+0000] {logging_mixin.py:190} INFO - [2026-03-24T12:05:41.965+0000] {override.py:1930} INFO - Created Permission View: can delete on DAG Run:dataset_with_extra_by_yield
[2026-03-24T12:05:41.979+0000] {logging_mixin.py:190} INFO - [2026-03-24T12:05:41.979+0000] {override.py:1930} INFO - Created Permission View: can create on DAG Run:dataset_with_extra_by_yield
[2026-03-24T12:05:42.038+0000] {logging_mixin.py:190} INFO - [2026-03-24T12:05:42.037+0000] {override.py:1930} INFO - Created Permission View: can read on DAG Run:dataset_with_extra_by_yield
[2026-03-24T12:05:42.067+0000] {logging_mixin.py:190} INFO - [2026-03-24T12:05:42.067+0000] {override.py:1930} INFO - Created Permission View: menu access on DAG Run:dataset_with_extra_by_yield
[2026-03-24T12:05:42.118+0000] {logging_mixin.py:190} INFO - [2026-03-24T12:05:42.117+0000] {override.py:1930} INFO - Created Permission View: can delete on DAG:dataset_with_extra_by_context
[2026-03-24T12:05:42.138+0000] {logging_mixin.py:190} INFO - [2026-03-24T12:05:42.137+0000] {override.py:1930} INFO - Created Permission View: can edit on DAG:dataset_with_extra_by_context
[2026-03-24T12:05:42.159+0000] {logging_mixin.py:190} INFO - [2026-03-24T12:05:42.159+0000] {override.py:1930} INFO - Created Permission View: can read on DAG:dataset_with_extra_by_context
[2026-03-24T12:05:42.183+0000] {logging_mixin.py:190} INFO - [2026-03-24T12:05:42.182+0000] {override.py:1930} INFO - Created Permission View: can delete on DAG Run:dataset_with_extra_by_context
[2026-03-24T12:05:42.199+0000] {logging_mixin.py:190} INFO - [2026-03-24T12:05:42.199+0000] {override.py:1930} INFO - Created Permission View: can create on DAG Run:dataset_with_extra_by_context
[2026-03-24T12:05:42.218+0000] {logging_mixin.py:190} INFO - [2026-03-24T12:05:42.217+0000] {override.py:1930} INFO - Created Permission View: can read on DAG Run:dataset_with_extra_by_context
[2026-03-24T12:05:42.234+0000] {logging_mixin.py:190} INFO - [2026-03-24T12:05:42.234+0000] {override.py:1930} INFO - Created Permission View: menu access on DAG Run:dataset_with_extra_by_context
[2026-03-24T12:05:42.265+0000] {logging_mixin.py:190} INFO - [2026-03-24T12:05:42.265+0000] {override.py:1930} INFO - Created Permission View: can delete on DAG:dataset_with_extra_from_classic_operator
[2026-03-24T12:05:42.277+0000] {logging_mixin.py:190} INFO - [2026-03-24T12:05:42.276+0000] {override.py:1930} INFO - Created Permission View: can edit on DAG:dataset_with_extra_from_classic_operator
[2026-03-24T12:05:42.289+0000] {logging_mixin.py:190} INFO - [2026-03-24T12:05:42.289+0000] {override.py:1930} INFO - Created Permission View: can read on DAG:dataset_with_extra_from_classic_operator
[2026-03-24T12:05:42.312+0000] {logging_mixin.py:190} INFO - [2026-03-24T12:05:42.312+0000] {override.py:1930} INFO - Created Permission View: can delete on DAG Run:dataset_with_extra_from_classic_operator
[2026-03-24T12:05:42.324+0000] {logging_mixin.py:190} INFO - [2026-03-24T12:05:42.324+0000] {override.py:1930} INFO - Created Permission View: can create on DAG Run:dataset_with_extra_from_classic_operator
[2026-03-24T12:05:42.337+0000] {logging_mixin.py:190} INFO - [2026-03-24T12:05:42.336+0000] {override.py:1930} INFO - Created Permission View: can read on DAG Run:dataset_with_extra_from_classic_operator
[2026-03-24T12:05:42.350+0000] {logging_mixin.py:190} INFO - [2026-03-24T12:05:42.350+0000] {override.py:1930} INFO - Created Permission View: menu access on DAG Run:dataset_with_extra_from_classic_operator
[2026-03-24T12:05:42.351+0000] {logging_mixin.py:190} INFO - [2026-03-24T12:05:42.351+0000] {dag.py:3239} INFO - Sync 3 DAGs
[2026-03-24T12:05:42.366+0000] {logging_mixin.py:190} INFO - [2026-03-24T12:05:42.366+0000] {dag.py:3262} INFO - Creating ORM DAG for dataset_with_extra_by_context
[2026-03-24T12:05:42.367+0000] {logging_mixin.py:190} INFO - [2026-03-24T12:05:42.367+0000] {dag.py:3262} INFO - Creating ORM DAG for dataset_with_extra_from_classic_operator
[2026-03-24T12:05:42.368+0000] {logging_mixin.py:190} INFO - [2026-03-24T12:05:42.367+0000] {dag.py:3262} INFO - Creating ORM DAG for dataset_with_extra_by_yield
[2026-03-24T12:05:42.378+0000] {logging_mixin.py:190} INFO - [2026-03-24T12:05:42.378+0000] {dag.py:4180} INFO - Setting next_dagrun for dataset_with_extra_by_context to 2026-03-23 00:00:00+00:00, run_after=2026-03-24 00:00:00+00:00
[2026-03-24T12:05:42.381+0000] {logging_mixin.py:190} INFO - [2026-03-24T12:05:42.380+0000] {dag.py:4180} INFO - Setting next_dagrun for dataset_with_extra_by_yield to 2026-03-23 00:00:00+00:00, run_after=2026-03-24 00:00:00+00:00
[2026-03-24T12:05:42.382+0000] {logging_mixin.py:190} INFO - [2026-03-24T12:05:42.382+0000] {dag.py:4180} INFO - Setting next_dagrun for dataset_with_extra_from_classic_operator to 2026-03-23 00:00:00+00:00, run_after=2026-03-24 00:00:00+00:00
[2026-03-24T12:05:42.416+0000] {processor.py:208} INFO - Processing /home/rohit/ireland-rent-tracker/venv/lib/python3.12/site-packages/airflow/example_dags/example_outlet_event_extra.py took 0.656 seconds
[2026-03-24T12:06:46.120+0000] {processor.py:186} INFO - Started process (PID=45709) to work on /home/rohit/ireland-rent-tracker/venv/lib/python3.12/site-packages/airflow/example_dags/example_outlet_event_extra.py
[2026-03-24T12:06:46.122+0000] {processor.py:914} INFO - Processing file /home/rohit/ireland-rent-tracker/venv/lib/python3.12/site-packages/airflow/example_dags/example_outlet_event_extra.py for tasks to queue
[2026-03-24T12:06:46.124+0000] {logging_mixin.py:190} INFO - [2026-03-24T12:06:46.124+0000] {dagbag.py:588} INFO - Filling up the DagBag from /home/rohit/ireland-rent-tracker/venv/lib/python3.12/site-packages/airflow/example_dags/example_outlet_event_extra.py
[2026-03-24T12:06:46.140+0000] {processor.py:925} INFO - DAG(s) 'dataset_with_extra_from_classic_operator', 'dataset_with_extra_by_context', 'dataset_with_extra_by_yield' retrieved from /home/rohit/ireland-rent-tracker/venv/lib/python3.12/site-packages/airflow/example_dags/example_outlet_event_extra.py
[2026-03-24T12:06:46.160+0000] {logging_mixin.py:190} INFO - [2026-03-24T12:06:46.159+0000] {dag.py:3239} INFO - Sync 3 DAGs
[2026-03-24T12:06:46.182+0000] {logging_mixin.py:190} INFO - [2026-03-24T12:06:46.182+0000] {dag.py:4180} INFO - Setting next_dagrun for dataset_with_extra_by_context to 2026-03-23 00:00:00+00:00, run_after=2026-03-24 00:00:00+00:00
[2026-03-24T12:06:46.187+0000] {logging_mixin.py:190} INFO - [2026-03-24T12:06:46.187+0000] {dag.py:4180} INFO - Setting next_dagrun for dataset_with_extra_by_yield to 2026-03-23 00:00:00+00:00, run_after=2026-03-24 00:00:00+00:00
[2026-03-24T12:06:46.189+0000] {logging_mixin.py:190} INFO - [2026-03-24T12:06:46.188+0000] {dag.py:4180} INFO - Setting next_dagrun for dataset_with_extra_from_classic_operator to 2026-03-23 00:00:00+00:00, run_after=2026-03-24 00:00:00+00:00
[2026-03-24T12:06:46.214+0000] {processor.py:208} INFO - Processing /home/rohit/ireland-rent-tracker/venv/lib/python3.12/site-packages/airflow/example_dags/example_outlet_event_extra.py took 0.100 seconds
[2026-03-24T12:07:40.487+0000] {processor.py:186} INFO - Started process (PID=45905) to work on /home/rohit/ireland-rent-tracker/venv/lib/python3.12/site-packages/airflow/example_dags/example_outlet_event_extra.py
[2026-03-24T12:07:40.488+0000] {processor.py:914} INFO - Processing file /home/rohit/ireland-rent-tracker/venv/lib/python3.12/site-packages/airflow/example_dags/example_outlet_event_extra.py for tasks to queue
[2026-03-24T12:07:40.490+0000] {logging_mixin.py:190} INFO - [2026-03-24T12:07:40.490+0000] {dagbag.py:588} INFO - Filling up the DagBag from /home/rohit/ireland-rent-tracker/venv/lib/python3.12/site-packages/airflow/example_dags/example_outlet_event_extra.py
[2026-03-24T12:07:40.506+0000] {processor.py:925} INFO - DAG(s) 'dataset_with_extra_by_context', 'dataset_with_extra_by_yield', 'dataset_with_extra_from_classic_operator' retrieved from /home/rohit/ireland-rent-tracker/venv/lib/python3.12/site-packages/airflow/example_dags/example_outlet_event_extra.py
[2026-03-24T12:07:40.527+0000] {logging_mixin.py:190} INFO - [2026-03-24T12:07:40.527+0000] {dag.py:3239} INFO - Sync 3 DAGs
[2026-03-24T12:07:40.547+0000] {logging_mixin.py:190} INFO - [2026-03-24T12:07:40.546+0000] {dag.py:4180} INFO - Setting next_dagrun for dataset_with_extra_by_context to 2026-03-23 00:00:00+00:00, run_after=2026-03-24 00:00:00+00:00
[2026-03-24T12:07:40.550+0000] {logging_mixin.py:190} INFO - [2026-03-24T12:07:40.550+0000] {dag.py:4180} INFO - Setting next_dagrun for dataset_with_extra_by_yield to 2026-03-23 00:00:00+00:00, run_after=2026-03-24 00:00:00+00:00
[2026-03-24T12:07:40.552+0000] {logging_mixin.py:190} INFO - [2026-03-24T12:07:40.552+0000] {dag.py:4180} INFO - Setting next_dagrun for dataset_with_extra_from_classic_operator to 2026-03-23 00:00:00+00:00, run_after=2026-03-24 00:00:00+00:00
[2026-03-24T12:07:40.584+0000] {processor.py:208} INFO - Processing /home/rohit/ireland-rent-tracker/venv/lib/python3.12/site-packages/airflow/example_dags/example_outlet_event_extra.py took 0.103 seconds
[2026-03-24T12:08:41.126+0000] {processor.py:186} INFO - Started process (PID=46182) to work on /home/rohit/ireland-rent-tracker/venv/lib/python3.12/site-packages/airflow/example_dags/example_outlet_event_extra.py
[2026-03-24T12:08:41.128+0000] {processor.py:914} INFO - Processing file /home/rohit/ireland-rent-tracker/venv/lib/python3.12/site-packages/airflow/example_dags/example_outlet_event_extra.py for tasks to queue
[2026-03-24T12:08:41.132+0000] {logging_mixin.py:190} INFO - [2026-03-24T12:08:41.131+0000] {dagbag.py:588} INFO - Filling up the DagBag from /home/rohit/ireland-rent-tracker/venv/lib/python3.12/site-packages/airflow/example_dags/example_outlet_event_extra.py
[2026-03-24T12:08:41.154+0000] {processor.py:925} INFO - DAG(s) 'dataset_with_extra_by_context', 'dataset_with_extra_from_classic_operator', 'dataset_with_extra_by_yield' retrieved from /home/rohit/ireland-rent-tracker/venv/lib/python3.12/site-packages/airflow/example_dags/example_outlet_event_extra.py
[2026-03-24T12:08:41.283+0000] {logging_mixin.py:190} INFO - [2026-03-24T12:08:41.282+0000] {override.py:1930} INFO - Created Permission View: can delete on DAG:dataset_with_extra_by_context
[2026-03-24T12:08:41.301+0000] {logging_mixin.py:190} INFO - [2026-03-24T12:08:41.301+0000] {override.py:1930} INFO - Created Permission View: can edit on DAG:dataset_with_extra_by_context
[2026-03-24T12:08:41.314+0000] {logging_mixin.py:190} INFO - [2026-03-24T12:08:41.313+0000] {override.py:1930} INFO - Created Permission View: can read on DAG:dataset_with_extra_by_context
[2026-03-24T12:08:41.335+0000] {logging_mixin.py:190} INFO - [2026-03-24T12:08:41.335+0000] {override.py:1930} INFO - Created Permission View: can delete on DAG Run:dataset_with_extra_by_context
[2026-03-24T12:08:41.348+0000] {logging_mixin.py:190} INFO - [2026-03-24T12:08:41.348+0000] {override.py:1930} INFO - Created Permission View: can create on DAG Run:dataset_with_extra_by_context
[2026-03-24T12:08:41.362+0000] {logging_mixin.py:190} INFO - [2026-03-24T12:08:41.361+0000] {override.py:1930} INFO - Created Permission View: can read on DAG Run:dataset_with_extra_by_context
[2026-03-24T12:08:41.386+0000] {logging_mixin.py:190} INFO - [2026-03-24T12:08:41.385+0000] {override.py:1930} INFO - Created Permission View: menu access on DAG Run:dataset_with_extra_by_context
[2026-03-24T12:08:41.415+0000] {logging_mixin.py:190} INFO - [2026-03-24T12:08:41.414+0000] {override.py:1930} INFO - Created Permission View: can delete on DAG:dataset_with_extra_from_classic_operator
[2026-03-24T12:08:41.428+0000] {logging_mixin.py:190} INFO - [2026-03-24T12:08:41.428+0000] {override.py:1930} INFO - Created Permission View: can edit on DAG:dataset_with_extra_from_classic_operator
[2026-03-24T12:08:41.439+0000] {logging_mixin.py:190} INFO - [2026-03-24T12:08:41.438+0000] {override.py:1930} INFO - Created Permission View: can read on DAG:dataset_with_extra_from_classic_operator
[2026-03-24T12:08:41.458+0000] {logging_mixin.py:190} INFO - [2026-03-24T12:08:41.458+0000] {override.py:1930} INFO - Created Permission View: can delete on DAG Run:dataset_with_extra_from_classic_operator
[2026-03-24T12:08:41.472+0000] {logging_mixin.py:190} INFO - [2026-03-24T12:08:41.472+0000] {override.py:1930} INFO - Created Permission View: can create on DAG Run:dataset_with_extra_from_classic_operator
[2026-03-24T12:08:41.482+0000] {logging_mixin.py:190} INFO - [2026-03-24T12:08:41.482+0000] {override.py:1930} INFO - Created Permission View: can read on DAG Run:dataset_with_extra_from_classic_operator
[2026-03-24T12:08:41.504+0000] {logging_mixin.py:190} INFO - [2026-03-24T12:08:41.504+0000] {override.py:1930} INFO - Created Permission View: menu access on DAG Run:dataset_with_extra_from_classic_operator
[2026-03-24T12:08:41.530+0000] {logging_mixin.py:190} INFO - [2026-03-24T12:08:41.529+0000] {override.py:1930} INFO - Created Permission View: can delete on DAG:dataset_with_extra_by_yield
[2026-03-24T12:08:41.541+0000] {logging_mixin.py:190} INFO - [2026-03-24T12:08:41.541+0000] {override.py:1930} INFO - Created Permission View: can edit on DAG:dataset_with_extra_by_yield
[2026-03-24T12:08:41.554+0000] {logging_mixin.py:190} INFO - [2026-03-24T12:08:41.553+0000] {override.py:1930} INFO - Created Permission View: can read on DAG:dataset_with_extra_by_yield
[2026-03-24T12:08:41.574+0000] {logging_mixin.py:190} INFO - [2026-03-24T12:08:41.574+0000] {override.py:1930} INFO - Created Permission View: can delete on DAG Run:dataset_with_extra_by_yield
[2026-03-24T12:08:41.589+0000] {logging_mixin.py:190} INFO - [2026-03-24T12:08:41.588+0000] {override.py:1930} INFO - Created Permission View: can create on DAG Run:dataset_with_extra_by_yield
[2026-03-24T12:08:41.601+0000] {logging_mixin.py:190} INFO - [2026-03-24T12:08:41.601+0000] {override.py:1930} INFO - Created Permission View: can read on DAG Run:dataset_with_extra_by_yield
[2026-03-24T12:08:41.613+0000] {logging_mixin.py:190} INFO - [2026-03-24T12:08:41.613+0000] {override.py:1930} INFO - Created Permission View: menu access on DAG Run:dataset_with_extra_by_yield
[2026-03-24T12:08:41.614+0000] {logging_mixin.py:190} INFO - [2026-03-24T12:08:41.614+0000] {dag.py:3239} INFO - Sync 3 DAGs
[2026-03-24T12:08:41.631+0000] {logging_mixin.py:190} INFO - [2026-03-24T12:08:41.631+0000] {dag.py:3262} INFO - Creating ORM DAG for dataset_with_extra_by_context
[2026-03-24T12:08:41.632+0000] {logging_mixin.py:190} INFO - [2026-03-24T12:08:41.631+0000] {dag.py:3262} INFO - Creating ORM DAG for dataset_with_extra_from_classic_operator
[2026-03-24T12:08:41.632+0000] {logging_mixin.py:190} INFO - [2026-03-24T12:08:41.632+0000] {dag.py:3262} INFO - Creating ORM DAG for dataset_with_extra_by_yield
[2026-03-24T12:08:41.647+0000] {logging_mixin.py:190} INFO - [2026-03-24T12:08:41.646+0000] {dag.py:4180} INFO - Setting next_dagrun for dataset_with_extra_by_context to 2026-03-23 00:00:00+00:00, run_after=2026-03-24 00:00:00+00:00
[2026-03-24T12:08:41.649+0000] {logging_mixin.py:190} INFO - [2026-03-24T12:08:41.649+0000] {dag.py:4180} INFO - Setting next_dagrun for dataset_with_extra_by_yield to 2026-03-23 00:00:00+00:00, run_after=2026-03-24 00:00:00+00:00
[2026-03-24T12:08:41.651+0000] {logging_mixin.py:190} INFO - [2026-03-24T12:08:41.651+0000] {dag.py:4180} INFO - Setting next_dagrun for dataset_with_extra_from_classic_operator to 2026-03-23 00:00:00+00:00, run_after=2026-03-24 00:00:00+00:00
[2026-03-24T12:08:41.697+0000] {processor.py:208} INFO - Processing /home/rohit/ireland-rent-tracker/venv/lib/python3.12/site-packages/airflow/example_dags/example_outlet_event_extra.py took 0.577 seconds
[2026-03-24T12:09:56.849+0000] {processor.py:186} INFO - Started process (PID=46618) to work on /home/rohit/ireland-rent-tracker/venv/lib/python3.12/site-packages/airflow/example_dags/example_outlet_event_extra.py
[2026-03-24T12:09:56.853+0000] {processor.py:914} INFO - Processing file /home/rohit/ireland-rent-tracker/venv/lib/python3.12/site-packages/airflow/example_dags/example_outlet_event_extra.py for tasks to queue
[2026-03-24T12:09:56.855+0000] {logging_mixin.py:190} INFO - [2026-03-24T12:09:56.855+0000] {dagbag.py:588} INFO - Filling up the DagBag from /home/rohit/ireland-rent-tracker/venv/lib/python3.12/site-packages/airflow/example_dags/example_outlet_event_extra.py
[2026-03-24T12:09:56.873+0000] {processor.py:925} INFO - DAG(s) 'dataset_with_extra_by_yield', 'dataset_with_extra_by_context', 'dataset_with_extra_from_classic_operator' retrieved from /home/rohit/ireland-rent-tracker/venv/lib/python3.12/site-packages/airflow/example_dags/example_outlet_event_extra.py
[2026-03-24T12:09:56.898+0000] {logging_mixin.py:190} INFO - [2026-03-24T12:09:56.898+0000] {dag.py:3239} INFO - Sync 3 DAGs
[2026-03-24T12:09:56.921+0000] {logging_mixin.py:190} INFO - [2026-03-24T12:09:56.921+0000] {dag.py:4180} INFO - Setting next_dagrun for dataset_with_extra_by_context to 2026-03-23 00:00:00+00:00, run_after=2026-03-24 00:00:00+00:00
[2026-03-24T12:09:56.925+0000] {logging_mixin.py:190} INFO - [2026-03-24T12:09:56.925+0000] {dag.py:4180} INFO - Setting next_dagrun for dataset_with_extra_by_yield to 2026-03-23 00:00:00+00:00, run_after=2026-03-24 00:00:00+00:00
[2026-03-24T12:09:56.927+0000] {logging_mixin.py:190} INFO - [2026-03-24T12:09:56.927+0000] {dag.py:4180} INFO - Setting next_dagrun for dataset_with_extra_from_classic_operator to 2026-03-23 00:00:00+00:00, run_after=2026-03-24 00:00:00+00:00
[2026-03-24T12:09:56.960+0000] {processor.py:208} INFO - Processing /home/rohit/ireland-rent-tracker/venv/lib/python3.12/site-packages/airflow/example_dags/example_outlet_event_extra.py took 0.117 seconds
[2026-03-24T12:10:55.401+0000] {processor.py:186} INFO - Started process (PID=46775) to work on /home/rohit/ireland-rent-tracker/venv/lib/python3.12/site-packages/airflow/example_dags/example_outlet_event_extra.py
[2026-03-24T12:10:55.403+0000] {processor.py:914} INFO - Processing file /home/rohit/ireland-rent-tracker/venv/lib/python3.12/site-packages/airflow/example_dags/example_outlet_event_extra.py for tasks to queue
[2026-03-24T12:10:55.405+0000] {logging_mixin.py:190} INFO - [2026-03-24T12:10:55.405+0000] {dagbag.py:588} INFO - Filling up the DagBag from /home/rohit/ireland-rent-tracker/venv/lib/python3.12/site-packages/airflow/example_dags/example_outlet_event_extra.py
[2026-03-24T12:10:55.421+0000] {processor.py:925} INFO - DAG(s) 'dataset_with_extra_from_classic_operator', 'dataset_with_extra_by_context', 'dataset_with_extra_by_yield' retrieved from /home/rohit/ireland-rent-tracker/venv/lib/python3.12/site-packages/airflow/example_dags/example_outlet_event_extra.py
[2026-03-24T12:10:55.444+0000] {logging_mixin.py:190} INFO - [2026-03-24T12:10:55.443+0000] {dag.py:3239} INFO - Sync 3 DAGs
[2026-03-24T12:10:55.466+0000] {logging_mixin.py:190} INFO - [2026-03-24T12:10:55.466+0000] {dag.py:4180} INFO - Setting next_dagrun for dataset_with_extra_by_context to 2026-03-23 00:00:00+00:00, run_after=2026-03-24 00:00:00+00:00
[2026-03-24T12:10:55.470+0000] {logging_mixin.py:190} INFO - [2026-03-24T12:10:55.470+0000] {dag.py:4180} INFO - Setting next_dagrun for dataset_with_extra_by_yield to 2026-03-23 00:00:00+00:00, run_after=2026-03-24 00:00:00+00:00
[2026-03-24T12:10:55.471+0000] {logging_mixin.py:190} INFO - [2026-03-24T12:10:55.471+0000] {dag.py:4180} INFO - Setting next_dagrun for dataset_with_extra_from_classic_operator to 2026-03-23 00:00:00+00:00, run_after=2026-03-24 00:00:00+00:00
[2026-03-24T12:10:55.501+0000] {processor.py:208} INFO - Processing /home/rohit/ireland-rent-tracker/venv/lib/python3.12/site-packages/airflow/example_dags/example_outlet_event_extra.py took 0.105 seconds
