[2026-03-24T12:05:32.238+0000] {processor.py:186} INFO - Started process (PID=45534) to work on /home/rohit/ireland-rent-tracker/venv/lib/python3.12/site-packages/airflow/example_dags/example_trigger_controller_dag.py
[2026-03-24T12:05:32.241+0000] {processor.py:914} INFO - Processing file /home/rohit/ireland-rent-tracker/venv/lib/python3.12/site-packages/airflow/example_dags/example_trigger_controller_dag.py for tasks to queue
[2026-03-24T12:05:32.244+0000] {logging_mixin.py:190} INFO - [2026-03-24T12:05:32.243+0000] {dagbag.py:588} INFO - Filling up the DagBag from /home/rohit/ireland-rent-tracker/venv/lib/python3.12/site-packages/airflow/example_dags/example_trigger_controller_dag.py
[2026-03-24T12:05:32.252+0000] {processor.py:925} INFO - DAG(s) 'example_trigger_controller_dag' retrieved from /home/rohit/ireland-rent-tracker/venv/lib/python3.12/site-packages/airflow/example_dags/example_trigger_controller_dag.py
[2026-03-24T12:05:32.372+0000] {logging_mixin.py:190} INFO - [2026-03-24T12:05:32.371+0000] {override.py:1930} INFO - Created Permission View: can delete on DAG:example_trigger_controller_dag
[2026-03-24T12:05:32.387+0000] {logging_mixin.py:190} INFO - [2026-03-24T12:05:32.387+0000] {override.py:1930} INFO - Created Permission View: can edit on DAG:example_trigger_controller_dag
[2026-03-24T12:05:32.398+0000] {logging_mixin.py:190} INFO - [2026-03-24T12:05:32.398+0000] {override.py:1930} INFO - Created Permission View: can read on DAG:example_trigger_controller_dag
[2026-03-24T12:05:32.416+0000] {logging_mixin.py:190} INFO - [2026-03-24T12:05:32.415+0000] {override.py:1930} INFO - Created Permission View: can delete on DAG Run:example_trigger_controller_dag
[2026-03-24T12:05:32.426+0000] {logging_mixin.py:190} INFO - [2026-03-24T12:05:32.425+0000] {override.py:1930} INFO - Created Permission View: can create on DAG Run:example_trigger_controller_dag
[2026-03-24T12:05:32.437+0000] {logging_mixin.py:190} INFO - [2026-03-24T12:05:32.437+0000] {override.py:1930} INFO - Created Permission View: can read on DAG Run:example_trigger_controller_dag
[2026-03-24T12:05:32.448+0000] {logging_mixin.py:190} INFO - [2026-03-24T12:05:32.447+0000] {override.py:1930} INFO - Created Permission View: menu access on DAG Run:example_trigger_controller_dag
[2026-03-24T12:05:32.448+0000] {logging_mixin.py:190} INFO - [2026-03-24T12:05:32.448+0000] {dag.py:3239} INFO - Sync 1 DAGs
[2026-03-24T12:05:32.459+0000] {logging_mixin.py:190} INFO - [2026-03-24T12:05:32.458+0000] {dag.py:3262} INFO - Creating ORM DAG for example_trigger_controller_dag
[2026-03-24T12:05:32.468+0000] {logging_mixin.py:190} INFO - [2026-03-24T12:05:32.468+0000] {dag.py:4180} INFO - Setting next_dagrun for example_trigger_controller_dag to 2021-01-01 00:00:00+00:00, run_after=2021-01-01 00:00:00+00:00
[2026-03-24T12:05:32.493+0000] {processor.py:208} INFO - Processing /home/rohit/ireland-rent-tracker/venv/lib/python3.12/site-packages/airflow/example_dags/example_trigger_controller_dag.py took 0.260 seconds
[2026-03-24T12:06:38.998+0000] {processor.py:186} INFO - Started process (PID=45696) to work on /home/rohit/ireland-rent-tracker/venv/lib/python3.12/site-packages/airflow/example_dags/example_trigger_controller_dag.py
[2026-03-24T12:06:39.002+0000] {processor.py:914} INFO - Processing file /home/rohit/ireland-rent-tracker/venv/lib/python3.12/site-packages/airflow/example_dags/example_trigger_controller_dag.py for tasks to queue
[2026-03-24T12:06:39.004+0000] {logging_mixin.py:190} INFO - [2026-03-24T12:06:39.004+0000] {dagbag.py:588} INFO - Filling up the DagBag from /home/rohit/ireland-rent-tracker/venv/lib/python3.12/site-packages/airflow/example_dags/example_trigger_controller_dag.py
[2026-03-24T12:06:39.012+0000] {processor.py:925} INFO - DAG(s) 'example_trigger_controller_dag' retrieved from /home/rohit/ireland-rent-tracker/venv/lib/python3.12/site-packages/airflow/example_dags/example_trigger_controller_dag.py
[2026-03-24T12:06:39.028+0000] {logging_mixin.py:190} INFO - [2026-03-24T12:06:39.028+0000] {dag.py:3239} INFO - Sync 1 DAGs
[2026-03-24T12:06:39.047+0000] {logging_mixin.py:190} INFO - [2026-03-24T12:06:39.047+0000] {dag.py:4180} INFO - Setting next_dagrun for example_trigger_controller_dag to 2021-01-01 00:00:00+00:00, run_after=2021-01-01 00:00:00+00:00
[2026-03-24T12:06:39.070+0000] {processor.py:208} INFO - Processing /home/rohit/ireland-rent-tracker/venv/lib/python3.12/site-packages/airflow/example_dags/example_trigger_controller_dag.py took 0.078 seconds
[2026-03-24T12:07:33.631+0000] {processor.py:186} INFO - Started process (PID=45886) to work on /home/rohit/ireland-rent-tracker/venv/lib/python3.12/site-packages/airflow/example_dags/example_trigger_controller_dag.py
[2026-03-24T12:07:33.635+0000] {processor.py:914} INFO - Processing file /home/rohit/ireland-rent-tracker/venv/lib/python3.12/site-packages/airflow/example_dags/example_trigger_controller_dag.py for tasks to queue
[2026-03-24T12:07:33.637+0000] {logging_mixin.py:190} INFO - [2026-03-24T12:07:33.637+0000] {dagbag.py:588} INFO - Filling up the DagBag from /home/rohit/ireland-rent-tracker/venv/lib/python3.12/site-packages/airflow/example_dags/example_trigger_controller_dag.py
[2026-03-24T12:07:33.644+0000] {processor.py:925} INFO - DAG(s) 'example_trigger_controller_dag' retrieved from /home/rohit/ireland-rent-tracker/venv/lib/python3.12/site-packages/airflow/example_dags/example_trigger_controller_dag.py
[2026-03-24T12:07:33.658+0000] {logging_mixin.py:190} INFO - [2026-03-24T12:07:33.658+0000] {dag.py:3239} INFO - Sync 1 DAGs
[2026-03-24T12:07:33.675+0000] {logging_mixin.py:190} INFO - [2026-03-24T12:07:33.674+0000] {dag.py:4180} INFO - Setting next_dagrun for example_trigger_controller_dag to 2021-01-01 00:00:00+00:00, run_after=2021-01-01 00:00:00+00:00
[2026-03-24T12:07:33.698+0000] {processor.py:208} INFO - Processing /home/rohit/ireland-rent-tracker/venv/lib/python3.12/site-packages/airflow/example_dags/example_trigger_controller_dag.py took 0.072 seconds
[2026-03-24T12:08:31.630+0000] {processor.py:186} INFO - Started process (PID=46107) to work on /home/rohit/ireland-rent-tracker/venv/lib/python3.12/site-packages/airflow/example_dags/example_trigger_controller_dag.py
[2026-03-24T12:08:31.632+0000] {processor.py:914} INFO - Processing file /home/rohit/ireland-rent-tracker/venv/lib/python3.12/site-packages/airflow/example_dags/example_trigger_controller_dag.py for tasks to queue
[2026-03-24T12:08:31.634+0000] {logging_mixin.py:190} INFO - [2026-03-24T12:08:31.633+0000] {dagbag.py:588} INFO - Filling up the DagBag from /home/rohit/ireland-rent-tracker/venv/lib/python3.12/site-packages/airflow/example_dags/example_trigger_controller_dag.py
[2026-03-24T12:08:31.643+0000] {processor.py:925} INFO - DAG(s) 'example_trigger_controller_dag' retrieved from /home/rohit/ireland-rent-tracker/venv/lib/python3.12/site-packages/airflow/example_dags/example_trigger_controller_dag.py
[2026-03-24T12:08:31.746+0000] {logging_mixin.py:190} INFO - [2026-03-24T12:08:31.745+0000] {override.py:1930} INFO - Created Permission View: can delete on DAG:example_trigger_controller_dag
[2026-03-24T12:08:31.759+0000] {logging_mixin.py:190} INFO - [2026-03-24T12:08:31.759+0000] {override.py:1930} INFO - Created Permission View: can edit on DAG:example_trigger_controller_dag
[2026-03-24T12:08:31.769+0000] {logging_mixin.py:190} INFO - [2026-03-24T12:08:31.769+0000] {override.py:1930} INFO - Created Permission View: can read on DAG:example_trigger_controller_dag
[2026-03-24T12:08:31.787+0000] {logging_mixin.py:190} INFO - [2026-03-24T12:08:31.787+0000] {override.py:1930} INFO - Created Permission View: can delete on DAG Run:example_trigger_controller_dag
[2026-03-24T12:08:31.798+0000] {logging_mixin.py:190} INFO - [2026-03-24T12:08:31.798+0000] {override.py:1930} INFO - Created Permission View: can create on DAG Run:example_trigger_controller_dag
[2026-03-24T12:08:31.808+0000] {logging_mixin.py:190} INFO - [2026-03-24T12:08:31.808+0000] {override.py:1930} INFO - Created Permission View: can read on DAG Run:example_trigger_controller_dag
[2026-03-24T12:08:31.818+0000] {logging_mixin.py:190} INFO - [2026-03-24T12:08:31.818+0000] {override.py:1930} INFO - Created Permission View: menu access on DAG Run:example_trigger_controller_dag
[2026-03-24T12:08:31.819+0000] {logging_mixin.py:190} INFO - [2026-03-24T12:08:31.819+0000] {dag.py:3239} INFO - Sync 1 DAGs
[2026-03-24T12:08:31.829+0000] {logging_mixin.py:190} INFO - [2026-03-24T12:08:31.829+0000] {dag.py:3262} INFO - Creating ORM DAG for example_trigger_controller_dag
[2026-03-24T12:08:31.836+0000] {logging_mixin.py:190} INFO - [2026-03-24T12:08:31.836+0000] {dag.py:4180} INFO - Setting next_dagrun for example_trigger_controller_dag to 2021-01-01 00:00:00+00:00, run_after=2021-01-01 00:00:00+00:00
[2026-03-24T12:08:31.858+0000] {processor.py:208} INFO - Processing /home/rohit/ireland-rent-tracker/venv/lib/python3.12/site-packages/airflow/example_dags/example_trigger_controller_dag.py took 0.233 seconds
[2026-03-24T12:09:49.930+0000] {processor.py:186} INFO - Started process (PID=46529) to work on /home/rohit/ireland-rent-tracker/venv/lib/python3.12/site-packages/airflow/example_dags/example_trigger_controller_dag.py
[2026-03-24T12:09:49.932+0000] {processor.py:914} INFO - Processing file /home/rohit/ireland-rent-tracker/venv/lib/python3.12/site-packages/airflow/example_dags/example_trigger_controller_dag.py for tasks to queue
[2026-03-24T12:09:49.935+0000] {logging_mixin.py:190} INFO - [2026-03-24T12:09:49.934+0000] {dagbag.py:588} INFO - Filling up the DagBag from /home/rohit/ireland-rent-tracker/venv/lib/python3.12/site-packages/airflow/example_dags/example_trigger_controller_dag.py
[2026-03-24T12:09:49.947+0000] {processor.py:925} INFO - DAG(s) 'example_trigger_controller_dag' retrieved from /home/rohit/ireland-rent-tracker/venv/lib/python3.12/site-packages/airflow/example_dags/example_trigger_controller_dag.py
[2026-03-24T12:09:49.973+0000] {logging_mixin.py:190} INFO - [2026-03-24T12:09:49.973+0000] {dag.py:3239} INFO - Sync 1 DAGs
[2026-03-24T12:09:50.000+0000] {logging_mixin.py:190} INFO - [2026-03-24T12:09:49.999+0000] {dag.py:4180} INFO - Setting next_dagrun for example_trigger_controller_dag to 2021-01-01 00:00:00+00:00, run_after=2021-01-01 00:00:00+00:00
[2026-03-24T12:09:50.031+0000] {processor.py:208} INFO - Processing /home/rohit/ireland-rent-tracker/venv/lib/python3.12/site-packages/airflow/example_dags/example_trigger_controller_dag.py took 0.108 seconds
[2026-03-24T12:10:48.905+0000] {processor.py:186} INFO - Started process (PID=46768) to work on /home/rohit/ireland-rent-tracker/venv/lib/python3.12/site-packages/airflow/example_dags/example_trigger_controller_dag.py
[2026-03-24T12:10:48.910+0000] {processor.py:914} INFO - Processing file /home/rohit/ireland-rent-tracker/venv/lib/python3.12/site-packages/airflow/example_dags/example_trigger_controller_dag.py for tasks to queue
[2026-03-24T12:10:48.913+0000] {logging_mixin.py:190} INFO - [2026-03-24T12:10:48.912+0000] {dagbag.py:588} INFO - Filling up the DagBag from /home/rohit/ireland-rent-tracker/venv/lib/python3.12/site-packages/airflow/example_dags/example_trigger_controller_dag.py
[2026-03-24T12:10:48.923+0000] {processor.py:925} INFO - DAG(s) 'example_trigger_controller_dag' retrieved from /home/rohit/ireland-rent-tracker/venv/lib/python3.12/site-packages/airflow/example_dags/example_trigger_controller_dag.py
[2026-03-24T12:10:48.942+0000] {logging_mixin.py:190} INFO - [2026-03-24T12:10:48.942+0000] {dag.py:3239} INFO - Sync 1 DAGs
[2026-03-24T12:10:48.962+0000] {logging_mixin.py:190} INFO - [2026-03-24T12:10:48.962+0000] {dag.py:4180} INFO - Setting next_dagrun for example_trigger_controller_dag to 2021-01-01 00:00:00+00:00, run_after=2021-01-01 00:00:00+00:00
[2026-03-24T12:10:48.987+0000] {processor.py:208} INFO - Processing /home/rohit/ireland-rent-tracker/venv/lib/python3.12/site-packages/airflow/example_dags/example_trigger_controller_dag.py took 0.088 seconds
