[2026-03-24T12:05:25.060+0000] {processor.py:186} INFO - Started process (PID=45518) to work on /home/rohit/ireland-rent-tracker/venv/lib/python3.12/site-packages/airflow/example_dags/example_sensor_decorator.py
[2026-03-24T12:05:25.060+0000] {processor.py:914} INFO - Processing file /home/rohit/ireland-rent-tracker/venv/lib/python3.12/site-packages/airflow/example_dags/example_sensor_decorator.py for tasks to queue
[2026-03-24T12:05:25.062+0000] {logging_mixin.py:190} INFO - [2026-03-24T12:05:25.062+0000] {dagbag.py:588} INFO - Filling up the DagBag from /home/rohit/ireland-rent-tracker/venv/lib/python3.12/site-packages/airflow/example_dags/example_sensor_decorator.py
[2026-03-24T12:05:25.077+0000] {processor.py:925} INFO - DAG(s) 'example_sensor_decorator' retrieved from /home/rohit/ireland-rent-tracker/venv/lib/python3.12/site-packages/airflow/example_dags/example_sensor_decorator.py
[2026-03-24T12:05:25.204+0000] {logging_mixin.py:190} INFO - [2026-03-24T12:05:25.203+0000] {override.py:1930} INFO - Created Permission View: can delete on DAG:example_sensor_decorator
[2026-03-24T12:05:25.221+0000] {logging_mixin.py:190} INFO - [2026-03-24T12:05:25.220+0000] {override.py:1930} INFO - Created Permission View: can edit on DAG:example_sensor_decorator
[2026-03-24T12:05:25.235+0000] {logging_mixin.py:190} INFO - [2026-03-24T12:05:25.234+0000] {override.py:1930} INFO - Created Permission View: can read on DAG:example_sensor_decorator
[2026-03-24T12:05:25.254+0000] {logging_mixin.py:190} INFO - [2026-03-24T12:05:25.254+0000] {override.py:1930} INFO - Created Permission View: can delete on DAG Run:example_sensor_decorator
[2026-03-24T12:05:25.266+0000] {logging_mixin.py:190} INFO - [2026-03-24T12:05:25.266+0000] {override.py:1930} INFO - Created Permission View: can create on DAG Run:example_sensor_decorator
[2026-03-24T12:05:25.278+0000] {logging_mixin.py:190} INFO - [2026-03-24T12:05:25.277+0000] {override.py:1930} INFO - Created Permission View: can read on DAG Run:example_sensor_decorator
[2026-03-24T12:05:25.289+0000] {logging_mixin.py:190} INFO - [2026-03-24T12:05:25.288+0000] {override.py:1930} INFO - Created Permission View: menu access on DAG Run:example_sensor_decorator
[2026-03-24T12:05:25.290+0000] {logging_mixin.py:190} INFO - [2026-03-24T12:05:25.290+0000] {dag.py:3239} INFO - Sync 1 DAGs
[2026-03-24T12:05:25.301+0000] {logging_mixin.py:190} INFO - [2026-03-24T12:05:25.301+0000] {dag.py:3262} INFO - Creating ORM DAG for example_sensor_decorator
[2026-03-24T12:05:25.302+0000] {logging_mixin.py:190} INFO - [2026-03-24T12:05:25.301+0000] {dag.py:4180} INFO - Setting next_dagrun for example_sensor_decorator to None, run_after=None
[2026-03-24T12:05:25.328+0000] {processor.py:208} INFO - Processing /home/rohit/ireland-rent-tracker/venv/lib/python3.12/site-packages/airflow/example_dags/example_sensor_decorator.py took 0.273 seconds
[2026-03-24T12:06:30.594+0000] {processor.py:186} INFO - Started process (PID=45688) to work on /home/rohit/ireland-rent-tracker/venv/lib/python3.12/site-packages/airflow/example_dags/example_sensor_decorator.py
[2026-03-24T12:06:30.598+0000] {processor.py:914} INFO - Processing file /home/rohit/ireland-rent-tracker/venv/lib/python3.12/site-packages/airflow/example_dags/example_sensor_decorator.py for tasks to queue
[2026-03-24T12:06:30.600+0000] {logging_mixin.py:190} INFO - [2026-03-24T12:06:30.600+0000] {dagbag.py:588} INFO - Filling up the DagBag from /home/rohit/ireland-rent-tracker/venv/lib/python3.12/site-packages/airflow/example_dags/example_sensor_decorator.py
[2026-03-24T12:06:30.610+0000] {processor.py:925} INFO - DAG(s) 'example_sensor_decorator' retrieved from /home/rohit/ireland-rent-tracker/venv/lib/python3.12/site-packages/airflow/example_dags/example_sensor_decorator.py
[2026-03-24T12:06:30.628+0000] {logging_mixin.py:190} INFO - [2026-03-24T12:06:30.627+0000] {dag.py:3239} INFO - Sync 1 DAGs
[2026-03-24T12:06:30.640+0000] {logging_mixin.py:190} INFO - [2026-03-24T12:06:30.640+0000] {dag.py:4180} INFO - Setting next_dagrun for example_sensor_decorator to None, run_after=None
[2026-03-24T12:06:30.665+0000] {processor.py:208} INFO - Processing /home/rohit/ireland-rent-tracker/venv/lib/python3.12/site-packages/airflow/example_dags/example_sensor_decorator.py took 0.076 seconds
[2026-03-24T12:07:26.222+0000] {processor.py:186} INFO - Started process (PID=45858) to work on /home/rohit/ireland-rent-tracker/venv/lib/python3.12/site-packages/airflow/example_dags/example_sensor_decorator.py
[2026-03-24T12:07:26.226+0000] {processor.py:914} INFO - Processing file /home/rohit/ireland-rent-tracker/venv/lib/python3.12/site-packages/airflow/example_dags/example_sensor_decorator.py for tasks to queue
[2026-03-24T12:07:26.228+0000] {logging_mixin.py:190} INFO - [2026-03-24T12:07:26.228+0000] {dagbag.py:588} INFO - Filling up the DagBag from /home/rohit/ireland-rent-tracker/venv/lib/python3.12/site-packages/airflow/example_dags/example_sensor_decorator.py
[2026-03-24T12:07:26.236+0000] {processor.py:925} INFO - DAG(s) 'example_sensor_decorator' retrieved from /home/rohit/ireland-rent-tracker/venv/lib/python3.12/site-packages/airflow/example_dags/example_sensor_decorator.py
[2026-03-24T12:07:26.250+0000] {logging_mixin.py:190} INFO - [2026-03-24T12:07:26.250+0000] {dag.py:3239} INFO - Sync 1 DAGs
[2026-03-24T12:07:26.261+0000] {logging_mixin.py:190} INFO - [2026-03-24T12:07:26.261+0000] {dag.py:4180} INFO - Setting next_dagrun for example_sensor_decorator to None, run_after=None
[2026-03-24T12:07:26.287+0000] {processor.py:208} INFO - Processing /home/rohit/ireland-rent-tracker/venv/lib/python3.12/site-packages/airflow/example_dags/example_sensor_decorator.py took 0.070 seconds
[2026-03-24T12:08:22.444+0000] {processor.py:186} INFO - Started process (PID=46022) to work on /home/rohit/ireland-rent-tracker/venv/lib/python3.12/site-packages/airflow/example_dags/example_sensor_decorator.py
[2026-03-24T12:08:22.448+0000] {processor.py:914} INFO - Processing file /home/rohit/ireland-rent-tracker/venv/lib/python3.12/site-packages/airflow/example_dags/example_sensor_decorator.py for tasks to queue
[2026-03-24T12:08:22.450+0000] {logging_mixin.py:190} INFO - [2026-03-24T12:08:22.450+0000] {dagbag.py:588} INFO - Filling up the DagBag from /home/rohit/ireland-rent-tracker/venv/lib/python3.12/site-packages/airflow/example_dags/example_sensor_decorator.py
[2026-03-24T12:08:22.458+0000] {processor.py:925} INFO - DAG(s) 'example_sensor_decorator' retrieved from /home/rohit/ireland-rent-tracker/venv/lib/python3.12/site-packages/airflow/example_dags/example_sensor_decorator.py
[2026-03-24T12:08:22.544+0000] {logging_mixin.py:190} INFO - [2026-03-24T12:08:22.544+0000] {override.py:1930} INFO - Created Permission View: can delete on DAG:example_sensor_decorator
[2026-03-24T12:08:22.556+0000] {logging_mixin.py:190} INFO - [2026-03-24T12:08:22.556+0000] {override.py:1930} INFO - Created Permission View: can edit on DAG:example_sensor_decorator
[2026-03-24T12:08:22.567+0000] {logging_mixin.py:190} INFO - [2026-03-24T12:08:22.567+0000] {override.py:1930} INFO - Created Permission View: can read on DAG:example_sensor_decorator
[2026-03-24T12:08:22.584+0000] {logging_mixin.py:190} INFO - [2026-03-24T12:08:22.583+0000] {override.py:1930} INFO - Created Permission View: can delete on DAG Run:example_sensor_decorator
[2026-03-24T12:08:22.593+0000] {logging_mixin.py:190} INFO - [2026-03-24T12:08:22.592+0000] {override.py:1930} INFO - Created Permission View: can create on DAG Run:example_sensor_decorator
[2026-03-24T12:08:22.601+0000] {logging_mixin.py:190} INFO - [2026-03-24T12:08:22.601+0000] {override.py:1930} INFO - Created Permission View: can read on DAG Run:example_sensor_decorator
[2026-03-24T12:08:22.611+0000] {logging_mixin.py:190} INFO - [2026-03-24T12:08:22.610+0000] {override.py:1930} INFO - Created Permission View: menu access on DAG Run:example_sensor_decorator
[2026-03-24T12:08:22.611+0000] {logging_mixin.py:190} INFO - [2026-03-24T12:08:22.611+0000] {dag.py:3239} INFO - Sync 1 DAGs
[2026-03-24T12:08:22.620+0000] {logging_mixin.py:190} INFO - [2026-03-24T12:08:22.620+0000] {dag.py:3262} INFO - Creating ORM DAG for example_sensor_decorator
[2026-03-24T12:08:22.620+0000] {logging_mixin.py:190} INFO - [2026-03-24T12:08:22.620+0000] {dag.py:4180} INFO - Setting next_dagrun for example_sensor_decorator to None, run_after=None
[2026-03-24T12:08:22.639+0000] {processor.py:208} INFO - Processing /home/rohit/ireland-rent-tracker/venv/lib/python3.12/site-packages/airflow/example_dags/example_sensor_decorator.py took 0.200 seconds
[2026-03-24T12:09:42.262+0000] {processor.py:186} INFO - Started process (PID=46507) to work on /home/rohit/ireland-rent-tracker/venv/lib/python3.12/site-packages/airflow/example_dags/example_sensor_decorator.py
[2026-03-24T12:09:42.264+0000] {processor.py:914} INFO - Processing file /home/rohit/ireland-rent-tracker/venv/lib/python3.12/site-packages/airflow/example_dags/example_sensor_decorator.py for tasks to queue
[2026-03-24T12:09:42.266+0000] {logging_mixin.py:190} INFO - [2026-03-24T12:09:42.265+0000] {dagbag.py:588} INFO - Filling up the DagBag from /home/rohit/ireland-rent-tracker/venv/lib/python3.12/site-packages/airflow/example_dags/example_sensor_decorator.py
[2026-03-24T12:09:42.275+0000] {processor.py:925} INFO - DAG(s) 'example_sensor_decorator' retrieved from /home/rohit/ireland-rent-tracker/venv/lib/python3.12/site-packages/airflow/example_dags/example_sensor_decorator.py
[2026-03-24T12:09:42.292+0000] {logging_mixin.py:190} INFO - [2026-03-24T12:09:42.291+0000] {dag.py:3239} INFO - Sync 1 DAGs
[2026-03-24T12:09:42.304+0000] {logging_mixin.py:190} INFO - [2026-03-24T12:09:42.304+0000] {dag.py:4180} INFO - Setting next_dagrun for example_sensor_decorator to None, run_after=None
[2026-03-24T12:09:42.327+0000] {processor.py:208} INFO - Processing /home/rohit/ireland-rent-tracker/venv/lib/python3.12/site-packages/airflow/example_dags/example_sensor_decorator.py took 0.070 seconds
[2026-03-24T12:10:40.621+0000] {processor.py:186} INFO - Started process (PID=46754) to work on /home/rohit/ireland-rent-tracker/venv/lib/python3.12/site-packages/airflow/example_dags/example_sensor_decorator.py
[2026-03-24T12:10:40.625+0000] {processor.py:914} INFO - Processing file /home/rohit/ireland-rent-tracker/venv/lib/python3.12/site-packages/airflow/example_dags/example_sensor_decorator.py for tasks to queue
[2026-03-24T12:10:40.627+0000] {logging_mixin.py:190} INFO - [2026-03-24T12:10:40.627+0000] {dagbag.py:588} INFO - Filling up the DagBag from /home/rohit/ireland-rent-tracker/venv/lib/python3.12/site-packages/airflow/example_dags/example_sensor_decorator.py
[2026-03-24T12:10:40.638+0000] {processor.py:925} INFO - DAG(s) 'example_sensor_decorator' retrieved from /home/rohit/ireland-rent-tracker/venv/lib/python3.12/site-packages/airflow/example_dags/example_sensor_decorator.py
[2026-03-24T12:10:40.655+0000] {logging_mixin.py:190} INFO - [2026-03-24T12:10:40.655+0000] {dag.py:3239} INFO - Sync 1 DAGs
[2026-03-24T12:10:40.671+0000] {logging_mixin.py:190} INFO - [2026-03-24T12:10:40.671+0000] {dag.py:4180} INFO - Setting next_dagrun for example_sensor_decorator to None, run_after=None
[2026-03-24T12:10:40.698+0000] {processor.py:208} INFO - Processing /home/rohit/ireland-rent-tracker/venv/lib/python3.12/site-packages/airflow/example_dags/example_sensor_decorator.py took 0.083 seconds
