[2026-03-24T12:06:08.828+0000] {processor.py:186} INFO - Started process (PID=45656) to work on /home/rohit/ireland-rent-tracker/venv/lib/python3.12/site-packages/airflow/example_dags/example_branch_operator_decorator.py
[2026-03-24T12:06:08.829+0000] {processor.py:914} INFO - Processing file /home/rohit/ireland-rent-tracker/venv/lib/python3.12/site-packages/airflow/example_dags/example_branch_operator_decorator.py for tasks to queue
[2026-03-24T12:06:08.831+0000] {logging_mixin.py:190} INFO - [2026-03-24T12:06:08.831+0000] {dagbag.py:588} INFO - Filling up the DagBag from /home/rohit/ireland-rent-tracker/venv/lib/python3.12/site-packages/airflow/example_dags/example_branch_operator_decorator.py
[2026-03-24T12:06:08.945+0000] {processor.py:927} WARNING - No viable dags retrieved from /home/rohit/ireland-rent-tracker/venv/lib/python3.12/site-packages/airflow/example_dags/example_branch_operator_decorator.py
[2026-03-24T12:06:08.956+0000] {processor.py:208} INFO - Processing /home/rohit/ireland-rent-tracker/venv/lib/python3.12/site-packages/airflow/example_dags/example_branch_operator_decorator.py took 0.134 seconds
[2026-03-24T12:07:10.704+0000] {processor.py:186} INFO - Started process (PID=45743) to work on /home/rohit/ireland-rent-tracker/venv/lib/python3.12/site-packages/airflow/example_dags/example_branch_operator_decorator.py
[2026-03-24T12:07:10.708+0000] {processor.py:914} INFO - Processing file /home/rohit/ireland-rent-tracker/venv/lib/python3.12/site-packages/airflow/example_dags/example_branch_operator_decorator.py for tasks to queue
[2026-03-24T12:07:10.710+0000] {logging_mixin.py:190} INFO - [2026-03-24T12:07:10.710+0000] {dagbag.py:588} INFO - Filling up the DagBag from /home/rohit/ireland-rent-tracker/venv/lib/python3.12/site-packages/airflow/example_dags/example_branch_operator_decorator.py
[2026-03-24T12:07:10.841+0000] {processor.py:927} WARNING - No viable dags retrieved from /home/rohit/ireland-rent-tracker/venv/lib/python3.12/site-packages/airflow/example_dags/example_branch_operator_decorator.py
[2026-03-24T12:07:10.854+0000] {processor.py:208} INFO - Processing /home/rohit/ireland-rent-tracker/venv/lib/python3.12/site-packages/airflow/example_dags/example_branch_operator_decorator.py took 0.154 seconds
[2026-03-24T12:08:09.327+0000] {processor.py:186} INFO - Started process (PID=45996) to work on /home/rohit/ireland-rent-tracker/venv/lib/python3.12/site-packages/airflow/example_dags/example_branch_operator_decorator.py
[2026-03-24T12:08:09.329+0000] {processor.py:914} INFO - Processing file /home/rohit/ireland-rent-tracker/venv/lib/python3.12/site-packages/airflow/example_dags/example_branch_operator_decorator.py for tasks to queue
[2026-03-24T12:08:09.332+0000] {logging_mixin.py:190} INFO - [2026-03-24T12:08:09.331+0000] {dagbag.py:588} INFO - Filling up the DagBag from /home/rohit/ireland-rent-tracker/venv/lib/python3.12/site-packages/airflow/example_dags/example_branch_operator_decorator.py
[2026-03-24T12:08:09.498+0000] {processor.py:927} WARNING - No viable dags retrieved from /home/rohit/ireland-rent-tracker/venv/lib/python3.12/site-packages/airflow/example_dags/example_branch_operator_decorator.py
[2026-03-24T12:08:09.514+0000] {processor.py:208} INFO - Processing /home/rohit/ireland-rent-tracker/venv/lib/python3.12/site-packages/airflow/example_dags/example_branch_operator_decorator.py took 0.192 seconds
[2026-03-24T12:09:28.156+0000] {processor.py:186} INFO - Started process (PID=46440) to work on /home/rohit/ireland-rent-tracker/venv/lib/python3.12/site-packages/airflow/example_dags/example_branch_operator_decorator.py
[2026-03-24T12:09:28.160+0000] {processor.py:914} INFO - Processing file /home/rohit/ireland-rent-tracker/venv/lib/python3.12/site-packages/airflow/example_dags/example_branch_operator_decorator.py for tasks to queue
[2026-03-24T12:09:28.164+0000] {logging_mixin.py:190} INFO - [2026-03-24T12:09:28.164+0000] {dagbag.py:588} INFO - Filling up the DagBag from /home/rohit/ireland-rent-tracker/venv/lib/python3.12/site-packages/airflow/example_dags/example_branch_operator_decorator.py
[2026-03-24T12:09:28.298+0000] {processor.py:927} WARNING - No viable dags retrieved from /home/rohit/ireland-rent-tracker/venv/lib/python3.12/site-packages/airflow/example_dags/example_branch_operator_decorator.py
[2026-03-24T12:09:28.316+0000] {processor.py:208} INFO - Processing /home/rohit/ireland-rent-tracker/venv/lib/python3.12/site-packages/airflow/example_dags/example_branch_operator_decorator.py took 0.166 seconds
[2026-03-24T12:10:29.445+0000] {processor.py:186} INFO - Started process (PID=46732) to work on /home/rohit/ireland-rent-tracker/venv/lib/python3.12/site-packages/airflow/example_dags/example_branch_operator_decorator.py
[2026-03-24T12:10:29.450+0000] {processor.py:914} INFO - Processing file /home/rohit/ireland-rent-tracker/venv/lib/python3.12/site-packages/airflow/example_dags/example_branch_operator_decorator.py for tasks to queue
[2026-03-24T12:10:29.453+0000] {logging_mixin.py:190} INFO - [2026-03-24T12:10:29.452+0000] {dagbag.py:588} INFO - Filling up the DagBag from /home/rohit/ireland-rent-tracker/venv/lib/python3.12/site-packages/airflow/example_dags/example_branch_operator_decorator.py
[2026-03-24T12:10:29.603+0000] {processor.py:927} WARNING - No viable dags retrieved from /home/rohit/ireland-rent-tracker/venv/lib/python3.12/site-packages/airflow/example_dags/example_branch_operator_decorator.py
[2026-03-24T12:10:29.619+0000] {processor.py:208} INFO - Processing /home/rohit/ireland-rent-tracker/venv/lib/python3.12/site-packages/airflow/example_dags/example_branch_operator_decorator.py took 0.179 seconds
