[2026-03-24T12:06:11.196+0000] {processor.py:186} INFO - Started process (PID=45664) to work on /home/rohit/ireland-rent-tracker/venv/lib/python3.12/site-packages/airflow/example_dags/example_branch_day_of_week_operator.py
[2026-03-24T12:06:11.197+0000] {processor.py:914} INFO - Processing file /home/rohit/ireland-rent-tracker/venv/lib/python3.12/site-packages/airflow/example_dags/example_branch_day_of_week_operator.py for tasks to queue
[2026-03-24T12:06:11.199+0000] {logging_mixin.py:190} INFO - [2026-03-24T12:06:11.199+0000] {dagbag.py:588} INFO - Filling up the DagBag from /home/rohit/ireland-rent-tracker/venv/lib/python3.12/site-packages/airflow/example_dags/example_branch_day_of_week_operator.py
[2026-03-24T12:06:11.211+0000] {processor.py:925} INFO - DAG(s) 'example_weekday_branch_operator' retrieved from /home/rohit/ireland-rent-tracker/venv/lib/python3.12/site-packages/airflow/example_dags/example_branch_day_of_week_operator.py
[2026-03-24T12:06:11.319+0000] {logging_mixin.py:190} INFO - [2026-03-24T12:06:11.318+0000] {override.py:1930} INFO - Created Permission View: can delete on DAG:example_weekday_branch_operator
[2026-03-24T12:06:11.332+0000] {logging_mixin.py:190} INFO - [2026-03-24T12:06:11.332+0000] {override.py:1930} INFO - Created Permission View: can edit on DAG:example_weekday_branch_operator
[2026-03-24T12:06:11.343+0000] {logging_mixin.py:190} INFO - [2026-03-24T12:06:11.343+0000] {override.py:1930} INFO - Created Permission View: can read on DAG:example_weekday_branch_operator
[2026-03-24T12:06:11.362+0000] {logging_mixin.py:190} INFO - [2026-03-24T12:06:11.362+0000] {override.py:1930} INFO - Created Permission View: can delete on DAG Run:example_weekday_branch_operator
[2026-03-24T12:06:11.372+0000] {logging_mixin.py:190} INFO - [2026-03-24T12:06:11.372+0000] {override.py:1930} INFO - Created Permission View: can create on DAG Run:example_weekday_branch_operator
[2026-03-24T12:06:11.383+0000] {logging_mixin.py:190} INFO - [2026-03-24T12:06:11.382+0000] {override.py:1930} INFO - Created Permission View: can read on DAG Run:example_weekday_branch_operator
[2026-03-24T12:06:11.393+0000] {logging_mixin.py:190} INFO - [2026-03-24T12:06:11.393+0000] {override.py:1930} INFO - Created Permission View: menu access on DAG Run:example_weekday_branch_operator
[2026-03-24T12:06:11.394+0000] {logging_mixin.py:190} INFO - [2026-03-24T12:06:11.394+0000] {dag.py:3239} INFO - Sync 1 DAGs
[2026-03-24T12:06:11.404+0000] {logging_mixin.py:190} INFO - [2026-03-24T12:06:11.404+0000] {dag.py:3262} INFO - Creating ORM DAG for example_weekday_branch_operator
[2026-03-24T12:06:11.413+0000] {logging_mixin.py:190} INFO - [2026-03-24T12:06:11.413+0000] {dag.py:4180} INFO - Setting next_dagrun for example_weekday_branch_operator to 2026-03-23 00:00:00+00:00, run_after=2026-03-24 00:00:00+00:00
[2026-03-24T12:06:11.434+0000] {processor.py:208} INFO - Processing /home/rohit/ireland-rent-tracker/venv/lib/python3.12/site-packages/airflow/example_dags/example_branch_day_of_week_operator.py took 0.244 seconds
[2026-03-24T12:07:13.223+0000] {processor.py:186} INFO - Started process (PID=45749) to work on /home/rohit/ireland-rent-tracker/venv/lib/python3.12/site-packages/airflow/example_dags/example_branch_day_of_week_operator.py
[2026-03-24T12:07:13.225+0000] {processor.py:914} INFO - Processing file /home/rohit/ireland-rent-tracker/venv/lib/python3.12/site-packages/airflow/example_dags/example_branch_day_of_week_operator.py for tasks to queue
[2026-03-24T12:07:13.227+0000] {logging_mixin.py:190} INFO - [2026-03-24T12:07:13.227+0000] {dagbag.py:588} INFO - Filling up the DagBag from /home/rohit/ireland-rent-tracker/venv/lib/python3.12/site-packages/airflow/example_dags/example_branch_day_of_week_operator.py
[2026-03-24T12:07:13.237+0000] {processor.py:925} INFO - DAG(s) 'example_weekday_branch_operator' retrieved from /home/rohit/ireland-rent-tracker/venv/lib/python3.12/site-packages/airflow/example_dags/example_branch_day_of_week_operator.py
[2026-03-24T12:07:13.256+0000] {logging_mixin.py:190} INFO - [2026-03-24T12:07:13.255+0000] {dag.py:3239} INFO - Sync 1 DAGs
[2026-03-24T12:07:13.277+0000] {logging_mixin.py:190} INFO - [2026-03-24T12:07:13.277+0000] {dag.py:4180} INFO - Setting next_dagrun for example_weekday_branch_operator to 2026-03-23 00:00:00+00:00, run_after=2026-03-24 00:00:00+00:00
[2026-03-24T12:07:13.304+0000] {processor.py:208} INFO - Processing /home/rohit/ireland-rent-tracker/venv/lib/python3.12/site-packages/airflow/example_dags/example_branch_day_of_week_operator.py took 0.086 seconds
[2026-03-24T12:08:11.963+0000] {processor.py:186} INFO - Started process (PID=46004) to work on /home/rohit/ireland-rent-tracker/venv/lib/python3.12/site-packages/airflow/example_dags/example_branch_day_of_week_operator.py
[2026-03-24T12:08:11.965+0000] {processor.py:914} INFO - Processing file /home/rohit/ireland-rent-tracker/venv/lib/python3.12/site-packages/airflow/example_dags/example_branch_day_of_week_operator.py for tasks to queue
[2026-03-24T12:08:11.968+0000] {logging_mixin.py:190} INFO - [2026-03-24T12:08:11.968+0000] {dagbag.py:588} INFO - Filling up the DagBag from /home/rohit/ireland-rent-tracker/venv/lib/python3.12/site-packages/airflow/example_dags/example_branch_day_of_week_operator.py
[2026-03-24T12:08:11.979+0000] {processor.py:925} INFO - DAG(s) 'example_weekday_branch_operator' retrieved from /home/rohit/ireland-rent-tracker/venv/lib/python3.12/site-packages/airflow/example_dags/example_branch_day_of_week_operator.py
[2026-03-24T12:08:12.078+0000] {logging_mixin.py:190} INFO - [2026-03-24T12:08:12.077+0000] {override.py:1930} INFO - Created Permission View: can delete on DAG:example_weekday_branch_operator
[2026-03-24T12:08:12.092+0000] {logging_mixin.py:190} INFO - [2026-03-24T12:08:12.092+0000] {override.py:1930} INFO - Created Permission View: can edit on DAG:example_weekday_branch_operator
[2026-03-24T12:08:12.103+0000] {logging_mixin.py:190} INFO - [2026-03-24T12:08:12.103+0000] {override.py:1930} INFO - Created Permission View: can read on DAG:example_weekday_branch_operator
[2026-03-24T12:08:12.119+0000] {logging_mixin.py:190} INFO - [2026-03-24T12:08:12.119+0000] {override.py:1930} INFO - Created Permission View: can delete on DAG Run:example_weekday_branch_operator
[2026-03-24T12:08:12.129+0000] {logging_mixin.py:190} INFO - [2026-03-24T12:08:12.128+0000] {override.py:1930} INFO - Created Permission View: can create on DAG Run:example_weekday_branch_operator
[2026-03-24T12:08:12.138+0000] {logging_mixin.py:190} INFO - [2026-03-24T12:08:12.138+0000] {override.py:1930} INFO - Created Permission View: can read on DAG Run:example_weekday_branch_operator
[2026-03-24T12:08:12.150+0000] {logging_mixin.py:190} INFO - [2026-03-24T12:08:12.149+0000] {override.py:1930} INFO - Created Permission View: menu access on DAG Run:example_weekday_branch_operator
[2026-03-24T12:08:12.150+0000] {logging_mixin.py:190} INFO - [2026-03-24T12:08:12.150+0000] {dag.py:3239} INFO - Sync 1 DAGs
[2026-03-24T12:08:12.163+0000] {logging_mixin.py:190} INFO - [2026-03-24T12:08:12.163+0000] {dag.py:3262} INFO - Creating ORM DAG for example_weekday_branch_operator
[2026-03-24T12:08:12.172+0000] {logging_mixin.py:190} INFO - [2026-03-24T12:08:12.172+0000] {dag.py:4180} INFO - Setting next_dagrun for example_weekday_branch_operator to 2026-03-23 00:00:00+00:00, run_after=2026-03-24 00:00:00+00:00
[2026-03-24T12:08:12.194+0000] {processor.py:208} INFO - Processing /home/rohit/ireland-rent-tracker/venv/lib/python3.12/site-packages/airflow/example_dags/example_branch_day_of_week_operator.py took 0.237 seconds
[2026-03-24T12:09:30.652+0000] {processor.py:186} INFO - Started process (PID=46442) to work on /home/rohit/ireland-rent-tracker/venv/lib/python3.12/site-packages/airflow/example_dags/example_branch_day_of_week_operator.py
[2026-03-24T12:09:30.654+0000] {processor.py:914} INFO - Processing file /home/rohit/ireland-rent-tracker/venv/lib/python3.12/site-packages/airflow/example_dags/example_branch_day_of_week_operator.py for tasks to queue
[2026-03-24T12:09:30.657+0000] {logging_mixin.py:190} INFO - [2026-03-24T12:09:30.656+0000] {dagbag.py:588} INFO - Filling up the DagBag from /home/rohit/ireland-rent-tracker/venv/lib/python3.12/site-packages/airflow/example_dags/example_branch_day_of_week_operator.py
[2026-03-24T12:09:30.669+0000] {processor.py:925} INFO - DAG(s) 'example_weekday_branch_operator' retrieved from /home/rohit/ireland-rent-tracker/venv/lib/python3.12/site-packages/airflow/example_dags/example_branch_day_of_week_operator.py
[2026-03-24T12:09:30.697+0000] {logging_mixin.py:190} INFO - [2026-03-24T12:09:30.696+0000] {dag.py:3239} INFO - Sync 1 DAGs
[2026-03-24T12:09:30.751+0000] {logging_mixin.py:190} INFO - [2026-03-24T12:09:30.750+0000] {dag.py:4180} INFO - Setting next_dagrun for example_weekday_branch_operator to 2026-03-23 00:00:00+00:00, run_after=2026-03-24 00:00:00+00:00
[2026-03-24T12:09:30.793+0000] {processor.py:208} INFO - Processing /home/rohit/ireland-rent-tracker/venv/lib/python3.12/site-packages/airflow/example_dags/example_branch_day_of_week_operator.py took 0.147 seconds
[2026-03-24T12:10:31.932+0000] {processor.py:186} INFO - Started process (PID=46740) to work on /home/rohit/ireland-rent-tracker/venv/lib/python3.12/site-packages/airflow/example_dags/example_branch_day_of_week_operator.py
[2026-03-24T12:10:31.934+0000] {processor.py:914} INFO - Processing file /home/rohit/ireland-rent-tracker/venv/lib/python3.12/site-packages/airflow/example_dags/example_branch_day_of_week_operator.py for tasks to queue
[2026-03-24T12:10:31.936+0000] {logging_mixin.py:190} INFO - [2026-03-24T12:10:31.936+0000] {dagbag.py:588} INFO - Filling up the DagBag from /home/rohit/ireland-rent-tracker/venv/lib/python3.12/site-packages/airflow/example_dags/example_branch_day_of_week_operator.py
[2026-03-24T12:10:31.949+0000] {processor.py:925} INFO - DAG(s) 'example_weekday_branch_operator' retrieved from /home/rohit/ireland-rent-tracker/venv/lib/python3.12/site-packages/airflow/example_dags/example_branch_day_of_week_operator.py
[2026-03-24T12:10:31.969+0000] {logging_mixin.py:190} INFO - [2026-03-24T12:10:31.969+0000] {dag.py:3239} INFO - Sync 1 DAGs
[2026-03-24T12:10:31.990+0000] {logging_mixin.py:190} INFO - [2026-03-24T12:10:31.990+0000] {dag.py:4180} INFO - Setting next_dagrun for example_weekday_branch_operator to 2026-03-23 00:00:00+00:00, run_after=2026-03-24 00:00:00+00:00
[2026-03-24T12:10:32.017+0000] {processor.py:208} INFO - Processing /home/rohit/ireland-rent-tracker/venv/lib/python3.12/site-packages/airflow/example_dags/example_branch_day_of_week_operator.py took 0.090 seconds
