[2026-03-24T12:06:07.124+0000] {processor.py:186} INFO - Started process (PID=45654) to work on /home/rohit/ireland-rent-tracker/venv/lib/python3.12/site-packages/airflow/example_dags/example_dataset_alias.py
[2026-03-24T12:06:07.126+0000] {processor.py:914} INFO - Processing file /home/rohit/ireland-rent-tracker/venv/lib/python3.12/site-packages/airflow/example_dags/example_dataset_alias.py for tasks to queue
[2026-03-24T12:06:07.129+0000] {logging_mixin.py:190} INFO - [2026-03-24T12:06:07.128+0000] {dagbag.py:588} INFO - Filling up the DagBag from /home/rohit/ireland-rent-tracker/venv/lib/python3.12/site-packages/airflow/example_dags/example_dataset_alias.py
[2026-03-24T12:06:07.155+0000] {processor.py:925} INFO - DAG(s) 'dataset_s3_bucket_consumer', 'dataset_s3_bucket_producer', 'dataset_alias_example_alias_consumer', 'dataset_alias_example_alias_producer' retrieved from /home/rohit/ireland-rent-tracker/venv/lib/python3.12/site-packages/airflow/example_dags/example_dataset_alias.py
[2026-03-24T12:06:07.261+0000] {logging_mixin.py:190} INFO - [2026-03-24T12:06:07.260+0000] {override.py:1930} INFO - Created Permission View: can delete on DAG:dataset_s3_bucket_consumer
[2026-03-24T12:06:07.274+0000] {logging_mixin.py:190} INFO - [2026-03-24T12:06:07.274+0000] {override.py:1930} INFO - Created Permission View: can edit on DAG:dataset_s3_bucket_consumer
[2026-03-24T12:06:07.284+0000] {logging_mixin.py:190} INFO - [2026-03-24T12:06:07.284+0000] {override.py:1930} INFO - Created Permission View: can read on DAG:dataset_s3_bucket_consumer
[2026-03-24T12:06:07.302+0000] {logging_mixin.py:190} INFO - [2026-03-24T12:06:07.301+0000] {override.py:1930} INFO - Created Permission View: can delete on DAG Run:dataset_s3_bucket_consumer
[2026-03-24T12:06:07.313+0000] {logging_mixin.py:190} INFO - [2026-03-24T12:06:07.313+0000] {override.py:1930} INFO - Created Permission View: can create on DAG Run:dataset_s3_bucket_consumer
[2026-03-24T12:06:07.325+0000] {logging_mixin.py:190} INFO - [2026-03-24T12:06:07.324+0000] {override.py:1930} INFO - Created Permission View: can read on DAG Run:dataset_s3_bucket_consumer
[2026-03-24T12:06:07.336+0000] {logging_mixin.py:190} INFO - [2026-03-24T12:06:07.336+0000] {override.py:1930} INFO - Created Permission View: menu access on DAG Run:dataset_s3_bucket_consumer
[2026-03-24T12:06:07.367+0000] {logging_mixin.py:190} INFO - [2026-03-24T12:06:07.366+0000] {override.py:1930} INFO - Created Permission View: can delete on DAG:dataset_s3_bucket_producer
[2026-03-24T12:06:07.389+0000] {logging_mixin.py:190} INFO - [2026-03-24T12:06:07.388+0000] {override.py:1930} INFO - Created Permission View: can edit on DAG:dataset_s3_bucket_producer
[2026-03-24T12:06:07.401+0000] {logging_mixin.py:190} INFO - [2026-03-24T12:06:07.400+0000] {override.py:1930} INFO - Created Permission View: can read on DAG:dataset_s3_bucket_producer
[2026-03-24T12:06:07.422+0000] {logging_mixin.py:190} INFO - [2026-03-24T12:06:07.421+0000] {override.py:1930} INFO - Created Permission View: can delete on DAG Run:dataset_s3_bucket_producer
[2026-03-24T12:06:07.433+0000] {logging_mixin.py:190} INFO - [2026-03-24T12:06:07.433+0000] {override.py:1930} INFO - Created Permission View: can create on DAG Run:dataset_s3_bucket_producer
[2026-03-24T12:06:07.444+0000] {logging_mixin.py:190} INFO - [2026-03-24T12:06:07.443+0000] {override.py:1930} INFO - Created Permission View: can read on DAG Run:dataset_s3_bucket_producer
[2026-03-24T12:06:07.456+0000] {logging_mixin.py:190} INFO - [2026-03-24T12:06:07.456+0000] {override.py:1930} INFO - Created Permission View: menu access on DAG Run:dataset_s3_bucket_producer
[2026-03-24T12:06:07.479+0000] {logging_mixin.py:190} INFO - [2026-03-24T12:06:07.479+0000] {override.py:1930} INFO - Created Permission View: can delete on DAG:dataset_alias_example_alias_consumer
[2026-03-24T12:06:07.490+0000] {logging_mixin.py:190} INFO - [2026-03-24T12:06:07.490+0000] {override.py:1930} INFO - Created Permission View: can edit on DAG:dataset_alias_example_alias_consumer
[2026-03-24T12:06:07.501+0000] {logging_mixin.py:190} INFO - [2026-03-24T12:06:07.500+0000] {override.py:1930} INFO - Created Permission View: can read on DAG:dataset_alias_example_alias_consumer
[2026-03-24T12:06:07.517+0000] {logging_mixin.py:190} INFO - [2026-03-24T12:06:07.517+0000] {override.py:1930} INFO - Created Permission View: can delete on DAG Run:dataset_alias_example_alias_consumer
[2026-03-24T12:06:07.528+0000] {logging_mixin.py:190} INFO - [2026-03-24T12:06:07.528+0000] {override.py:1930} INFO - Created Permission View: can create on DAG Run:dataset_alias_example_alias_consumer
[2026-03-24T12:06:07.538+0000] {logging_mixin.py:190} INFO - [2026-03-24T12:06:07.537+0000] {override.py:1930} INFO - Created Permission View: can read on DAG Run:dataset_alias_example_alias_consumer
[2026-03-24T12:06:07.548+0000] {logging_mixin.py:190} INFO - [2026-03-24T12:06:07.548+0000] {override.py:1930} INFO - Created Permission View: menu access on DAG Run:dataset_alias_example_alias_consumer
[2026-03-24T12:06:07.572+0000] {logging_mixin.py:190} INFO - [2026-03-24T12:06:07.572+0000] {override.py:1930} INFO - Created Permission View: can delete on DAG:dataset_alias_example_alias_producer
[2026-03-24T12:06:07.583+0000] {logging_mixin.py:190} INFO - [2026-03-24T12:06:07.582+0000] {override.py:1930} INFO - Created Permission View: can edit on DAG:dataset_alias_example_alias_producer
[2026-03-24T12:06:07.592+0000] {logging_mixin.py:190} INFO - [2026-03-24T12:06:07.592+0000] {override.py:1930} INFO - Created Permission View: can read on DAG:dataset_alias_example_alias_producer
[2026-03-24T12:06:07.609+0000] {logging_mixin.py:190} INFO - [2026-03-24T12:06:07.609+0000] {override.py:1930} INFO - Created Permission View: can delete on DAG Run:dataset_alias_example_alias_producer
[2026-03-24T12:06:07.625+0000] {logging_mixin.py:190} INFO - [2026-03-24T12:06:07.624+0000] {override.py:1930} INFO - Created Permission View: can create on DAG Run:dataset_alias_example_alias_producer
[2026-03-24T12:06:07.637+0000] {logging_mixin.py:190} INFO - [2026-03-24T12:06:07.637+0000] {override.py:1930} INFO - Created Permission View: can read on DAG Run:dataset_alias_example_alias_producer
[2026-03-24T12:06:07.650+0000] {logging_mixin.py:190} INFO - [2026-03-24T12:06:07.649+0000] {override.py:1930} INFO - Created Permission View: menu access on DAG Run:dataset_alias_example_alias_producer
[2026-03-24T12:06:07.650+0000] {logging_mixin.py:190} INFO - [2026-03-24T12:06:07.650+0000] {dag.py:3239} INFO - Sync 4 DAGs
[2026-03-24T12:06:07.661+0000] {logging_mixin.py:190} INFO - [2026-03-24T12:06:07.661+0000] {dag.py:3262} INFO - Creating ORM DAG for dataset_s3_bucket_consumer
[2026-03-24T12:06:07.662+0000] {logging_mixin.py:190} INFO - [2026-03-24T12:06:07.661+0000] {dag.py:3262} INFO - Creating ORM DAG for dataset_alias_example_alias_consumer
[2026-03-24T12:06:07.662+0000] {logging_mixin.py:190} INFO - [2026-03-24T12:06:07.662+0000] {dag.py:3262} INFO - Creating ORM DAG for dataset_s3_bucket_producer
[2026-03-24T12:06:07.663+0000] {logging_mixin.py:190} INFO - [2026-03-24T12:06:07.662+0000] {dag.py:3262} INFO - Creating ORM DAG for dataset_alias_example_alias_producer
[2026-03-24T12:06:07.673+0000] {logging_mixin.py:190} INFO - [2026-03-24T12:06:07.673+0000] {dag.py:4180} INFO - Setting next_dagrun for dataset_alias_example_alias_consumer to None, run_after=None
[2026-03-24T12:06:07.674+0000] {logging_mixin.py:190} INFO - [2026-03-24T12:06:07.673+0000] {dag.py:4180} INFO - Setting next_dagrun for dataset_alias_example_alias_producer to None, run_after=None
[2026-03-24T12:06:07.674+0000] {logging_mixin.py:190} INFO - [2026-03-24T12:06:07.674+0000] {dag.py:4180} INFO - Setting next_dagrun for dataset_s3_bucket_consumer to None, run_after=None
[2026-03-24T12:06:07.674+0000] {logging_mixin.py:190} INFO - [2026-03-24T12:06:07.674+0000] {dag.py:4180} INFO - Setting next_dagrun for dataset_s3_bucket_producer to None, run_after=None
[2026-03-24T12:06:07.708+0000] {processor.py:208} INFO - Processing /home/rohit/ireland-rent-tracker/venv/lib/python3.12/site-packages/airflow/example_dags/example_dataset_alias.py took 0.590 seconds
[2026-03-24T12:07:08.194+0000] {processor.py:186} INFO - Started process (PID=45741) to work on /home/rohit/ireland-rent-tracker/venv/lib/python3.12/site-packages/airflow/example_dags/example_dataset_alias.py
[2026-03-24T12:07:08.196+0000] {processor.py:914} INFO - Processing file /home/rohit/ireland-rent-tracker/venv/lib/python3.12/site-packages/airflow/example_dags/example_dataset_alias.py for tasks to queue
[2026-03-24T12:07:08.199+0000] {logging_mixin.py:190} INFO - [2026-03-24T12:07:08.198+0000] {dagbag.py:588} INFO - Filling up the DagBag from /home/rohit/ireland-rent-tracker/venv/lib/python3.12/site-packages/airflow/example_dags/example_dataset_alias.py
[2026-03-24T12:07:08.227+0000] {processor.py:925} INFO - DAG(s) 'dataset_alias_example_alias_consumer', 'dataset_alias_example_alias_producer', 'dataset_s3_bucket_consumer', 'dataset_s3_bucket_producer' retrieved from /home/rohit/ireland-rent-tracker/venv/lib/python3.12/site-packages/airflow/example_dags/example_dataset_alias.py
[2026-03-24T12:07:08.247+0000] {logging_mixin.py:190} INFO - [2026-03-24T12:07:08.247+0000] {dag.py:3239} INFO - Sync 4 DAGs
[2026-03-24T12:07:08.268+0000] {logging_mixin.py:190} INFO - [2026-03-24T12:07:08.268+0000] {dag.py:4180} INFO - Setting next_dagrun for dataset_alias_example_alias_consumer to None, run_after=None
[2026-03-24T12:07:08.271+0000] {logging_mixin.py:190} INFO - [2026-03-24T12:07:08.271+0000] {dag.py:4180} INFO - Setting next_dagrun for dataset_alias_example_alias_producer to None, run_after=None
[2026-03-24T12:07:08.272+0000] {logging_mixin.py:190} INFO - [2026-03-24T12:07:08.272+0000] {dag.py:4180} INFO - Setting next_dagrun for dataset_s3_bucket_consumer to None, run_after=None
[2026-03-24T12:07:08.272+0000] {logging_mixin.py:190} INFO - [2026-03-24T12:07:08.272+0000] {dag.py:4180} INFO - Setting next_dagrun for dataset_s3_bucket_producer to None, run_after=None
[2026-03-24T12:07:08.301+0000] {processor.py:208} INFO - Processing /home/rohit/ireland-rent-tracker/venv/lib/python3.12/site-packages/airflow/example_dags/example_dataset_alias.py took 0.113 seconds
[2026-03-24T12:08:06.284+0000] {processor.py:186} INFO - Started process (PID=45991) to work on /home/rohit/ireland-rent-tracker/venv/lib/python3.12/site-packages/airflow/example_dags/example_dataset_alias.py
[2026-03-24T12:08:06.286+0000] {processor.py:914} INFO - Processing file /home/rohit/ireland-rent-tracker/venv/lib/python3.12/site-packages/airflow/example_dags/example_dataset_alias.py for tasks to queue
[2026-03-24T12:08:06.289+0000] {logging_mixin.py:190} INFO - [2026-03-24T12:08:06.289+0000] {dagbag.py:588} INFO - Filling up the DagBag from /home/rohit/ireland-rent-tracker/venv/lib/python3.12/site-packages/airflow/example_dags/example_dataset_alias.py
[2026-03-24T12:08:06.314+0000] {processor.py:925} INFO - DAG(s) 'dataset_alias_example_alias_producer', 'dataset_alias_example_alias_consumer', 'dataset_s3_bucket_consumer', 'dataset_s3_bucket_producer' retrieved from /home/rohit/ireland-rent-tracker/venv/lib/python3.12/site-packages/airflow/example_dags/example_dataset_alias.py
[2026-03-24T12:08:06.408+0000] {logging_mixin.py:190} INFO - [2026-03-24T12:08:06.407+0000] {override.py:1930} INFO - Created Permission View: can delete on DAG:dataset_alias_example_alias_producer
[2026-03-24T12:08:06.422+0000] {logging_mixin.py:190} INFO - [2026-03-24T12:08:06.421+0000] {override.py:1930} INFO - Created Permission View: can edit on DAG:dataset_alias_example_alias_producer
[2026-03-24T12:08:06.433+0000] {logging_mixin.py:190} INFO - [2026-03-24T12:08:06.433+0000] {override.py:1930} INFO - Created Permission View: can read on DAG:dataset_alias_example_alias_producer
[2026-03-24T12:08:06.451+0000] {logging_mixin.py:190} INFO - [2026-03-24T12:08:06.450+0000] {override.py:1930} INFO - Created Permission View: can delete on DAG Run:dataset_alias_example_alias_producer
[2026-03-24T12:08:06.461+0000] {logging_mixin.py:190} INFO - [2026-03-24T12:08:06.460+0000] {override.py:1930} INFO - Created Permission View: can create on DAG Run:dataset_alias_example_alias_producer
[2026-03-24T12:08:06.472+0000] {logging_mixin.py:190} INFO - [2026-03-24T12:08:06.471+0000] {override.py:1930} INFO - Created Permission View: can read on DAG Run:dataset_alias_example_alias_producer
[2026-03-24T12:08:06.482+0000] {logging_mixin.py:190} INFO - [2026-03-24T12:08:06.482+0000] {override.py:1930} INFO - Created Permission View: menu access on DAG Run:dataset_alias_example_alias_producer
[2026-03-24T12:08:06.503+0000] {logging_mixin.py:190} INFO - [2026-03-24T12:08:06.503+0000] {override.py:1930} INFO - Created Permission View: can delete on DAG:dataset_alias_example_alias_consumer
[2026-03-24T12:08:06.513+0000] {logging_mixin.py:190} INFO - [2026-03-24T12:08:06.512+0000] {override.py:1930} INFO - Created Permission View: can edit on DAG:dataset_alias_example_alias_consumer
[2026-03-24T12:08:06.523+0000] {logging_mixin.py:190} INFO - [2026-03-24T12:08:06.523+0000] {override.py:1930} INFO - Created Permission View: can read on DAG:dataset_alias_example_alias_consumer
[2026-03-24T12:08:06.541+0000] {logging_mixin.py:190} INFO - [2026-03-24T12:08:06.540+0000] {override.py:1930} INFO - Created Permission View: can delete on DAG Run:dataset_alias_example_alias_consumer
[2026-03-24T12:08:06.550+0000] {logging_mixin.py:190} INFO - [2026-03-24T12:08:06.550+0000] {override.py:1930} INFO - Created Permission View: can create on DAG Run:dataset_alias_example_alias_consumer
[2026-03-24T12:08:06.560+0000] {logging_mixin.py:190} INFO - [2026-03-24T12:08:06.559+0000] {override.py:1930} INFO - Created Permission View: can read on DAG Run:dataset_alias_example_alias_consumer
[2026-03-24T12:08:06.569+0000] {logging_mixin.py:190} INFO - [2026-03-24T12:08:06.569+0000] {override.py:1930} INFO - Created Permission View: menu access on DAG Run:dataset_alias_example_alias_consumer
[2026-03-24T12:08:06.588+0000] {logging_mixin.py:190} INFO - [2026-03-24T12:08:06.587+0000] {override.py:1930} INFO - Created Permission View: can delete on DAG:dataset_s3_bucket_consumer
[2026-03-24T12:08:06.597+0000] {logging_mixin.py:190} INFO - [2026-03-24T12:08:06.597+0000] {override.py:1930} INFO - Created Permission View: can edit on DAG:dataset_s3_bucket_consumer
[2026-03-24T12:08:06.607+0000] {logging_mixin.py:190} INFO - [2026-03-24T12:08:06.607+0000] {override.py:1930} INFO - Created Permission View: can read on DAG:dataset_s3_bucket_consumer
[2026-03-24T12:08:06.625+0000] {logging_mixin.py:190} INFO - [2026-03-24T12:08:06.625+0000] {override.py:1930} INFO - Created Permission View: can delete on DAG Run:dataset_s3_bucket_consumer
[2026-03-24T12:08:06.636+0000] {logging_mixin.py:190} INFO - [2026-03-24T12:08:06.636+0000] {override.py:1930} INFO - Created Permission View: can create on DAG Run:dataset_s3_bucket_consumer
[2026-03-24T12:08:06.648+0000] {logging_mixin.py:190} INFO - [2026-03-24T12:08:06.647+0000] {override.py:1930} INFO - Created Permission View: can read on DAG Run:dataset_s3_bucket_consumer
[2026-03-24T12:08:06.657+0000] {logging_mixin.py:190} INFO - [2026-03-24T12:08:06.657+0000] {override.py:1930} INFO - Created Permission View: menu access on DAG Run:dataset_s3_bucket_consumer
[2026-03-24T12:08:06.676+0000] {logging_mixin.py:190} INFO - [2026-03-24T12:08:06.675+0000] {override.py:1930} INFO - Created Permission View: can delete on DAG:dataset_s3_bucket_producer
[2026-03-24T12:08:06.685+0000] {logging_mixin.py:190} INFO - [2026-03-24T12:08:06.685+0000] {override.py:1930} INFO - Created Permission View: can edit on DAG:dataset_s3_bucket_producer
[2026-03-24T12:08:06.695+0000] {logging_mixin.py:190} INFO - [2026-03-24T12:08:06.694+0000] {override.py:1930} INFO - Created Permission View: can read on DAG:dataset_s3_bucket_producer
[2026-03-24T12:08:06.712+0000] {logging_mixin.py:190} INFO - [2026-03-24T12:08:06.711+0000] {override.py:1930} INFO - Created Permission View: can delete on DAG Run:dataset_s3_bucket_producer
[2026-03-24T12:08:06.722+0000] {logging_mixin.py:190} INFO - [2026-03-24T12:08:06.722+0000] {override.py:1930} INFO - Created Permission View: can create on DAG Run:dataset_s3_bucket_producer
[2026-03-24T12:08:06.732+0000] {logging_mixin.py:190} INFO - [2026-03-24T12:08:06.731+0000] {override.py:1930} INFO - Created Permission View: can read on DAG Run:dataset_s3_bucket_producer
[2026-03-24T12:08:06.745+0000] {logging_mixin.py:190} INFO - [2026-03-24T12:08:06.745+0000] {override.py:1930} INFO - Created Permission View: menu access on DAG Run:dataset_s3_bucket_producer
[2026-03-24T12:08:06.746+0000] {logging_mixin.py:190} INFO - [2026-03-24T12:08:06.746+0000] {dag.py:3239} INFO - Sync 4 DAGs
[2026-03-24T12:08:06.758+0000] {logging_mixin.py:190} INFO - [2026-03-24T12:08:06.758+0000] {dag.py:3262} INFO - Creating ORM DAG for dataset_s3_bucket_consumer
[2026-03-24T12:08:06.759+0000] {logging_mixin.py:190} INFO - [2026-03-24T12:08:06.759+0000] {dag.py:3262} INFO - Creating ORM DAG for dataset_alias_example_alias_consumer
[2026-03-24T12:08:06.759+0000] {logging_mixin.py:190} INFO - [2026-03-24T12:08:06.759+0000] {dag.py:3262} INFO - Creating ORM DAG for dataset_s3_bucket_producer
[2026-03-24T12:08:06.759+0000] {logging_mixin.py:190} INFO - [2026-03-24T12:08:06.759+0000] {dag.py:3262} INFO - Creating ORM DAG for dataset_alias_example_alias_producer
[2026-03-24T12:08:06.768+0000] {logging_mixin.py:190} INFO - [2026-03-24T12:08:06.767+0000] {dag.py:4180} INFO - Setting next_dagrun for dataset_alias_example_alias_consumer to None, run_after=None
[2026-03-24T12:08:06.768+0000] {logging_mixin.py:190} INFO - [2026-03-24T12:08:06.768+0000] {dag.py:4180} INFO - Setting next_dagrun for dataset_alias_example_alias_producer to None, run_after=None
[2026-03-24T12:08:06.769+0000] {logging_mixin.py:190} INFO - [2026-03-24T12:08:06.769+0000] {dag.py:4180} INFO - Setting next_dagrun for dataset_s3_bucket_consumer to None, run_after=None
[2026-03-24T12:08:06.769+0000] {logging_mixin.py:190} INFO - [2026-03-24T12:08:06.769+0000] {dag.py:4180} INFO - Setting next_dagrun for dataset_s3_bucket_producer to None, run_after=None
[2026-03-24T12:08:06.800+0000] {processor.py:208} INFO - Processing /home/rohit/ireland-rent-tracker/venv/lib/python3.12/site-packages/airflow/example_dags/example_dataset_alias.py took 0.521 seconds
[2026-03-24T12:09:26.093+0000] {processor.py:186} INFO - Started process (PID=46434) to work on /home/rohit/ireland-rent-tracker/venv/lib/python3.12/site-packages/airflow/example_dags/example_dataset_alias.py
[2026-03-24T12:09:26.097+0000] {processor.py:914} INFO - Processing file /home/rohit/ireland-rent-tracker/venv/lib/python3.12/site-packages/airflow/example_dags/example_dataset_alias.py for tasks to queue
[2026-03-24T12:09:26.099+0000] {logging_mixin.py:190} INFO - [2026-03-24T12:09:26.099+0000] {dagbag.py:588} INFO - Filling up the DagBag from /home/rohit/ireland-rent-tracker/venv/lib/python3.12/site-packages/airflow/example_dags/example_dataset_alias.py
[2026-03-24T12:09:26.129+0000] {processor.py:925} INFO - DAG(s) 'dataset_alias_example_alias_producer', 'dataset_alias_example_alias_consumer', 'dataset_s3_bucket_producer', 'dataset_s3_bucket_consumer' retrieved from /home/rohit/ireland-rent-tracker/venv/lib/python3.12/site-packages/airflow/example_dags/example_dataset_alias.py
[2026-03-24T12:09:26.151+0000] {logging_mixin.py:190} INFO - [2026-03-24T12:09:26.151+0000] {dag.py:3239} INFO - Sync 4 DAGs
[2026-03-24T12:09:26.171+0000] {logging_mixin.py:190} INFO - [2026-03-24T12:09:26.171+0000] {dag.py:4180} INFO - Setting next_dagrun for dataset_alias_example_alias_consumer to None, run_after=None
[2026-03-24T12:09:26.173+0000] {logging_mixin.py:190} INFO - [2026-03-24T12:09:26.173+0000] {dag.py:4180} INFO - Setting next_dagrun for dataset_alias_example_alias_producer to None, run_after=None
[2026-03-24T12:09:26.174+0000] {logging_mixin.py:190} INFO - [2026-03-24T12:09:26.174+0000] {dag.py:4180} INFO - Setting next_dagrun for dataset_s3_bucket_consumer to None, run_after=None
[2026-03-24T12:09:26.175+0000] {logging_mixin.py:190} INFO - [2026-03-24T12:09:26.174+0000] {dag.py:4180} INFO - Setting next_dagrun for dataset_s3_bucket_producer to None, run_after=None
[2026-03-24T12:09:26.204+0000] {processor.py:208} INFO - Processing /home/rohit/ireland-rent-tracker/venv/lib/python3.12/site-packages/airflow/example_dags/example_dataset_alias.py took 0.116 seconds
[2026-03-24T12:10:27.251+0000] {processor.py:186} INFO - Started process (PID=46726) to work on /home/rohit/ireland-rent-tracker/venv/lib/python3.12/site-packages/airflow/example_dags/example_dataset_alias.py
[2026-03-24T12:10:27.256+0000] {processor.py:914} INFO - Processing file /home/rohit/ireland-rent-tracker/venv/lib/python3.12/site-packages/airflow/example_dags/example_dataset_alias.py for tasks to queue
[2026-03-24T12:10:27.259+0000] {logging_mixin.py:190} INFO - [2026-03-24T12:10:27.258+0000] {dagbag.py:588} INFO - Filling up the DagBag from /home/rohit/ireland-rent-tracker/venv/lib/python3.12/site-packages/airflow/example_dags/example_dataset_alias.py
[2026-03-24T12:10:27.299+0000] {processor.py:925} INFO - DAG(s) 'dataset_s3_bucket_consumer', 'dataset_alias_example_alias_consumer', 'dataset_s3_bucket_producer', 'dataset_alias_example_alias_producer' retrieved from /home/rohit/ireland-rent-tracker/venv/lib/python3.12/site-packages/airflow/example_dags/example_dataset_alias.py
[2026-03-24T12:10:27.325+0000] {logging_mixin.py:190} INFO - [2026-03-24T12:10:27.325+0000] {dag.py:3239} INFO - Sync 4 DAGs
[2026-03-24T12:10:27.346+0000] {logging_mixin.py:190} INFO - [2026-03-24T12:10:27.345+0000] {dag.py:4180} INFO - Setting next_dagrun for dataset_alias_example_alias_consumer to None, run_after=None
[2026-03-24T12:10:27.349+0000] {logging_mixin.py:190} INFO - [2026-03-24T12:10:27.349+0000] {dag.py:4180} INFO - Setting next_dagrun for dataset_alias_example_alias_producer to None, run_after=None
[2026-03-24T12:10:27.350+0000] {logging_mixin.py:190} INFO - [2026-03-24T12:10:27.350+0000] {dag.py:4180} INFO - Setting next_dagrun for dataset_s3_bucket_consumer to None, run_after=None
[2026-03-24T12:10:27.351+0000] {logging_mixin.py:190} INFO - [2026-03-24T12:10:27.351+0000] {dag.py:4180} INFO - Setting next_dagrun for dataset_s3_bucket_producer to None, run_after=None
[2026-03-24T12:10:27.380+0000] {processor.py:208} INFO - Processing /home/rohit/ireland-rent-tracker/venv/lib/python3.12/site-packages/airflow/example_dags/example_dataset_alias.py took 0.135 seconds
