[2026-03-24T12:05:23.784+0000] {processor.py:186} INFO - Started process (PID=45517) to work on /home/rohit/ireland-rent-tracker/venv/lib/python3.12/site-packages/airflow/example_dags/example_sensors.py
[2026-03-24T12:05:23.785+0000] {processor.py:914} INFO - Processing file /home/rohit/ireland-rent-tracker/venv/lib/python3.12/site-packages/airflow/example_dags/example_sensors.py for tasks to queue
[2026-03-24T12:05:23.787+0000] {logging_mixin.py:190} INFO - [2026-03-24T12:05:23.786+0000] {dagbag.py:588} INFO - Filling up the DagBag from /home/rohit/ireland-rent-tracker/venv/lib/python3.12/site-packages/airflow/example_dags/example_sensors.py
[2026-03-24T12:05:23.799+0000] {processor.py:925} INFO - DAG(s) 'example_sensors' retrieved from /home/rohit/ireland-rent-tracker/venv/lib/python3.12/site-packages/airflow/example_dags/example_sensors.py
[2026-03-24T12:05:23.915+0000] {logging_mixin.py:190} INFO - [2026-03-24T12:05:23.914+0000] {override.py:1930} INFO - Created Permission View: can delete on DAG:example_sensors
[2026-03-24T12:05:23.928+0000] {logging_mixin.py:190} INFO - [2026-03-24T12:05:23.927+0000] {override.py:1930} INFO - Created Permission View: can edit on DAG:example_sensors
[2026-03-24T12:05:23.939+0000] {logging_mixin.py:190} INFO - [2026-03-24T12:05:23.939+0000] {override.py:1930} INFO - Created Permission View: can read on DAG:example_sensors
[2026-03-24T12:05:23.959+0000] {logging_mixin.py:190} INFO - [2026-03-24T12:05:23.959+0000] {override.py:1930} INFO - Created Permission View: can delete on DAG Run:example_sensors
[2026-03-24T12:05:23.970+0000] {logging_mixin.py:190} INFO - [2026-03-24T12:05:23.970+0000] {override.py:1930} INFO - Created Permission View: can create on DAG Run:example_sensors
[2026-03-24T12:05:23.982+0000] {logging_mixin.py:190} INFO - [2026-03-24T12:05:23.982+0000] {override.py:1930} INFO - Created Permission View: can read on DAG Run:example_sensors
[2026-03-24T12:05:23.993+0000] {logging_mixin.py:190} INFO - [2026-03-24T12:05:23.993+0000] {override.py:1930} INFO - Created Permission View: menu access on DAG Run:example_sensors
[2026-03-24T12:05:23.993+0000] {logging_mixin.py:190} INFO - [2026-03-24T12:05:23.993+0000] {dag.py:3239} INFO - Sync 1 DAGs
[2026-03-24T12:05:24.003+0000] {logging_mixin.py:190} INFO - [2026-03-24T12:05:24.003+0000] {dag.py:3262} INFO - Creating ORM DAG for example_sensors
[2026-03-24T12:05:24.004+0000] {logging_mixin.py:190} INFO - [2026-03-24T12:05:24.004+0000] {dag.py:4180} INFO - Setting next_dagrun for example_sensors to None, run_after=None
[2026-03-24T12:05:24.029+0000] {processor.py:208} INFO - Processing /home/rohit/ireland-rent-tracker/venv/lib/python3.12/site-packages/airflow/example_dags/example_sensors.py took 0.249 seconds
[2026-03-24T12:06:29.980+0000] {processor.py:186} INFO - Started process (PID=45687) to work on /home/rohit/ireland-rent-tracker/venv/lib/python3.12/site-packages/airflow/example_dags/example_sensors.py
[2026-03-24T12:06:29.982+0000] {processor.py:914} INFO - Processing file /home/rohit/ireland-rent-tracker/venv/lib/python3.12/site-packages/airflow/example_dags/example_sensors.py for tasks to queue
[2026-03-24T12:06:29.984+0000] {logging_mixin.py:190} INFO - [2026-03-24T12:06:29.983+0000] {dagbag.py:588} INFO - Filling up the DagBag from /home/rohit/ireland-rent-tracker/venv/lib/python3.12/site-packages/airflow/example_dags/example_sensors.py
[2026-03-24T12:06:29.996+0000] {processor.py:925} INFO - DAG(s) 'example_sensors' retrieved from /home/rohit/ireland-rent-tracker/venv/lib/python3.12/site-packages/airflow/example_dags/example_sensors.py
[2026-03-24T12:06:30.018+0000] {logging_mixin.py:190} INFO - [2026-03-24T12:06:30.017+0000] {dag.py:3239} INFO - Sync 1 DAGs
[2026-03-24T12:06:30.032+0000] {logging_mixin.py:190} INFO - [2026-03-24T12:06:30.032+0000] {dag.py:4180} INFO - Setting next_dagrun for example_sensors to None, run_after=None
[2026-03-24T12:06:30.056+0000] {processor.py:208} INFO - Processing /home/rohit/ireland-rent-tracker/venv/lib/python3.12/site-packages/airflow/example_dags/example_sensors.py took 0.081 seconds
[2026-03-24T12:07:25.846+0000] {processor.py:186} INFO - Started process (PID=45857) to work on /home/rohit/ireland-rent-tracker/venv/lib/python3.12/site-packages/airflow/example_dags/example_sensors.py
[2026-03-24T12:07:25.848+0000] {processor.py:914} INFO - Processing file /home/rohit/ireland-rent-tracker/venv/lib/python3.12/site-packages/airflow/example_dags/example_sensors.py for tasks to queue
[2026-03-24T12:07:25.850+0000] {logging_mixin.py:190} INFO - [2026-03-24T12:07:25.850+0000] {dagbag.py:588} INFO - Filling up the DagBag from /home/rohit/ireland-rent-tracker/venv/lib/python3.12/site-packages/airflow/example_dags/example_sensors.py
[2026-03-24T12:07:25.862+0000] {processor.py:925} INFO - DAG(s) 'example_sensors' retrieved from /home/rohit/ireland-rent-tracker/venv/lib/python3.12/site-packages/airflow/example_dags/example_sensors.py
[2026-03-24T12:07:25.883+0000] {logging_mixin.py:190} INFO - [2026-03-24T12:07:25.882+0000] {dag.py:3239} INFO - Sync 1 DAGs
[2026-03-24T12:07:25.896+0000] {logging_mixin.py:190} INFO - [2026-03-24T12:07:25.895+0000] {dag.py:4180} INFO - Setting next_dagrun for example_sensors to None, run_after=None
[2026-03-24T12:07:25.921+0000] {processor.py:208} INFO - Processing /home/rohit/ireland-rent-tracker/venv/lib/python3.12/site-packages/airflow/example_dags/example_sensors.py took 0.080 seconds
[2026-03-24T12:08:21.112+0000] {processor.py:186} INFO - Started process (PID=46021) to work on /home/rohit/ireland-rent-tracker/venv/lib/python3.12/site-packages/airflow/example_dags/example_sensors.py
[2026-03-24T12:08:21.118+0000] {processor.py:914} INFO - Processing file /home/rohit/ireland-rent-tracker/venv/lib/python3.12/site-packages/airflow/example_dags/example_sensors.py for tasks to queue
[2026-03-24T12:08:21.124+0000] {logging_mixin.py:190} INFO - [2026-03-24T12:08:21.123+0000] {dagbag.py:588} INFO - Filling up the DagBag from /home/rohit/ireland-rent-tracker/venv/lib/python3.12/site-packages/airflow/example_dags/example_sensors.py
[2026-03-24T12:08:21.151+0000] {processor.py:925} INFO - DAG(s) 'example_sensors' retrieved from /home/rohit/ireland-rent-tracker/venv/lib/python3.12/site-packages/airflow/example_dags/example_sensors.py
[2026-03-24T12:08:21.280+0000] {logging_mixin.py:190} INFO - [2026-03-24T12:08:21.279+0000] {override.py:1930} INFO - Created Permission View: can delete on DAG:example_sensors
[2026-03-24T12:08:21.295+0000] {logging_mixin.py:190} INFO - [2026-03-24T12:08:21.295+0000] {override.py:1930} INFO - Created Permission View: can edit on DAG:example_sensors
[2026-03-24T12:08:21.305+0000] {logging_mixin.py:190} INFO - [2026-03-24T12:08:21.305+0000] {override.py:1930} INFO - Created Permission View: can read on DAG:example_sensors
[2026-03-24T12:08:21.323+0000] {logging_mixin.py:190} INFO - [2026-03-24T12:08:21.323+0000] {override.py:1930} INFO - Created Permission View: can delete on DAG Run:example_sensors
[2026-03-24T12:08:21.333+0000] {logging_mixin.py:190} INFO - [2026-03-24T12:08:21.333+0000] {override.py:1930} INFO - Created Permission View: can create on DAG Run:example_sensors
[2026-03-24T12:08:21.345+0000] {logging_mixin.py:190} INFO - [2026-03-24T12:08:21.344+0000] {override.py:1930} INFO - Created Permission View: can read on DAG Run:example_sensors
[2026-03-24T12:08:21.356+0000] {logging_mixin.py:190} INFO - [2026-03-24T12:08:21.356+0000] {override.py:1930} INFO - Created Permission View: menu access on DAG Run:example_sensors
[2026-03-24T12:08:21.357+0000] {logging_mixin.py:190} INFO - [2026-03-24T12:08:21.357+0000] {dag.py:3239} INFO - Sync 1 DAGs
[2026-03-24T12:08:21.367+0000] {logging_mixin.py:190} INFO - [2026-03-24T12:08:21.367+0000] {dag.py:3262} INFO - Creating ORM DAG for example_sensors
[2026-03-24T12:08:21.367+0000] {logging_mixin.py:190} INFO - [2026-03-24T12:08:21.367+0000] {dag.py:4180} INFO - Setting next_dagrun for example_sensors to None, run_after=None
[2026-03-24T12:08:21.390+0000] {processor.py:208} INFO - Processing /home/rohit/ireland-rent-tracker/venv/lib/python3.12/site-packages/airflow/example_dags/example_sensors.py took 0.288 seconds
[2026-03-24T12:09:02.030+0000] {processor.py:186} INFO - Started process (PID=46363) to work on /home/rohit/ireland-rent-tracker/venv/lib/python3.12/site-packages/airflow/example_dags/example_sensors.py
[2026-03-24T12:09:02.033+0000] {processor.py:914} INFO - Processing file /home/rohit/ireland-rent-tracker/venv/lib/python3.12/site-packages/airflow/example_dags/example_sensors.py for tasks to queue
[2026-03-24T12:09:02.039+0000] {logging_mixin.py:190} INFO - [2026-03-24T12:09:02.038+0000] {dagbag.py:588} INFO - Filling up the DagBag from /home/rohit/ireland-rent-tracker/venv/lib/python3.12/site-packages/airflow/example_dags/example_sensors.py
[2026-03-24T12:09:02.050+0000] {processor.py:925} INFO - DAG(s) 'example_sensors' retrieved from /home/rohit/ireland-rent-tracker/venv/lib/python3.12/site-packages/airflow/example_dags/example_sensors.py
[2026-03-24T12:09:02.084+0000] {logging_mixin.py:190} INFO - [2026-03-24T12:09:02.084+0000] {dag.py:3239} INFO - Sync 1 DAGs
[2026-03-24T12:09:02.106+0000] {logging_mixin.py:190} INFO - [2026-03-24T12:09:02.106+0000] {dag.py:4180} INFO - Setting next_dagrun for example_sensors to None, run_after=None
[2026-03-24T12:09:02.140+0000] {processor.py:208} INFO - Processing /home/rohit/ireland-rent-tracker/venv/lib/python3.12/site-packages/airflow/example_dags/example_sensors.py took 0.114 seconds
[2026-03-24T12:10:06.638+0000] {processor.py:186} INFO - Started process (PID=46694) to work on /home/rohit/ireland-rent-tracker/venv/lib/python3.12/site-packages/airflow/example_dags/example_sensors.py
[2026-03-24T12:10:06.642+0000] {processor.py:914} INFO - Processing file /home/rohit/ireland-rent-tracker/venv/lib/python3.12/site-packages/airflow/example_dags/example_sensors.py for tasks to queue
[2026-03-24T12:10:06.645+0000] {logging_mixin.py:190} INFO - [2026-03-24T12:10:06.644+0000] {dagbag.py:588} INFO - Filling up the DagBag from /home/rohit/ireland-rent-tracker/venv/lib/python3.12/site-packages/airflow/example_dags/example_sensors.py
[2026-03-24T12:10:06.656+0000] {processor.py:925} INFO - DAG(s) 'example_sensors' retrieved from /home/rohit/ireland-rent-tracker/venv/lib/python3.12/site-packages/airflow/example_dags/example_sensors.py
[2026-03-24T12:10:06.678+0000] {logging_mixin.py:190} INFO - [2026-03-24T12:10:06.678+0000] {dag.py:3239} INFO - Sync 1 DAGs
[2026-03-24T12:10:06.692+0000] {logging_mixin.py:190} INFO - [2026-03-24T12:10:06.692+0000] {dag.py:4180} INFO - Setting next_dagrun for example_sensors to None, run_after=None
[2026-03-24T12:10:06.723+0000] {processor.py:208} INFO - Processing /home/rohit/ireland-rent-tracker/venv/lib/python3.12/site-packages/airflow/example_dags/example_sensors.py took 0.090 seconds
[2026-03-24T12:11:04.243+0000] {processor.py:186} INFO - Started process (PID=46786) to work on /home/rohit/ireland-rent-tracker/venv/lib/python3.12/site-packages/airflow/example_dags/example_sensors.py
[2026-03-24T12:11:04.248+0000] {processor.py:914} INFO - Processing file /home/rohit/ireland-rent-tracker/venv/lib/python3.12/site-packages/airflow/example_dags/example_sensors.py for tasks to queue
[2026-03-24T12:11:04.251+0000] {logging_mixin.py:190} INFO - [2026-03-24T12:11:04.250+0000] {dagbag.py:588} INFO - Filling up the DagBag from /home/rohit/ireland-rent-tracker/venv/lib/python3.12/site-packages/airflow/example_dags/example_sensors.py
[2026-03-24T12:11:04.261+0000] {processor.py:925} INFO - DAG(s) 'example_sensors' retrieved from /home/rohit/ireland-rent-tracker/venv/lib/python3.12/site-packages/airflow/example_dags/example_sensors.py
[2026-03-24T12:11:04.285+0000] {logging_mixin.py:190} INFO - [2026-03-24T12:11:04.285+0000] {dag.py:3239} INFO - Sync 1 DAGs
[2026-03-24T12:11:04.299+0000] {logging_mixin.py:190} INFO - [2026-03-24T12:11:04.299+0000] {dag.py:4180} INFO - Setting next_dagrun for example_sensors to None, run_after=None
[2026-03-24T12:11:04.325+0000] {processor.py:208} INFO - Processing /home/rohit/ireland-rent-tracker/venv/lib/python3.12/site-packages/airflow/example_dags/example_sensors.py took 0.087 seconds
