[2026-03-24T12:05:34.803+0000] {processor.py:186} INFO - Started process (PID=45542) to work on /home/rohit/ireland-rent-tracker/venv/lib/python3.12/site-packages/airflow/example_dags/example_xcomargs.py
[2026-03-24T12:05:34.805+0000] {processor.py:914} INFO - Processing file /home/rohit/ireland-rent-tracker/venv/lib/python3.12/site-packages/airflow/example_dags/example_xcomargs.py for tasks to queue
[2026-03-24T12:05:34.809+0000] {logging_mixin.py:190} INFO - [2026-03-24T12:05:34.808+0000] {dagbag.py:588} INFO - Filling up the DagBag from /home/rohit/ireland-rent-tracker/venv/lib/python3.12/site-packages/airflow/example_dags/example_xcomargs.py
[2026-03-24T12:05:34.826+0000] {processor.py:925} INFO - DAG(s) 'example_xcom_args', 'example_xcom_args_with_operators' retrieved from /home/rohit/ireland-rent-tracker/venv/lib/python3.12/site-packages/airflow/example_dags/example_xcomargs.py
[2026-03-24T12:05:34.979+0000] {logging_mixin.py:190} INFO - [2026-03-24T12:05:34.978+0000] {override.py:1930} INFO - Created Permission View: can delete on DAG:example_xcom_args
[2026-03-24T12:05:34.997+0000] {logging_mixin.py:190} INFO - [2026-03-24T12:05:34.997+0000] {override.py:1930} INFO - Created Permission View: can edit on DAG:example_xcom_args
[2026-03-24T12:05:35.011+0000] {logging_mixin.py:190} INFO - [2026-03-24T12:05:35.010+0000] {override.py:1930} INFO - Created Permission View: can read on DAG:example_xcom_args
[2026-03-24T12:05:35.029+0000] {logging_mixin.py:190} INFO - [2026-03-24T12:05:35.029+0000] {override.py:1930} INFO - Created Permission View: can delete on DAG Run:example_xcom_args
[2026-03-24T12:05:35.041+0000] {logging_mixin.py:190} INFO - [2026-03-24T12:05:35.040+0000] {override.py:1930} INFO - Created Permission View: can create on DAG Run:example_xcom_args
[2026-03-24T12:05:35.052+0000] {logging_mixin.py:190} INFO - [2026-03-24T12:05:35.051+0000] {override.py:1930} INFO - Created Permission View: can read on DAG Run:example_xcom_args
[2026-03-24T12:05:35.063+0000] {logging_mixin.py:190} INFO - [2026-03-24T12:05:35.062+0000] {override.py:1930} INFO - Created Permission View: menu access on DAG Run:example_xcom_args
[2026-03-24T12:05:35.088+0000] {logging_mixin.py:190} INFO - [2026-03-24T12:05:35.087+0000] {override.py:1930} INFO - Created Permission View: can delete on DAG:example_xcom_args_with_operators
[2026-03-24T12:05:35.099+0000] {logging_mixin.py:190} INFO - [2026-03-24T12:05:35.098+0000] {override.py:1930} INFO - Created Permission View: can edit on DAG:example_xcom_args_with_operators
[2026-03-24T12:05:35.119+0000] {logging_mixin.py:190} INFO - [2026-03-24T12:05:35.118+0000] {override.py:1930} INFO - Created Permission View: can read on DAG:example_xcom_args_with_operators
[2026-03-24T12:05:35.138+0000] {logging_mixin.py:190} INFO - [2026-03-24T12:05:35.137+0000] {override.py:1930} INFO - Created Permission View: can delete on DAG Run:example_xcom_args_with_operators
[2026-03-24T12:05:35.149+0000] {logging_mixin.py:190} INFO - [2026-03-24T12:05:35.149+0000] {override.py:1930} INFO - Created Permission View: can create on DAG Run:example_xcom_args_with_operators
[2026-03-24T12:05:35.160+0000] {logging_mixin.py:190} INFO - [2026-03-24T12:05:35.160+0000] {override.py:1930} INFO - Created Permission View: can read on DAG Run:example_xcom_args_with_operators
[2026-03-24T12:05:35.171+0000] {logging_mixin.py:190} INFO - [2026-03-24T12:05:35.171+0000] {override.py:1930} INFO - Created Permission View: menu access on DAG Run:example_xcom_args_with_operators
[2026-03-24T12:05:35.171+0000] {logging_mixin.py:190} INFO - [2026-03-24T12:05:35.171+0000] {dag.py:3239} INFO - Sync 2 DAGs
[2026-03-24T12:05:35.183+0000] {logging_mixin.py:190} INFO - [2026-03-24T12:05:35.183+0000] {dag.py:3262} INFO - Creating ORM DAG for example_xcom_args
[2026-03-24T12:05:35.184+0000] {logging_mixin.py:190} INFO - [2026-03-24T12:05:35.184+0000] {dag.py:3262} INFO - Creating ORM DAG for example_xcom_args_with_operators
[2026-03-24T12:05:35.184+0000] {logging_mixin.py:190} INFO - [2026-03-24T12:05:35.184+0000] {dag.py:4180} INFO - Setting next_dagrun for example_xcom_args to None, run_after=None
[2026-03-24T12:05:35.185+0000] {logging_mixin.py:190} INFO - [2026-03-24T12:05:35.185+0000] {dag.py:4180} INFO - Setting next_dagrun for example_xcom_args_with_operators to None, run_after=None
[2026-03-24T12:05:35.209+0000] {processor.py:208} INFO - Processing /home/rohit/ireland-rent-tracker/venv/lib/python3.12/site-packages/airflow/example_dags/example_xcomargs.py took 0.413 seconds
[2026-03-24T12:06:40.978+0000] {processor.py:186} INFO - Started process (PID=45698) to work on /home/rohit/ireland-rent-tracker/venv/lib/python3.12/site-packages/airflow/example_dags/example_xcomargs.py
[2026-03-24T12:06:40.980+0000] {processor.py:914} INFO - Processing file /home/rohit/ireland-rent-tracker/venv/lib/python3.12/site-packages/airflow/example_dags/example_xcomargs.py for tasks to queue
[2026-03-24T12:06:40.982+0000] {logging_mixin.py:190} INFO - [2026-03-24T12:06:40.982+0000] {dagbag.py:588} INFO - Filling up the DagBag from /home/rohit/ireland-rent-tracker/venv/lib/python3.12/site-packages/airflow/example_dags/example_xcomargs.py
[2026-03-24T12:06:40.993+0000] {processor.py:925} INFO - DAG(s) 'example_xcom_args_with_operators', 'example_xcom_args' retrieved from /home/rohit/ireland-rent-tracker/venv/lib/python3.12/site-packages/airflow/example_dags/example_xcomargs.py
[2026-03-24T12:06:41.012+0000] {logging_mixin.py:190} INFO - [2026-03-24T12:06:41.011+0000] {dag.py:3239} INFO - Sync 2 DAGs
[2026-03-24T12:06:41.023+0000] {logging_mixin.py:190} INFO - [2026-03-24T12:06:41.022+0000] {dag.py:4180} INFO - Setting next_dagrun for example_xcom_args to None, run_after=None
[2026-03-24T12:06:41.026+0000] {logging_mixin.py:190} INFO - [2026-03-24T12:06:41.026+0000] {dag.py:4180} INFO - Setting next_dagrun for example_xcom_args_with_operators to None, run_after=None
[2026-03-24T12:06:41.049+0000] {processor.py:208} INFO - Processing /home/rohit/ireland-rent-tracker/venv/lib/python3.12/site-packages/airflow/example_dags/example_xcomargs.py took 0.075 seconds
[2026-03-24T12:07:35.225+0000] {processor.py:186} INFO - Started process (PID=45888) to work on /home/rohit/ireland-rent-tracker/venv/lib/python3.12/site-packages/airflow/example_dags/example_xcomargs.py
[2026-03-24T12:07:35.227+0000] {processor.py:914} INFO - Processing file /home/rohit/ireland-rent-tracker/venv/lib/python3.12/site-packages/airflow/example_dags/example_xcomargs.py for tasks to queue
[2026-03-24T12:07:35.231+0000] {logging_mixin.py:190} INFO - [2026-03-24T12:07:35.230+0000] {dagbag.py:588} INFO - Filling up the DagBag from /home/rohit/ireland-rent-tracker/venv/lib/python3.12/site-packages/airflow/example_dags/example_xcomargs.py
[2026-03-24T12:07:35.244+0000] {processor.py:925} INFO - DAG(s) 'example_xcom_args', 'example_xcom_args_with_operators' retrieved from /home/rohit/ireland-rent-tracker/venv/lib/python3.12/site-packages/airflow/example_dags/example_xcomargs.py
[2026-03-24T12:07:35.267+0000] {logging_mixin.py:190} INFO - [2026-03-24T12:07:35.267+0000] {dag.py:3239} INFO - Sync 2 DAGs
[2026-03-24T12:07:35.284+0000] {logging_mixin.py:190} INFO - [2026-03-24T12:07:35.284+0000] {dag.py:4180} INFO - Setting next_dagrun for example_xcom_args to None, run_after=None
[2026-03-24T12:07:35.288+0000] {logging_mixin.py:190} INFO - [2026-03-24T12:07:35.287+0000] {dag.py:4180} INFO - Setting next_dagrun for example_xcom_args_with_operators to None, run_after=None
[2026-03-24T12:07:35.319+0000] {processor.py:208} INFO - Processing /home/rohit/ireland-rent-tracker/venv/lib/python3.12/site-packages/airflow/example_dags/example_xcomargs.py took 0.101 seconds
[2026-03-24T12:08:33.856+0000] {processor.py:186} INFO - Started process (PID=46144) to work on /home/rohit/ireland-rent-tracker/venv/lib/python3.12/site-packages/airflow/example_dags/example_xcomargs.py
[2026-03-24T12:08:33.859+0000] {processor.py:914} INFO - Processing file /home/rohit/ireland-rent-tracker/venv/lib/python3.12/site-packages/airflow/example_dags/example_xcomargs.py for tasks to queue
[2026-03-24T12:08:33.864+0000] {logging_mixin.py:190} INFO - [2026-03-24T12:08:33.863+0000] {dagbag.py:588} INFO - Filling up the DagBag from /home/rohit/ireland-rent-tracker/venv/lib/python3.12/site-packages/airflow/example_dags/example_xcomargs.py
[2026-03-24T12:08:33.887+0000] {processor.py:925} INFO - DAG(s) 'example_xcom_args_with_operators', 'example_xcom_args' retrieved from /home/rohit/ireland-rent-tracker/venv/lib/python3.12/site-packages/airflow/example_dags/example_xcomargs.py
[2026-03-24T12:08:34.080+0000] {logging_mixin.py:190} INFO - [2026-03-24T12:08:34.079+0000] {override.py:1930} INFO - Created Permission View: can delete on DAG:example_xcom_args_with_operators
[2026-03-24T12:08:34.126+0000] {logging_mixin.py:190} INFO - [2026-03-24T12:08:34.126+0000] {override.py:1930} INFO - Created Permission View: can edit on DAG:example_xcom_args_with_operators
[2026-03-24T12:08:34.140+0000] {logging_mixin.py:190} INFO - [2026-03-24T12:08:34.140+0000] {override.py:1930} INFO - Created Permission View: can read on DAG:example_xcom_args_with_operators
[2026-03-24T12:08:34.157+0000] {logging_mixin.py:190} INFO - [2026-03-24T12:08:34.156+0000] {override.py:1930} INFO - Created Permission View: can delete on DAG Run:example_xcom_args_with_operators
[2026-03-24T12:08:34.167+0000] {logging_mixin.py:190} INFO - [2026-03-24T12:08:34.166+0000] {override.py:1930} INFO - Created Permission View: can create on DAG Run:example_xcom_args_with_operators
[2026-03-24T12:08:34.181+0000] {logging_mixin.py:190} INFO - [2026-03-24T12:08:34.180+0000] {override.py:1930} INFO - Created Permission View: can read on DAG Run:example_xcom_args_with_operators
[2026-03-24T12:08:34.191+0000] {logging_mixin.py:190} INFO - [2026-03-24T12:08:34.191+0000] {override.py:1930} INFO - Created Permission View: menu access on DAG Run:example_xcom_args_with_operators
[2026-03-24T12:08:34.213+0000] {logging_mixin.py:190} INFO - [2026-03-24T12:08:34.212+0000] {override.py:1930} INFO - Created Permission View: can delete on DAG:example_xcom_args
[2026-03-24T12:08:34.223+0000] {logging_mixin.py:190} INFO - [2026-03-24T12:08:34.223+0000] {override.py:1930} INFO - Created Permission View: can edit on DAG:example_xcom_args
[2026-03-24T12:08:34.242+0000] {logging_mixin.py:190} INFO - [2026-03-24T12:08:34.242+0000] {override.py:1930} INFO - Created Permission View: can read on DAG:example_xcom_args
[2026-03-24T12:08:34.257+0000] {logging_mixin.py:190} INFO - [2026-03-24T12:08:34.257+0000] {override.py:1930} INFO - Created Permission View: can delete on DAG Run:example_xcom_args
[2026-03-24T12:08:34.266+0000] {logging_mixin.py:190} INFO - [2026-03-24T12:08:34.266+0000] {override.py:1930} INFO - Created Permission View: can create on DAG Run:example_xcom_args
[2026-03-24T12:08:34.274+0000] {logging_mixin.py:190} INFO - [2026-03-24T12:08:34.274+0000] {override.py:1930} INFO - Created Permission View: can read on DAG Run:example_xcom_args
[2026-03-24T12:08:34.284+0000] {logging_mixin.py:190} INFO - [2026-03-24T12:08:34.283+0000] {override.py:1930} INFO - Created Permission View: menu access on DAG Run:example_xcom_args
[2026-03-24T12:08:34.284+0000] {logging_mixin.py:190} INFO - [2026-03-24T12:08:34.284+0000] {dag.py:3239} INFO - Sync 2 DAGs
[2026-03-24T12:08:34.294+0000] {logging_mixin.py:190} INFO - [2026-03-24T12:08:34.294+0000] {dag.py:3262} INFO - Creating ORM DAG for example_xcom_args
[2026-03-24T12:08:34.294+0000] {logging_mixin.py:190} INFO - [2026-03-24T12:08:34.294+0000] {dag.py:3262} INFO - Creating ORM DAG for example_xcom_args_with_operators
[2026-03-24T12:08:34.295+0000] {logging_mixin.py:190} INFO - [2026-03-24T12:08:34.295+0000] {dag.py:4180} INFO - Setting next_dagrun for example_xcom_args to None, run_after=None
[2026-03-24T12:08:34.295+0000] {logging_mixin.py:190} INFO - [2026-03-24T12:08:34.295+0000] {dag.py:4180} INFO - Setting next_dagrun for example_xcom_args_with_operators to None, run_after=None
[2026-03-24T12:08:34.351+0000] {processor.py:208} INFO - Processing /home/rohit/ireland-rent-tracker/venv/lib/python3.12/site-packages/airflow/example_dags/example_xcomargs.py took 0.500 seconds
[2026-03-24T12:09:52.312+0000] {processor.py:186} INFO - Started process (PID=46567) to work on /home/rohit/ireland-rent-tracker/venv/lib/python3.12/site-packages/airflow/example_dags/example_xcomargs.py
[2026-03-24T12:09:52.315+0000] {processor.py:914} INFO - Processing file /home/rohit/ireland-rent-tracker/venv/lib/python3.12/site-packages/airflow/example_dags/example_xcomargs.py for tasks to queue
[2026-03-24T12:09:52.318+0000] {logging_mixin.py:190} INFO - [2026-03-24T12:09:52.317+0000] {dagbag.py:588} INFO - Filling up the DagBag from /home/rohit/ireland-rent-tracker/venv/lib/python3.12/site-packages/airflow/example_dags/example_xcomargs.py
[2026-03-24T12:09:52.329+0000] {processor.py:925} INFO - DAG(s) 'example_xcom_args_with_operators', 'example_xcom_args' retrieved from /home/rohit/ireland-rent-tracker/venv/lib/python3.12/site-packages/airflow/example_dags/example_xcomargs.py
[2026-03-24T12:09:52.350+0000] {logging_mixin.py:190} INFO - [2026-03-24T12:09:52.350+0000] {dag.py:3239} INFO - Sync 2 DAGs
[2026-03-24T12:09:52.364+0000] {logging_mixin.py:190} INFO - [2026-03-24T12:09:52.363+0000] {dag.py:4180} INFO - Setting next_dagrun for example_xcom_args to None, run_after=None
[2026-03-24T12:09:52.367+0000] {logging_mixin.py:190} INFO - [2026-03-24T12:09:52.367+0000] {dag.py:4180} INFO - Setting next_dagrun for example_xcom_args_with_operators to None, run_after=None
[2026-03-24T12:09:52.389+0000] {processor.py:208} INFO - Processing /home/rohit/ireland-rent-tracker/venv/lib/python3.12/site-packages/airflow/example_dags/example_xcomargs.py took 0.082 seconds
[2026-03-24T12:10:50.768+0000] {processor.py:186} INFO - Started process (PID=46770) to work on /home/rohit/ireland-rent-tracker/venv/lib/python3.12/site-packages/airflow/example_dags/example_xcomargs.py
[2026-03-24T12:10:50.769+0000] {processor.py:914} INFO - Processing file /home/rohit/ireland-rent-tracker/venv/lib/python3.12/site-packages/airflow/example_dags/example_xcomargs.py for tasks to queue
[2026-03-24T12:10:50.772+0000] {logging_mixin.py:190} INFO - [2026-03-24T12:10:50.771+0000] {dagbag.py:588} INFO - Filling up the DagBag from /home/rohit/ireland-rent-tracker/venv/lib/python3.12/site-packages/airflow/example_dags/example_xcomargs.py
[2026-03-24T12:10:50.784+0000] {processor.py:925} INFO - DAG(s) 'example_xcom_args_with_operators', 'example_xcom_args' retrieved from /home/rohit/ireland-rent-tracker/venv/lib/python3.12/site-packages/airflow/example_dags/example_xcomargs.py
[2026-03-24T12:10:50.803+0000] {logging_mixin.py:190} INFO - [2026-03-24T12:10:50.803+0000] {dag.py:3239} INFO - Sync 2 DAGs
[2026-03-24T12:10:50.817+0000] {logging_mixin.py:190} INFO - [2026-03-24T12:10:50.816+0000] {dag.py:4180} INFO - Setting next_dagrun for example_xcom_args to None, run_after=None
[2026-03-24T12:10:50.820+0000] {logging_mixin.py:190} INFO - [2026-03-24T12:10:50.820+0000] {dag.py:4180} INFO - Setting next_dagrun for example_xcom_args_with_operators to None, run_after=None
[2026-03-24T12:10:50.843+0000] {processor.py:208} INFO - Processing /home/rohit/ireland-rent-tracker/venv/lib/python3.12/site-packages/airflow/example_dags/example_xcomargs.py took 0.081 seconds
