[2026-03-24T12:05:56.503+0000] {processor.py:186} INFO - Started process (PID=45623) to work on /home/rohit/ireland-rent-tracker/venv/lib/python3.12/site-packages/airflow/example_dags/example_latest_only_with_trigger.py
[2026-03-24T12:05:56.504+0000] {processor.py:914} INFO - Processing file /home/rohit/ireland-rent-tracker/venv/lib/python3.12/site-packages/airflow/example_dags/example_latest_only_with_trigger.py for tasks to queue
[2026-03-24T12:05:56.508+0000] {logging_mixin.py:190} INFO - [2026-03-24T12:05:56.507+0000] {dagbag.py:588} INFO - Filling up the DagBag from /home/rohit/ireland-rent-tracker/venv/lib/python3.12/site-packages/airflow/example_dags/example_latest_only_with_trigger.py
[2026-03-24T12:05:56.521+0000] {processor.py:925} INFO - DAG(s) 'latest_only_with_trigger' retrieved from /home/rohit/ireland-rent-tracker/venv/lib/python3.12/site-packages/airflow/example_dags/example_latest_only_with_trigger.py
[2026-03-24T12:05:56.663+0000] {logging_mixin.py:190} INFO - [2026-03-24T12:05:56.662+0000] {override.py:1930} INFO - Created Permission View: can delete on DAG:latest_only_with_trigger
[2026-03-24T12:05:56.679+0000] {logging_mixin.py:190} INFO - [2026-03-24T12:05:56.679+0000] {override.py:1930} INFO - Created Permission View: can edit on DAG:latest_only_with_trigger
[2026-03-24T12:05:56.693+0000] {logging_mixin.py:190} INFO - [2026-03-24T12:05:56.693+0000] {override.py:1930} INFO - Created Permission View: can read on DAG:latest_only_with_trigger
[2026-03-24T12:05:56.714+0000] {logging_mixin.py:190} INFO - [2026-03-24T12:05:56.713+0000] {override.py:1930} INFO - Created Permission View: can delete on DAG Run:latest_only_with_trigger
[2026-03-24T12:05:56.729+0000] {logging_mixin.py:190} INFO - [2026-03-24T12:05:56.728+0000] {override.py:1930} INFO - Created Permission View: can create on DAG Run:latest_only_with_trigger
[2026-03-24T12:05:56.740+0000] {logging_mixin.py:190} INFO - [2026-03-24T12:05:56.740+0000] {override.py:1930} INFO - Created Permission View: can read on DAG Run:latest_only_with_trigger
[2026-03-24T12:05:56.754+0000] {logging_mixin.py:190} INFO - [2026-03-24T12:05:56.753+0000] {override.py:1930} INFO - Created Permission View: menu access on DAG Run:latest_only_with_trigger
[2026-03-24T12:05:56.754+0000] {logging_mixin.py:190} INFO - [2026-03-24T12:05:56.754+0000] {dag.py:3239} INFO - Sync 1 DAGs
[2026-03-24T12:05:56.772+0000] {logging_mixin.py:190} INFO - [2026-03-24T12:05:56.772+0000] {dag.py:3262} INFO - Creating ORM DAG for latest_only_with_trigger
[2026-03-24T12:05:56.782+0000] {logging_mixin.py:190} INFO - [2026-03-24T12:05:56.782+0000] {dag.py:4180} INFO - Setting next_dagrun for latest_only_with_trigger to 2026-03-24 08:00:00+00:00, run_after=2026-03-24 12:00:00+00:00
[2026-03-24T12:05:55.300+0000] {processor.py:208} INFO - Processing /home/rohit/ireland-rent-tracker/venv/lib/python3.12/site-packages/airflow/example_dags/example_latest_only_with_trigger.py took 0.320 seconds
[2026-03-24T12:07:00.222+0000] {processor.py:186} INFO - Started process (PID=45725) to work on /home/rohit/ireland-rent-tracker/venv/lib/python3.12/site-packages/airflow/example_dags/example_latest_only_with_trigger.py
[2026-03-24T12:07:00.226+0000] {processor.py:914} INFO - Processing file /home/rohit/ireland-rent-tracker/venv/lib/python3.12/site-packages/airflow/example_dags/example_latest_only_with_trigger.py for tasks to queue
[2026-03-24T12:07:00.229+0000] {logging_mixin.py:190} INFO - [2026-03-24T12:07:00.228+0000] {dagbag.py:588} INFO - Filling up the DagBag from /home/rohit/ireland-rent-tracker/venv/lib/python3.12/site-packages/airflow/example_dags/example_latest_only_with_trigger.py
[2026-03-24T12:07:00.240+0000] {processor.py:925} INFO - DAG(s) 'latest_only_with_trigger' retrieved from /home/rohit/ireland-rent-tracker/venv/lib/python3.12/site-packages/airflow/example_dags/example_latest_only_with_trigger.py
[2026-03-24T12:07:00.262+0000] {logging_mixin.py:190} INFO - [2026-03-24T12:07:00.262+0000] {dag.py:3239} INFO - Sync 1 DAGs
[2026-03-24T12:07:00.284+0000] {logging_mixin.py:190} INFO - [2026-03-24T12:07:00.284+0000] {dag.py:4180} INFO - Setting next_dagrun for latest_only_with_trigger to 2026-03-24 08:00:00+00:00, run_after=2026-03-24 12:00:00+00:00
[2026-03-24T12:07:00.320+0000] {processor.py:208} INFO - Processing /home/rohit/ireland-rent-tracker/venv/lib/python3.12/site-packages/airflow/example_dags/example_latest_only_with_trigger.py took 0.108 seconds
[2026-03-24T12:07:55.502+0000] {processor.py:186} INFO - Started process (PID=45934) to work on /home/rohit/ireland-rent-tracker/venv/lib/python3.12/site-packages/airflow/example_dags/example_latest_only_with_trigger.py
[2026-03-24T12:07:55.507+0000] {processor.py:914} INFO - Processing file /home/rohit/ireland-rent-tracker/venv/lib/python3.12/site-packages/airflow/example_dags/example_latest_only_with_trigger.py for tasks to queue
[2026-03-24T12:07:55.509+0000] {logging_mixin.py:190} INFO - [2026-03-24T12:07:55.508+0000] {dagbag.py:588} INFO - Filling up the DagBag from /home/rohit/ireland-rent-tracker/venv/lib/python3.12/site-packages/airflow/example_dags/example_latest_only_with_trigger.py
[2026-03-24T12:07:55.517+0000] {processor.py:925} INFO - DAG(s) 'latest_only_with_trigger' retrieved from /home/rohit/ireland-rent-tracker/venv/lib/python3.12/site-packages/airflow/example_dags/example_latest_only_with_trigger.py
[2026-03-24T12:07:55.533+0000] {logging_mixin.py:190} INFO - [2026-03-24T12:07:55.533+0000] {dag.py:3239} INFO - Sync 1 DAGs
[2026-03-24T12:07:55.550+0000] {logging_mixin.py:190} INFO - [2026-03-24T12:07:55.550+0000] {dag.py:4180} INFO - Setting next_dagrun for latest_only_with_trigger to 2026-03-24 08:00:00+00:00, run_after=2026-03-24 12:00:00+00:00
[2026-03-24T12:07:55.576+0000] {processor.py:208} INFO - Processing /home/rohit/ireland-rent-tracker/venv/lib/python3.12/site-packages/airflow/example_dags/example_latest_only_with_trigger.py took 0.079 seconds
[2026-03-24T12:09:13.356+0000] {processor.py:186} INFO - Started process (PID=46418) to work on /home/rohit/ireland-rent-tracker/venv/lib/python3.12/site-packages/airflow/example_dags/example_latest_only_with_trigger.py
[2026-03-24T12:09:13.358+0000] {processor.py:914} INFO - Processing file /home/rohit/ireland-rent-tracker/venv/lib/python3.12/site-packages/airflow/example_dags/example_latest_only_with_trigger.py for tasks to queue
[2026-03-24T12:09:13.361+0000] {logging_mixin.py:190} INFO - [2026-03-24T12:09:13.360+0000] {dagbag.py:588} INFO - Filling up the DagBag from /home/rohit/ireland-rent-tracker/venv/lib/python3.12/site-packages/airflow/example_dags/example_latest_only_with_trigger.py
[2026-03-24T12:09:13.371+0000] {processor.py:925} INFO - DAG(s) 'latest_only_with_trigger' retrieved from /home/rohit/ireland-rent-tracker/venv/lib/python3.12/site-packages/airflow/example_dags/example_latest_only_with_trigger.py
[2026-03-24T12:09:13.497+0000] {logging_mixin.py:190} INFO - [2026-03-24T12:09:13.497+0000] {override.py:1930} INFO - Created Permission View: can delete on DAG:latest_only_with_trigger
[2026-03-24T12:09:13.516+0000] {logging_mixin.py:190} INFO - [2026-03-24T12:09:13.516+0000] {override.py:1930} INFO - Created Permission View: can edit on DAG:latest_only_with_trigger
[2026-03-24T12:09:13.530+0000] {logging_mixin.py:190} INFO - [2026-03-24T12:09:13.529+0000] {override.py:1930} INFO - Created Permission View: can read on DAG:latest_only_with_trigger
[2026-03-24T12:09:13.555+0000] {logging_mixin.py:190} INFO - [2026-03-24T12:09:13.554+0000] {override.py:1930} INFO - Created Permission View: can delete on DAG Run:latest_only_with_trigger
[2026-03-24T12:09:13.569+0000] {logging_mixin.py:190} INFO - [2026-03-24T12:09:13.568+0000] {override.py:1930} INFO - Created Permission View: can create on DAG Run:latest_only_with_trigger
[2026-03-24T12:09:13.582+0000] {logging_mixin.py:190} INFO - [2026-03-24T12:09:13.581+0000] {override.py:1930} INFO - Created Permission View: can read on DAG Run:latest_only_with_trigger
[2026-03-24T12:09:13.598+0000] {logging_mixin.py:190} INFO - [2026-03-24T12:09:13.598+0000] {override.py:1930} INFO - Created Permission View: menu access on DAG Run:latest_only_with_trigger
[2026-03-24T12:09:13.599+0000] {logging_mixin.py:190} INFO - [2026-03-24T12:09:13.599+0000] {dag.py:3239} INFO - Sync 1 DAGs
[2026-03-24T12:09:13.614+0000] {logging_mixin.py:190} INFO - [2026-03-24T12:09:13.614+0000] {dag.py:3262} INFO - Creating ORM DAG for latest_only_with_trigger
[2026-03-24T12:09:13.627+0000] {logging_mixin.py:190} INFO - [2026-03-24T12:09:13.627+0000] {dag.py:4180} INFO - Setting next_dagrun for latest_only_with_trigger to 2026-03-24 08:00:00+00:00, run_after=2026-03-24 12:00:00+00:00
[2026-03-24T12:09:13.655+0000] {processor.py:208} INFO - Processing /home/rohit/ireland-rent-tracker/venv/lib/python3.12/site-packages/airflow/example_dags/example_latest_only_with_trigger.py took 0.304 seconds
[2026-03-24T12:10:16.692+0000] {processor.py:186} INFO - Started process (PID=46709) to work on /home/rohit/ireland-rent-tracker/venv/lib/python3.12/site-packages/airflow/example_dags/example_latest_only_with_trigger.py
[2026-03-24T12:10:16.695+0000] {processor.py:914} INFO - Processing file /home/rohit/ireland-rent-tracker/venv/lib/python3.12/site-packages/airflow/example_dags/example_latest_only_with_trigger.py for tasks to queue
[2026-03-24T12:10:16.697+0000] {logging_mixin.py:190} INFO - [2026-03-24T12:10:16.697+0000] {dagbag.py:588} INFO - Filling up the DagBag from /home/rohit/ireland-rent-tracker/venv/lib/python3.12/site-packages/airflow/example_dags/example_latest_only_with_trigger.py
[2026-03-24T12:10:16.706+0000] {processor.py:925} INFO - DAG(s) 'latest_only_with_trigger' retrieved from /home/rohit/ireland-rent-tracker/venv/lib/python3.12/site-packages/airflow/example_dags/example_latest_only_with_trigger.py
[2026-03-24T12:10:16.726+0000] {logging_mixin.py:190} INFO - [2026-03-24T12:10:16.726+0000] {dag.py:3239} INFO - Sync 1 DAGs
[2026-03-24T12:10:16.751+0000] {logging_mixin.py:190} INFO - [2026-03-24T12:10:16.750+0000] {dag.py:4180} INFO - Setting next_dagrun for latest_only_with_trigger to 2026-03-24 08:00:00+00:00, run_after=2026-03-24 12:00:00+00:00
[2026-03-24T12:10:16.777+0000] {processor.py:208} INFO - Processing /home/rohit/ireland-rent-tracker/venv/lib/python3.12/site-packages/airflow/example_dags/example_latest_only_with_trigger.py took 0.091 seconds
[2026-03-24T12:11:10.698+0000] {processor.py:186} INFO - Started process (PID=46805) to work on /home/rohit/ireland-rent-tracker/venv/lib/python3.12/site-packages/airflow/example_dags/example_latest_only_with_trigger.py
[2026-03-24T12:11:10.700+0000] {processor.py:914} INFO - Processing file /home/rohit/ireland-rent-tracker/venv/lib/python3.12/site-packages/airflow/example_dags/example_latest_only_with_trigger.py for tasks to queue
[2026-03-24T12:11:10.703+0000] {logging_mixin.py:190} INFO - [2026-03-24T12:11:10.702+0000] {dagbag.py:588} INFO - Filling up the DagBag from /home/rohit/ireland-rent-tracker/venv/lib/python3.12/site-packages/airflow/example_dags/example_latest_only_with_trigger.py
[2026-03-24T12:11:10.712+0000] {processor.py:925} INFO - DAG(s) 'latest_only_with_trigger' retrieved from /home/rohit/ireland-rent-tracker/venv/lib/python3.12/site-packages/airflow/example_dags/example_latest_only_with_trigger.py
[2026-03-24T12:11:10.732+0000] {logging_mixin.py:190} INFO - [2026-03-24T12:11:10.732+0000] {dag.py:3239} INFO - Sync 1 DAGs
[2026-03-24T12:11:10.753+0000] {logging_mixin.py:190} INFO - [2026-03-24T12:11:10.753+0000] {dag.py:4180} INFO - Setting next_dagrun for latest_only_with_trigger to 2026-03-24 08:00:00+00:00, run_after=2026-03-24 12:00:00+00:00
[2026-03-24T12:11:10.781+0000] {processor.py:208} INFO - Processing /home/rohit/ireland-rent-tracker/venv/lib/python3.12/site-packages/airflow/example_dags/example_latest_only_with_trigger.py took 0.089 seconds
