[2026-03-24T12:05:44.927+0000] {processor.py:186} INFO - Started process (PID=45553) to work on /home/rohit/ireland-rent-tracker/venv/lib/python3.12/site-packages/airflow/example_dags/example_nested_branch_dag.py
[2026-03-24T12:05:44.928+0000] {processor.py:914} INFO - Processing file /home/rohit/ireland-rent-tracker/venv/lib/python3.12/site-packages/airflow/example_dags/example_nested_branch_dag.py for tasks to queue
[2026-03-24T12:05:44.930+0000] {logging_mixin.py:190} INFO - [2026-03-24T12:05:44.929+0000] {dagbag.py:588} INFO - Filling up the DagBag from /home/rohit/ireland-rent-tracker/venv/lib/python3.12/site-packages/airflow/example_dags/example_nested_branch_dag.py
[2026-03-24T12:05:44.944+0000] {processor.py:925} INFO - DAG(s) 'example_nested_branch_dag' retrieved from /home/rohit/ireland-rent-tracker/venv/lib/python3.12/site-packages/airflow/example_dags/example_nested_branch_dag.py
[2026-03-24T12:05:45.088+0000] {logging_mixin.py:190} INFO - [2026-03-24T12:05:45.086+0000] {override.py:1930} INFO - Created Permission View: can delete on DAG:example_nested_branch_dag
[2026-03-24T12:05:45.107+0000] {logging_mixin.py:190} INFO - [2026-03-24T12:05:45.107+0000] {override.py:1930} INFO - Created Permission View: can edit on DAG:example_nested_branch_dag
[2026-03-24T12:05:45.167+0000] {logging_mixin.py:190} INFO - [2026-03-24T12:05:45.166+0000] {override.py:1930} INFO - Created Permission View: can read on DAG:example_nested_branch_dag
[2026-03-24T12:05:45.206+0000] {logging_mixin.py:190} INFO - [2026-03-24T12:05:45.205+0000] {override.py:1930} INFO - Created Permission View: can delete on DAG Run:example_nested_branch_dag
[2026-03-24T12:05:45.226+0000] {logging_mixin.py:190} INFO - [2026-03-24T12:05:45.225+0000] {override.py:1930} INFO - Created Permission View: can create on DAG Run:example_nested_branch_dag
[2026-03-24T12:05:45.256+0000] {logging_mixin.py:190} INFO - [2026-03-24T12:05:45.255+0000] {override.py:1930} INFO - Created Permission View: can read on DAG Run:example_nested_branch_dag
[2026-03-24T12:05:45.286+0000] {logging_mixin.py:190} INFO - [2026-03-24T12:05:45.286+0000] {override.py:1930} INFO - Created Permission View: menu access on DAG Run:example_nested_branch_dag
[2026-03-24T12:05:45.287+0000] {logging_mixin.py:190} INFO - [2026-03-24T12:05:45.287+0000] {dag.py:3239} INFO - Sync 1 DAGs
[2026-03-24T12:05:45.312+0000] {logging_mixin.py:190} INFO - [2026-03-24T12:05:45.312+0000] {dag.py:3262} INFO - Creating ORM DAG for example_nested_branch_dag
[2026-03-24T12:05:45.339+0000] {logging_mixin.py:190} INFO - [2026-03-24T12:05:45.339+0000] {dag.py:4180} INFO - Setting next_dagrun for example_nested_branch_dag to 2026-03-23 00:00:00+00:00, run_after=2026-03-24 00:00:00+00:00
[2026-03-24T12:05:45.398+0000] {processor.py:208} INFO - Processing /home/rohit/ireland-rent-tracker/venv/lib/python3.12/site-packages/airflow/example_dags/example_nested_branch_dag.py took 0.477 seconds
[2026-03-24T12:06:47.990+0000] {processor.py:186} INFO - Started process (PID=45711) to work on /home/rohit/ireland-rent-tracker/venv/lib/python3.12/site-packages/airflow/example_dags/example_nested_branch_dag.py
[2026-03-24T12:06:47.994+0000] {processor.py:914} INFO - Processing file /home/rohit/ireland-rent-tracker/venv/lib/python3.12/site-packages/airflow/example_dags/example_nested_branch_dag.py for tasks to queue
[2026-03-24T12:06:47.996+0000] {logging_mixin.py:190} INFO - [2026-03-24T12:06:47.996+0000] {dagbag.py:588} INFO - Filling up the DagBag from /home/rohit/ireland-rent-tracker/venv/lib/python3.12/site-packages/airflow/example_dags/example_nested_branch_dag.py
[2026-03-24T12:06:48.009+0000] {processor.py:925} INFO - DAG(s) 'example_nested_branch_dag' retrieved from /home/rohit/ireland-rent-tracker/venv/lib/python3.12/site-packages/airflow/example_dags/example_nested_branch_dag.py
[2026-03-24T12:06:48.030+0000] {logging_mixin.py:190} INFO - [2026-03-24T12:06:48.029+0000] {dag.py:3239} INFO - Sync 1 DAGs
[2026-03-24T12:06:48.053+0000] {logging_mixin.py:190} INFO - [2026-03-24T12:06:48.052+0000] {dag.py:4180} INFO - Setting next_dagrun for example_nested_branch_dag to 2026-03-23 00:00:00+00:00, run_after=2026-03-24 00:00:00+00:00
[2026-03-24T12:06:48.080+0000] {processor.py:208} INFO - Processing /home/rohit/ireland-rent-tracker/venv/lib/python3.12/site-packages/airflow/example_dags/example_nested_branch_dag.py took 0.094 seconds
[2026-03-24T12:07:42.969+0000] {processor.py:186} INFO - Started process (PID=45907) to work on /home/rohit/ireland-rent-tracker/venv/lib/python3.12/site-packages/airflow/example_dags/example_nested_branch_dag.py
[2026-03-24T12:07:42.974+0000] {processor.py:914} INFO - Processing file /home/rohit/ireland-rent-tracker/venv/lib/python3.12/site-packages/airflow/example_dags/example_nested_branch_dag.py for tasks to queue
[2026-03-24T12:07:42.976+0000] {logging_mixin.py:190} INFO - [2026-03-24T12:07:42.975+0000] {dagbag.py:588} INFO - Filling up the DagBag from /home/rohit/ireland-rent-tracker/venv/lib/python3.12/site-packages/airflow/example_dags/example_nested_branch_dag.py
[2026-03-24T12:07:42.987+0000] {processor.py:925} INFO - DAG(s) 'example_nested_branch_dag' retrieved from /home/rohit/ireland-rent-tracker/venv/lib/python3.12/site-packages/airflow/example_dags/example_nested_branch_dag.py
[2026-03-24T12:07:43.002+0000] {logging_mixin.py:190} INFO - [2026-03-24T12:07:43.002+0000] {dag.py:3239} INFO - Sync 1 DAGs
[2026-03-24T12:07:43.020+0000] {logging_mixin.py:190} INFO - [2026-03-24T12:07:43.020+0000] {dag.py:4180} INFO - Setting next_dagrun for example_nested_branch_dag to 2026-03-23 00:00:00+00:00, run_after=2026-03-24 00:00:00+00:00
[2026-03-24T12:07:43.048+0000] {processor.py:208} INFO - Processing /home/rohit/ireland-rent-tracker/venv/lib/python3.12/site-packages/airflow/example_dags/example_nested_branch_dag.py took 0.083 seconds
[2026-03-24T12:08:44.165+0000] {processor.py:186} INFO - Started process (PID=46222) to work on /home/rohit/ireland-rent-tracker/venv/lib/python3.12/site-packages/airflow/example_dags/example_nested_branch_dag.py
[2026-03-24T12:08:44.170+0000] {processor.py:914} INFO - Processing file /home/rohit/ireland-rent-tracker/venv/lib/python3.12/site-packages/airflow/example_dags/example_nested_branch_dag.py for tasks to queue
[2026-03-24T12:08:44.173+0000] {logging_mixin.py:190} INFO - [2026-03-24T12:08:44.172+0000] {dagbag.py:588} INFO - Filling up the DagBag from /home/rohit/ireland-rent-tracker/venv/lib/python3.12/site-packages/airflow/example_dags/example_nested_branch_dag.py
[2026-03-24T12:08:44.190+0000] {processor.py:925} INFO - DAG(s) 'example_nested_branch_dag' retrieved from /home/rohit/ireland-rent-tracker/venv/lib/python3.12/site-packages/airflow/example_dags/example_nested_branch_dag.py
[2026-03-24T12:08:44.315+0000] {logging_mixin.py:190} INFO - [2026-03-24T12:08:44.315+0000] {override.py:1930} INFO - Created Permission View: can delete on DAG:example_nested_branch_dag
[2026-03-24T12:08:44.332+0000] {logging_mixin.py:190} INFO - [2026-03-24T12:08:44.332+0000] {override.py:1930} INFO - Created Permission View: can edit on DAG:example_nested_branch_dag
[2026-03-24T12:08:44.344+0000] {logging_mixin.py:190} INFO - [2026-03-24T12:08:44.344+0000] {override.py:1930} INFO - Created Permission View: can read on DAG:example_nested_branch_dag
[2026-03-24T12:08:44.365+0000] {logging_mixin.py:190} INFO - [2026-03-24T12:08:44.364+0000] {override.py:1930} INFO - Created Permission View: can delete on DAG Run:example_nested_branch_dag
[2026-03-24T12:08:44.377+0000] {logging_mixin.py:190} INFO - [2026-03-24T12:08:44.376+0000] {override.py:1930} INFO - Created Permission View: can create on DAG Run:example_nested_branch_dag
[2026-03-24T12:08:44.391+0000] {logging_mixin.py:190} INFO - [2026-03-24T12:08:44.390+0000] {override.py:1930} INFO - Created Permission View: can read on DAG Run:example_nested_branch_dag
[2026-03-24T12:08:44.403+0000] {logging_mixin.py:190} INFO - [2026-03-24T12:08:44.403+0000] {override.py:1930} INFO - Created Permission View: menu access on DAG Run:example_nested_branch_dag
[2026-03-24T12:08:44.404+0000] {logging_mixin.py:190} INFO - [2026-03-24T12:08:44.404+0000] {dag.py:3239} INFO - Sync 1 DAGs
[2026-03-24T12:08:44.418+0000] {logging_mixin.py:190} INFO - [2026-03-24T12:08:44.418+0000] {dag.py:3262} INFO - Creating ORM DAG for example_nested_branch_dag
[2026-03-24T12:08:44.433+0000] {logging_mixin.py:190} INFO - [2026-03-24T12:08:44.433+0000] {dag.py:4180} INFO - Setting next_dagrun for example_nested_branch_dag to 2026-03-23 00:00:00+00:00, run_after=2026-03-24 00:00:00+00:00
[2026-03-24T12:08:44.460+0000] {processor.py:208} INFO - Processing /home/rohit/ireland-rent-tracker/venv/lib/python3.12/site-packages/airflow/example_dags/example_nested_branch_dag.py took 0.301 seconds
[2026-03-24T12:09:58.127+0000] {processor.py:186} INFO - Started process (PID=46634) to work on /home/rohit/ireland-rent-tracker/venv/lib/python3.12/site-packages/airflow/example_dags/example_nested_branch_dag.py
[2026-03-24T12:09:58.129+0000] {processor.py:914} INFO - Processing file /home/rohit/ireland-rent-tracker/venv/lib/python3.12/site-packages/airflow/example_dags/example_nested_branch_dag.py for tasks to queue
[2026-03-24T12:09:58.131+0000] {logging_mixin.py:190} INFO - [2026-03-24T12:09:58.131+0000] {dagbag.py:588} INFO - Filling up the DagBag from /home/rohit/ireland-rent-tracker/venv/lib/python3.12/site-packages/airflow/example_dags/example_nested_branch_dag.py
[2026-03-24T12:09:58.146+0000] {processor.py:925} INFO - DAG(s) 'example_nested_branch_dag' retrieved from /home/rohit/ireland-rent-tracker/venv/lib/python3.12/site-packages/airflow/example_dags/example_nested_branch_dag.py
[2026-03-24T12:09:58.165+0000] {logging_mixin.py:190} INFO - [2026-03-24T12:09:58.165+0000] {dag.py:3239} INFO - Sync 1 DAGs
[2026-03-24T12:09:58.185+0000] {logging_mixin.py:190} INFO - [2026-03-24T12:09:58.184+0000] {dag.py:4180} INFO - Setting next_dagrun for example_nested_branch_dag to 2026-03-23 00:00:00+00:00, run_after=2026-03-24 00:00:00+00:00
[2026-03-24T12:09:58.209+0000] {processor.py:208} INFO - Processing /home/rohit/ireland-rent-tracker/venv/lib/python3.12/site-packages/airflow/example_dags/example_nested_branch_dag.py took 0.089 seconds
[2026-03-24T12:10:56.927+0000] {processor.py:186} INFO - Started process (PID=46777) to work on /home/rohit/ireland-rent-tracker/venv/lib/python3.12/site-packages/airflow/example_dags/example_nested_branch_dag.py
[2026-03-24T12:10:56.929+0000] {processor.py:914} INFO - Processing file /home/rohit/ireland-rent-tracker/venv/lib/python3.12/site-packages/airflow/example_dags/example_nested_branch_dag.py for tasks to queue
[2026-03-24T12:10:56.931+0000] {logging_mixin.py:190} INFO - [2026-03-24T12:10:56.930+0000] {dagbag.py:588} INFO - Filling up the DagBag from /home/rohit/ireland-rent-tracker/venv/lib/python3.12/site-packages/airflow/example_dags/example_nested_branch_dag.py
[2026-03-24T12:10:56.942+0000] {processor.py:925} INFO - DAG(s) 'example_nested_branch_dag' retrieved from /home/rohit/ireland-rent-tracker/venv/lib/python3.12/site-packages/airflow/example_dags/example_nested_branch_dag.py
[2026-03-24T12:10:56.959+0000] {logging_mixin.py:190} INFO - [2026-03-24T12:10:56.958+0000] {dag.py:3239} INFO - Sync 1 DAGs
[2026-03-24T12:10:56.977+0000] {logging_mixin.py:190} INFO - [2026-03-24T12:10:56.977+0000] {dag.py:4180} INFO - Setting next_dagrun for example_nested_branch_dag to 2026-03-23 00:00:00+00:00, run_after=2026-03-24 00:00:00+00:00
[2026-03-24T12:10:56.998+0000] {processor.py:208} INFO - Processing /home/rohit/ireland-rent-tracker/venv/lib/python3.12/site-packages/airflow/example_dags/example_nested_branch_dag.py took 0.075 seconds
