[2026-03-24T12:05:43.554+0000] {processor.py:186} INFO - Started process (PID=45552) to work on /home/rohit/ireland-rent-tracker/venv/lib/python3.12/site-packages/airflow/example_dags/example_sla_dag.py
[2026-03-24T12:05:43.554+0000] {processor.py:914} INFO - Processing file /home/rohit/ireland-rent-tracker/venv/lib/python3.12/site-packages/airflow/example_dags/example_sla_dag.py for tasks to queue
[2026-03-24T12:05:43.557+0000] {logging_mixin.py:190} INFO - [2026-03-24T12:05:43.556+0000] {dagbag.py:588} INFO - Filling up the DagBag from /home/rohit/ireland-rent-tracker/venv/lib/python3.12/site-packages/airflow/example_dags/example_sla_dag.py
[2026-03-24T12:05:43.569+0000] {processor.py:925} INFO - DAG(s) 'example_sla_dag' retrieved from /home/rohit/ireland-rent-tracker/venv/lib/python3.12/site-packages/airflow/example_dags/example_sla_dag.py
[2026-03-24T12:05:43.684+0000] {logging_mixin.py:190} INFO - [2026-03-24T12:05:43.684+0000] {override.py:1930} INFO - Created Permission View: can delete on DAG:example_sla_dag
[2026-03-24T12:05:43.700+0000] {logging_mixin.py:190} INFO - [2026-03-24T12:05:43.700+0000] {override.py:1930} INFO - Created Permission View: can edit on DAG:example_sla_dag
[2026-03-24T12:05:43.713+0000] {logging_mixin.py:190} INFO - [2026-03-24T12:05:43.713+0000] {override.py:1930} INFO - Created Permission View: can read on DAG:example_sla_dag
[2026-03-24T12:05:43.737+0000] {logging_mixin.py:190} INFO - [2026-03-24T12:05:43.737+0000] {override.py:1930} INFO - Created Permission View: can delete on DAG Run:example_sla_dag
[2026-03-24T12:05:43.748+0000] {logging_mixin.py:190} INFO - [2026-03-24T12:05:43.748+0000] {override.py:1930} INFO - Created Permission View: can create on DAG Run:example_sla_dag
[2026-03-24T12:05:43.759+0000] {logging_mixin.py:190} INFO - [2026-03-24T12:05:43.759+0000] {override.py:1930} INFO - Created Permission View: can read on DAG Run:example_sla_dag
[2026-03-24T12:05:43.770+0000] {logging_mixin.py:190} INFO - [2026-03-24T12:05:43.770+0000] {override.py:1930} INFO - Created Permission View: menu access on DAG Run:example_sla_dag
[2026-03-24T12:05:43.771+0000] {logging_mixin.py:190} INFO - [2026-03-24T12:05:43.770+0000] {dag.py:3239} INFO - Sync 1 DAGs
[2026-03-24T12:05:43.782+0000] {logging_mixin.py:190} INFO - [2026-03-24T12:05:43.782+0000] {dag.py:3262} INFO - Creating ORM DAG for example_sla_dag
[2026-03-24T12:05:43.797+0000] {logging_mixin.py:190} INFO - [2026-03-24T12:05:43.796+0000] {dag.py:4180} INFO - Setting next_dagrun for example_sla_dag to 2026-03-24 12:02:00+00:00, run_after=2026-03-24 12:04:00+00:00
[2026-03-24T12:05:43.821+0000] {processor.py:208} INFO - Processing /home/rohit/ireland-rent-tracker/venv/lib/python3.12/site-packages/airflow/example_dags/example_sla_dag.py took 0.273 seconds
[2026-03-24T12:06:47.366+0000] {processor.py:186} INFO - Started process (PID=45710) to work on /home/rohit/ireland-rent-tracker/venv/lib/python3.12/site-packages/airflow/example_dags/example_sla_dag.py
[2026-03-24T12:06:47.370+0000] {processor.py:914} INFO - Processing file /home/rohit/ireland-rent-tracker/venv/lib/python3.12/site-packages/airflow/example_dags/example_sla_dag.py for tasks to queue
[2026-03-24T12:06:47.372+0000] {logging_mixin.py:190} INFO - [2026-03-24T12:06:47.371+0000] {dagbag.py:588} INFO - Filling up the DagBag from /home/rohit/ireland-rent-tracker/venv/lib/python3.12/site-packages/airflow/example_dags/example_sla_dag.py
[2026-03-24T12:06:47.383+0000] {processor.py:925} INFO - DAG(s) 'example_sla_dag' retrieved from /home/rohit/ireland-rent-tracker/venv/lib/python3.12/site-packages/airflow/example_dags/example_sla_dag.py
[2026-03-24T12:06:47.399+0000] {logging_mixin.py:190} INFO - [2026-03-24T12:06:47.399+0000] {dag.py:3239} INFO - Sync 1 DAGs
[2026-03-24T12:06:47.421+0000] {logging_mixin.py:190} INFO - [2026-03-24T12:06:47.421+0000] {dag.py:4180} INFO - Setting next_dagrun for example_sla_dag to 2026-03-24 12:04:00+00:00, run_after=2026-03-24 12:06:00+00:00
[2026-03-24T12:06:47.446+0000] {processor.py:208} INFO - Processing /home/rohit/ireland-rent-tracker/venv/lib/python3.12/site-packages/airflow/example_dags/example_sla_dag.py took 0.086 seconds
[2026-03-24T12:07:41.738+0000] {processor.py:186} INFO - Started process (PID=45906) to work on /home/rohit/ireland-rent-tracker/venv/lib/python3.12/site-packages/airflow/example_dags/example_sla_dag.py
[2026-03-24T12:07:41.740+0000] {processor.py:914} INFO - Processing file /home/rohit/ireland-rent-tracker/venv/lib/python3.12/site-packages/airflow/example_dags/example_sla_dag.py for tasks to queue
[2026-03-24T12:07:41.743+0000] {logging_mixin.py:190} INFO - [2026-03-24T12:07:41.742+0000] {dagbag.py:588} INFO - Filling up the DagBag from /home/rohit/ireland-rent-tracker/venv/lib/python3.12/site-packages/airflow/example_dags/example_sla_dag.py
[2026-03-24T12:07:41.757+0000] {processor.py:925} INFO - DAG(s) 'example_sla_dag' retrieved from /home/rohit/ireland-rent-tracker/venv/lib/python3.12/site-packages/airflow/example_dags/example_sla_dag.py
[2026-03-24T12:07:41.778+0000] {logging_mixin.py:190} INFO - [2026-03-24T12:07:41.778+0000] {dag.py:3239} INFO - Sync 1 DAGs
[2026-03-24T12:07:41.802+0000] {logging_mixin.py:190} INFO - [2026-03-24T12:07:41.802+0000] {dag.py:4180} INFO - Setting next_dagrun for example_sla_dag to 2026-03-24 12:04:00+00:00, run_after=2026-03-24 12:06:00+00:00
[2026-03-24T12:07:41.830+0000] {processor.py:208} INFO - Processing /home/rohit/ireland-rent-tracker/venv/lib/python3.12/site-packages/airflow/example_dags/example_sla_dag.py took 0.098 seconds
[2026-03-24T12:08:42.801+0000] {processor.py:186} INFO - Started process (PID=46202) to work on /home/rohit/ireland-rent-tracker/venv/lib/python3.12/site-packages/airflow/example_dags/example_sla_dag.py
[2026-03-24T12:08:42.803+0000] {processor.py:914} INFO - Processing file /home/rohit/ireland-rent-tracker/venv/lib/python3.12/site-packages/airflow/example_dags/example_sla_dag.py for tasks to queue
[2026-03-24T12:08:42.805+0000] {logging_mixin.py:190} INFO - [2026-03-24T12:08:42.804+0000] {dagbag.py:588} INFO - Filling up the DagBag from /home/rohit/ireland-rent-tracker/venv/lib/python3.12/site-packages/airflow/example_dags/example_sla_dag.py
[2026-03-24T12:08:42.817+0000] {processor.py:925} INFO - DAG(s) 'example_sla_dag' retrieved from /home/rohit/ireland-rent-tracker/venv/lib/python3.12/site-packages/airflow/example_dags/example_sla_dag.py
[2026-03-24T12:08:42.925+0000] {logging_mixin.py:190} INFO - [2026-03-24T12:08:42.925+0000] {override.py:1930} INFO - Created Permission View: can delete on DAG:example_sla_dag
[2026-03-24T12:08:42.944+0000] {logging_mixin.py:190} INFO - [2026-03-24T12:08:42.943+0000] {override.py:1930} INFO - Created Permission View: can edit on DAG:example_sla_dag
[2026-03-24T12:08:42.957+0000] {logging_mixin.py:190} INFO - [2026-03-24T12:08:42.956+0000] {override.py:1930} INFO - Created Permission View: can read on DAG:example_sla_dag
[2026-03-24T12:08:42.977+0000] {logging_mixin.py:190} INFO - [2026-03-24T12:08:42.977+0000] {override.py:1930} INFO - Created Permission View: can delete on DAG Run:example_sla_dag
[2026-03-24T12:08:42.991+0000] {logging_mixin.py:190} INFO - [2026-03-24T12:08:42.991+0000] {override.py:1930} INFO - Created Permission View: can create on DAG Run:example_sla_dag
[2026-03-24T12:08:43.004+0000] {logging_mixin.py:190} INFO - [2026-03-24T12:08:43.003+0000] {override.py:1930} INFO - Created Permission View: can read on DAG Run:example_sla_dag
[2026-03-24T12:08:43.014+0000] {logging_mixin.py:190} INFO - [2026-03-24T12:08:43.014+0000] {override.py:1930} INFO - Created Permission View: menu access on DAG Run:example_sla_dag
[2026-03-24T12:08:43.015+0000] {logging_mixin.py:190} INFO - [2026-03-24T12:08:43.014+0000] {dag.py:3239} INFO - Sync 1 DAGs
[2026-03-24T12:08:43.026+0000] {logging_mixin.py:190} INFO - [2026-03-24T12:08:43.026+0000] {dag.py:3262} INFO - Creating ORM DAG for example_sla_dag
[2026-03-24T12:08:43.041+0000] {logging_mixin.py:190} INFO - [2026-03-24T12:08:43.040+0000] {dag.py:4180} INFO - Setting next_dagrun for example_sla_dag to 2026-03-24 12:06:00+00:00, run_after=2026-03-24 12:08:00+00:00
[2026-03-24T12:08:43.063+0000] {processor.py:208} INFO - Processing /home/rohit/ireland-rent-tracker/venv/lib/python3.12/site-packages/airflow/example_dags/example_sla_dag.py took 0.268 seconds
[2026-03-24T12:09:57.813+0000] {processor.py:186} INFO - Started process (PID=46619) to work on /home/rohit/ireland-rent-tracker/venv/lib/python3.12/site-packages/airflow/example_dags/example_sla_dag.py
[2026-03-24T12:09:57.815+0000] {processor.py:914} INFO - Processing file /home/rohit/ireland-rent-tracker/venv/lib/python3.12/site-packages/airflow/example_dags/example_sla_dag.py for tasks to queue
[2026-03-24T12:09:57.817+0000] {logging_mixin.py:190} INFO - [2026-03-24T12:09:57.816+0000] {dagbag.py:588} INFO - Filling up the DagBag from /home/rohit/ireland-rent-tracker/venv/lib/python3.12/site-packages/airflow/example_dags/example_sla_dag.py
[2026-03-24T12:09:57.828+0000] {processor.py:925} INFO - DAG(s) 'example_sla_dag' retrieved from /home/rohit/ireland-rent-tracker/venv/lib/python3.12/site-packages/airflow/example_dags/example_sla_dag.py
[2026-03-24T12:09:57.847+0000] {logging_mixin.py:190} INFO - [2026-03-24T12:09:57.847+0000] {dag.py:3239} INFO - Sync 1 DAGs
[2026-03-24T12:09:57.872+0000] {logging_mixin.py:190} INFO - [2026-03-24T12:09:57.872+0000] {dag.py:4180} INFO - Setting next_dagrun for example_sla_dag to 2026-03-24 12:06:00+00:00, run_after=2026-03-24 12:08:00+00:00
[2026-03-24T12:09:57.899+0000] {processor.py:208} INFO - Processing /home/rohit/ireland-rent-tracker/venv/lib/python3.12/site-packages/airflow/example_dags/example_sla_dag.py took 0.091 seconds
[2026-03-24T12:10:56.663+0000] {processor.py:186} INFO - Started process (PID=46776) to work on /home/rohit/ireland-rent-tracker/venv/lib/python3.12/site-packages/airflow/example_dags/example_sla_dag.py
[2026-03-24T12:10:56.666+0000] {processor.py:914} INFO - Processing file /home/rohit/ireland-rent-tracker/venv/lib/python3.12/site-packages/airflow/example_dags/example_sla_dag.py for tasks to queue
[2026-03-24T12:10:56.668+0000] {logging_mixin.py:190} INFO - [2026-03-24T12:10:56.668+0000] {dagbag.py:588} INFO - Filling up the DagBag from /home/rohit/ireland-rent-tracker/venv/lib/python3.12/site-packages/airflow/example_dags/example_sla_dag.py
[2026-03-24T12:10:56.679+0000] {processor.py:925} INFO - DAG(s) 'example_sla_dag' retrieved from /home/rohit/ireland-rent-tracker/venv/lib/python3.12/site-packages/airflow/example_dags/example_sla_dag.py
[2026-03-24T12:10:56.693+0000] {logging_mixin.py:190} INFO - [2026-03-24T12:10:56.693+0000] {dag.py:3239} INFO - Sync 1 DAGs
[2026-03-24T12:10:56.711+0000] {logging_mixin.py:190} INFO - [2026-03-24T12:10:56.711+0000] {dag.py:4180} INFO - Setting next_dagrun for example_sla_dag to 2026-03-24 12:08:00+00:00, run_after=2026-03-24 12:10:00+00:00
[2026-03-24T12:10:56.732+0000] {processor.py:208} INFO - Processing /home/rohit/ireland-rent-tracker/venv/lib/python3.12/site-packages/airflow/example_dags/example_sla_dag.py took 0.074 seconds
