[2026-03-24T12:05:11.438+0000] {processor.py:186} INFO - Started process (PID=45463) to work on /home/rohit/ireland-rent-tracker/venv/lib/python3.12/site-packages/airflow/example_dags/tutorial_taskflow_api.py
[2026-03-24T12:05:11.439+0000] {processor.py:914} INFO - Processing file /home/rohit/ireland-rent-tracker/venv/lib/python3.12/site-packages/airflow/example_dags/tutorial_taskflow_api.py for tasks to queue
[2026-03-24T12:05:11.443+0000] {logging_mixin.py:190} INFO - [2026-03-24T12:05:11.442+0000] {dagbag.py:588} INFO - Filling up the DagBag from /home/rohit/ireland-rent-tracker/venv/lib/python3.12/site-packages/airflow/example_dags/tutorial_taskflow_api.py
[2026-03-24T12:05:11.458+0000] {processor.py:925} INFO - DAG(s) 'tutorial_taskflow_api' retrieved from /home/rohit/ireland-rent-tracker/venv/lib/python3.12/site-packages/airflow/example_dags/tutorial_taskflow_api.py
[2026-03-24T12:05:11.589+0000] {logging_mixin.py:190} INFO - [2026-03-24T12:05:11.589+0000] {override.py:1930} INFO - Created Permission View: can delete on DAG:tutorial_taskflow_api
[2026-03-24T12:05:11.606+0000] {logging_mixin.py:190} INFO - [2026-03-24T12:05:11.606+0000] {override.py:1930} INFO - Created Permission View: can edit on DAG:tutorial_taskflow_api
[2026-03-24T12:05:11.618+0000] {logging_mixin.py:190} INFO - [2026-03-24T12:05:11.618+0000] {override.py:1930} INFO - Created Permission View: can read on DAG:tutorial_taskflow_api
[2026-03-24T12:05:11.636+0000] {logging_mixin.py:190} INFO - [2026-03-24T12:05:11.636+0000] {override.py:1930} INFO - Created Permission View: can delete on DAG Run:tutorial_taskflow_api
[2026-03-24T12:05:11.647+0000] {logging_mixin.py:190} INFO - [2026-03-24T12:05:11.646+0000] {override.py:1930} INFO - Created Permission View: can create on DAG Run:tutorial_taskflow_api
[2026-03-24T12:05:11.659+0000] {logging_mixin.py:190} INFO - [2026-03-24T12:05:11.658+0000] {override.py:1930} INFO - Created Permission View: can read on DAG Run:tutorial_taskflow_api
[2026-03-24T12:05:11.670+0000] {logging_mixin.py:190} INFO - [2026-03-24T12:05:11.670+0000] {override.py:1930} INFO - Created Permission View: menu access on DAG Run:tutorial_taskflow_api
[2026-03-24T12:05:11.670+0000] {logging_mixin.py:190} INFO - [2026-03-24T12:05:11.670+0000] {dag.py:3239} INFO - Sync 1 DAGs
[2026-03-24T12:05:11.682+0000] {logging_mixin.py:190} INFO - [2026-03-24T12:05:11.681+0000] {dag.py:3262} INFO - Creating ORM DAG for tutorial_taskflow_api
[2026-03-24T12:05:11.683+0000] {logging_mixin.py:190} INFO - [2026-03-24T12:05:11.682+0000] {dag.py:4180} INFO - Setting next_dagrun for tutorial_taskflow_api to None, run_after=None
[2026-03-24T12:05:11.707+0000] {processor.py:208} INFO - Processing /home/rohit/ireland-rent-tracker/venv/lib/python3.12/site-packages/airflow/example_dags/tutorial_taskflow_api.py took 0.279 seconds
[2026-03-24T12:06:20.211+0000] {processor.py:186} INFO - Started process (PID=45670) to work on /home/rohit/ireland-rent-tracker/venv/lib/python3.12/site-packages/airflow/example_dags/tutorial_taskflow_api.py
[2026-03-24T12:06:20.215+0000] {processor.py:914} INFO - Processing file /home/rohit/ireland-rent-tracker/venv/lib/python3.12/site-packages/airflow/example_dags/tutorial_taskflow_api.py for tasks to queue
[2026-03-24T12:06:20.217+0000] {logging_mixin.py:190} INFO - [2026-03-24T12:06:20.217+0000] {dagbag.py:588} INFO - Filling up the DagBag from /home/rohit/ireland-rent-tracker/venv/lib/python3.12/site-packages/airflow/example_dags/tutorial_taskflow_api.py
[2026-03-24T12:06:20.226+0000] {processor.py:925} INFO - DAG(s) 'tutorial_taskflow_api' retrieved from /home/rohit/ireland-rent-tracker/venv/lib/python3.12/site-packages/airflow/example_dags/tutorial_taskflow_api.py
[2026-03-24T12:06:20.242+0000] {logging_mixin.py:190} INFO - [2026-03-24T12:06:20.241+0000] {dag.py:3239} INFO - Sync 1 DAGs
[2026-03-24T12:06:20.253+0000] {logging_mixin.py:190} INFO - [2026-03-24T12:06:20.252+0000] {dag.py:4180} INFO - Setting next_dagrun for tutorial_taskflow_api to None, run_after=None
[2026-03-24T12:06:20.294+0000] {processor.py:208} INFO - Processing /home/rohit/ireland-rent-tracker/venv/lib/python3.12/site-packages/airflow/example_dags/tutorial_taskflow_api.py took 0.088 seconds
[2026-03-24T12:06:53.450+0000] {processor.py:186} INFO - Started process (PID=45716) to work on /home/rohit/ireland-rent-tracker/venv/lib/python3.12/site-packages/airflow/example_dags/tutorial_taskflow_api.py
[2026-03-24T12:06:53.451+0000] {processor.py:914} INFO - Processing file /home/rohit/ireland-rent-tracker/venv/lib/python3.12/site-packages/airflow/example_dags/tutorial_taskflow_api.py for tasks to queue
[2026-03-24T12:06:53.453+0000] {logging_mixin.py:190} INFO - [2026-03-24T12:06:53.453+0000] {dagbag.py:588} INFO - Filling up the DagBag from /home/rohit/ireland-rent-tracker/venv/lib/python3.12/site-packages/airflow/example_dags/tutorial_taskflow_api.py
[2026-03-24T12:06:53.463+0000] {processor.py:925} INFO - DAG(s) 'tutorial_taskflow_api' retrieved from /home/rohit/ireland-rent-tracker/venv/lib/python3.12/site-packages/airflow/example_dags/tutorial_taskflow_api.py
[2026-03-24T12:06:53.485+0000] {logging_mixin.py:190} INFO - [2026-03-24T12:06:53.485+0000] {dag.py:3239} INFO - Sync 1 DAGs
[2026-03-24T12:06:53.502+0000] {logging_mixin.py:190} INFO - [2026-03-24T12:06:53.502+0000] {dag.py:4180} INFO - Setting next_dagrun for tutorial_taskflow_api to None, run_after=None
[2026-03-24T12:06:53.534+0000] {processor.py:208} INFO - Processing /home/rohit/ireland-rent-tracker/venv/lib/python3.12/site-packages/airflow/example_dags/tutorial_taskflow_api.py took 0.089 seconds
[2026-03-24T12:07:45.394+0000] {processor.py:186} INFO - Started process (PID=45909) to work on /home/rohit/ireland-rent-tracker/venv/lib/python3.12/site-packages/airflow/example_dags/tutorial_taskflow_api.py
[2026-03-24T12:07:45.396+0000] {processor.py:914} INFO - Processing file /home/rohit/ireland-rent-tracker/venv/lib/python3.12/site-packages/airflow/example_dags/tutorial_taskflow_api.py for tasks to queue
[2026-03-24T12:07:45.398+0000] {logging_mixin.py:190} INFO - [2026-03-24T12:07:45.398+0000] {dagbag.py:588} INFO - Filling up the DagBag from /home/rohit/ireland-rent-tracker/venv/lib/python3.12/site-packages/airflow/example_dags/tutorial_taskflow_api.py
[2026-03-24T12:07:45.409+0000] {processor.py:925} INFO - DAG(s) 'tutorial_taskflow_api' retrieved from /home/rohit/ireland-rent-tracker/venv/lib/python3.12/site-packages/airflow/example_dags/tutorial_taskflow_api.py
[2026-03-24T12:07:45.426+0000] {logging_mixin.py:190} INFO - [2026-03-24T12:07:45.426+0000] {dag.py:3239} INFO - Sync 1 DAGs
[2026-03-24T12:07:45.440+0000] {logging_mixin.py:190} INFO - [2026-03-24T12:07:45.440+0000] {dag.py:4180} INFO - Setting next_dagrun for tutorial_taskflow_api to None, run_after=None
[2026-03-24T12:07:45.465+0000] {processor.py:208} INFO - Processing /home/rohit/ireland-rent-tracker/venv/lib/python3.12/site-packages/airflow/example_dags/tutorial_taskflow_api.py took 0.077 seconds
[2026-03-24T12:08:52.956+0000] {processor.py:186} INFO - Started process (PID=46276) to work on /home/rohit/ireland-rent-tracker/venv/lib/python3.12/site-packages/airflow/example_dags/tutorial_taskflow_api.py
[2026-03-24T12:08:52.958+0000] {processor.py:914} INFO - Processing file /home/rohit/ireland-rent-tracker/venv/lib/python3.12/site-packages/airflow/example_dags/tutorial_taskflow_api.py for tasks to queue
[2026-03-24T12:08:52.960+0000] {logging_mixin.py:190} INFO - [2026-03-24T12:08:52.960+0000] {dagbag.py:588} INFO - Filling up the DagBag from /home/rohit/ireland-rent-tracker/venv/lib/python3.12/site-packages/airflow/example_dags/tutorial_taskflow_api.py
[2026-03-24T12:08:52.976+0000] {processor.py:925} INFO - DAG(s) 'tutorial_taskflow_api' retrieved from /home/rohit/ireland-rent-tracker/venv/lib/python3.12/site-packages/airflow/example_dags/tutorial_taskflow_api.py
[2026-03-24T12:08:53.092+0000] {logging_mixin.py:190} INFO - [2026-03-24T12:08:53.091+0000] {override.py:1930} INFO - Created Permission View: can delete on DAG:tutorial_taskflow_api
[2026-03-24T12:08:53.108+0000] {logging_mixin.py:190} INFO - [2026-03-24T12:08:53.108+0000] {override.py:1930} INFO - Created Permission View: can edit on DAG:tutorial_taskflow_api
[2026-03-24T12:08:53.122+0000] {logging_mixin.py:190} INFO - [2026-03-24T12:08:53.121+0000] {override.py:1930} INFO - Created Permission View: can read on DAG:tutorial_taskflow_api
[2026-03-24T12:08:53.146+0000] {logging_mixin.py:190} INFO - [2026-03-24T12:08:53.145+0000] {override.py:1930} INFO - Created Permission View: can delete on DAG Run:tutorial_taskflow_api
[2026-03-24T12:08:53.168+0000] {logging_mixin.py:190} INFO - [2026-03-24T12:08:53.167+0000] {override.py:1930} INFO - Created Permission View: can create on DAG Run:tutorial_taskflow_api
[2026-03-24T12:08:53.184+0000] {logging_mixin.py:190} INFO - [2026-03-24T12:08:53.183+0000] {override.py:1930} INFO - Created Permission View: can read on DAG Run:tutorial_taskflow_api
[2026-03-24T12:08:53.200+0000] {logging_mixin.py:190} INFO - [2026-03-24T12:08:53.199+0000] {override.py:1930} INFO - Created Permission View: menu access on DAG Run:tutorial_taskflow_api
[2026-03-24T12:08:53.200+0000] {logging_mixin.py:190} INFO - [2026-03-24T12:08:53.200+0000] {dag.py:3239} INFO - Sync 1 DAGs
[2026-03-24T12:08:53.215+0000] {logging_mixin.py:190} INFO - [2026-03-24T12:08:53.215+0000] {dag.py:3262} INFO - Creating ORM DAG for tutorial_taskflow_api
[2026-03-24T12:08:53.216+0000] {logging_mixin.py:190} INFO - [2026-03-24T12:08:53.216+0000] {dag.py:4180} INFO - Setting next_dagrun for tutorial_taskflow_api to None, run_after=None
[2026-03-24T12:08:53.246+0000] {processor.py:208} INFO - Processing /home/rohit/ireland-rent-tracker/venv/lib/python3.12/site-packages/airflow/example_dags/tutorial_taskflow_api.py took 0.298 seconds
[2026-03-24T12:09:31.566+0000] {processor.py:186} INFO - Started process (PID=46448) to work on /home/rohit/ireland-rent-tracker/venv/lib/python3.12/site-packages/airflow/example_dags/tutorial_taskflow_api.py
[2026-03-24T12:09:31.568+0000] {processor.py:914} INFO - Processing file /home/rohit/ireland-rent-tracker/venv/lib/python3.12/site-packages/airflow/example_dags/tutorial_taskflow_api.py for tasks to queue
[2026-03-24T12:09:31.571+0000] {logging_mixin.py:190} INFO - [2026-03-24T12:09:31.570+0000] {dagbag.py:588} INFO - Filling up the DagBag from /home/rohit/ireland-rent-tracker/venv/lib/python3.12/site-packages/airflow/example_dags/tutorial_taskflow_api.py
[2026-03-24T12:09:31.584+0000] {processor.py:925} INFO - DAG(s) 'tutorial_taskflow_api' retrieved from /home/rohit/ireland-rent-tracker/venv/lib/python3.12/site-packages/airflow/example_dags/tutorial_taskflow_api.py
[2026-03-24T12:09:31.610+0000] {logging_mixin.py:190} INFO - [2026-03-24T12:09:31.610+0000] {dag.py:3239} INFO - Sync 1 DAGs
[2026-03-24T12:09:31.624+0000] {logging_mixin.py:190} INFO - [2026-03-24T12:09:31.624+0000] {dag.py:4180} INFO - Setting next_dagrun for tutorial_taskflow_api to None, run_after=None
[2026-03-24T12:09:31.649+0000] {processor.py:208} INFO - Processing /home/rohit/ireland-rent-tracker/venv/lib/python3.12/site-packages/airflow/example_dags/tutorial_taskflow_api.py took 0.089 seconds
[2026-03-24T12:10:03.786+0000] {processor.py:186} INFO - Started process (PID=46691) to work on /home/rohit/ireland-rent-tracker/venv/lib/python3.12/site-packages/airflow/example_dags/tutorial_taskflow_api.py
[2026-03-24T12:10:03.788+0000] {processor.py:914} INFO - Processing file /home/rohit/ireland-rent-tracker/venv/lib/python3.12/site-packages/airflow/example_dags/tutorial_taskflow_api.py for tasks to queue
[2026-03-24T12:10:03.792+0000] {logging_mixin.py:190} INFO - [2026-03-24T12:10:03.792+0000] {dagbag.py:588} INFO - Filling up the DagBag from /home/rohit/ireland-rent-tracker/venv/lib/python3.12/site-packages/airflow/example_dags/tutorial_taskflow_api.py
[2026-03-24T12:10:03.807+0000] {processor.py:925} INFO - DAG(s) 'tutorial_taskflow_api' retrieved from /home/rohit/ireland-rent-tracker/venv/lib/python3.12/site-packages/airflow/example_dags/tutorial_taskflow_api.py
[2026-03-24T12:10:03.829+0000] {logging_mixin.py:190} INFO - [2026-03-24T12:10:03.829+0000] {dag.py:3239} INFO - Sync 1 DAGs
[2026-03-24T12:10:03.843+0000] {logging_mixin.py:190} INFO - [2026-03-24T12:10:03.843+0000] {dag.py:4180} INFO - Setting next_dagrun for tutorial_taskflow_api to None, run_after=None
[2026-03-24T12:10:03.868+0000] {processor.py:208} INFO - Processing /home/rohit/ireland-rent-tracker/venv/lib/python3.12/site-packages/airflow/example_dags/tutorial_taskflow_api.py took 0.090 seconds
[2026-03-24T12:11:00.782+0000] {processor.py:186} INFO - Started process (PID=46783) to work on /home/rohit/ireland-rent-tracker/venv/lib/python3.12/site-packages/airflow/example_dags/tutorial_taskflow_api.py
[2026-03-24T12:11:00.784+0000] {processor.py:914} INFO - Processing file /home/rohit/ireland-rent-tracker/venv/lib/python3.12/site-packages/airflow/example_dags/tutorial_taskflow_api.py for tasks to queue
[2026-03-24T12:11:00.786+0000] {logging_mixin.py:190} INFO - [2026-03-24T12:11:00.786+0000] {dagbag.py:588} INFO - Filling up the DagBag from /home/rohit/ireland-rent-tracker/venv/lib/python3.12/site-packages/airflow/example_dags/tutorial_taskflow_api.py
[2026-03-24T12:11:00.796+0000] {processor.py:925} INFO - DAG(s) 'tutorial_taskflow_api' retrieved from /home/rohit/ireland-rent-tracker/venv/lib/python3.12/site-packages/airflow/example_dags/tutorial_taskflow_api.py
[2026-03-24T12:11:00.812+0000] {logging_mixin.py:190} INFO - [2026-03-24T12:11:00.812+0000] {dag.py:3239} INFO - Sync 1 DAGs
[2026-03-24T12:11:00.826+0000] {logging_mixin.py:190} INFO - [2026-03-24T12:11:00.826+0000] {dag.py:4180} INFO - Setting next_dagrun for tutorial_taskflow_api to None, run_after=None
[2026-03-24T12:11:00.852+0000] {processor.py:208} INFO - Processing /home/rohit/ireland-rent-tracker/venv/lib/python3.12/site-packages/airflow/example_dags/tutorial_taskflow_api.py took 0.076 seconds
