[2026-03-24T12:05:12.800+0000] {processor.py:186} INFO - Started process (PID=45464) to work on /home/rohit/ireland-rent-tracker/venv/lib/python3.12/site-packages/airflow/example_dags/tutorial_taskflow_templates.py
[2026-03-24T12:05:12.801+0000] {processor.py:914} INFO - Processing file /home/rohit/ireland-rent-tracker/venv/lib/python3.12/site-packages/airflow/example_dags/tutorial_taskflow_templates.py for tasks to queue
[2026-03-24T12:05:12.804+0000] {logging_mixin.py:190} INFO - [2026-03-24T12:05:12.803+0000] {dagbag.py:588} INFO - Filling up the DagBag from /home/rohit/ireland-rent-tracker/venv/lib/python3.12/site-packages/airflow/example_dags/tutorial_taskflow_templates.py
[2026-03-24T12:05:12.820+0000] {processor.py:925} INFO - DAG(s) 'tutorial_taskflow_templates' retrieved from /home/rohit/ireland-rent-tracker/venv/lib/python3.12/site-packages/airflow/example_dags/tutorial_taskflow_templates.py
[2026-03-24T12:05:12.948+0000] {logging_mixin.py:190} INFO - [2026-03-24T12:05:12.947+0000] {override.py:1930} INFO - Created Permission View: can delete on DAG:tutorial_taskflow_templates
[2026-03-24T12:05:12.965+0000] {logging_mixin.py:190} INFO - [2026-03-24T12:05:12.964+0000] {override.py:1930} INFO - Created Permission View: can edit on DAG:tutorial_taskflow_templates
[2026-03-24T12:05:12.977+0000] {logging_mixin.py:190} INFO - [2026-03-24T12:05:12.976+0000] {override.py:1930} INFO - Created Permission View: can read on DAG:tutorial_taskflow_templates
[2026-03-24T12:05:12.998+0000] {logging_mixin.py:190} INFO - [2026-03-24T12:05:12.998+0000] {override.py:1930} INFO - Created Permission View: can delete on DAG Run:tutorial_taskflow_templates
[2026-03-24T12:05:13.011+0000] {logging_mixin.py:190} INFO - [2026-03-24T12:05:13.010+0000] {override.py:1930} INFO - Created Permission View: can create on DAG Run:tutorial_taskflow_templates
[2026-03-24T12:05:13.023+0000] {logging_mixin.py:190} INFO - [2026-03-24T12:05:13.022+0000] {override.py:1930} INFO - Created Permission View: can read on DAG Run:tutorial_taskflow_templates
[2026-03-24T12:05:13.036+0000] {logging_mixin.py:190} INFO - [2026-03-24T12:05:13.035+0000] {override.py:1930} INFO - Created Permission View: menu access on DAG Run:tutorial_taskflow_templates
[2026-03-24T12:05:13.037+0000] {logging_mixin.py:190} INFO - [2026-03-24T12:05:13.036+0000] {dag.py:3239} INFO - Sync 1 DAGs
[2026-03-24T12:05:13.049+0000] {logging_mixin.py:190} INFO - [2026-03-24T12:05:13.048+0000] {dag.py:3262} INFO - Creating ORM DAG for tutorial_taskflow_templates
[2026-03-24T12:05:13.062+0000] {logging_mixin.py:190} INFO - [2026-03-24T12:05:13.062+0000] {dag.py:4180} INFO - Setting next_dagrun for tutorial_taskflow_templates to 2026-03-23 00:00:00+00:00, run_after=2026-03-24 00:00:00+00:00
[2026-03-24T12:05:13.086+0000] {processor.py:208} INFO - Processing /home/rohit/ireland-rent-tracker/venv/lib/python3.12/site-packages/airflow/example_dags/tutorial_taskflow_templates.py took 0.290 seconds
[2026-03-24T12:06:21.347+0000] {processor.py:186} INFO - Started process (PID=45671) to work on /home/rohit/ireland-rent-tracker/venv/lib/python3.12/site-packages/airflow/example_dags/tutorial_taskflow_templates.py
[2026-03-24T12:06:21.357+0000] {processor.py:914} INFO - Processing file /home/rohit/ireland-rent-tracker/venv/lib/python3.12/site-packages/airflow/example_dags/tutorial_taskflow_templates.py for tasks to queue
[2026-03-24T12:06:21.359+0000] {logging_mixin.py:190} INFO - [2026-03-24T12:06:21.358+0000] {dagbag.py:588} INFO - Filling up the DagBag from /home/rohit/ireland-rent-tracker/venv/lib/python3.12/site-packages/airflow/example_dags/tutorial_taskflow_templates.py
[2026-03-24T12:06:21.372+0000] {processor.py:925} INFO - DAG(s) 'tutorial_taskflow_templates' retrieved from /home/rohit/ireland-rent-tracker/venv/lib/python3.12/site-packages/airflow/example_dags/tutorial_taskflow_templates.py
[2026-03-24T12:06:21.388+0000] {logging_mixin.py:190} INFO - [2026-03-24T12:06:21.388+0000] {dag.py:3239} INFO - Sync 1 DAGs
[2026-03-24T12:06:21.407+0000] {logging_mixin.py:190} INFO - [2026-03-24T12:06:21.407+0000] {dag.py:4180} INFO - Setting next_dagrun for tutorial_taskflow_templates to 2026-03-23 00:00:00+00:00, run_after=2026-03-24 00:00:00+00:00
[2026-03-24T12:06:21.440+0000] {processor.py:208} INFO - Processing /home/rohit/ireland-rent-tracker/venv/lib/python3.12/site-packages/airflow/example_dags/tutorial_taskflow_templates.py took 0.098 seconds
[2026-03-24T12:06:54.591+0000] {processor.py:186} INFO - Started process (PID=45717) to work on /home/rohit/ireland-rent-tracker/venv/lib/python3.12/site-packages/airflow/example_dags/tutorial_taskflow_templates.py
[2026-03-24T12:06:54.597+0000] {processor.py:914} INFO - Processing file /home/rohit/ireland-rent-tracker/venv/lib/python3.12/site-packages/airflow/example_dags/tutorial_taskflow_templates.py for tasks to queue
[2026-03-24T12:06:54.601+0000] {logging_mixin.py:190} INFO - [2026-03-24T12:06:54.601+0000] {dagbag.py:588} INFO - Filling up the DagBag from /home/rohit/ireland-rent-tracker/venv/lib/python3.12/site-packages/airflow/example_dags/tutorial_taskflow_templates.py
[2026-03-24T12:06:54.620+0000] {processor.py:925} INFO - DAG(s) 'tutorial_taskflow_templates' retrieved from /home/rohit/ireland-rent-tracker/venv/lib/python3.12/site-packages/airflow/example_dags/tutorial_taskflow_templates.py
[2026-03-24T12:06:54.645+0000] {logging_mixin.py:190} INFO - [2026-03-24T12:06:54.645+0000] {dag.py:3239} INFO - Sync 1 DAGs
[2026-03-24T12:06:54.675+0000] {logging_mixin.py:190} INFO - [2026-03-24T12:06:54.674+0000] {dag.py:4180} INFO - Setting next_dagrun for tutorial_taskflow_templates to 2026-03-23 00:00:00+00:00, run_after=2026-03-24 00:00:00+00:00
[2026-03-24T12:06:54.708+0000] {processor.py:208} INFO - Processing /home/rohit/ireland-rent-tracker/venv/lib/python3.12/site-packages/airflow/example_dags/tutorial_taskflow_templates.py took 0.123 seconds
[2026-03-24T12:07:45.753+0000] {processor.py:186} INFO - Started process (PID=45910) to work on /home/rohit/ireland-rent-tracker/venv/lib/python3.12/site-packages/airflow/example_dags/tutorial_taskflow_templates.py
[2026-03-24T12:07:45.756+0000] {processor.py:914} INFO - Processing file /home/rohit/ireland-rent-tracker/venv/lib/python3.12/site-packages/airflow/example_dags/tutorial_taskflow_templates.py for tasks to queue
[2026-03-24T12:07:45.758+0000] {logging_mixin.py:190} INFO - [2026-03-24T12:07:45.757+0000] {dagbag.py:588} INFO - Filling up the DagBag from /home/rohit/ireland-rent-tracker/venv/lib/python3.12/site-packages/airflow/example_dags/tutorial_taskflow_templates.py
[2026-03-24T12:07:45.773+0000] {processor.py:925} INFO - DAG(s) 'tutorial_taskflow_templates' retrieved from /home/rohit/ireland-rent-tracker/venv/lib/python3.12/site-packages/airflow/example_dags/tutorial_taskflow_templates.py
[2026-03-24T12:07:45.790+0000] {logging_mixin.py:190} INFO - [2026-03-24T12:07:45.790+0000] {dag.py:3239} INFO - Sync 1 DAGs
[2026-03-24T12:07:45.808+0000] {logging_mixin.py:190} INFO - [2026-03-24T12:07:45.808+0000] {dag.py:4180} INFO - Setting next_dagrun for tutorial_taskflow_templates to 2026-03-23 00:00:00+00:00, run_after=2026-03-24 00:00:00+00:00
[2026-03-24T12:07:45.832+0000] {processor.py:208} INFO - Processing /home/rohit/ireland-rent-tracker/venv/lib/python3.12/site-packages/airflow/example_dags/tutorial_taskflow_templates.py took 0.084 seconds
[2026-03-24T12:08:54.319+0000] {processor.py:186} INFO - Started process (PID=46294) to work on /home/rohit/ireland-rent-tracker/venv/lib/python3.12/site-packages/airflow/example_dags/tutorial_taskflow_templates.py
[2026-03-24T12:08:54.320+0000] {processor.py:914} INFO - Processing file /home/rohit/ireland-rent-tracker/venv/lib/python3.12/site-packages/airflow/example_dags/tutorial_taskflow_templates.py for tasks to queue
[2026-03-24T12:08:54.322+0000] {logging_mixin.py:190} INFO - [2026-03-24T12:08:54.322+0000] {dagbag.py:588} INFO - Filling up the DagBag from /home/rohit/ireland-rent-tracker/venv/lib/python3.12/site-packages/airflow/example_dags/tutorial_taskflow_templates.py
[2026-03-24T12:08:54.335+0000] {processor.py:925} INFO - DAG(s) 'tutorial_taskflow_templates' retrieved from /home/rohit/ireland-rent-tracker/venv/lib/python3.12/site-packages/airflow/example_dags/tutorial_taskflow_templates.py
[2026-03-24T12:08:54.426+0000] {logging_mixin.py:190} INFO - [2026-03-24T12:08:54.425+0000] {override.py:1930} INFO - Created Permission View: can delete on DAG:tutorial_taskflow_templates
[2026-03-24T12:08:54.439+0000] {logging_mixin.py:190} INFO - [2026-03-24T12:08:54.439+0000] {override.py:1930} INFO - Created Permission View: can edit on DAG:tutorial_taskflow_templates
[2026-03-24T12:08:54.449+0000] {logging_mixin.py:190} INFO - [2026-03-24T12:08:54.449+0000] {override.py:1930} INFO - Created Permission View: can read on DAG:tutorial_taskflow_templates
[2026-03-24T12:08:54.466+0000] {logging_mixin.py:190} INFO - [2026-03-24T12:08:54.466+0000] {override.py:1930} INFO - Created Permission View: can delete on DAG Run:tutorial_taskflow_templates
[2026-03-24T12:08:54.478+0000] {logging_mixin.py:190} INFO - [2026-03-24T12:08:54.478+0000] {override.py:1930} INFO - Created Permission View: can create on DAG Run:tutorial_taskflow_templates
[2026-03-24T12:08:54.488+0000] {logging_mixin.py:190} INFO - [2026-03-24T12:08:54.488+0000] {override.py:1930} INFO - Created Permission View: can read on DAG Run:tutorial_taskflow_templates
[2026-03-24T12:08:54.503+0000] {logging_mixin.py:190} INFO - [2026-03-24T12:08:54.502+0000] {override.py:1930} INFO - Created Permission View: menu access on DAG Run:tutorial_taskflow_templates
[2026-03-24T12:08:54.503+0000] {logging_mixin.py:190} INFO - [2026-03-24T12:08:54.503+0000] {dag.py:3239} INFO - Sync 1 DAGs
[2026-03-24T12:08:54.515+0000] {logging_mixin.py:190} INFO - [2026-03-24T12:08:54.515+0000] {dag.py:3262} INFO - Creating ORM DAG for tutorial_taskflow_templates
[2026-03-24T12:08:54.523+0000] {logging_mixin.py:190} INFO - [2026-03-24T12:08:54.523+0000] {dag.py:4180} INFO - Setting next_dagrun for tutorial_taskflow_templates to 2026-03-23 00:00:00+00:00, run_after=2026-03-24 00:00:00+00:00
[2026-03-24T12:08:54.542+0000] {processor.py:208} INFO - Processing /home/rohit/ireland-rent-tracker/venv/lib/python3.12/site-packages/airflow/example_dags/tutorial_taskflow_templates.py took 0.228 seconds
[2026-03-24T12:09:31.966+0000] {processor.py:186} INFO - Started process (PID=46449) to work on /home/rohit/ireland-rent-tracker/venv/lib/python3.12/site-packages/airflow/example_dags/tutorial_taskflow_templates.py
[2026-03-24T12:09:31.970+0000] {processor.py:914} INFO - Processing file /home/rohit/ireland-rent-tracker/venv/lib/python3.12/site-packages/airflow/example_dags/tutorial_taskflow_templates.py for tasks to queue
[2026-03-24T12:09:31.972+0000] {logging_mixin.py:190} INFO - [2026-03-24T12:09:31.972+0000] {dagbag.py:588} INFO - Filling up the DagBag from /home/rohit/ireland-rent-tracker/venv/lib/python3.12/site-packages/airflow/example_dags/tutorial_taskflow_templates.py
[2026-03-24T12:09:31.987+0000] {processor.py:925} INFO - DAG(s) 'tutorial_taskflow_templates' retrieved from /home/rohit/ireland-rent-tracker/venv/lib/python3.12/site-packages/airflow/example_dags/tutorial_taskflow_templates.py
[2026-03-24T12:09:32.004+0000] {logging_mixin.py:190} INFO - [2026-03-24T12:09:32.003+0000] {dag.py:3239} INFO - Sync 1 DAGs
[2026-03-24T12:09:32.022+0000] {logging_mixin.py:190} INFO - [2026-03-24T12:09:32.022+0000] {dag.py:4180} INFO - Setting next_dagrun for tutorial_taskflow_templates to 2026-03-23 00:00:00+00:00, run_after=2026-03-24 00:00:00+00:00
[2026-03-24T12:09:32.049+0000] {processor.py:208} INFO - Processing /home/rohit/ireland-rent-tracker/venv/lib/python3.12/site-packages/airflow/example_dags/tutorial_taskflow_templates.py took 0.089 seconds
[2026-03-24T12:10:04.921+0000] {processor.py:186} INFO - Started process (PID=46692) to work on /home/rohit/ireland-rent-tracker/venv/lib/python3.12/site-packages/airflow/example_dags/tutorial_taskflow_templates.py
[2026-03-24T12:10:04.925+0000] {processor.py:914} INFO - Processing file /home/rohit/ireland-rent-tracker/venv/lib/python3.12/site-packages/airflow/example_dags/tutorial_taskflow_templates.py for tasks to queue
[2026-03-24T12:10:04.927+0000] {logging_mixin.py:190} INFO - [2026-03-24T12:10:04.927+0000] {dagbag.py:588} INFO - Filling up the DagBag from /home/rohit/ireland-rent-tracker/venv/lib/python3.12/site-packages/airflow/example_dags/tutorial_taskflow_templates.py
[2026-03-24T12:10:04.942+0000] {processor.py:925} INFO - DAG(s) 'tutorial_taskflow_templates' retrieved from /home/rohit/ireland-rent-tracker/venv/lib/python3.12/site-packages/airflow/example_dags/tutorial_taskflow_templates.py
[2026-03-24T12:10:04.961+0000] {logging_mixin.py:190} INFO - [2026-03-24T12:10:04.961+0000] {dag.py:3239} INFO - Sync 1 DAGs
[2026-03-24T12:10:04.984+0000] {logging_mixin.py:190} INFO - [2026-03-24T12:10:04.984+0000] {dag.py:4180} INFO - Setting next_dagrun for tutorial_taskflow_templates to 2026-03-23 00:00:00+00:00, run_after=2026-03-24 00:00:00+00:00
[2026-03-24T12:10:05.011+0000] {processor.py:208} INFO - Processing /home/rohit/ireland-rent-tracker/venv/lib/python3.12/site-packages/airflow/example_dags/tutorial_taskflow_templates.py took 0.095 seconds
[2026-03-24T12:11:01.950+0000] {processor.py:186} INFO - Started process (PID=46784) to work on /home/rohit/ireland-rent-tracker/venv/lib/python3.12/site-packages/airflow/example_dags/tutorial_taskflow_templates.py
[2026-03-24T12:11:01.952+0000] {processor.py:914} INFO - Processing file /home/rohit/ireland-rent-tracker/venv/lib/python3.12/site-packages/airflow/example_dags/tutorial_taskflow_templates.py for tasks to queue
[2026-03-24T12:11:01.954+0000] {logging_mixin.py:190} INFO - [2026-03-24T12:11:01.954+0000] {dagbag.py:588} INFO - Filling up the DagBag from /home/rohit/ireland-rent-tracker/venv/lib/python3.12/site-packages/airflow/example_dags/tutorial_taskflow_templates.py
[2026-03-24T12:11:01.970+0000] {processor.py:925} INFO - DAG(s) 'tutorial_taskflow_templates' retrieved from /home/rohit/ireland-rent-tracker/venv/lib/python3.12/site-packages/airflow/example_dags/tutorial_taskflow_templates.py
[2026-03-24T12:11:01.993+0000] {logging_mixin.py:190} INFO - [2026-03-24T12:11:01.993+0000] {dag.py:3239} INFO - Sync 1 DAGs
[2026-03-24T12:11:02.019+0000] {logging_mixin.py:190} INFO - [2026-03-24T12:11:02.019+0000] {dag.py:4180} INFO - Setting next_dagrun for tutorial_taskflow_templates to 2026-03-23 00:00:00+00:00, run_after=2026-03-24 00:00:00+00:00
[2026-03-24T12:11:02.044+0000] {processor.py:208} INFO - Processing /home/rohit/ireland-rent-tracker/venv/lib/python3.12/site-packages/airflow/example_dags/tutorial_taskflow_templates.py took 0.100 seconds
