[2026-03-24T12:05:16.308+0000] {processor.py:186} INFO - Started process (PID=45496) to work on /home/rohit/ireland-rent-tracker/venv/lib/python3.12/site-packages/airflow/example_dags/tutorial.py
[2026-03-24T12:05:16.309+0000] {processor.py:914} INFO - Processing file /home/rohit/ireland-rent-tracker/venv/lib/python3.12/site-packages/airflow/example_dags/tutorial.py for tasks to queue
[2026-03-24T12:05:16.312+0000] {logging_mixin.py:190} INFO - [2026-03-24T12:05:16.311+0000] {dagbag.py:588} INFO - Filling up the DagBag from /home/rohit/ireland-rent-tracker/venv/lib/python3.12/site-packages/airflow/example_dags/tutorial.py
[2026-03-24T12:05:16.320+0000] {processor.py:925} INFO - DAG(s) 'tutorial' retrieved from /home/rohit/ireland-rent-tracker/venv/lib/python3.12/site-packages/airflow/example_dags/tutorial.py
[2026-03-24T12:05:16.450+0000] {logging_mixin.py:190} INFO - [2026-03-24T12:05:16.449+0000] {override.py:1930} INFO - Created Permission View: can delete on DAG:tutorial
[2026-03-24T12:05:16.464+0000] {logging_mixin.py:190} INFO - [2026-03-24T12:05:16.464+0000] {override.py:1930} INFO - Created Permission View: can edit on DAG:tutorial
[2026-03-24T12:05:16.474+0000] {logging_mixin.py:190} INFO - [2026-03-24T12:05:16.473+0000] {override.py:1930} INFO - Created Permission View: can read on DAG:tutorial
[2026-03-24T12:05:16.496+0000] {logging_mixin.py:190} INFO - [2026-03-24T12:05:16.493+0000] {override.py:1930} INFO - Created Permission View: can delete on DAG Run:tutorial
[2026-03-24T12:05:16.515+0000] {logging_mixin.py:190} INFO - [2026-03-24T12:05:16.514+0000] {override.py:1930} INFO - Created Permission View: can create on DAG Run:tutorial
[2026-03-24T12:05:16.530+0000] {logging_mixin.py:190} INFO - [2026-03-24T12:05:16.530+0000] {override.py:1930} INFO - Created Permission View: can read on DAG Run:tutorial
[2026-03-24T12:05:16.542+0000] {logging_mixin.py:190} INFO - [2026-03-24T12:05:16.542+0000] {override.py:1930} INFO - Created Permission View: menu access on DAG Run:tutorial
[2026-03-24T12:05:16.542+0000] {logging_mixin.py:190} INFO - [2026-03-24T12:05:16.542+0000] {dag.py:3239} INFO - Sync 1 DAGs
[2026-03-24T12:05:16.555+0000] {logging_mixin.py:190} INFO - [2026-03-24T12:05:16.555+0000] {dag.py:3262} INFO - Creating ORM DAG for tutorial
[2026-03-24T12:05:16.565+0000] {logging_mixin.py:190} INFO - [2026-03-24T12:05:16.564+0000] {dag.py:4180} INFO - Setting next_dagrun for tutorial to 2026-03-23 00:00:00+00:00, run_after=2026-03-24 00:00:00+00:00
[2026-03-24T12:05:16.592+0000] {processor.py:208} INFO - Processing /home/rohit/ireland-rent-tracker/venv/lib/python3.12/site-packages/airflow/example_dags/tutorial.py took 0.288 seconds
[2026-03-24T12:06:23.317+0000] {processor.py:186} INFO - Started process (PID=45674) to work on /home/rohit/ireland-rent-tracker/venv/lib/python3.12/site-packages/airflow/example_dags/tutorial.py
[2026-03-24T12:06:23.321+0000] {processor.py:914} INFO - Processing file /home/rohit/ireland-rent-tracker/venv/lib/python3.12/site-packages/airflow/example_dags/tutorial.py for tasks to queue
[2026-03-24T12:06:23.325+0000] {logging_mixin.py:190} INFO - [2026-03-24T12:06:23.324+0000] {dagbag.py:588} INFO - Filling up the DagBag from /home/rohit/ireland-rent-tracker/venv/lib/python3.12/site-packages/airflow/example_dags/tutorial.py
[2026-03-24T12:06:23.334+0000] {processor.py:925} INFO - DAG(s) 'tutorial' retrieved from /home/rohit/ireland-rent-tracker/venv/lib/python3.12/site-packages/airflow/example_dags/tutorial.py
[2026-03-24T12:06:23.351+0000] {logging_mixin.py:190} INFO - [2026-03-24T12:06:23.350+0000] {dag.py:3239} INFO - Sync 1 DAGs
[2026-03-24T12:06:23.373+0000] {logging_mixin.py:190} INFO - [2026-03-24T12:06:23.373+0000] {dag.py:4180} INFO - Setting next_dagrun for tutorial to 2026-03-23 00:00:00+00:00, run_after=2026-03-24 00:00:00+00:00
[2026-03-24T12:06:23.413+0000] {processor.py:208} INFO - Processing /home/rohit/ireland-rent-tracker/venv/lib/python3.12/site-packages/airflow/example_dags/tutorial.py took 0.101 seconds
[2026-03-24T12:07:19.465+0000] {processor.py:186} INFO - Started process (PID=45824) to work on /home/rohit/ireland-rent-tracker/venv/lib/python3.12/site-packages/airflow/example_dags/tutorial.py
[2026-03-24T12:07:19.466+0000] {processor.py:914} INFO - Processing file /home/rohit/ireland-rent-tracker/venv/lib/python3.12/site-packages/airflow/example_dags/tutorial.py for tasks to queue
[2026-03-24T12:07:19.471+0000] {logging_mixin.py:190} INFO - [2026-03-24T12:07:19.471+0000] {dagbag.py:588} INFO - Filling up the DagBag from /home/rohit/ireland-rent-tracker/venv/lib/python3.12/site-packages/airflow/example_dags/tutorial.py
[2026-03-24T12:07:19.481+0000] {processor.py:925} INFO - DAG(s) 'tutorial' retrieved from /home/rohit/ireland-rent-tracker/venv/lib/python3.12/site-packages/airflow/example_dags/tutorial.py
[2026-03-24T12:07:19.502+0000] {logging_mixin.py:190} INFO - [2026-03-24T12:07:19.502+0000] {dag.py:3239} INFO - Sync 1 DAGs
[2026-03-24T12:07:19.528+0000] {logging_mixin.py:190} INFO - [2026-03-24T12:07:19.528+0000] {dag.py:4180} INFO - Setting next_dagrun for tutorial to 2026-03-23 00:00:00+00:00, run_after=2026-03-24 00:00:00+00:00
[2026-03-24T12:07:19.557+0000] {processor.py:208} INFO - Processing /home/rohit/ireland-rent-tracker/venv/lib/python3.12/site-packages/airflow/example_dags/tutorial.py took 0.099 seconds
[2026-03-24T12:08:14.568+0000] {processor.py:186} INFO - Started process (PID=46010) to work on /home/rohit/ireland-rent-tracker/venv/lib/python3.12/site-packages/airflow/example_dags/tutorial.py
[2026-03-24T12:08:14.572+0000] {processor.py:914} INFO - Processing file /home/rohit/ireland-rent-tracker/venv/lib/python3.12/site-packages/airflow/example_dags/tutorial.py for tasks to queue
[2026-03-24T12:08:14.574+0000] {logging_mixin.py:190} INFO - [2026-03-24T12:08:14.574+0000] {dagbag.py:588} INFO - Filling up the DagBag from /home/rohit/ireland-rent-tracker/venv/lib/python3.12/site-packages/airflow/example_dags/tutorial.py
[2026-03-24T12:08:14.583+0000] {processor.py:925} INFO - DAG(s) 'tutorial' retrieved from /home/rohit/ireland-rent-tracker/venv/lib/python3.12/site-packages/airflow/example_dags/tutorial.py
[2026-03-24T12:08:14.691+0000] {logging_mixin.py:190} INFO - [2026-03-24T12:08:14.691+0000] {override.py:1930} INFO - Created Permission View: can delete on DAG:tutorial
[2026-03-24T12:08:14.707+0000] {logging_mixin.py:190} INFO - [2026-03-24T12:08:14.706+0000] {override.py:1930} INFO - Created Permission View: can edit on DAG:tutorial
[2026-03-24T12:08:14.721+0000] {logging_mixin.py:190} INFO - [2026-03-24T12:08:14.720+0000] {override.py:1930} INFO - Created Permission View: can read on DAG:tutorial
[2026-03-24T12:08:14.742+0000] {logging_mixin.py:190} INFO - [2026-03-24T12:08:14.741+0000] {override.py:1930} INFO - Created Permission View: can delete on DAG Run:tutorial
[2026-03-24T12:08:14.754+0000] {logging_mixin.py:190} INFO - [2026-03-24T12:08:14.754+0000] {override.py:1930} INFO - Created Permission View: can create on DAG Run:tutorial
[2026-03-24T12:08:14.765+0000] {logging_mixin.py:190} INFO - [2026-03-24T12:08:14.765+0000] {override.py:1930} INFO - Created Permission View: can read on DAG Run:tutorial
[2026-03-24T12:08:14.776+0000] {logging_mixin.py:190} INFO - [2026-03-24T12:08:14.775+0000] {override.py:1930} INFO - Created Permission View: menu access on DAG Run:tutorial
[2026-03-24T12:08:14.776+0000] {logging_mixin.py:190} INFO - [2026-03-24T12:08:14.776+0000] {dag.py:3239} INFO - Sync 1 DAGs
[2026-03-24T12:08:14.786+0000] {logging_mixin.py:190} INFO - [2026-03-24T12:08:14.786+0000] {dag.py:3262} INFO - Creating ORM DAG for tutorial
[2026-03-24T12:08:14.794+0000] {logging_mixin.py:190} INFO - [2026-03-24T12:08:14.793+0000] {dag.py:4180} INFO - Setting next_dagrun for tutorial to 2026-03-23 00:00:00+00:00, run_after=2026-03-24 00:00:00+00:00
[2026-03-24T12:08:14.816+0000] {processor.py:208} INFO - Processing /home/rohit/ireland-rent-tracker/venv/lib/python3.12/site-packages/airflow/example_dags/tutorial.py took 0.256 seconds
[2026-03-24T12:08:58.144+0000] {processor.py:186} INFO - Started process (PID=46316) to work on /home/rohit/ireland-rent-tracker/venv/lib/python3.12/site-packages/airflow/example_dags/tutorial.py
[2026-03-24T12:08:58.146+0000] {processor.py:914} INFO - Processing file /home/rohit/ireland-rent-tracker/venv/lib/python3.12/site-packages/airflow/example_dags/tutorial.py for tasks to queue
[2026-03-24T12:08:58.148+0000] {logging_mixin.py:190} INFO - [2026-03-24T12:08:58.147+0000] {dagbag.py:588} INFO - Filling up the DagBag from /home/rohit/ireland-rent-tracker/venv/lib/python3.12/site-packages/airflow/example_dags/tutorial.py
[2026-03-24T12:08:58.156+0000] {processor.py:925} INFO - DAG(s) 'tutorial' retrieved from /home/rohit/ireland-rent-tracker/venv/lib/python3.12/site-packages/airflow/example_dags/tutorial.py
[2026-03-24T12:08:58.174+0000] {logging_mixin.py:190} INFO - [2026-03-24T12:08:58.173+0000] {dag.py:3239} INFO - Sync 1 DAGs
[2026-03-24T12:08:58.194+0000] {logging_mixin.py:190} INFO - [2026-03-24T12:08:58.194+0000] {dag.py:4180} INFO - Setting next_dagrun for tutorial to 2026-03-23 00:00:00+00:00, run_after=2026-03-24 00:00:00+00:00
[2026-03-24T12:08:58.220+0000] {processor.py:208} INFO - Processing /home/rohit/ireland-rent-tracker/venv/lib/python3.12/site-packages/airflow/example_dags/tutorial.py took 0.082 seconds
[2026-03-24T12:09:34.910+0000] {processor.py:186} INFO - Started process (PID=46452) to work on /home/rohit/ireland-rent-tracker/venv/lib/python3.12/site-packages/airflow/example_dags/tutorial.py
[2026-03-24T12:09:34.914+0000] {processor.py:914} INFO - Processing file /home/rohit/ireland-rent-tracker/venv/lib/python3.12/site-packages/airflow/example_dags/tutorial.py for tasks to queue
[2026-03-24T12:09:34.917+0000] {logging_mixin.py:190} INFO - [2026-03-24T12:09:34.916+0000] {dagbag.py:588} INFO - Filling up the DagBag from /home/rohit/ireland-rent-tracker/venv/lib/python3.12/site-packages/airflow/example_dags/tutorial.py
[2026-03-24T12:09:34.926+0000] {processor.py:925} INFO - DAG(s) 'tutorial' retrieved from /home/rohit/ireland-rent-tracker/venv/lib/python3.12/site-packages/airflow/example_dags/tutorial.py
[2026-03-24T12:09:34.944+0000] {logging_mixin.py:190} INFO - [2026-03-24T12:09:34.944+0000] {dag.py:3239} INFO - Sync 1 DAGs
[2026-03-24T12:09:34.969+0000] {logging_mixin.py:190} INFO - [2026-03-24T12:09:34.968+0000] {dag.py:4180} INFO - Setting next_dagrun for tutorial to 2026-03-23 00:00:00+00:00, run_after=2026-03-24 00:00:00+00:00
[2026-03-24T12:09:34.997+0000] {processor.py:208} INFO - Processing /home/rohit/ireland-rent-tracker/venv/lib/python3.12/site-packages/airflow/example_dags/tutorial.py took 0.092 seconds
[2026-03-24T12:10:33.493+0000] {processor.py:186} INFO - Started process (PID=46747) to work on /home/rohit/ireland-rent-tracker/venv/lib/python3.12/site-packages/airflow/example_dags/tutorial.py
[2026-03-24T12:10:33.496+0000] {processor.py:914} INFO - Processing file /home/rohit/ireland-rent-tracker/venv/lib/python3.12/site-packages/airflow/example_dags/tutorial.py for tasks to queue
[2026-03-24T12:10:33.502+0000] {logging_mixin.py:190} INFO - [2026-03-24T12:10:33.500+0000] {dagbag.py:588} INFO - Filling up the DagBag from /home/rohit/ireland-rent-tracker/venv/lib/python3.12/site-packages/airflow/example_dags/tutorial.py
[2026-03-24T12:10:33.518+0000] {processor.py:925} INFO - DAG(s) 'tutorial' retrieved from /home/rohit/ireland-rent-tracker/venv/lib/python3.12/site-packages/airflow/example_dags/tutorial.py
[2026-03-24T12:10:33.542+0000] {logging_mixin.py:190} INFO - [2026-03-24T12:10:33.542+0000] {dag.py:3239} INFO - Sync 1 DAGs
[2026-03-24T12:10:33.570+0000] {logging_mixin.py:190} INFO - [2026-03-24T12:10:33.570+0000] {dag.py:4180} INFO - Setting next_dagrun for tutorial to 2026-03-23 00:00:00+00:00, run_after=2026-03-24 00:00:00+00:00
[2026-03-24T12:10:33.602+0000] {processor.py:208} INFO - Processing /home/rohit/ireland-rent-tracker/venv/lib/python3.12/site-packages/airflow/example_dags/tutorial.py took 0.114 seconds
