[2026-03-24T12:05:20.064+0000] {processor.py:186} INFO - Started process (PID=45509) to work on /home/rohit/ireland-rent-tracker/venv/lib/python3.12/site-packages/airflow/example_dags/plugins/event_listener.py
[2026-03-24T12:05:20.064+0000] {processor.py:914} INFO - Processing file /home/rohit/ireland-rent-tracker/venv/lib/python3.12/site-packages/airflow/example_dags/plugins/event_listener.py for tasks to queue
[2026-03-24T12:05:20.066+0000] {logging_mixin.py:190} INFO - [2026-03-24T12:05:20.066+0000] {dagbag.py:588} INFO - Filling up the DagBag from /home/rohit/ireland-rent-tracker/venv/lib/python3.12/site-packages/airflow/example_dags/plugins/event_listener.py
[2026-03-24T12:05:20.069+0000] {processor.py:927} WARNING - No viable dags retrieved from /home/rohit/ireland-rent-tracker/venv/lib/python3.12/site-packages/airflow/example_dags/plugins/event_listener.py
[2026-03-24T12:05:20.083+0000] {processor.py:208} INFO - Processing /home/rohit/ireland-rent-tracker/venv/lib/python3.12/site-packages/airflow/example_dags/plugins/event_listener.py took 0.025 seconds
[2026-03-24T12:06:26.868+0000] {processor.py:186} INFO - Started process (PID=45677) to work on /home/rohit/ireland-rent-tracker/venv/lib/python3.12/site-packages/airflow/example_dags/plugins/event_listener.py
[2026-03-24T12:06:26.870+0000] {processor.py:914} INFO - Processing file /home/rohit/ireland-rent-tracker/venv/lib/python3.12/site-packages/airflow/example_dags/plugins/event_listener.py for tasks to queue
[2026-03-24T12:06:26.872+0000] {logging_mixin.py:190} INFO - [2026-03-24T12:06:26.871+0000] {dagbag.py:588} INFO - Filling up the DagBag from /home/rohit/ireland-rent-tracker/venv/lib/python3.12/site-packages/airflow/example_dags/plugins/event_listener.py
[2026-03-24T12:06:26.874+0000] {processor.py:927} WARNING - No viable dags retrieved from /home/rohit/ireland-rent-tracker/venv/lib/python3.12/site-packages/airflow/example_dags/plugins/event_listener.py
[2026-03-24T12:06:26.886+0000] {processor.py:208} INFO - Processing /home/rohit/ireland-rent-tracker/venv/lib/python3.12/site-packages/airflow/example_dags/plugins/event_listener.py took 0.023 seconds
[2026-03-24T12:07:21.244+0000] {processor.py:186} INFO - Started process (PID=45833) to work on /home/rohit/ireland-rent-tracker/venv/lib/python3.12/site-packages/airflow/example_dags/plugins/event_listener.py
[2026-03-24T12:07:21.246+0000] {processor.py:914} INFO - Processing file /home/rohit/ireland-rent-tracker/venv/lib/python3.12/site-packages/airflow/example_dags/plugins/event_listener.py for tasks to queue
[2026-03-24T12:07:21.248+0000] {logging_mixin.py:190} INFO - [2026-03-24T12:07:21.248+0000] {dagbag.py:588} INFO - Filling up the DagBag from /home/rohit/ireland-rent-tracker/venv/lib/python3.12/site-packages/airflow/example_dags/plugins/event_listener.py
[2026-03-24T12:07:21.252+0000] {processor.py:927} WARNING - No viable dags retrieved from /home/rohit/ireland-rent-tracker/venv/lib/python3.12/site-packages/airflow/example_dags/plugins/event_listener.py
[2026-03-24T12:07:21.264+0000] {processor.py:208} INFO - Processing /home/rohit/ireland-rent-tracker/venv/lib/python3.12/site-packages/airflow/example_dags/plugins/event_listener.py took 0.026 seconds
[2026-03-24T12:08:17.107+0000] {processor.py:186} INFO - Started process (PID=46013) to work on /home/rohit/ireland-rent-tracker/venv/lib/python3.12/site-packages/airflow/example_dags/plugins/event_listener.py
[2026-03-24T12:08:17.109+0000] {processor.py:914} INFO - Processing file /home/rohit/ireland-rent-tracker/venv/lib/python3.12/site-packages/airflow/example_dags/plugins/event_listener.py for tasks to queue
[2026-03-24T12:08:17.111+0000] {logging_mixin.py:190} INFO - [2026-03-24T12:08:17.111+0000] {dagbag.py:588} INFO - Filling up the DagBag from /home/rohit/ireland-rent-tracker/venv/lib/python3.12/site-packages/airflow/example_dags/plugins/event_listener.py
[2026-03-24T12:08:17.113+0000] {processor.py:927} WARNING - No viable dags retrieved from /home/rohit/ireland-rent-tracker/venv/lib/python3.12/site-packages/airflow/example_dags/plugins/event_listener.py
[2026-03-24T12:08:17.125+0000] {processor.py:208} INFO - Processing /home/rohit/ireland-rent-tracker/venv/lib/python3.12/site-packages/airflow/example_dags/plugins/event_listener.py took 0.024 seconds
[2026-03-24T12:08:59.898+0000] {processor.py:186} INFO - Started process (PID=46355) to work on /home/rohit/ireland-rent-tracker/venv/lib/python3.12/site-packages/airflow/example_dags/plugins/event_listener.py
[2026-03-24T12:08:59.900+0000] {processor.py:914} INFO - Processing file /home/rohit/ireland-rent-tracker/venv/lib/python3.12/site-packages/airflow/example_dags/plugins/event_listener.py for tasks to queue
[2026-03-24T12:08:59.902+0000] {logging_mixin.py:190} INFO - [2026-03-24T12:08:59.901+0000] {dagbag.py:588} INFO - Filling up the DagBag from /home/rohit/ireland-rent-tracker/venv/lib/python3.12/site-packages/airflow/example_dags/plugins/event_listener.py
[2026-03-24T12:08:59.904+0000] {processor.py:927} WARNING - No viable dags retrieved from /home/rohit/ireland-rent-tracker/venv/lib/python3.12/site-packages/airflow/example_dags/plugins/event_listener.py
[2026-03-24T12:08:59.915+0000] {processor.py:208} INFO - Processing /home/rohit/ireland-rent-tracker/venv/lib/python3.12/site-packages/airflow/example_dags/plugins/event_listener.py took 0.022 seconds
[2026-03-24T12:09:38.248+0000] {processor.py:186} INFO - Started process (PID=46474) to work on /home/rohit/ireland-rent-tracker/venv/lib/python3.12/site-packages/airflow/example_dags/plugins/event_listener.py
[2026-03-24T12:09:38.252+0000] {processor.py:914} INFO - Processing file /home/rohit/ireland-rent-tracker/venv/lib/python3.12/site-packages/airflow/example_dags/plugins/event_listener.py for tasks to queue
[2026-03-24T12:09:38.254+0000] {logging_mixin.py:190} INFO - [2026-03-24T12:09:38.254+0000] {dagbag.py:588} INFO - Filling up the DagBag from /home/rohit/ireland-rent-tracker/venv/lib/python3.12/site-packages/airflow/example_dags/plugins/event_listener.py
[2026-03-24T12:09:38.256+0000] {processor.py:927} WARNING - No viable dags retrieved from /home/rohit/ireland-rent-tracker/venv/lib/python3.12/site-packages/airflow/example_dags/plugins/event_listener.py
[2026-03-24T12:09:38.270+0000] {processor.py:208} INFO - Processing /home/rohit/ireland-rent-tracker/venv/lib/python3.12/site-packages/airflow/example_dags/plugins/event_listener.py took 0.027 seconds
[2026-03-24T12:10:36.215+0000] {processor.py:186} INFO - Started process (PID=46750) to work on /home/rohit/ireland-rent-tracker/venv/lib/python3.12/site-packages/airflow/example_dags/plugins/event_listener.py
[2026-03-24T12:10:36.217+0000] {processor.py:914} INFO - Processing file /home/rohit/ireland-rent-tracker/venv/lib/python3.12/site-packages/airflow/example_dags/plugins/event_listener.py for tasks to queue
[2026-03-24T12:10:36.220+0000] {logging_mixin.py:190} INFO - [2026-03-24T12:10:36.220+0000] {dagbag.py:588} INFO - Filling up the DagBag from /home/rohit/ireland-rent-tracker/venv/lib/python3.12/site-packages/airflow/example_dags/plugins/event_listener.py
[2026-03-24T12:10:36.224+0000] {processor.py:927} WARNING - No viable dags retrieved from /home/rohit/ireland-rent-tracker/venv/lib/python3.12/site-packages/airflow/example_dags/plugins/event_listener.py
[2026-03-24T12:10:36.238+0000] {processor.py:208} INFO - Processing /home/rohit/ireland-rent-tracker/venv/lib/python3.12/site-packages/airflow/example_dags/plugins/event_listener.py took 0.030 seconds
