[2026-03-24T12:05:20.318+0000] {processor.py:186} INFO - Started process (PID=45510) to work on /home/rohit/ireland-rent-tracker/venv/lib/python3.12/site-packages/airflow/example_dags/plugins/listener_plugin.py
[2026-03-24T12:05:20.318+0000] {processor.py:914} INFO - Processing file /home/rohit/ireland-rent-tracker/venv/lib/python3.12/site-packages/airflow/example_dags/plugins/listener_plugin.py for tasks to queue
[2026-03-24T12:05:20.320+0000] {logging_mixin.py:190} INFO - [2026-03-24T12:05:20.320+0000] {dagbag.py:588} INFO - Filling up the DagBag from /home/rohit/ireland-rent-tracker/venv/lib/python3.12/site-packages/airflow/example_dags/plugins/listener_plugin.py
[2026-03-24T12:05:20.323+0000] {processor.py:927} WARNING - No viable dags retrieved from /home/rohit/ireland-rent-tracker/venv/lib/python3.12/site-packages/airflow/example_dags/plugins/listener_plugin.py
[2026-03-24T12:05:20.335+0000] {processor.py:208} INFO - Processing /home/rohit/ireland-rent-tracker/venv/lib/python3.12/site-packages/airflow/example_dags/plugins/listener_plugin.py took 0.022 seconds
[2026-03-24T12:06:26.581+0000] {processor.py:186} INFO - Started process (PID=45684) to work on /home/rohit/ireland-rent-tracker/venv/lib/python3.12/site-packages/airflow/example_dags/plugins/listener_plugin.py
[2026-03-24T12:06:26.585+0000] {processor.py:914} INFO - Processing file /home/rohit/ireland-rent-tracker/venv/lib/python3.12/site-packages/airflow/example_dags/plugins/listener_plugin.py for tasks to queue
[2026-03-24T12:06:26.587+0000] {logging_mixin.py:190} INFO - [2026-03-24T12:06:26.586+0000] {dagbag.py:588} INFO - Filling up the DagBag from /home/rohit/ireland-rent-tracker/venv/lib/python3.12/site-packages/airflow/example_dags/plugins/listener_plugin.py
[2026-03-24T12:06:26.590+0000] {processor.py:927} WARNING - No viable dags retrieved from /home/rohit/ireland-rent-tracker/venv/lib/python3.12/site-packages/airflow/example_dags/plugins/listener_plugin.py
[2026-03-24T12:06:26.602+0000] {processor.py:208} INFO - Processing /home/rohit/ireland-rent-tracker/venv/lib/python3.12/site-packages/airflow/example_dags/plugins/listener_plugin.py took 0.025 seconds
[2026-03-24T12:07:22.399+0000] {processor.py:186} INFO - Started process (PID=45842) to work on /home/rohit/ireland-rent-tracker/venv/lib/python3.12/site-packages/airflow/example_dags/plugins/listener_plugin.py
[2026-03-24T12:07:22.401+0000] {processor.py:914} INFO - Processing file /home/rohit/ireland-rent-tracker/venv/lib/python3.12/site-packages/airflow/example_dags/plugins/listener_plugin.py for tasks to queue
[2026-03-24T12:07:22.404+0000] {logging_mixin.py:190} INFO - [2026-03-24T12:07:22.403+0000] {dagbag.py:588} INFO - Filling up the DagBag from /home/rohit/ireland-rent-tracker/venv/lib/python3.12/site-packages/airflow/example_dags/plugins/listener_plugin.py
[2026-03-24T12:07:22.408+0000] {processor.py:927} WARNING - No viable dags retrieved from /home/rohit/ireland-rent-tracker/venv/lib/python3.12/site-packages/airflow/example_dags/plugins/listener_plugin.py
[2026-03-24T12:07:22.423+0000] {processor.py:208} INFO - Processing /home/rohit/ireland-rent-tracker/venv/lib/python3.12/site-packages/airflow/example_dags/plugins/listener_plugin.py took 0.030 seconds
[2026-03-24T12:08:18.245+0000] {processor.py:186} INFO - Started process (PID=46018) to work on /home/rohit/ireland-rent-tracker/venv/lib/python3.12/site-packages/airflow/example_dags/plugins/listener_plugin.py
[2026-03-24T12:08:18.250+0000] {processor.py:914} INFO - Processing file /home/rohit/ireland-rent-tracker/venv/lib/python3.12/site-packages/airflow/example_dags/plugins/listener_plugin.py for tasks to queue
[2026-03-24T12:08:18.252+0000] {logging_mixin.py:190} INFO - [2026-03-24T12:08:18.252+0000] {dagbag.py:588} INFO - Filling up the DagBag from /home/rohit/ireland-rent-tracker/venv/lib/python3.12/site-packages/airflow/example_dags/plugins/listener_plugin.py
[2026-03-24T12:08:18.254+0000] {processor.py:927} WARNING - No viable dags retrieved from /home/rohit/ireland-rent-tracker/venv/lib/python3.12/site-packages/airflow/example_dags/plugins/listener_plugin.py
[2026-03-24T12:08:18.265+0000] {processor.py:208} INFO - Processing /home/rohit/ireland-rent-tracker/venv/lib/python3.12/site-packages/airflow/example_dags/plugins/listener_plugin.py took 0.025 seconds
[2026-03-24T12:09:00.879+0000] {processor.py:186} INFO - Started process (PID=46358) to work on /home/rohit/ireland-rent-tracker/venv/lib/python3.12/site-packages/airflow/example_dags/plugins/listener_plugin.py
[2026-03-24T12:09:00.883+0000] {processor.py:914} INFO - Processing file /home/rohit/ireland-rent-tracker/venv/lib/python3.12/site-packages/airflow/example_dags/plugins/listener_plugin.py for tasks to queue
[2026-03-24T12:09:00.885+0000] {logging_mixin.py:190} INFO - [2026-03-24T12:09:00.885+0000] {dagbag.py:588} INFO - Filling up the DagBag from /home/rohit/ireland-rent-tracker/venv/lib/python3.12/site-packages/airflow/example_dags/plugins/listener_plugin.py
[2026-03-24T12:09:00.887+0000] {processor.py:927} WARNING - No viable dags retrieved from /home/rohit/ireland-rent-tracker/venv/lib/python3.12/site-packages/airflow/example_dags/plugins/listener_plugin.py
[2026-03-24T12:09:00.899+0000] {processor.py:208} INFO - Processing /home/rohit/ireland-rent-tracker/venv/lib/python3.12/site-packages/airflow/example_dags/plugins/listener_plugin.py took 0.025 seconds
[2026-03-24T12:09:39.405+0000] {processor.py:186} INFO - Started process (PID=46480) to work on /home/rohit/ireland-rent-tracker/venv/lib/python3.12/site-packages/airflow/example_dags/plugins/listener_plugin.py
[2026-03-24T12:09:39.407+0000] {processor.py:914} INFO - Processing file /home/rohit/ireland-rent-tracker/venv/lib/python3.12/site-packages/airflow/example_dags/plugins/listener_plugin.py for tasks to queue
[2026-03-24T12:09:39.410+0000] {logging_mixin.py:190} INFO - [2026-03-24T12:09:39.409+0000] {dagbag.py:588} INFO - Filling up the DagBag from /home/rohit/ireland-rent-tracker/venv/lib/python3.12/site-packages/airflow/example_dags/plugins/listener_plugin.py
[2026-03-24T12:09:39.412+0000] {processor.py:927} WARNING - No viable dags retrieved from /home/rohit/ireland-rent-tracker/venv/lib/python3.12/site-packages/airflow/example_dags/plugins/listener_plugin.py
[2026-03-24T12:09:39.427+0000] {processor.py:208} INFO - Processing /home/rohit/ireland-rent-tracker/venv/lib/python3.12/site-packages/airflow/example_dags/plugins/listener_plugin.py took 0.029 seconds
[2026-03-24T12:10:37.361+0000] {processor.py:186} INFO - Started process (PID=46751) to work on /home/rohit/ireland-rent-tracker/venv/lib/python3.12/site-packages/airflow/example_dags/plugins/listener_plugin.py
[2026-03-24T12:10:37.363+0000] {processor.py:914} INFO - Processing file /home/rohit/ireland-rent-tracker/venv/lib/python3.12/site-packages/airflow/example_dags/plugins/listener_plugin.py for tasks to queue
[2026-03-24T12:10:37.365+0000] {logging_mixin.py:190} INFO - [2026-03-24T12:10:37.365+0000] {dagbag.py:588} INFO - Filling up the DagBag from /home/rohit/ireland-rent-tracker/venv/lib/python3.12/site-packages/airflow/example_dags/plugins/listener_plugin.py
[2026-03-24T12:10:37.369+0000] {processor.py:927} WARNING - No viable dags retrieved from /home/rohit/ireland-rent-tracker/venv/lib/python3.12/site-packages/airflow/example_dags/plugins/listener_plugin.py
[2026-03-24T12:10:37.382+0000] {processor.py:208} INFO - Processing /home/rohit/ireland-rent-tracker/venv/lib/python3.12/site-packages/airflow/example_dags/plugins/listener_plugin.py took 0.026 seconds
