[2026-03-24T12:05:21.505+0000] {processor.py:186} INFO - Started process (PID=45515) to work on /home/rohit/ireland-rent-tracker/venv/lib/python3.12/site-packages/airflow/example_dags/plugins/workday.py
[2026-03-24T12:05:21.506+0000] {processor.py:914} INFO - Processing file /home/rohit/ireland-rent-tracker/venv/lib/python3.12/site-packages/airflow/example_dags/plugins/workday.py for tasks to queue
[2026-03-24T12:05:21.509+0000] {logging_mixin.py:190} INFO - [2026-03-24T12:05:21.508+0000] {dagbag.py:588} INFO - Filling up the DagBag from /home/rohit/ireland-rent-tracker/venv/lib/python3.12/site-packages/airflow/example_dags/plugins/workday.py
[2026-03-24T12:05:21.512+0000] {processor.py:927} WARNING - No viable dags retrieved from /home/rohit/ireland-rent-tracker/venv/lib/python3.12/site-packages/airflow/example_dags/plugins/workday.py
[2026-03-24T12:05:21.524+0000] {processor.py:208} INFO - Processing /home/rohit/ireland-rent-tracker/venv/lib/python3.12/site-packages/airflow/example_dags/plugins/workday.py took 0.024 seconds
[2026-03-24T12:06:27.713+0000] {processor.py:186} INFO - Started process (PID=45685) to work on /home/rohit/ireland-rent-tracker/venv/lib/python3.12/site-packages/airflow/example_dags/plugins/workday.py
[2026-03-24T12:06:27.717+0000] {processor.py:914} INFO - Processing file /home/rohit/ireland-rent-tracker/venv/lib/python3.12/site-packages/airflow/example_dags/plugins/workday.py for tasks to queue
[2026-03-24T12:06:27.719+0000] {logging_mixin.py:190} INFO - [2026-03-24T12:06:27.719+0000] {dagbag.py:588} INFO - Filling up the DagBag from /home/rohit/ireland-rent-tracker/venv/lib/python3.12/site-packages/airflow/example_dags/plugins/workday.py
[2026-03-24T12:06:27.722+0000] {processor.py:927} WARNING - No viable dags retrieved from /home/rohit/ireland-rent-tracker/venv/lib/python3.12/site-packages/airflow/example_dags/plugins/workday.py
[2026-03-24T12:06:27.733+0000] {processor.py:208} INFO - Processing /home/rohit/ireland-rent-tracker/venv/lib/python3.12/site-packages/airflow/example_dags/plugins/workday.py took 0.024 seconds
[2026-03-24T12:07:23.569+0000] {processor.py:186} INFO - Started process (PID=45852) to work on /home/rohit/ireland-rent-tracker/venv/lib/python3.12/site-packages/airflow/example_dags/plugins/workday.py
[2026-03-24T12:07:23.573+0000] {processor.py:914} INFO - Processing file /home/rohit/ireland-rent-tracker/venv/lib/python3.12/site-packages/airflow/example_dags/plugins/workday.py for tasks to queue
[2026-03-24T12:07:23.576+0000] {logging_mixin.py:190} INFO - [2026-03-24T12:07:23.575+0000] {dagbag.py:588} INFO - Filling up the DagBag from /home/rohit/ireland-rent-tracker/venv/lib/python3.12/site-packages/airflow/example_dags/plugins/workday.py
[2026-03-24T12:07:23.579+0000] {processor.py:927} WARNING - No viable dags retrieved from /home/rohit/ireland-rent-tracker/venv/lib/python3.12/site-packages/airflow/example_dags/plugins/workday.py
[2026-03-24T12:07:23.589+0000] {processor.py:208} INFO - Processing /home/rohit/ireland-rent-tracker/venv/lib/python3.12/site-packages/airflow/example_dags/plugins/workday.py took 0.025 seconds
[2026-03-24T12:08:18.934+0000] {processor.py:186} INFO - Started process (PID=46019) to work on /home/rohit/ireland-rent-tracker/venv/lib/python3.12/site-packages/airflow/example_dags/plugins/workday.py
[2026-03-24T12:08:18.938+0000] {processor.py:914} INFO - Processing file /home/rohit/ireland-rent-tracker/venv/lib/python3.12/site-packages/airflow/example_dags/plugins/workday.py for tasks to queue
[2026-03-24T12:08:18.940+0000] {logging_mixin.py:190} INFO - [2026-03-24T12:08:18.939+0000] {dagbag.py:588} INFO - Filling up the DagBag from /home/rohit/ireland-rent-tracker/venv/lib/python3.12/site-packages/airflow/example_dags/plugins/workday.py
[2026-03-24T12:08:18.944+0000] {processor.py:927} WARNING - No viable dags retrieved from /home/rohit/ireland-rent-tracker/venv/lib/python3.12/site-packages/airflow/example_dags/plugins/workday.py
[2026-03-24T12:08:18.955+0000] {processor.py:208} INFO - Processing /home/rohit/ireland-rent-tracker/venv/lib/python3.12/site-packages/airflow/example_dags/plugins/workday.py took 0.027 seconds
[2026-03-24T12:09:00.563+0000] {processor.py:186} INFO - Started process (PID=46360) to work on /home/rohit/ireland-rent-tracker/venv/lib/python3.12/site-packages/airflow/example_dags/plugins/workday.py
[2026-03-24T12:09:00.565+0000] {processor.py:914} INFO - Processing file /home/rohit/ireland-rent-tracker/venv/lib/python3.12/site-packages/airflow/example_dags/plugins/workday.py for tasks to queue
[2026-03-24T12:09:00.567+0000] {logging_mixin.py:190} INFO - [2026-03-24T12:09:00.567+0000] {dagbag.py:588} INFO - Filling up the DagBag from /home/rohit/ireland-rent-tracker/venv/lib/python3.12/site-packages/airflow/example_dags/plugins/workday.py
[2026-03-24T12:09:00.570+0000] {processor.py:927} WARNING - No viable dags retrieved from /home/rohit/ireland-rent-tracker/venv/lib/python3.12/site-packages/airflow/example_dags/plugins/workday.py
[2026-03-24T12:09:00.581+0000] {processor.py:208} INFO - Processing /home/rohit/ireland-rent-tracker/venv/lib/python3.12/site-packages/airflow/example_dags/plugins/workday.py took 0.023 seconds
[2026-03-24T12:09:40.538+0000] {processor.py:186} INFO - Started process (PID=46493) to work on /home/rohit/ireland-rent-tracker/venv/lib/python3.12/site-packages/airflow/example_dags/plugins/workday.py
[2026-03-24T12:09:40.540+0000] {processor.py:914} INFO - Processing file /home/rohit/ireland-rent-tracker/venv/lib/python3.12/site-packages/airflow/example_dags/plugins/workday.py for tasks to queue
[2026-03-24T12:09:40.543+0000] {logging_mixin.py:190} INFO - [2026-03-24T12:09:40.542+0000] {dagbag.py:588} INFO - Filling up the DagBag from /home/rohit/ireland-rent-tracker/venv/lib/python3.12/site-packages/airflow/example_dags/plugins/workday.py
[2026-03-24T12:09:40.545+0000] {processor.py:927} WARNING - No viable dags retrieved from /home/rohit/ireland-rent-tracker/venv/lib/python3.12/site-packages/airflow/example_dags/plugins/workday.py
[2026-03-24T12:09:40.559+0000] {processor.py:208} INFO - Processing /home/rohit/ireland-rent-tracker/venv/lib/python3.12/site-packages/airflow/example_dags/plugins/workday.py took 0.027 seconds
[2026-03-24T12:10:38.511+0000] {processor.py:186} INFO - Started process (PID=46752) to work on /home/rohit/ireland-rent-tracker/venv/lib/python3.12/site-packages/airflow/example_dags/plugins/workday.py
[2026-03-24T12:10:38.513+0000] {processor.py:914} INFO - Processing file /home/rohit/ireland-rent-tracker/venv/lib/python3.12/site-packages/airflow/example_dags/plugins/workday.py for tasks to queue
[2026-03-24T12:10:38.516+0000] {logging_mixin.py:190} INFO - [2026-03-24T12:10:38.516+0000] {dagbag.py:588} INFO - Filling up the DagBag from /home/rohit/ireland-rent-tracker/venv/lib/python3.12/site-packages/airflow/example_dags/plugins/workday.py
[2026-03-24T12:10:38.519+0000] {processor.py:927} WARNING - No viable dags retrieved from /home/rohit/ireland-rent-tracker/venv/lib/python3.12/site-packages/airflow/example_dags/plugins/workday.py
[2026-03-24T12:10:38.533+0000] {processor.py:208} INFO - Processing /home/rohit/ireland-rent-tracker/venv/lib/python3.12/site-packages/airflow/example_dags/plugins/workday.py took 0.027 seconds
